Setting cpu: 0
Setting cpu: 1
Setting cpu: 2
Setting cpu: 3
Setting cpu: 4
Setting cpu: 5
Setting cpu: 6
Setting cpu: 7
Setting cpu: 8
Setting cpu: 9
Setting cpu: 10
Setting cpu: 11
Setting cpu: 12
Setting cpu: 13
Setting cpu: 14
Setting cpu: 15
Setting cpu: 16
Setting cpu: 17
Setting cpu: 18
Setting cpu: 19
Setting cpu: 20
Setting cpu: 21
Setting cpu: 22
Setting cpu: 23
Setting cpu: 24
Setting cpu: 25
Setting cpu: 26
Setting cpu: 27
Setting cpu: 28
Setting cpu: 29
Setting cpu: 30
Setting cpu: 31
Setting cpu: 32
Setting cpu: 33
Setting cpu: 34
Setting cpu: 35
Setting cpu: 36
Setting cpu: 37
Setting cpu: 38
Setting cpu: 39
Setting cpu: 40
Setting cpu: 41
Setting cpu: 42
Setting cpu: 43
Setting cpu: 44
Setting cpu: 45
Setting cpu: 46
Setting cpu: 47
Setting cpu: 48
Setting cpu: 49
Setting cpu: 50
Setting cpu: 51
Setting cpu: 52
Setting cpu: 53
Setting cpu: 54
Setting cpu: 55
Setting cpu: 56
Setting cpu: 57
Setting cpu: 58
Setting cpu: 59
Setting cpu: 60
Setting cpu: 61
Setting cpu: 62
Setting cpu: 63
Setting cpu: 0
Setting cpu: 1
Setting cpu: 2
Setting cpu: 3
Setting cpu: 4
Setting cpu: 5
Setting cpu: 6
Setting cpu: 7
Setting cpu: 8
Setting cpu: 9
Setting cpu: 10
Setting cpu: 11
Setting cpu: 12
Setting cpu: 13
Setting cpu: 14
Setting cpu: 15
Setting cpu: 16
Setting cpu: 17
Setting cpu: 18
Setting cpu: 19
Setting cpu: 20
Setting cpu: 21
Setting cpu: 22
Setting cpu: 23
Setting cpu: 24
Setting cpu: 25
Setting cpu: 26
Setting cpu: 27
Setting cpu: 28
Setting cpu: 29
Setting cpu: 30
Setting cpu: 31
Setting cpu: 32
Setting cpu: 33
Setting cpu: 34
Setting cpu: 35
Setting cpu: 36
Setting cpu: 37
Setting cpu: 38
Setting cpu: 39
Setting cpu: 40
Setting cpu: 41
Setting cpu: 42
Setting cpu: 43
Setting cpu: 44
Setting cpu: 45
Setting cpu: 46
Setting cpu: 47
Setting cpu: 48
Setting cpu: 49
Setting cpu: 50
Setting cpu: 51
Setting cpu: 52
Setting cpu: 53
Setting cpu: 54
Setting cpu: 55
Setting cpu: 56
Setting cpu: 57
Setting cpu: 58
Setting cpu: 59
Setting cpu: 60
Setting cpu: 61
Setting cpu: 62
Setting cpu: 63
srun: error: Unable to create job step: Requested node configuration is not available
slurmstepd: error: *** JOB 471 ON n00 CANCELLED AT 2015-11-15T16:40:02 ***
[mpiexec@n00] HYDU_sock_write (../../utils/sock/sock.c:417): write error (Bad file descriptor)
[mpiexec@n00] HYD_pmcd_pmiserv_send_signal (../../pm/pmiserv/pmiserv_cb.c:252): unable to write data to proxy
[mpiexec@n00] ui_cmd_cb (../../pm/pmiserv/pmiserv_pmci.c:174): unable to send signal downstream
[mpiexec@n00] HYDT_dmxu_poll_wait_for_event (../../tools/demux/demux_poll.c:76): callback returned error status
[mpiexec@n00] HYD_pmci_wait_for_completion (../../pm/pmiserv/pmiserv_pmci.c:500): error waiting for event
[mpiexec@n00] main (../../ui/mpich/mpiexec.c:1119): process manager error waiting for completion
