 Starting... 
16.11.2015 05:16:57 [0] INFO root TICK BEGINS: 1
16.11.2015 05:16:57 [0] INFO root TICK ENDS: 1
HDF5-DIAG: Error detected in HDF5 (1.8.15-patch1) MPI-process 0:
  #000: H5F.c line 703 in H5Fflush(): not a file or file object
    major: Invalid arguments to routine
    minor: Inappropriate type
HDF5-DIAG: Error detected in HDF5 (1.8.15-patch1) MPI-process 1:
  #000: H5F.c line 703 in H5Fflush(): not a file or file object
    major: Invalid arguments to routine
    minor: Inappropriate type
HDF5-DIAG: Error detected in HDF5 (1.8.15-patch1) MPI-process 2:
  #000: H5F.c line 703 in H5Fflush(): not a file or file object
    major: Invalid arguments to routine
    minor: Inappropriate type
HDF5-DIAG: Error detected in HDF5 (1.8.15-patch1) MPI-process 3:
  #000: H5F.c line 703 in H5Fflush(): not a file or file object
    major: Invalid arguments to routine
    minor: Inappropriate type
HDF5-DIAG: Error detected in HDF5 (1.8.15-patch1) MPI-process 0:
  #000: H5F.c line 703 in H5Fflush(): not a file or file object
    major: Invalid arguments to routine
    minor: Inappropriate type
HDF5-DIAG: Error detected in HDF5 (1.8.15-patch1) MPI-process 1:
  #000: H5F.c line 703 in H5Fflush(): not a file or file object
    major: Invalid arguments to routine
    minor: Inappropriate type
HDF5-DIAG: Error detected in HDF5 (1.8.15-patch1) MPI-process 2:
  #000: H5F.c line 703 in H5Fflush(): not a file or file object
    major: Invalid arguments to routine
    minor: Inappropriate type
HDF5-DIAG: Error detected in HDF5 (1.8.15-patch1) MPI-process 3:
  #000: H5F.c line 703 in H5Fflush(): not a file or file object
    major: Invalid arguments to routine
    minor: Inappropriate type
16.11.2015 05:16:57 [0] INFO root TICK BEGINS: 2
16.11.2015 05:16:57 [0] INFO root TICK ENDS: 2
16.11.2015 05:16:57 [0] INFO root TICK BEGINS: 3
16.11.2015 05:16:57 [0] INFO root TICK ENDS: 3
16.11.2015 05:16:57 [0] INFO root TICK BEGINS: 4
16.11.2015 05:16:57 [0] INFO root TICK ENDS: 4
16.11.2015 05:16:57 [0] INFO root TICK BEGINS: 5
16.11.2015 05:16:57 [0] INFO root TICK ENDS: 5
16.11.2015 05:16:57 [0] INFO root TICK BEGINS: 6
16.11.2015 05:16:57 [0] INFO root TICK ENDS: 6
16.11.2015 05:16:57 [0] INFO root TICK BEGINS: 7
16.11.2015 05:16:58 [0] INFO root TICK ENDS: 7
16.11.2015 05:16:58 [0] INFO root TICK BEGINS: 8
16.11.2015 05:16:58 [0] INFO root TICK ENDS: 8
16.11.2015 05:16:58 [0] INFO root TICK BEGINS: 9
16.11.2015 05:16:58 [0] INFO root TICK ENDS: 9
16.11.2015 05:16:58 [0] INFO root TICK BEGINS: 10
16.11.2015 05:16:58 [0] INFO root TICK ENDS: 10
16.11.2015 05:16:58 [0] INFO root TICK BEGINS: 11
16.11.2015 05:16:58 [0] INFO root TICK ENDS: 11
16.11.2015 05:16:58 [0] INFO root TICK BEGINS: 12
16.11.2015 05:16:58 [0] INFO root TICK ENDS: 12
16.11.2015 05:16:58 [0] INFO root TICK BEGINS: 13
16.11.2015 05:16:58 [0] INFO root TICK ENDS: 13
16.11.2015 05:16:58 [0] INFO root TICK BEGINS: 14
16.11.2015 05:16:58 [0] INFO root TICK ENDS: 14
16.11.2015 05:16:58 [0] INFO root TICK BEGINS: 15
16.11.2015 05:16:58 [0] INFO root TICK ENDS: 15
16.11.2015 05:16:58 [0] INFO root TICK BEGINS: 16
16.11.2015 05:16:58 [0] INFO root TICK ENDS: 16
16.11.2015 05:16:58 [0] INFO root TICK BEGINS: 17
16.11.2015 05:16:58 [0] INFO root TICK ENDS: 17
16.11.2015 05:16:58 [0] INFO root TICK BEGINS: 18
16.11.2015 05:16:58 [0] INFO root TICK ENDS: 18
16.11.2015 05:16:58 [0] INFO root TICK BEGINS: 19
16.11.2015 05:16:58 [0] INFO root TICK ENDS: 19
16.11.2015 05:16:58 [0] INFO root TICK BEGINS: 20
16.11.2015 05:16:58 [0] INFO root TICK ENDS: 20
16.11.2015 05:16:58 [0] INFO root TICK BEGINS: 21
16.11.2015 05:16:59 [0] INFO root TICK ENDS: 21
16.11.2015 05:16:59 [0] INFO root TICK BEGINS: 22
16.11.2015 05:16:59 [0] INFO root TICK ENDS: 22
16.11.2015 05:16:59 [0] INFO root TICK BEGINS: 23
16.11.2015 05:16:59 [0] INFO root TICK ENDS: 23
16.11.2015 05:16:59 [0] INFO root TICK BEGINS: 24
16.11.2015 05:16:59 [0] INFO root TICK ENDS: 24
16.11.2015 05:16:59 [0] INFO root TICK BEGINS: 25
16.11.2015 05:16:59 [0] INFO root TICK ENDS: 25
16.11.2015 05:16:59 [0] INFO root TICK BEGINS: 26
16.11.2015 05:16:59 [0] INFO root TICK ENDS: 26
16.11.2015 05:16:59 [0] INFO root TICK BEGINS: 27
16.11.2015 05:16:59 [0] INFO root TICK ENDS: 27
16.11.2015 05:16:59 [0] INFO root TICK BEGINS: 28
16.11.2015 05:16:59 [0] INFO root TICK ENDS: 28
16.11.2015 05:16:59 [0] INFO root TICK BEGINS: 29
16.11.2015 05:16:59 [0] INFO root TICK ENDS: 29
16.11.2015 05:16:59 [0] INFO root TICK BEGINS: 30
16.11.2015 05:16:59 [0] INFO root TICK ENDS: 30
16.11.2015 05:16:59 [0] INFO root TICK BEGINS: 31
16.11.2015 05:16:59 [0] INFO root TICK ENDS: 31
16.11.2015 05:16:59 [0] INFO root TICK BEGINS: 32
16.11.2015 05:16:59 [0] INFO root TICK ENDS: 32
16.11.2015 05:16:59 [0] INFO root TICK BEGINS: 33
16.11.2015 05:16:59 [0] INFO root TICK ENDS: 33
16.11.2015 05:16:59 [0] INFO root TICK BEGINS: 34
16.11.2015 05:16:59 [0] INFO root TICK ENDS: 34
16.11.2015 05:16:59 [0] INFO root TICK BEGINS: 35
16.11.2015 05:16:59 [0] INFO root TICK ENDS: 35
16.11.2015 05:16:59 [0] INFO root TICK BEGINS: 36
16.11.2015 05:17:00 [0] INFO root TICK ENDS: 36
16.11.2015 05:17:00 [0] INFO root TICK BEGINS: 37
16.11.2015 05:17:00 [0] INFO root TICK ENDS: 37
16.11.2015 05:17:00 [0] INFO root TICK BEGINS: 38
16.11.2015 05:17:00 [0] INFO root TICK ENDS: 38
16.11.2015 05:17:00 [0] INFO root TICK BEGINS: 39
16.11.2015 05:17:00 [0] INFO root TICK ENDS: 39
16.11.2015 05:17:00 [0] INFO root TICK BEGINS: 40
16.11.2015 05:17:00 [0] INFO root TICK ENDS: 40
16.11.2015 05:17:00 [0] INFO root TICK BEGINS: 41
16.11.2015 05:17:00 [0] INFO root TICK ENDS: 41
16.11.2015 05:17:00 [0] INFO root TICK BEGINS: 42
16.11.2015 05:17:00 [0] INFO root TICK ENDS: 42
16.11.2015 05:17:00 [0] INFO root TICK BEGINS: 43
16.11.2015 05:17:00 [0] INFO root TICK ENDS: 43
16.11.2015 05:17:00 [0] INFO root TICK BEGINS: 44
16.11.2015 05:17:00 [0] INFO root TICK ENDS: 44
16.11.2015 05:17:00 [0] INFO root TICK BEGINS: 45
16.11.2015 05:17:00 [0] INFO root TICK ENDS: 45
16.11.2015 05:17:00 [0] INFO root TICK BEGINS: 46
16.11.2015 05:17:00 [0] INFO root TICK ENDS: 46
16.11.2015 05:17:00 [0] INFO root TICK BEGINS: 47
16.11.2015 05:17:00 [0] INFO root TICK ENDS: 47
16.11.2015 05:17:00 [0] INFO root TICK BEGINS: 48
16.11.2015 05:17:00 [0] INFO root TICK ENDS: 48
16.11.2015 05:17:00 [0] INFO root TICK BEGINS: 49
16.11.2015 05:17:00 [0] INFO root TICK ENDS: 49
16.11.2015 05:17:00 [0] INFO root TICK BEGINS: 50
16.11.2015 05:17:00 [0] INFO root TICK ENDS: 50
16.11.2015 05:17:00 [0] INFO root TICK BEGINS: 51
16.11.2015 05:17:01 [0] INFO root TICK ENDS: 51
HDF5-DIAG: Error detected in HDF5 (1.8.15-patch1) MPI-process 0:
  #000: H5F.c line 703 in H5Fflush(): not a file or file object
    major: Invalid arguments to routine
    minor: Inappropriate type
HDF5-DIAG: Error detected in HDF5 (1.8.15-patch1) MPI-process 1:
  #000: H5F.c line 703 in H5Fflush(): not a file or file object
    major: Invalid arguments to routine
    minor: Inappropriate type
HDF5-DIAG: Error detected in HDF5 (1.8.15-patch1) MPI-process 2:
  #000: H5F.c line 703 in H5Fflush(): not a file or file object
    major: Invalid arguments to routine
    minor: Inappropriate type
HDF5-DIAG: Error detected in HDF5 (1.8.15-patch1) MPI-process 3:
  #000: H5F.c line 703 in H5Fflush(): not a file or file object
    major: Invalid arguments to routine
    minor: Inappropriate type
HDF5-DIAG: Error detected in HDF5 (1.8.15-patch1) MPI-process 0:
  #000: H5F.c line 703 in H5Fflush(): not a file or file object
    major: Invalid arguments to routine
    minor: Inappropriate type
HDF5-DIAG: Error detected in HDF5 (1.8.15-patch1) MPI-process 1:
  #000: H5F.c line 703 in H5Fflush(): not a file or file object
    major: Invalid arguments to routine
    minor: Inappropriate type
HDF5-DIAG: Error detected in HDF5 (1.8.15-patch1) MPI-process 2:
  #000: H5F.c line 703 in H5Fflush(): not a file or file object
    major: Invalid arguments to routine
    minor: Inappropriate type
HDF5-DIAG: Error detected in HDF5 (1.8.15-patch1) MPI-process 3:
  #000: H5F.c line 703 in H5Fflush(): not a file or file object
    major: Invalid arguments to routine
    minor: Inappropriate type
16.11.2015 05:17:01 [0] INFO root TICK BEGINS: 52
16.11.2015 05:17:01 [0] INFO root TICK ENDS: 52
16.11.2015 05:17:01 [0] INFO root TICK BEGINS: 53
16.11.2015 05:17:01 [0] INFO root TICK ENDS: 53
16.11.2015 05:17:01 [0] INFO root TICK BEGINS: 54
16.11.2015 05:17:01 [0] INFO root TICK ENDS: 54
16.11.2015 05:17:01 [0] INFO root TICK BEGINS: 55
16.11.2015 05:17:01 [0] INFO root TICK ENDS: 55
16.11.2015 05:17:01 [0] INFO root TICK BEGINS: 56
16.11.2015 05:17:01 [0] INFO root TICK ENDS: 56
16.11.2015 05:17:01 [0] INFO root TICK BEGINS: 57
16.11.2015 05:17:01 [0] INFO root TICK ENDS: 57
16.11.2015 05:17:01 [0] INFO root TICK BEGINS: 58
16.11.2015 05:17:01 [0] INFO root TICK ENDS: 58
16.11.2015 05:17:01 [0] INFO root TICK BEGINS: 59
16.11.2015 05:17:01 [0] INFO root TICK ENDS: 59
16.11.2015 05:17:01 [0] INFO root TICK BEGINS: 60
16.11.2015 05:17:01 [0] INFO root TICK ENDS: 60
16.11.2015 05:17:01 [0] INFO root TICK BEGINS: 61
16.11.2015 05:17:01 [0] INFO root TICK ENDS: 61
16.11.2015 05:17:01 [0] INFO root TICK BEGINS: 62
16.11.2015 05:17:01 [0] INFO root TICK ENDS: 62
16.11.2015 05:17:01 [0] INFO root TICK BEGINS: 63
16.11.2015 05:17:01 [0] INFO root TICK ENDS: 63
16.11.2015 05:17:01 [0] INFO root TICK BEGINS: 64
16.11.2015 05:17:02 [0] INFO root TICK ENDS: 64
16.11.2015 05:17:02 [0] INFO root TICK BEGINS: 65
16.11.2015 05:17:02 [0] INFO root TICK ENDS: 65
16.11.2015 05:17:02 [0] INFO root TICK BEGINS: 66
16.11.2015 05:17:02 [0] INFO root TICK ENDS: 66
16.11.2015 05:17:02 [0] INFO root TICK BEGINS: 67
16.11.2015 05:17:02 [0] INFO root TICK ENDS: 67
16.11.2015 05:17:02 [0] INFO root TICK BEGINS: 68
16.11.2015 05:17:02 [0] INFO root TICK ENDS: 68
16.11.2015 05:17:02 [0] INFO root TICK BEGINS: 69
16.11.2015 05:17:02 [0] INFO root TICK ENDS: 69
16.11.2015 05:17:02 [0] INFO root TICK BEGINS: 70
16.11.2015 05:17:02 [0] INFO root TICK ENDS: 70
16.11.2015 05:17:02 [0] INFO root TICK BEGINS: 71
16.11.2015 05:17:02 [0] INFO root TICK ENDS: 71
16.11.2015 05:17:02 [0] INFO root TICK BEGINS: 72
16.11.2015 05:17:02 [0] INFO root TICK ENDS: 72
16.11.2015 05:17:02 [0] INFO root TICK BEGINS: 73
16.11.2015 05:17:02 [0] INFO root TICK ENDS: 73
16.11.2015 05:17:02 [0] INFO root TICK BEGINS: 74
16.11.2015 05:17:02 [0] INFO root TICK ENDS: 74
16.11.2015 05:17:02 [0] INFO root TICK BEGINS: 75
16.11.2015 05:17:02 [0] INFO root TICK ENDS: 75
16.11.2015 05:17:02 [0] INFO root TICK BEGINS: 76
16.11.2015 05:17:02 [0] INFO root TICK ENDS: 76
16.11.2015 05:17:02 [0] INFO root TICK BEGINS: 77
16.11.2015 05:17:02 [0] INFO root TICK ENDS: 77
16.11.2015 05:17:02 [0] INFO root TICK BEGINS: 78
16.11.2015 05:17:02 [0] INFO root TICK ENDS: 78
16.11.2015 05:17:02 [0] INFO root TICK BEGINS: 79
16.11.2015 05:17:02 [0] INFO root TICK ENDS: 79
16.11.2015 05:17:02 [0] INFO root TICK BEGINS: 80
16.11.2015 05:17:03 [0] INFO root TICK ENDS: 80
16.11.2015 05:17:03 [0] INFO root TICK BEGINS: 81
16.11.2015 05:17:03 [0] INFO root TICK ENDS: 81
16.11.2015 05:17:03 [0] INFO root TICK BEGINS: 82
16.11.2015 05:17:03 [0] INFO root TICK ENDS: 82
16.11.2015 05:17:03 [0] INFO root TICK BEGINS: 83
16.11.2015 05:17:03 [0] INFO root TICK ENDS: 83
16.11.2015 05:17:03 [0] INFO root TICK BEGINS: 84
16.11.2015 05:17:03 [0] INFO root TICK ENDS: 84
16.11.2015 05:17:03 [0] INFO root TICK BEGINS: 85
16.11.2015 05:17:03 [0] INFO root TICK ENDS: 85
16.11.2015 05:17:03 [0] INFO root TICK BEGINS: 86
16.11.2015 05:17:03 [0] INFO root TICK ENDS: 86
16.11.2015 05:17:03 [0] INFO root TICK BEGINS: 87
16.11.2015 05:17:03 [0] INFO root TICK ENDS: 87
16.11.2015 05:17:03 [0] INFO root TICK BEGINS: 88
16.11.2015 05:17:03 [0] INFO root TICK ENDS: 88
16.11.2015 05:17:03 [0] INFO root TICK BEGINS: 89
16.11.2015 05:17:03 [0] INFO root TICK ENDS: 89
16.11.2015 05:17:03 [0] INFO root TICK BEGINS: 90
16.11.2015 05:17:03 [0] INFO root TICK ENDS: 90
16.11.2015 05:17:03 [0] INFO root TICK BEGINS: 91
16.11.2015 05:17:03 [0] INFO root TICK ENDS: 91
16.11.2015 05:17:03 [0] INFO root TICK BEGINS: 92
16.11.2015 05:17:03 [0] INFO root TICK ENDS: 92
16.11.2015 05:17:03 [0] INFO root TICK BEGINS: 93
16.11.2015 05:17:03 [0] INFO root TICK ENDS: 93
16.11.2015 05:17:03 [0] INFO root TICK BEGINS: 94
16.11.2015 05:17:03 [0] INFO root TICK ENDS: 94
16.11.2015 05:17:03 [0] INFO root TICK BEGINS: 95
16.11.2015 05:17:03 [0] INFO root TICK ENDS: 95
16.11.2015 05:17:03 [0] INFO root TICK BEGINS: 96
16.11.2015 05:17:03 [0] INFO root TICK ENDS: 96
16.11.2015 05:17:03 [0] INFO root TICK BEGINS: 97
16.11.2015 05:17:03 [0] INFO root TICK ENDS: 97
16.11.2015 05:17:03 [0] INFO root TICK BEGINS: 98
16.11.2015 05:17:03 [0] INFO root TICK ENDS: 98
16.11.2015 05:17:03 [0] INFO root TICK BEGINS: 99
16.11.2015 05:17:04 [0] INFO root TICK ENDS: 99
16.11.2015 05:17:04 [0] INFO root TICK BEGINS: 100
16.11.2015 05:17:04 [0] INFO root TICK ENDS: 100
16.11.2015 05:17:04 [0] INFO root TICK BEGINS: 101
16.11.2015 05:17:04 [0] INFO root TICK ENDS: 101
HDF5-DIAG: Error detected in HDF5 (1.8.15-patch1) MPI-process 0:
  #000: H5F.c line 703 in H5Fflush(): not a file or file object
    major: Invalid arguments to routine
    minor: Inappropriate type
HDF5-DIAG: Error detected in HDF5 (1.8.15-patch1) MPI-process 1:
  #000: H5F.c line 703 in H5Fflush(): not a file or file object
    major: Invalid arguments to routine
    minor: Inappropriate type
HDF5-DIAG: Error detected in HDF5 (1.8.15-patch1) MPI-process 2:
  #000: H5F.c line 703 in H5Fflush(): not a file or file object
    major: Invalid arguments to routine
    minor: Inappropriate type
HDF5-DIAG: Error detected in HDF5 (1.8.15-patch1) MPI-process 3:
  #000: H5F.c line 703 in H5Fflush(): not a file or file object
    major: Invalid arguments to routine
    minor: Inappropriate type
HDF5-DIAG: Error detected in HDF5 (1.8.15-patch1) MPI-process 0:
  #000: H5F.c line 703 in H5Fflush(): not a file or file object
    major: Invalid arguments to routine
    minor: Inappropriate type
HDF5-DIAG: Error detected in HDF5 (1.8.15-patch1) MPI-process 1:
  #000: H5F.c line 703 in H5Fflush(): not a file or file object
    major: Invalid arguments to routine
    minor: Inappropriate type
HDF5-DIAG: Error detected in HDF5 (1.8.15-patch1) MPI-process 2:
  #000: H5F.c line 703 in H5Fflush(): not a file or file object
    major: Invalid arguments to routine
    minor: Inappropriate type
HDF5-DIAG: Error detected in HDF5 (1.8.15-patch1) MPI-process 3:
  #000: H5F.c line 703 in H5Fflush(): not a file or file object
    major: Invalid arguments to routine
    minor: Inappropriate type
16.11.2015 05:17:04 [0] INFO root TICK BEGINS: 102
16.11.2015 05:17:04 [0] INFO root TICK ENDS: 102
16.11.2015 05:17:04 [0] INFO root TICK BEGINS: 103
16.11.2015 05:17:04 [0] INFO root TICK ENDS: 103
16.11.2015 05:17:04 [0] INFO root TICK BEGINS: 104
16.11.2015 05:17:04 [0] INFO root TICK ENDS: 104
16.11.2015 05:17:04 [0] INFO root TICK BEGINS: 105
16.11.2015 05:17:04 [0] INFO root TICK ENDS: 105
16.11.2015 05:17:04 [0] INFO root TICK BEGINS: 106
16.11.2015 05:17:04 [0] INFO root TICK ENDS: 106
16.11.2015 05:17:04 [0] INFO root TICK BEGINS: 107
16.11.2015 05:17:04 [0] INFO root TICK ENDS: 107
16.11.2015 05:17:04 [0] INFO root TICK BEGINS: 108
16.11.2015 05:17:04 [0] INFO root TICK ENDS: 108
16.11.2015 05:17:04 [0] INFO root TICK BEGINS: 109
16.11.2015 05:17:04 [0] INFO root TICK ENDS: 109
16.11.2015 05:17:04 [0] INFO root TICK BEGINS: 110
16.11.2015 05:17:04 [0] INFO root TICK ENDS: 110
16.11.2015 05:17:04 [0] INFO root TICK BEGINS: 111
16.11.2015 05:17:04 [0] INFO root TICK ENDS: 111
16.11.2015 05:17:04 [0] INFO root TICK BEGINS: 112
16.11.2015 05:17:04 [0] INFO root TICK ENDS: 112
16.11.2015 05:17:04 [0] INFO root TICK BEGINS: 113
16.11.2015 05:17:04 [0] INFO root TICK ENDS: 113
16.11.2015 05:17:04 [0] INFO root TICK BEGINS: 114
16.11.2015 05:17:04 [0] INFO root TICK ENDS: 114
16.11.2015 05:17:04 [0] INFO root TICK BEGINS: 115
16.11.2015 05:17:04 [0] INFO root TICK ENDS: 115
16.11.2015 05:17:04 [0] INFO root TICK BEGINS: 116
16.11.2015 05:17:04 [0] INFO root TICK ENDS: 116
16.11.2015 05:17:04 [0] INFO root TICK BEGINS: 117
16.11.2015 05:17:05 [0] INFO root TICK ENDS: 117
16.11.2015 05:17:05 [0] INFO root TICK BEGINS: 118
16.11.2015 05:17:05 [0] INFO root TICK ENDS: 118
16.11.2015 05:17:05 [0] INFO root TICK BEGINS: 119
16.11.2015 05:17:05 [0] INFO root TICK ENDS: 119
16.11.2015 05:17:05 [0] INFO root TICK BEGINS: 120
16.11.2015 05:17:05 [0] INFO root TICK ENDS: 120
16.11.2015 05:17:05 [0] INFO root TICK BEGINS: 121
16.11.2015 05:17:05 [0] INFO root TICK ENDS: 121
16.11.2015 05:17:05 [0] INFO root TICK BEGINS: 122
16.11.2015 05:17:05 [0] INFO root TICK ENDS: 122
16.11.2015 05:17:05 [0] INFO root TICK BEGINS: 123
16.11.2015 05:17:05 [0] INFO root TICK ENDS: 123
16.11.2015 05:17:05 [0] INFO root TICK BEGINS: 124
16.11.2015 05:17:05 [0] INFO root TICK ENDS: 124
16.11.2015 05:17:05 [0] INFO root TICK BEGINS: 125
16.11.2015 05:17:05 [0] INFO root TICK ENDS: 125
16.11.2015 05:17:05 [0] INFO root TICK BEGINS: 126
16.11.2015 05:17:05 [0] INFO root TICK ENDS: 126
16.11.2015 05:17:05 [0] INFO root TICK BEGINS: 127
16.11.2015 05:17:05 [0] INFO root TICK ENDS: 127
16.11.2015 05:17:05 [0] INFO root TICK BEGINS: 128
16.11.2015 05:17:05 [0] INFO root TICK ENDS: 128
16.11.2015 05:17:05 [0] INFO root TICK BEGINS: 129
16.11.2015 05:17:05 [0] INFO root TICK ENDS: 129
16.11.2015 05:17:05 [0] INFO root TICK BEGINS: 130
16.11.2015 05:17:05 [0] INFO root TICK ENDS: 130
16.11.2015 05:17:05 [0] INFO root TICK BEGINS: 131
16.11.2015 05:17:05 [0] INFO root TICK ENDS: 131
16.11.2015 05:17:05 [0] INFO root TICK BEGINS: 132
16.11.2015 05:17:05 [0] INFO root TICK ENDS: 132
16.11.2015 05:17:05 [0] INFO root TICK BEGINS: 133
16.11.2015 05:17:05 [0] INFO root TICK ENDS: 133
16.11.2015 05:17:05 [0] INFO root TICK BEGINS: 134
16.11.2015 05:17:05 [0] INFO root TICK ENDS: 134
16.11.2015 05:17:05 [0] INFO root TICK BEGINS: 135
16.11.2015 05:17:05 [0] INFO root TICK ENDS: 135
16.11.2015 05:17:05 [0] INFO root TICK BEGINS: 136
16.11.2015 05:17:05 [0] INFO root TICK ENDS: 136
16.11.2015 05:17:05 [0] INFO root TICK BEGINS: 137
16.11.2015 05:17:06 [0] INFO root TICK ENDS: 137
16.11.2015 05:17:06 [0] INFO root TICK BEGINS: 138
16.11.2015 05:17:06 [0] INFO root TICK ENDS: 138
16.11.2015 05:17:06 [0] INFO root TICK BEGINS: 139
16.11.2015 05:17:06 [0] INFO root TICK ENDS: 139
16.11.2015 05:17:06 [0] INFO root TICK BEGINS: 140
16.11.2015 05:17:06 [0] INFO root TICK ENDS: 140
16.11.2015 05:17:06 [0] INFO root TICK BEGINS: 141
16.11.2015 05:17:06 [0] INFO root TICK ENDS: 141
16.11.2015 05:17:06 [0] INFO root TICK BEGINS: 142
16.11.2015 05:17:06 [0] INFO root TICK ENDS: 142
16.11.2015 05:17:06 [0] INFO root TICK BEGINS: 143
16.11.2015 05:17:06 [0] INFO root TICK ENDS: 143
16.11.2015 05:17:06 [0] INFO root TICK BEGINS: 144
16.11.2015 05:17:06 [0] INFO root TICK ENDS: 144
16.11.2015 05:17:06 [0] INFO root TICK BEGINS: 145
16.11.2015 05:17:06 [0] INFO root TICK ENDS: 145
16.11.2015 05:17:06 [0] INFO root TICK BEGINS: 146
16.11.2015 05:17:06 [0] INFO root TICK ENDS: 146
16.11.2015 05:17:06 [0] INFO root TICK BEGINS: 147
16.11.2015 05:17:06 [0] INFO root TICK ENDS: 147
16.11.2015 05:17:06 [0] INFO root TICK BEGINS: 148
16.11.2015 05:17:06 [0] INFO root TICK ENDS: 148
16.11.2015 05:17:06 [0] INFO root TICK BEGINS: 149
16.11.2015 05:17:06 [0] INFO root TICK ENDS: 149
16.11.2015 05:17:06 [0] INFO root TICK BEGINS: 150
16.11.2015 05:17:06 [0] INFO root TICK ENDS: 150
16.11.2015 05:17:06 [0] INFO root TICK BEGINS: 151
16.11.2015 05:17:06 [0] INFO root TICK ENDS: 151
HDF5-DIAG: Error detected in HDF5 (1.8.15-patch1) MPI-process 0:
  #000: H5F.c line 703 in H5Fflush(): not a file or file object
    major: Invalid arguments to routine
    minor: Inappropriate type
HDF5-DIAG: Error detected in HDF5 (1.8.15-patch1) MPI-process 1:
  #000: H5F.c line 703 in H5Fflush(): not a file or file object
    major: Invalid arguments to routine
    minor: Inappropriate type
HDF5-DIAG: Error detected in HDF5 (1.8.15-patch1) MPI-process 2:
  #000: H5F.c line 703 in H5Fflush(): not a file or file object
    major: Invalid arguments to routine
    minor: Inappropriate type
HDF5-DIAG: Error detected in HDF5 (1.8.15-patch1) MPI-process 3:
  #000: H5F.c line 703 in H5Fflush(): not a file or file object
    major: Invalid arguments to routine
    minor: Inappropriate type
HDF5-DIAG: Error detected in HDF5 (1.8.15-patch1) MPI-process 0:
  #000: H5F.c line 703 in H5Fflush(): not a file or file object
    major: Invalid arguments to routine
    minor: Inappropriate type
HDF5-DIAG: Error detected in HDF5 (1.8.15-patch1) MPI-process 1:
  #000: H5F.c line 703 in H5Fflush(): not a file or file object
    major: Invalid arguments to routine
    minor: Inappropriate type
HDF5-DIAG: Error detected in HDF5 (1.8.15-patch1) MPI-process 2:
  #000: H5F.c line 703 in H5Fflush(): not a file or file object
    major: Invalid arguments to routine
    minor: Inappropriate type
HDF5-DIAG: Error detected in HDF5 (1.8.15-patch1) MPI-process 3:
  #000: H5F.c line 703 in H5Fflush(): not a file or file object
    major: Invalid arguments to routine
    minor: Inappropriate type
16.11.2015 05:17:06 [0] INFO root TICK BEGINS: 152
16.11.2015 05:17:06 [0] INFO root TICK ENDS: 152
16.11.2015 05:17:06 [0] INFO root TICK BEGINS: 153
16.11.2015 05:17:06 [0] INFO root TICK ENDS: 153
16.11.2015 05:17:06 [0] INFO root TICK BEGINS: 154
16.11.2015 05:17:06 [0] INFO root TICK ENDS: 154
16.11.2015 05:17:06 [0] INFO root TICK BEGINS: 155
16.11.2015 05:17:06 [0] INFO root TICK ENDS: 155
16.11.2015 05:17:06 [0] INFO root TICK BEGINS: 156
16.11.2015 05:17:06 [0] INFO root TICK ENDS: 156
16.11.2015 05:17:06 [0] INFO root TICK BEGINS: 157
16.11.2015 05:17:07 [0] INFO root TICK ENDS: 157
16.11.2015 05:17:07 [0] INFO root TICK BEGINS: 158
16.11.2015 05:17:07 [0] INFO root TICK ENDS: 158
16.11.2015 05:17:07 [0] INFO root TICK BEGINS: 159
16.11.2015 05:17:07 [0] INFO root TICK ENDS: 159
16.11.2015 05:17:07 [0] INFO root TICK BEGINS: 160
16.11.2015 05:17:07 [0] INFO root TICK ENDS: 160
16.11.2015 05:17:07 [0] INFO root TICK BEGINS: 161
16.11.2015 05:17:07 [0] INFO root TICK ENDS: 161
16.11.2015 05:17:07 [0] INFO root TICK BEGINS: 162
16.11.2015 05:17:07 [0] INFO root TICK ENDS: 162
16.11.2015 05:17:07 [0] INFO root TICK BEGINS: 163
16.11.2015 05:17:07 [0] INFO root TICK ENDS: 163
16.11.2015 05:17:07 [0] INFO root TICK BEGINS: 164
16.11.2015 05:17:07 [0] INFO root TICK ENDS: 164
16.11.2015 05:17:07 [0] INFO root TICK BEGINS: 165
16.11.2015 05:17:07 [0] INFO root TICK ENDS: 165
16.11.2015 05:17:07 [0] INFO root TICK BEGINS: 166
16.11.2015 05:17:07 [0] INFO root TICK ENDS: 166
16.11.2015 05:17:07 [0] INFO root TICK BEGINS: 167
16.11.2015 05:17:07 [0] INFO root TICK ENDS: 167
16.11.2015 05:17:07 [0] INFO root TICK BEGINS: 168
16.11.2015 05:17:07 [0] INFO root TICK ENDS: 168
16.11.2015 05:17:07 [0] INFO root TICK BEGINS: 169
16.11.2015 05:17:07 [0] INFO root TICK ENDS: 169
16.11.2015 05:17:07 [0] INFO root TICK BEGINS: 170
16.11.2015 05:17:07 [0] INFO root TICK ENDS: 170
16.11.2015 05:17:07 [0] INFO root TICK BEGINS: 171
16.11.2015 05:17:07 [0] INFO root TICK ENDS: 171
16.11.2015 05:17:07 [0] INFO root TICK BEGINS: 172
16.11.2015 05:17:07 [0] INFO root TICK ENDS: 172
16.11.2015 05:17:07 [0] INFO root TICK BEGINS: 173
16.11.2015 05:17:07 [0] INFO root TICK ENDS: 173
16.11.2015 05:17:07 [0] INFO root TICK BEGINS: 174
16.11.2015 05:17:07 [0] INFO root TICK ENDS: 174
16.11.2015 05:17:07 [0] INFO root TICK BEGINS: 175
16.11.2015 05:17:07 [0] INFO root TICK ENDS: 175
16.11.2015 05:17:07 [0] INFO root TICK BEGINS: 176
16.11.2015 05:17:07 [0] INFO root TICK ENDS: 176
16.11.2015 05:17:07 [0] INFO root TICK BEGINS: 177
16.11.2015 05:17:08 [0] INFO root TICK ENDS: 177
16.11.2015 05:17:08 [0] INFO root TICK BEGINS: 178
16.11.2015 05:17:08 [0] INFO root TICK ENDS: 178
16.11.2015 05:17:08 [0] INFO root TICK BEGINS: 179
16.11.2015 05:17:08 [0] INFO root TICK ENDS: 179
16.11.2015 05:17:08 [0] INFO root TICK BEGINS: 180
16.11.2015 05:17:08 [0] INFO root TICK ENDS: 180
16.11.2015 05:17:08 [0] INFO root TICK BEGINS: 181
16.11.2015 05:17:08 [0] INFO root TICK ENDS: 181
16.11.2015 05:17:08 [0] INFO root TICK BEGINS: 182
16.11.2015 05:17:08 [0] INFO root TICK ENDS: 182
16.11.2015 05:17:08 [0] INFO root TICK BEGINS: 183
16.11.2015 05:17:08 [0] INFO root TICK ENDS: 183
16.11.2015 05:17:08 [0] INFO root TICK BEGINS: 184
16.11.2015 05:17:08 [0] INFO root TICK ENDS: 184
16.11.2015 05:17:08 [0] INFO root TICK BEGINS: 185
16.11.2015 05:17:08 [0] INFO root TICK ENDS: 185
16.11.2015 05:17:08 [0] INFO root TICK BEGINS: 186
16.11.2015 05:17:08 [0] INFO root TICK ENDS: 186
16.11.2015 05:17:08 [0] INFO root TICK BEGINS: 187
16.11.2015 05:17:08 [0] INFO root TICK ENDS: 187
16.11.2015 05:17:08 [0] INFO root TICK BEGINS: 188
16.11.2015 05:17:08 [0] INFO root TICK ENDS: 188
16.11.2015 05:17:08 [0] INFO root TICK BEGINS: 189
16.11.2015 05:17:08 [0] INFO root TICK ENDS: 189
16.11.2015 05:17:08 [0] INFO root TICK BEGINS: 190
16.11.2015 05:17:08 [0] INFO root TICK ENDS: 190
16.11.2015 05:17:08 [0] INFO root TICK BEGINS: 191
16.11.2015 05:17:08 [0] INFO root TICK ENDS: 191
16.11.2015 05:17:08 [0] INFO root TICK BEGINS: 192
16.11.2015 05:17:08 [0] INFO root TICK ENDS: 192
16.11.2015 05:17:08 [0] INFO root TICK BEGINS: 193
16.11.2015 05:17:08 [0] INFO root TICK ENDS: 193
16.11.2015 05:17:08 [0] INFO root TICK BEGINS: 194
16.11.2015 05:17:08 [0] INFO root TICK ENDS: 194
16.11.2015 05:17:08 [0] INFO root TICK BEGINS: 195
16.11.2015 05:17:08 [0] INFO root TICK ENDS: 195
16.11.2015 05:17:08 [0] INFO root TICK BEGINS: 196
16.11.2015 05:17:08 [0] INFO root TICK ENDS: 196
16.11.2015 05:17:08 [0] INFO root TICK BEGINS: 197
16.11.2015 05:17:08 [0] INFO root TICK ENDS: 197
16.11.2015 05:17:08 [0] INFO root TICK BEGINS: 198
16.11.2015 05:17:08 [0] INFO root TICK ENDS: 198
16.11.2015 05:17:08 [0] INFO root TICK BEGINS: 199
16.11.2015 05:17:08 [0] INFO root TICK ENDS: 199
16.11.2015 05:17:08 [0] INFO root TICK BEGINS: 200
16.11.2015 05:17:09 [0] INFO root TICK ENDS: 200
16.11.2015 05:17:09 [0] INFO root TICK BEGINS: 201
16.11.2015 05:17:09 [0] INFO root TICK ENDS: 201
HDF5-DIAG: Error detected in HDF5 (1.8.15-patch1) MPI-process 0:
  #000: H5F.c line 703 in H5Fflush(): not a file or file object
    major: Invalid arguments to routine
    minor: Inappropriate type
HDF5-DIAG: Error detected in HDF5 (1.8.15-patch1) MPI-process 1:
  #000: H5F.c line 703 in H5Fflush(): not a file or file object
    major: Invalid arguments to routine
    minor: Inappropriate type
HDF5-DIAG: Error detected in HDF5 (1.8.15-patch1) MPI-process 2:
  #000: H5F.c line 703 in H5Fflush(): not a file or file object
    major: Invalid arguments to routine
    minor: Inappropriate type
HDF5-DIAG: Error detected in HDF5 (1.8.15-patch1) MPI-process 3:
  #000: H5F.c line 703 in H5Fflush(): not a file or file object
    major: Invalid arguments to routine
    minor: Inappropriate type
HDF5-DIAG: Error detected in HDF5 (1.8.15-patch1) MPI-process 0:
  #000: H5F.c line 703 in H5Fflush(): not a file or file object
    major: Invalid arguments to routine
    minor: Inappropriate type
HDF5-DIAG: Error detected in HDF5 (1.8.15-patch1) MPI-process 1:
  #000: H5F.c line 703 in H5Fflush(): not a file or file object
    major: Invalid arguments to routine
    minor: Inappropriate type
HDF5-DIAG: Error detected in HDF5 (1.8.15-patch1) MPI-process 2:
  #000: H5F.c line 703 in H5Fflush(): not a file or file object
    major: Invalid arguments to routine
    minor: Inappropriate type
HDF5-DIAG: Error detected in HDF5 (1.8.15-patch1) MPI-process 3:
  #000: H5F.c line 703 in H5Fflush(): not a file or file object
    major: Invalid arguments to routine
    minor: Inappropriate type
16.11.2015 05:17:09 [0] INFO root TICK BEGINS: 202
16.11.2015 05:17:09 [0] INFO root TICK ENDS: 202
16.11.2015 05:17:09 [0] INFO root TICK BEGINS: 203
16.11.2015 05:17:09 [0] INFO root TICK ENDS: 203
16.11.2015 05:17:09 [0] INFO root TICK BEGINS: 204
16.11.2015 05:17:09 [0] INFO root TICK ENDS: 204
16.11.2015 05:17:09 [0] INFO root TICK BEGINS: 205
16.11.2015 05:17:09 [0] INFO root TICK ENDS: 205
16.11.2015 05:17:09 [0] INFO root TICK BEGINS: 206
16.11.2015 05:17:09 [0] INFO root TICK ENDS: 206
16.11.2015 05:17:09 [0] INFO root TICK BEGINS: 207
16.11.2015 05:17:09 [0] INFO root TICK ENDS: 207
16.11.2015 05:17:09 [0] INFO root TICK BEGINS: 208
16.11.2015 05:17:09 [0] INFO root TICK ENDS: 208
16.11.2015 05:17:09 [0] INFO root TICK BEGINS: 209
16.11.2015 05:17:09 [0] INFO root TICK ENDS: 209
16.11.2015 05:17:09 [0] INFO root TICK BEGINS: 210
16.11.2015 05:17:09 [0] INFO root TICK ENDS: 210
16.11.2015 05:17:09 [0] INFO root TICK BEGINS: 211
16.11.2015 05:17:09 [0] INFO root TICK ENDS: 211
16.11.2015 05:17:09 [0] INFO root TICK BEGINS: 212
16.11.2015 05:17:09 [0] INFO root TICK ENDS: 212
16.11.2015 05:17:09 [0] INFO root TICK BEGINS: 213
16.11.2015 05:17:09 [0] INFO root TICK ENDS: 213
16.11.2015 05:17:09 [0] INFO root TICK BEGINS: 214
16.11.2015 05:17:09 [0] INFO root TICK ENDS: 214
16.11.2015 05:17:09 [0] INFO root TICK BEGINS: 215
16.11.2015 05:17:09 [0] INFO root TICK ENDS: 215
16.11.2015 05:17:09 [0] INFO root TICK BEGINS: 216
16.11.2015 05:17:09 [0] INFO root TICK ENDS: 216
16.11.2015 05:17:09 [0] INFO root TICK BEGINS: 217
16.11.2015 05:17:09 [0] INFO root TICK ENDS: 217
16.11.2015 05:17:09 [0] INFO root TICK BEGINS: 218
16.11.2015 05:17:09 [0] INFO root TICK ENDS: 218
16.11.2015 05:17:09 [0] INFO root TICK BEGINS: 219
16.11.2015 05:17:09 [0] INFO root TICK ENDS: 219
16.11.2015 05:17:09 [0] INFO root TICK BEGINS: 220
16.11.2015 05:17:09 [0] INFO root TICK ENDS: 220
16.11.2015 05:17:09 [0] INFO root TICK BEGINS: 221
16.11.2015 05:17:09 [0] INFO root TICK ENDS: 221
16.11.2015 05:17:09 [0] INFO root TICK BEGINS: 222
16.11.2015 05:17:10 [0] INFO root TICK ENDS: 222
16.11.2015 05:17:10 [0] INFO root TICK BEGINS: 223
16.11.2015 05:17:10 [0] INFO root TICK ENDS: 223
16.11.2015 05:17:10 [0] INFO root TICK BEGINS: 224
16.11.2015 05:17:10 [0] INFO root TICK ENDS: 224
16.11.2015 05:17:10 [0] INFO root TICK BEGINS: 225
16.11.2015 05:17:10 [0] INFO root TICK ENDS: 225
16.11.2015 05:17:10 [0] INFO root TICK BEGINS: 226
16.11.2015 05:17:10 [0] INFO root TICK ENDS: 226
16.11.2015 05:17:10 [0] INFO root TICK BEGINS: 227
16.11.2015 05:17:10 [0] INFO root TICK ENDS: 227
16.11.2015 05:17:10 [0] INFO root TICK BEGINS: 228
16.11.2015 05:17:10 [0] INFO root TICK ENDS: 228
16.11.2015 05:17:10 [0] INFO root TICK BEGINS: 229
16.11.2015 05:17:10 [0] INFO root TICK ENDS: 229
16.11.2015 05:17:10 [0] INFO root TICK BEGINS: 230
16.11.2015 05:17:10 [0] INFO root TICK ENDS: 230
16.11.2015 05:17:10 [0] INFO root TICK BEGINS: 231
16.11.2015 05:17:10 [0] INFO root TICK ENDS: 231
16.11.2015 05:17:10 [0] INFO root TICK BEGINS: 232
16.11.2015 05:17:10 [0] INFO root TICK ENDS: 232
16.11.2015 05:17:10 [0] INFO root TICK BEGINS: 233
16.11.2015 05:17:10 [0] INFO root TICK ENDS: 233
16.11.2015 05:17:10 [0] INFO root TICK BEGINS: 234
16.11.2015 05:17:10 [0] INFO root TICK ENDS: 234
16.11.2015 05:17:10 [0] INFO root TICK BEGINS: 235
16.11.2015 05:17:10 [0] INFO root TICK ENDS: 235
16.11.2015 05:17:10 [0] INFO root TICK BEGINS: 236
16.11.2015 05:17:10 [0] INFO root TICK ENDS: 236
16.11.2015 05:17:10 [0] INFO root TICK BEGINS: 237
16.11.2015 05:17:10 [0] INFO root TICK ENDS: 237
16.11.2015 05:17:10 [0] INFO root TICK BEGINS: 238
16.11.2015 05:17:10 [0] INFO root TICK ENDS: 238
16.11.2015 05:17:10 [0] INFO root TICK BEGINS: 239
16.11.2015 05:17:10 [0] INFO root TICK ENDS: 239
16.11.2015 05:17:10 [0] INFO root TICK BEGINS: 240
16.11.2015 05:17:10 [0] INFO root TICK ENDS: 240
16.11.2015 05:17:10 [0] INFO root TICK BEGINS: 241
16.11.2015 05:17:10 [0] INFO root TICK ENDS: 241
16.11.2015 05:17:10 [0] INFO root TICK BEGINS: 242
16.11.2015 05:17:10 [0] INFO root TICK ENDS: 242
16.11.2015 05:17:10 [0] INFO root TICK BEGINS: 243
16.11.2015 05:17:10 [0] INFO root TICK ENDS: 243
16.11.2015 05:17:10 [0] INFO root TICK BEGINS: 244
16.11.2015 05:17:10 [0] INFO root TICK ENDS: 244
16.11.2015 05:17:10 [0] INFO root TICK BEGINS: 245
16.11.2015 05:17:11 [0] INFO root TICK ENDS: 245
16.11.2015 05:17:11 [0] INFO root TICK BEGINS: 246
16.11.2015 05:17:11 [0] INFO root TICK ENDS: 246
16.11.2015 05:17:11 [0] INFO root TICK BEGINS: 247
16.11.2015 05:17:11 [0] INFO root TICK ENDS: 247
16.11.2015 05:17:11 [0] INFO root TICK BEGINS: 248
16.11.2015 05:17:11 [0] INFO root TICK ENDS: 248
16.11.2015 05:17:11 [0] INFO root TICK BEGINS: 249
16.11.2015 05:17:11 [0] INFO root TICK ENDS: 249
16.11.2015 05:17:11 [0] INFO root TICK BEGINS: 250
16.11.2015 05:17:11 [0] INFO root TICK ENDS: 250
16.11.2015 05:17:11 [0] INFO root TICK BEGINS: 251
16.11.2015 05:17:11 [0] INFO root TICK ENDS: 251
HDF5-DIAG: Error detected in HDF5 (1.8.15-patch1) MPI-process 0:
  #000: H5F.c line 703 in H5Fflush(): not a file or file object
    major: Invalid arguments to routine
    minor: Inappropriate type
HDF5-DIAG: Error detected in HDF5 (1.8.15-patch1) MPI-process 1:
  #000: H5F.c line 703 in H5Fflush(): not a file or file object
    major: Invalid arguments to routine
    minor: Inappropriate type
HDF5-DIAG: Error detected in HDF5 (1.8.15-patch1) MPI-process 2:
  #000: H5F.c line 703 in H5Fflush(): not a file or file object
    major: Invalid arguments to routine
    minor: Inappropriate type
HDF5-DIAG: Error detected in HDF5 (1.8.15-patch1) MPI-process 3:
  #000: H5F.c line 703 in H5Fflush(): not a file or file object
    major: Invalid arguments to routine
    minor: Inappropriate type
HDF5-DIAG: Error detected in HDF5 (1.8.15-patch1) MPI-process 0:
  #000: H5F.c line 703 in H5Fflush(): not a file or file object
    major: Invalid arguments to routine
    minor: Inappropriate type
HDF5-DIAG: Error detected in HDF5 (1.8.15-patch1) MPI-process 1:
  #000: H5F.c line 703 in H5Fflush(): not a file or file object
    major: Invalid arguments to routine
    minor: Inappropriate type
HDF5-DIAG: Error detected in HDF5 (1.8.15-patch1) MPI-process 2:
  #000: H5F.c line 703 in H5Fflush(): not a file or file object
    major: Invalid arguments to routine
    minor: Inappropriate type
HDF5-DIAG: Error detected in HDF5 (1.8.15-patch1) MPI-process 3:
  #000: H5F.c line 703 in H5Fflush(): not a file or file object
    major: Invalid arguments to routine
    minor: Inappropriate type
16.11.2015 05:17:11 [0] INFO root TICK BEGINS: 252
16.11.2015 05:17:11 [0] INFO root TICK ENDS: 252
16.11.2015 05:17:11 [0] INFO root TICK BEGINS: 253
16.11.2015 05:17:11 [0] INFO root TICK ENDS: 253
16.11.2015 05:17:11 [0] INFO root TICK BEGINS: 254
16.11.2015 05:17:11 [0] INFO root TICK ENDS: 254
16.11.2015 05:17:11 [0] INFO root TICK BEGINS: 255
16.11.2015 05:17:11 [0] INFO root TICK ENDS: 255
16.11.2015 05:17:11 [0] INFO root TICK BEGINS: 256
16.11.2015 05:17:11 [0] INFO root TICK ENDS: 256
16.11.2015 05:17:11 [0] INFO root TICK BEGINS: 257
16.11.2015 05:17:11 [0] INFO root TICK ENDS: 257
16.11.2015 05:17:11 [0] INFO root TICK BEGINS: 258
16.11.2015 05:17:11 [0] INFO root TICK ENDS: 258
16.11.2015 05:17:11 [0] INFO root TICK BEGINS: 259
16.11.2015 05:17:11 [0] INFO root TICK ENDS: 259
16.11.2015 05:17:11 [0] INFO root TICK BEGINS: 260
16.11.2015 05:17:11 [0] INFO root TICK ENDS: 260
16.11.2015 05:17:11 [0] INFO root TICK BEGINS: 261
16.11.2015 05:17:11 [0] INFO root TICK ENDS: 261
16.11.2015 05:17:11 [0] INFO root TICK BEGINS: 262
16.11.2015 05:17:11 [0] INFO root TICK ENDS: 262
16.11.2015 05:17:11 [0] INFO root TICK BEGINS: 263
16.11.2015 05:17:11 [0] INFO root TICK ENDS: 263
16.11.2015 05:17:11 [0] INFO root TICK BEGINS: 264
16.11.2015 05:17:11 [0] INFO root TICK ENDS: 264
16.11.2015 05:17:11 [0] INFO root TICK BEGINS: 265
16.11.2015 05:17:11 [0] INFO root TICK ENDS: 265
16.11.2015 05:17:11 [0] INFO root TICK BEGINS: 266
16.11.2015 05:17:11 [0] INFO root TICK ENDS: 266
16.11.2015 05:17:11 [0] INFO root TICK BEGINS: 267
16.11.2015 05:17:12 [0] INFO root TICK ENDS: 267
16.11.2015 05:17:12 [0] INFO root TICK BEGINS: 268
16.11.2015 05:17:12 [0] INFO root TICK ENDS: 268
16.11.2015 05:17:12 [0] INFO root TICK BEGINS: 269
16.11.2015 05:17:12 [0] INFO root TICK ENDS: 269
16.11.2015 05:17:12 [0] INFO root TICK BEGINS: 270
16.11.2015 05:17:12 [0] INFO root TICK ENDS: 270
16.11.2015 05:17:12 [0] INFO root TICK BEGINS: 271
16.11.2015 05:17:12 [0] INFO root TICK ENDS: 271
16.11.2015 05:17:12 [0] INFO root TICK BEGINS: 272
16.11.2015 05:17:12 [0] INFO root TICK ENDS: 272
16.11.2015 05:17:12 [0] INFO root TICK BEGINS: 273
16.11.2015 05:17:12 [0] INFO root TICK ENDS: 273
16.11.2015 05:17:12 [0] INFO root TICK BEGINS: 274
16.11.2015 05:17:12 [0] INFO root TICK ENDS: 274
16.11.2015 05:17:12 [0] INFO root TICK BEGINS: 275
16.11.2015 05:17:12 [0] INFO root TICK ENDS: 275
16.11.2015 05:17:12 [0] INFO root TICK BEGINS: 276
16.11.2015 05:17:12 [0] INFO root TICK ENDS: 276
16.11.2015 05:17:12 [0] INFO root TICK BEGINS: 277
16.11.2015 05:17:12 [0] INFO root TICK ENDS: 277
16.11.2015 05:17:12 [0] INFO root TICK BEGINS: 278
16.11.2015 05:17:12 [0] INFO root TICK ENDS: 278
16.11.2015 05:17:12 [0] INFO root TICK BEGINS: 279
16.11.2015 05:17:12 [0] INFO root TICK ENDS: 279
16.11.2015 05:17:12 [0] INFO root TICK BEGINS: 280
16.11.2015 05:17:12 [0] INFO root TICK ENDS: 280
16.11.2015 05:17:12 [0] INFO root TICK BEGINS: 281
16.11.2015 05:17:12 [0] INFO root TICK ENDS: 281
16.11.2015 05:17:12 [0] INFO root TICK BEGINS: 282
16.11.2015 05:17:12 [0] INFO root TICK ENDS: 282
16.11.2015 05:17:12 [0] INFO root TICK BEGINS: 283
16.11.2015 05:17:12 [0] INFO root TICK ENDS: 283
16.11.2015 05:17:12 [0] INFO root TICK BEGINS: 284
16.11.2015 05:17:12 [0] INFO root TICK ENDS: 284
16.11.2015 05:17:12 [0] INFO root TICK BEGINS: 285
16.11.2015 05:17:12 [0] INFO root TICK ENDS: 285
16.11.2015 05:17:12 [0] INFO root TICK BEGINS: 286
16.11.2015 05:17:12 [0] INFO root TICK ENDS: 286
16.11.2015 05:17:12 [0] INFO root TICK BEGINS: 287
16.11.2015 05:17:12 [0] INFO root TICK ENDS: 287
16.11.2015 05:17:12 [0] INFO root TICK BEGINS: 288
16.11.2015 05:17:12 [0] INFO root TICK ENDS: 288
16.11.2015 05:17:12 [0] INFO root TICK BEGINS: 289
16.11.2015 05:17:13 [0] INFO root TICK ENDS: 289
16.11.2015 05:17:13 [0] INFO root TICK BEGINS: 290
16.11.2015 05:17:13 [0] INFO root TICK ENDS: 290
16.11.2015 05:17:13 [0] INFO root TICK BEGINS: 291
16.11.2015 05:17:13 [0] INFO root TICK ENDS: 291
16.11.2015 05:17:13 [0] INFO root TICK BEGINS: 292
16.11.2015 05:17:13 [0] INFO root TICK ENDS: 292
16.11.2015 05:17:13 [0] INFO root TICK BEGINS: 293
16.11.2015 05:17:13 [0] INFO root TICK ENDS: 293
16.11.2015 05:17:13 [0] INFO root TICK BEGINS: 294
16.11.2015 05:17:13 [0] INFO root TICK ENDS: 294
16.11.2015 05:17:13 [0] INFO root TICK BEGINS: 295
16.11.2015 05:17:13 [0] INFO root TICK ENDS: 295
16.11.2015 05:17:13 [0] INFO root TICK BEGINS: 296
16.11.2015 05:17:13 [0] INFO root TICK ENDS: 296
16.11.2015 05:17:13 [0] INFO root TICK BEGINS: 297
16.11.2015 05:17:13 [0] INFO root TICK ENDS: 297
16.11.2015 05:17:13 [0] INFO root TICK BEGINS: 298
16.11.2015 05:17:13 [0] INFO root TICK ENDS: 298
16.11.2015 05:17:13 [0] INFO root TICK BEGINS: 299
16.11.2015 05:17:13 [0] INFO root TICK ENDS: 299
16.11.2015 05:17:13 [0] INFO root TICK BEGINS: 300
16.11.2015 05:17:13 [0] INFO root TICK ENDS: 300
16.11.2015 05:17:13 [0] INFO root TICK BEGINS: 301
16.11.2015 05:17:13 [0] INFO root TICK ENDS: 301
HDF5-DIAG: Error detected in HDF5 (1.8.15-patch1) MPI-process 0:
  #000: H5F.c line 703 in H5Fflush(): not a file or file object
    major: Invalid arguments to routine
    minor: Inappropriate type
HDF5-DIAG: Error detected in HDF5 (1.8.15-patch1) MPI-process 1:
  #000: H5F.c line 703 in H5Fflush(): not a file or file object
    major: Invalid arguments to routine
    minor: Inappropriate type
HDF5-DIAG: Error detected in HDF5 (1.8.15-patch1) MPI-process 2:
  #000: H5F.c line 703 in H5Fflush(): not a file or file object
    major: Invalid arguments to routine
    minor: Inappropriate type
HDF5-DIAG: Error detected in HDF5 (1.8.15-patch1) MPI-process 3:
  #000: H5F.c line 703 in H5Fflush(): not a file or file object
    major: Invalid arguments to routine
    minor: Inappropriate type
HDF5-DIAG: Error detected in HDF5 (1.8.15-patch1) MPI-process 0:
  #000: H5F.c line 703 in H5Fflush(): not a file or file object
    major: Invalid arguments to routine
    minor: Inappropriate type
HDF5-DIAG: Error detected in HDF5 (1.8.15-patch1) MPI-process 1:
  #000: H5F.c line 703 in H5Fflush(): not a file or file object
    major: Invalid arguments to routine
    minor: Inappropriate type
HDF5-DIAG: Error detected in HDF5 (1.8.15-patch1) MPI-process 2:
  #000: H5F.c line 703 in H5Fflush(): not a file or file object
    major: Invalid arguments to routine
    minor: Inappropriate type
HDF5-DIAG: Error detected in HDF5 (1.8.15-patch1) MPI-process 3:
  #000: H5F.c line 703 in H5Fflush(): not a file or file object
    major: Invalid arguments to routine
    minor: Inappropriate type
16.11.2015 05:17:13 [0] INFO root TICK BEGINS: 302
16.11.2015 05:17:13 [0] INFO root TICK ENDS: 302
16.11.2015 05:17:13 [0] INFO root TICK BEGINS: 303
16.11.2015 05:17:13 [0] INFO root TICK ENDS: 303
16.11.2015 05:17:13 [0] INFO root TICK BEGINS: 304
16.11.2015 05:17:13 [0] INFO root TICK ENDS: 304
16.11.2015 05:17:13 [0] INFO root TICK BEGINS: 305
16.11.2015 05:17:13 [0] INFO root TICK ENDS: 305
16.11.2015 05:17:13 [0] INFO root TICK BEGINS: 306
16.11.2015 05:17:13 [0] INFO root TICK ENDS: 306
16.11.2015 05:17:13 [0] INFO root TICK BEGINS: 307
16.11.2015 05:17:13 [0] INFO root TICK ENDS: 307
16.11.2015 05:17:13 [0] INFO root TICK BEGINS: 308
16.11.2015 05:17:13 [0] INFO root TICK ENDS: 308
16.11.2015 05:17:13 [0] INFO root TICK BEGINS: 309
16.11.2015 05:17:13 [0] INFO root TICK ENDS: 309
16.11.2015 05:17:13 [0] INFO root TICK BEGINS: 310
16.11.2015 05:17:13 [0] INFO root TICK ENDS: 310
16.11.2015 05:17:13 [0] INFO root TICK BEGINS: 311
16.11.2015 05:17:14 [0] INFO root TICK ENDS: 311
16.11.2015 05:17:14 [0] INFO root TICK BEGINS: 312
16.11.2015 05:17:14 [0] INFO root TICK ENDS: 312
16.11.2015 05:17:14 [0] INFO root TICK BEGINS: 313
16.11.2015 05:17:14 [0] INFO root TICK ENDS: 313
16.11.2015 05:17:14 [0] INFO root TICK BEGINS: 314
16.11.2015 05:17:14 [0] INFO root TICK ENDS: 314
16.11.2015 05:17:14 [0] INFO root TICK BEGINS: 315
16.11.2015 05:17:14 [0] INFO root TICK ENDS: 315
16.11.2015 05:17:14 [0] INFO root TICK BEGINS: 316
16.11.2015 05:17:14 [0] INFO root TICK ENDS: 316
16.11.2015 05:17:14 [0] INFO root TICK BEGINS: 317
16.11.2015 05:17:14 [0] INFO root TICK ENDS: 317
16.11.2015 05:17:14 [0] INFO root TICK BEGINS: 318
16.11.2015 05:17:14 [0] INFO root TICK ENDS: 318
16.11.2015 05:17:14 [0] INFO root TICK BEGINS: 319
16.11.2015 05:17:14 [0] INFO root TICK ENDS: 319
16.11.2015 05:17:14 [0] INFO root TICK BEGINS: 320
16.11.2015 05:17:14 [0] INFO root TICK ENDS: 320
16.11.2015 05:17:14 [0] INFO root TICK BEGINS: 321
16.11.2015 05:17:14 [0] INFO root TICK ENDS: 321
16.11.2015 05:17:14 [0] INFO root TICK BEGINS: 322
16.11.2015 05:17:14 [0] INFO root TICK ENDS: 322
16.11.2015 05:17:14 [0] INFO root TICK BEGINS: 323
16.11.2015 05:17:14 [0] INFO root TICK ENDS: 323
16.11.2015 05:17:14 [0] INFO root TICK BEGINS: 324
16.11.2015 05:17:14 [0] INFO root TICK ENDS: 324
16.11.2015 05:17:14 [0] INFO root TICK BEGINS: 325
16.11.2015 05:17:14 [0] INFO root TICK ENDS: 325
16.11.2015 05:17:14 [0] INFO root TICK BEGINS: 326
16.11.2015 05:17:14 [0] INFO root TICK ENDS: 326
16.11.2015 05:17:14 [0] INFO root TICK BEGINS: 327
16.11.2015 05:17:14 [0] INFO root TICK ENDS: 327
16.11.2015 05:17:14 [0] INFO root TICK BEGINS: 328
16.11.2015 05:17:14 [0] INFO root TICK ENDS: 328
16.11.2015 05:17:14 [0] INFO root TICK BEGINS: 329
16.11.2015 05:17:14 [0] INFO root TICK ENDS: 329
16.11.2015 05:17:14 [0] INFO root TICK BEGINS: 330
16.11.2015 05:17:14 [0] INFO root TICK ENDS: 330
16.11.2015 05:17:14 [0] INFO root TICK BEGINS: 331
16.11.2015 05:17:14 [0] INFO root TICK ENDS: 331
16.11.2015 05:17:14 [0] INFO root TICK BEGINS: 332
16.11.2015 05:17:14 [0] INFO root TICK ENDS: 332
16.11.2015 05:17:14 [0] INFO root TICK BEGINS: 333
16.11.2015 05:17:15 [0] INFO root TICK ENDS: 333
16.11.2015 05:17:15 [0] INFO root TICK BEGINS: 334
16.11.2015 05:17:15 [0] INFO root TICK ENDS: 334
16.11.2015 05:17:15 [0] INFO root TICK BEGINS: 335
16.11.2015 05:17:15 [0] INFO root TICK ENDS: 335
16.11.2015 05:17:15 [0] INFO root TICK BEGINS: 336
16.11.2015 05:17:15 [0] INFO root TICK ENDS: 336
16.11.2015 05:17:15 [0] INFO root TICK BEGINS: 337
16.11.2015 05:17:15 [0] INFO root TICK ENDS: 337
16.11.2015 05:17:15 [0] INFO root TICK BEGINS: 338
16.11.2015 05:17:15 [0] INFO root TICK ENDS: 338
16.11.2015 05:17:15 [0] INFO root TICK BEGINS: 339
16.11.2015 05:17:15 [0] INFO root TICK ENDS: 339
16.11.2015 05:17:15 [0] INFO root TICK BEGINS: 340
16.11.2015 05:17:15 [0] INFO root TICK ENDS: 340
16.11.2015 05:17:15 [0] INFO root TICK BEGINS: 341
16.11.2015 05:17:15 [0] INFO root TICK ENDS: 341
16.11.2015 05:17:15 [0] INFO root TICK BEGINS: 342
16.11.2015 05:17:15 [0] INFO root TICK ENDS: 342
16.11.2015 05:17:15 [0] INFO root TICK BEGINS: 343
16.11.2015 05:17:15 [0] INFO root TICK ENDS: 343
16.11.2015 05:17:15 [0] INFO root TICK BEGINS: 344
16.11.2015 05:17:15 [0] INFO root TICK ENDS: 344
16.11.2015 05:17:15 [0] INFO root TICK BEGINS: 345
16.11.2015 05:17:15 [0] INFO root TICK ENDS: 345
16.11.2015 05:17:15 [0] INFO root TICK BEGINS: 346
16.11.2015 05:17:15 [0] INFO root TICK ENDS: 346
16.11.2015 05:17:15 [0] INFO root TICK BEGINS: 347
16.11.2015 05:17:15 [0] INFO root TICK ENDS: 347
16.11.2015 05:17:15 [0] INFO root TICK BEGINS: 348
16.11.2015 05:17:15 [0] INFO root TICK ENDS: 348
16.11.2015 05:17:15 [0] INFO root TICK BEGINS: 349
16.11.2015 05:17:15 [0] INFO root TICK ENDS: 349
16.11.2015 05:17:15 [0] INFO root TICK BEGINS: 350
16.11.2015 05:17:15 [0] INFO root TICK ENDS: 350
16.11.2015 05:17:15 [0] INFO root TICK BEGINS: 351
16.11.2015 05:17:15 [0] INFO root TICK ENDS: 351
HDF5-DIAG: Error detected in HDF5 (1.8.15-patch1) MPI-process 0:
  #000: H5F.c line 703 in H5Fflush(): not a file or file object
    major: Invalid arguments to routine
    minor: Inappropriate type
HDF5-DIAG: Error detected in HDF5 (1.8.15-patch1) MPI-process 1:
  #000: H5F.c line 703 in H5Fflush(): not a file or file object
    major: Invalid arguments to routine
    minor: Inappropriate type
HDF5-DIAG: Error detected in HDF5 (1.8.15-patch1) MPI-process 2:
  #000: H5F.c line 703 in H5Fflush(): not a file or file object
    major: Invalid arguments to routine
    minor: Inappropriate type
HDF5-DIAG: Error detected in HDF5 (1.8.15-patch1) MPI-process 3:
  #000: H5F.c line 703 in H5Fflush(): not a file or file object
    major: Invalid arguments to routine
    minor: Inappropriate type
HDF5-DIAG: Error detected in HDF5 (1.8.15-patch1) MPI-process 0:
  #000: H5F.c line 703 in H5Fflush(): not a file or file object
    major: Invalid arguments to routine
    minor: Inappropriate type
HDF5-DIAG: Error detected in HDF5 (1.8.15-patch1) MPI-process 1:
  #000: H5F.c line 703 in H5Fflush(): not a file or file object
    major: Invalid arguments to routine
    minor: Inappropriate type
HDF5-DIAG: Error detected in HDF5 (1.8.15-patch1) MPI-process 2:
  #000: H5F.c line 703 in H5Fflush(): not a file or file object
    major: Invalid arguments to routine
    minor: Inappropriate type
HDF5-DIAG: Error detected in HDF5 (1.8.15-patch1) MPI-process 3:
  #000: H5F.c line 703 in H5Fflush(): not a file or file object
    major: Invalid arguments to routine
    minor: Inappropriate type
16.11.2015 05:17:15 [0] INFO root TICK BEGINS: 352
16.11.2015 05:17:15 [0] INFO root TICK ENDS: 352
16.11.2015 05:17:15 [0] INFO root TICK BEGINS: 353
16.11.2015 05:17:15 [0] INFO root TICK ENDS: 353
16.11.2015 05:17:15 [0] INFO root TICK BEGINS: 354
16.11.2015 05:17:15 [0] INFO root TICK ENDS: 354
16.11.2015 05:17:15 [0] INFO root TICK BEGINS: 355
16.11.2015 05:17:16 [0] INFO root TICK ENDS: 355
16.11.2015 05:17:16 [0] INFO root TICK BEGINS: 356
16.11.2015 05:17:16 [0] INFO root TICK ENDS: 356
16.11.2015 05:17:16 [0] INFO root TICK BEGINS: 357
16.11.2015 05:17:16 [0] INFO root TICK ENDS: 357
16.11.2015 05:17:16 [0] INFO root TICK BEGINS: 358
16.11.2015 05:17:16 [0] INFO root TICK ENDS: 358
16.11.2015 05:17:16 [0] INFO root TICK BEGINS: 359
16.11.2015 05:17:16 [0] INFO root TICK ENDS: 359
16.11.2015 05:17:16 [0] INFO root TICK BEGINS: 360
16.11.2015 05:17:16 [0] INFO root TICK ENDS: 360
16.11.2015 05:17:16 [0] INFO root TICK BEGINS: 361
16.11.2015 05:17:16 [0] INFO root TICK ENDS: 361
16.11.2015 05:17:16 [0] INFO root TICK BEGINS: 362
16.11.2015 05:17:16 [0] INFO root TICK ENDS: 362
16.11.2015 05:17:16 [0] INFO root TICK BEGINS: 363
16.11.2015 05:17:16 [0] INFO root TICK ENDS: 363
16.11.2015 05:17:16 [0] INFO root TICK BEGINS: 364
16.11.2015 05:17:16 [0] INFO root TICK ENDS: 364
16.11.2015 05:17:16 [0] INFO root TICK BEGINS: 365
16.11.2015 05:17:16 [0] INFO root TICK ENDS: 365
16.11.2015 05:17:16 [0] INFO root TICK BEGINS: 366
16.11.2015 05:17:16 [0] INFO root TICK ENDS: 366
16.11.2015 05:17:16 [0] INFO root TICK BEGINS: 367
16.11.2015 05:17:16 [0] INFO root TICK ENDS: 367
16.11.2015 05:17:16 [0] INFO root TICK BEGINS: 368
16.11.2015 05:17:16 [0] INFO root TICK ENDS: 368
16.11.2015 05:17:16 [0] INFO root TICK BEGINS: 369
16.11.2015 05:17:16 [0] INFO root TICK ENDS: 369
16.11.2015 05:17:16 [0] INFO root TICK BEGINS: 370
16.11.2015 05:17:16 [0] INFO root TICK ENDS: 370
16.11.2015 05:17:16 [0] INFO root TICK BEGINS: 371
16.11.2015 05:17:16 [0] INFO root TICK ENDS: 371
16.11.2015 05:17:16 [0] INFO root TICK BEGINS: 372
16.11.2015 05:17:16 [0] INFO root TICK ENDS: 372
16.11.2015 05:17:16 [0] INFO root TICK BEGINS: 373
16.11.2015 05:17:16 [0] INFO root TICK ENDS: 373
16.11.2015 05:17:16 [0] INFO root TICK BEGINS: 374
16.11.2015 05:17:16 [0] INFO root TICK ENDS: 374
16.11.2015 05:17:16 [0] INFO root TICK BEGINS: 375
16.11.2015 05:17:16 [0] INFO root TICK ENDS: 375
16.11.2015 05:17:16 [0] INFO root TICK BEGINS: 376
16.11.2015 05:17:16 [0] INFO root TICK ENDS: 376
16.11.2015 05:17:16 [0] INFO root TICK BEGINS: 377
16.11.2015 05:17:17 [0] INFO root TICK ENDS: 377
16.11.2015 05:17:17 [0] INFO root TICK BEGINS: 378
16.11.2015 05:17:17 [0] INFO root TICK ENDS: 378
16.11.2015 05:17:17 [0] INFO root TICK BEGINS: 379
16.11.2015 05:17:17 [0] INFO root TICK ENDS: 379
16.11.2015 05:17:17 [0] INFO root TICK BEGINS: 380
16.11.2015 05:17:17 [0] INFO root TICK ENDS: 380
16.11.2015 05:17:17 [0] INFO root TICK BEGINS: 381
16.11.2015 05:17:17 [0] INFO root TICK ENDS: 381
16.11.2015 05:17:17 [0] INFO root TICK BEGINS: 382
16.11.2015 05:17:17 [0] INFO root TICK ENDS: 382
16.11.2015 05:17:17 [0] INFO root TICK BEGINS: 383
16.11.2015 05:17:17 [0] INFO root TICK ENDS: 383
16.11.2015 05:17:17 [0] INFO root TICK BEGINS: 384
16.11.2015 05:17:17 [0] INFO root TICK ENDS: 384
16.11.2015 05:17:17 [0] INFO root TICK BEGINS: 385
16.11.2015 05:17:17 [0] INFO root TICK ENDS: 385
16.11.2015 05:17:17 [0] INFO root TICK BEGINS: 386
16.11.2015 05:17:17 [0] INFO root TICK ENDS: 386
16.11.2015 05:17:17 [0] INFO root TICK BEGINS: 387
16.11.2015 05:17:17 [0] INFO root TICK ENDS: 387
16.11.2015 05:17:17 [0] INFO root TICK BEGINS: 388
16.11.2015 05:17:17 [0] INFO root TICK ENDS: 388
16.11.2015 05:17:17 [0] INFO root TICK BEGINS: 389
16.11.2015 05:17:17 [0] INFO root TICK ENDS: 389
16.11.2015 05:17:17 [0] INFO root TICK BEGINS: 390
16.11.2015 05:17:17 [0] INFO root TICK ENDS: 390
16.11.2015 05:17:17 [0] INFO root TICK BEGINS: 391
16.11.2015 05:17:17 [0] INFO root TICK ENDS: 391
16.11.2015 05:17:17 [0] INFO root TICK BEGINS: 392
16.11.2015 05:17:17 [0] INFO root TICK ENDS: 392
16.11.2015 05:17:17 [0] INFO root TICK BEGINS: 393
16.11.2015 05:17:17 [0] INFO root TICK ENDS: 393
16.11.2015 05:17:17 [0] INFO root TICK BEGINS: 394
16.11.2015 05:17:17 [0] INFO root TICK ENDS: 394
16.11.2015 05:17:17 [0] INFO root TICK BEGINS: 395
16.11.2015 05:17:17 [0] INFO root TICK ENDS: 395
16.11.2015 05:17:17 [0] INFO root TICK BEGINS: 396
16.11.2015 05:17:17 [0] INFO root TICK ENDS: 396
16.11.2015 05:17:17 [0] INFO root TICK BEGINS: 397
16.11.2015 05:17:17 [0] INFO root TICK ENDS: 397
16.11.2015 05:17:17 [0] INFO root TICK BEGINS: 398
16.11.2015 05:17:18 [0] INFO root TICK ENDS: 398
16.11.2015 05:17:18 [0] INFO root TICK BEGINS: 399
16.11.2015 05:17:18 [0] INFO root TICK ENDS: 399
16.11.2015 05:17:18 [0] INFO root TICK BEGINS: 400
16.11.2015 05:17:18 [0] INFO root TICK ENDS: 400
16.11.2015 05:17:18 [0] INFO root TICK BEGINS: 401
16.11.2015 05:17:18 [0] INFO root TICK ENDS: 401
HDF5-DIAG: Error detected in HDF5 (1.8.15-patch1) MPI-process 0:
  #000: H5F.c line 703 in H5Fflush(): not a file or file object
    major: Invalid arguments to routine
    minor: Inappropriate type
HDF5-DIAG: Error detected in HDF5 (1.8.15-patch1) MPI-process 1:
  #000: H5F.c line 703 in H5Fflush(): not a file or file object
    major: Invalid arguments to routine
    minor: Inappropriate type
HDF5-DIAG: Error detected in HDF5 (1.8.15-patch1) MPI-process 2:
  #000: H5F.c line 703 in H5Fflush(): not a file or file object
    major: Invalid arguments to routine
    minor: Inappropriate type
HDF5-DIAG: Error detected in HDF5 (1.8.15-patch1) MPI-process 3:
  #000: H5F.c line 703 in H5Fflush(): not a file or file object
    major: Invalid arguments to routine
    minor: Inappropriate type
HDF5-DIAG: Error detected in HDF5 (1.8.15-patch1) MPI-process 0:
  #000: H5F.c line 703 in H5Fflush(): not a file or file object
    major: Invalid arguments to routine
    minor: Inappropriate type
HDF5-DIAG: Error detected in HDF5 (1.8.15-patch1) MPI-process 1:
  #000: H5F.c line 703 in H5Fflush(): not a file or file object
    major: Invalid arguments to routine
    minor: Inappropriate type
HDF5-DIAG: Error detected in HDF5 (1.8.15-patch1) MPI-process 2:
  #000: H5F.c line 703 in H5Fflush(): not a file or file object
    major: Invalid arguments to routine
    minor: Inappropriate type
HDF5-DIAG: Error detected in HDF5 (1.8.15-patch1) MPI-process 3:
  #000: H5F.c line 703 in H5Fflush(): not a file or file object
    major: Invalid arguments to routine
    minor: Inappropriate type
16.11.2015 05:17:18 [0] INFO root TICK BEGINS: 402
16.11.2015 05:17:18 [0] INFO root TICK ENDS: 402
16.11.2015 05:17:18 [0] INFO root TICK BEGINS: 403
16.11.2015 05:17:18 [0] INFO root TICK ENDS: 403
16.11.2015 05:17:18 [0] INFO root TICK BEGINS: 404
16.11.2015 05:17:18 [0] INFO root TICK ENDS: 404
16.11.2015 05:17:18 [0] INFO root TICK BEGINS: 405
16.11.2015 05:17:18 [0] INFO root TICK ENDS: 405
16.11.2015 05:17:18 [0] INFO root TICK BEGINS: 406
16.11.2015 05:17:18 [0] INFO root TICK ENDS: 406
16.11.2015 05:17:18 [0] INFO root TICK BEGINS: 407
16.11.2015 05:17:18 [0] INFO root TICK ENDS: 407
16.11.2015 05:17:18 [0] INFO root TICK BEGINS: 408
16.11.2015 05:17:18 [0] INFO root TICK ENDS: 408
16.11.2015 05:17:18 [0] INFO root TICK BEGINS: 409
16.11.2015 05:17:18 [0] INFO root TICK ENDS: 409
16.11.2015 05:17:18 [0] INFO root TICK BEGINS: 410
16.11.2015 05:17:18 [0] INFO root TICK ENDS: 410
16.11.2015 05:17:18 [0] INFO root TICK BEGINS: 411
16.11.2015 05:17:18 [0] INFO root TICK ENDS: 411
16.11.2015 05:17:18 [0] INFO root TICK BEGINS: 412
16.11.2015 05:17:18 [0] INFO root TICK ENDS: 412
16.11.2015 05:17:18 [0] INFO root TICK BEGINS: 413
16.11.2015 05:17:18 [0] INFO root TICK ENDS: 413
16.11.2015 05:17:18 [0] INFO root TICK BEGINS: 414
16.11.2015 05:17:18 [0] INFO root TICK ENDS: 414
16.11.2015 05:17:18 [0] INFO root TICK BEGINS: 415
16.11.2015 05:17:18 [0] INFO root TICK ENDS: 415
16.11.2015 05:17:18 [0] INFO root TICK BEGINS: 416
16.11.2015 05:17:18 [0] INFO root TICK ENDS: 416
16.11.2015 05:17:18 [0] INFO root TICK BEGINS: 417
16.11.2015 05:17:18 [0] INFO root TICK ENDS: 417
16.11.2015 05:17:18 [0] INFO root TICK BEGINS: 418
16.11.2015 05:17:18 [0] INFO root TICK ENDS: 418
16.11.2015 05:17:18 [0] INFO root TICK BEGINS: 419
16.11.2015 05:17:19 [0] INFO root TICK ENDS: 419
16.11.2015 05:17:19 [0] INFO root TICK BEGINS: 420
16.11.2015 05:17:19 [0] INFO root TICK ENDS: 420
16.11.2015 05:17:19 [0] INFO root TICK BEGINS: 421
16.11.2015 05:17:19 [0] INFO root TICK ENDS: 421
16.11.2015 05:17:19 [0] INFO root TICK BEGINS: 422
16.11.2015 05:17:19 [0] INFO root TICK ENDS: 422
16.11.2015 05:17:19 [0] INFO root TICK BEGINS: 423
16.11.2015 05:17:19 [0] INFO root TICK ENDS: 423
16.11.2015 05:17:19 [0] INFO root TICK BEGINS: 424
16.11.2015 05:17:19 [0] INFO root TICK ENDS: 424
16.11.2015 05:17:19 [0] INFO root TICK BEGINS: 425
16.11.2015 05:17:19 [0] INFO root TICK ENDS: 425
16.11.2015 05:17:19 [0] INFO root TICK BEGINS: 426
16.11.2015 05:17:19 [0] INFO root TICK ENDS: 426
16.11.2015 05:17:19 [0] INFO root TICK BEGINS: 427
16.11.2015 05:17:19 [0] INFO root TICK ENDS: 427
16.11.2015 05:17:19 [0] INFO root TICK BEGINS: 428
16.11.2015 05:17:19 [0] INFO root TICK ENDS: 428
16.11.2015 05:17:19 [0] INFO root TICK BEGINS: 429
16.11.2015 05:17:19 [0] INFO root TICK ENDS: 429
16.11.2015 05:17:19 [0] INFO root TICK BEGINS: 430
16.11.2015 05:17:19 [0] INFO root TICK ENDS: 430
16.11.2015 05:17:19 [0] INFO root TICK BEGINS: 431
16.11.2015 05:17:19 [0] INFO root TICK ENDS: 431
16.11.2015 05:17:19 [0] INFO root TICK BEGINS: 432
16.11.2015 05:17:19 [0] INFO root TICK ENDS: 432
16.11.2015 05:17:19 [0] INFO root TICK BEGINS: 433
16.11.2015 05:17:19 [0] INFO root TICK ENDS: 433
16.11.2015 05:17:19 [0] INFO root TICK BEGINS: 434
16.11.2015 05:17:19 [0] INFO root TICK ENDS: 434
16.11.2015 05:17:19 [0] INFO root TICK BEGINS: 435
16.11.2015 05:17:19 [0] INFO root TICK ENDS: 435
16.11.2015 05:17:19 [0] INFO root TICK BEGINS: 436
16.11.2015 05:17:19 [0] INFO root TICK ENDS: 436
16.11.2015 05:17:19 [0] INFO root TICK BEGINS: 437
16.11.2015 05:17:19 [0] INFO root TICK ENDS: 437
16.11.2015 05:17:19 [0] INFO root TICK BEGINS: 438
16.11.2015 05:17:19 [0] INFO root TICK ENDS: 438
16.11.2015 05:17:19 [0] INFO root TICK BEGINS: 439
16.11.2015 05:17:19 [0] INFO root TICK ENDS: 439
16.11.2015 05:17:19 [0] INFO root TICK BEGINS: 440
16.11.2015 05:17:19 [0] INFO root TICK ENDS: 440
16.11.2015 05:17:19 [0] INFO root TICK BEGINS: 441
16.11.2015 05:17:20 [0] INFO root TICK ENDS: 441
16.11.2015 05:17:20 [0] INFO root TICK BEGINS: 442
16.11.2015 05:17:20 [0] INFO root TICK ENDS: 442
16.11.2015 05:17:20 [0] INFO root TICK BEGINS: 443
16.11.2015 05:17:20 [0] INFO root TICK ENDS: 443
16.11.2015 05:17:20 [0] INFO root TICK BEGINS: 444
16.11.2015 05:17:20 [0] INFO root TICK ENDS: 444
16.11.2015 05:17:20 [0] INFO root TICK BEGINS: 445
16.11.2015 05:17:20 [0] INFO root TICK ENDS: 445
16.11.2015 05:17:20 [0] INFO root TICK BEGINS: 446
16.11.2015 05:17:20 [0] INFO root TICK ENDS: 446
16.11.2015 05:17:20 [0] INFO root TICK BEGINS: 447
16.11.2015 05:17:20 [0] INFO root TICK ENDS: 447
16.11.2015 05:17:20 [0] INFO root TICK BEGINS: 448
16.11.2015 05:17:20 [0] INFO root TICK ENDS: 448
16.11.2015 05:17:20 [0] INFO root TICK BEGINS: 449
16.11.2015 05:17:20 [0] INFO root TICK ENDS: 449
16.11.2015 05:17:20 [0] INFO root TICK BEGINS: 450
16.11.2015 05:17:20 [0] INFO root TICK ENDS: 450
16.11.2015 05:17:20 [0] INFO root TICK BEGINS: 451
16.11.2015 05:17:20 [0] INFO root TICK ENDS: 451
HDF5-DIAG: Error detected in HDF5 (1.8.15-patch1) MPI-process 0:
  #000: H5F.c line 703 in H5Fflush(): not a file or file object
    major: Invalid arguments to routine
    minor: Inappropriate type
HDF5-DIAG: Error detected in HDF5 (1.8.15-patch1) MPI-process 1:
  #000: H5F.c line 703 in H5Fflush(): not a file or file object
    major: Invalid arguments to routine
    minor: Inappropriate type
HDF5-DIAG: Error detected in HDF5 (1.8.15-patch1) MPI-process 2:
  #000: H5F.c line 703 in H5Fflush(): not a file or file object
    major: Invalid arguments to routine
    minor: Inappropriate type
HDF5-DIAG: Error detected in HDF5 (1.8.15-patch1) MPI-process 3:
  #000: H5F.c line 703 in H5Fflush(): not a file or file object
    major: Invalid arguments to routine
    minor: Inappropriate type
HDF5-DIAG: Error detected in HDF5 (1.8.15-patch1) MPI-process 0:
  #000: H5F.c line 703 in H5Fflush(): not a file or file object
    major: Invalid arguments to routine
    minor: Inappropriate type
HDF5-DIAG: Error detected in HDF5 (1.8.15-patch1) MPI-process 1:
  #000: H5F.c line 703 in H5Fflush(): not a file or file object
    major: Invalid arguments to routine
    minor: Inappropriate type
HDF5-DIAG: Error detected in HDF5 (1.8.15-patch1) MPI-process 2:
  #000: H5F.c line 703 in H5Fflush(): not a file or file object
    major: Invalid arguments to routine
    minor: Inappropriate type
HDF5-DIAG: Error detected in HDF5 (1.8.15-patch1) MPI-process 3:
  #000: H5F.c line 703 in H5Fflush(): not a file or file object
    major: Invalid arguments to routine
    minor: Inappropriate type
16.11.2015 05:17:20 [0] INFO root TICK BEGINS: 452
16.11.2015 05:17:20 [0] INFO root TICK ENDS: 452
16.11.2015 05:17:20 [0] INFO root TICK BEGINS: 453
16.11.2015 05:17:20 [0] INFO root TICK ENDS: 453
16.11.2015 05:17:20 [0] INFO root TICK BEGINS: 454
16.11.2015 05:17:20 [0] INFO root TICK ENDS: 454
16.11.2015 05:17:20 [0] INFO root TICK BEGINS: 455
16.11.2015 05:17:20 [0] INFO root TICK ENDS: 455
16.11.2015 05:17:20 [0] INFO root TICK BEGINS: 456
16.11.2015 05:17:20 [0] INFO root TICK ENDS: 456
16.11.2015 05:17:20 [0] INFO root TICK BEGINS: 457
16.11.2015 05:17:20 [0] INFO root TICK ENDS: 457
16.11.2015 05:17:20 [0] INFO root TICK BEGINS: 458
16.11.2015 05:17:20 [0] INFO root TICK ENDS: 458
16.11.2015 05:17:20 [0] INFO root TICK BEGINS: 459
16.11.2015 05:17:20 [0] INFO root TICK ENDS: 459
16.11.2015 05:17:20 [0] INFO root TICK BEGINS: 460
16.11.2015 05:17:20 [0] INFO root TICK ENDS: 460
16.11.2015 05:17:20 [0] INFO root TICK BEGINS: 461
16.11.2015 05:17:20 [0] INFO root TICK ENDS: 461
16.11.2015 05:17:20 [0] INFO root TICK BEGINS: 462
16.11.2015 05:17:20 [0] INFO root TICK ENDS: 462
16.11.2015 05:17:20 [0] INFO root TICK BEGINS: 463
16.11.2015 05:17:21 [0] INFO root TICK ENDS: 463
16.11.2015 05:17:21 [0] INFO root TICK BEGINS: 464
16.11.2015 05:17:21 [0] INFO root TICK ENDS: 464
16.11.2015 05:17:21 [0] INFO root TICK BEGINS: 465
16.11.2015 05:17:21 [0] INFO root TICK ENDS: 465
16.11.2015 05:17:21 [0] INFO root TICK BEGINS: 466
16.11.2015 05:17:21 [0] INFO root TICK ENDS: 466
16.11.2015 05:17:21 [0] INFO root TICK BEGINS: 467
16.11.2015 05:17:21 [0] INFO root TICK ENDS: 467
16.11.2015 05:17:21 [0] INFO root TICK BEGINS: 468
16.11.2015 05:17:21 [0] INFO root TICK ENDS: 468
16.11.2015 05:17:21 [0] INFO root TICK BEGINS: 469
16.11.2015 05:17:21 [0] INFO root TICK ENDS: 469
16.11.2015 05:17:21 [0] INFO root TICK BEGINS: 470
16.11.2015 05:17:21 [0] INFO root TICK ENDS: 470
16.11.2015 05:17:21 [0] INFO root TICK BEGINS: 471
16.11.2015 05:17:21 [0] INFO root TICK ENDS: 471
16.11.2015 05:17:21 [0] INFO root TICK BEGINS: 472
16.11.2015 05:17:21 [0] INFO root TICK ENDS: 472
16.11.2015 05:17:21 [0] INFO root TICK BEGINS: 473
16.11.2015 05:17:21 [0] INFO root TICK ENDS: 473
16.11.2015 05:17:21 [0] INFO root TICK BEGINS: 474
16.11.2015 05:17:21 [0] INFO root TICK ENDS: 474
16.11.2015 05:17:21 [0] INFO root TICK BEGINS: 475
16.11.2015 05:17:21 [0] INFO root TICK ENDS: 475
16.11.2015 05:17:21 [0] INFO root TICK BEGINS: 476
16.11.2015 05:17:21 [0] INFO root TICK ENDS: 476
16.11.2015 05:17:21 [0] INFO root TICK BEGINS: 477
16.11.2015 05:17:21 [0] INFO root TICK ENDS: 477
16.11.2015 05:17:21 [0] INFO root TICK BEGINS: 478
16.11.2015 05:17:21 [0] INFO root TICK ENDS: 478
16.11.2015 05:17:21 [0] INFO root TICK BEGINS: 479
16.11.2015 05:17:21 [0] INFO root TICK ENDS: 479
16.11.2015 05:17:21 [0] INFO root TICK BEGINS: 480
16.11.2015 05:17:21 [0] INFO root TICK ENDS: 480
16.11.2015 05:17:21 [0] INFO root TICK BEGINS: 481
16.11.2015 05:17:21 [0] INFO root TICK ENDS: 481
16.11.2015 05:17:21 [0] INFO root TICK BEGINS: 482
16.11.2015 05:17:21 [0] INFO root TICK ENDS: 482
16.11.2015 05:17:21 [0] INFO root TICK BEGINS: 483
16.11.2015 05:17:21 [0] INFO root TICK ENDS: 483
16.11.2015 05:17:21 [0] INFO root TICK BEGINS: 484
16.11.2015 05:17:21 [0] INFO root TICK ENDS: 484
16.11.2015 05:17:21 [0] INFO root TICK BEGINS: 485
16.11.2015 05:17:22 [0] INFO root TICK ENDS: 485
16.11.2015 05:17:22 [0] INFO root TICK BEGINS: 486
16.11.2015 05:17:22 [0] INFO root TICK ENDS: 486
16.11.2015 05:17:22 [0] INFO root TICK BEGINS: 487
16.11.2015 05:17:22 [0] INFO root TICK ENDS: 487
16.11.2015 05:17:22 [0] INFO root TICK BEGINS: 488
16.11.2015 05:17:22 [0] INFO root TICK ENDS: 488
16.11.2015 05:17:22 [0] INFO root TICK BEGINS: 489
16.11.2015 05:17:22 [0] INFO root TICK ENDS: 489
16.11.2015 05:17:22 [0] INFO root TICK BEGINS: 490
16.11.2015 05:17:22 [0] INFO root TICK ENDS: 490
16.11.2015 05:17:22 [0] INFO root TICK BEGINS: 491
16.11.2015 05:17:22 [0] INFO root TICK ENDS: 491
16.11.2015 05:17:22 [0] INFO root TICK BEGINS: 492
16.11.2015 05:17:22 [0] INFO root TICK ENDS: 492
16.11.2015 05:17:22 [0] INFO root TICK BEGINS: 493
16.11.2015 05:17:22 [0] INFO root TICK ENDS: 493
16.11.2015 05:17:22 [0] INFO root TICK BEGINS: 494
16.11.2015 05:17:22 [0] INFO root TICK ENDS: 494
16.11.2015 05:17:22 [0] INFO root TICK BEGINS: 495
16.11.2015 05:17:22 [0] INFO root TICK ENDS: 495
16.11.2015 05:17:22 [0] INFO root TICK BEGINS: 496
16.11.2015 05:17:22 [0] INFO root TICK ENDS: 496
16.11.2015 05:17:22 [0] INFO root TICK BEGINS: 497
16.11.2015 05:17:22 [0] INFO root TICK ENDS: 497
16.11.2015 05:17:22 [0] INFO root TICK BEGINS: 498
16.11.2015 05:17:22 [0] INFO root TICK ENDS: 498
16.11.2015 05:17:22 [0] INFO root TICK BEGINS: 499
16.11.2015 05:17:22 [0] INFO root TICK ENDS: 499
16.11.2015 05:17:22 [0] INFO root TICK BEGINS: 500
16.11.2015 05:17:22 [0] INFO root TICK ENDS: 500
16.11.2015 05:17:22 [0] INFO root date_time.run = 16.11.2015 05:16:57
16.11.2015 05:17:22 [0] INFO root distribution.zombie_move = int_uniform, 0, 2
16.11.2015 05:17:22 [0] INFO root grid.buffer = 1
16.11.2015 05:17:22 [0] INFO root human.count = 500;
16.11.2015 05:17:22 [0] INFO root human.dataname = human_population
16.11.2015 05:17:22 [0] INFO root human.input.file = human.h5
16.11.2015 05:17:22 [0] INFO root human.output.file = human_out.h5
16.11.2015 05:17:22 [0] INFO root init.time = 0.05
16.11.2015 05:17:22 [0] INFO root max.x = 7
16.11.2015 05:17:22 [0] INFO root max.y = 7
16.11.2015 05:17:22 [0] INFO root min.x = 0
16.11.2015 05:17:22 [0] INFO root min.y = 0
16.11.2015 05:17:22 [0] INFO root output.interval = 50
16.11.2015 05:17:22 [0] INFO root proc.per.x = 2
16.11.2015 05:17:22 [0] INFO root proc.per.y = 2
16.11.2015 05:17:22 [0] INFO root process.count = 4
16.11.2015 05:17:22 [0] INFO root random.seed = 1447651017
16.11.2015 05:17:22 [0] INFO root run.time = 25.11
16.11.2015 05:17:22 [0] INFO root stop.at = 500
16.11.2015 05:17:22 [0] INFO root zombie.count = 5;
16.11.2015 05:17:22 [0] INFO root zombie.dataname = zombie_population
16.11.2015 05:17:22 [0] INFO root zombie.input.file = zombie.h5
16.11.2015 05:17:22 [0] INFO root zombie.output.file = zombie_out.h5
