 Starting... 
16.11.2015 03:36:20 [0] INFO root TICK BEGINS: 1
16.11.2015 03:36:20 [0] INFO root TICK ENDS: 1
16.11.2015 03:36:20 [0] INFO root TICK BEGINS: 2
16.11.2015 03:36:20 [0] INFO root TICK ENDS: 2
16.11.2015 03:36:20 [0] INFO root TICK BEGINS: 3
16.11.2015 03:36:20 [0] INFO root TICK ENDS: 3
16.11.2015 03:36:20 [0] INFO root TICK BEGINS: 4
16.11.2015 03:36:20 [0] INFO root TICK ENDS: 4
16.11.2015 03:36:20 [0] INFO root TICK BEGINS: 5
16.11.2015 03:36:20 [0] INFO root TICK ENDS: 5
16.11.2015 03:36:20 [0] INFO root TICK BEGINS: 6
16.11.2015 03:36:20 [0] INFO root TICK ENDS: 6
16.11.2015 03:36:20 [0] INFO root TICK BEGINS: 7
16.11.2015 03:36:20 [0] INFO root TICK ENDS: 7
16.11.2015 03:36:20 [0] INFO root TICK BEGINS: 8
16.11.2015 03:36:20 [0] INFO root TICK ENDS: 8
16.11.2015 03:36:20 [0] INFO root TICK BEGINS: 9
16.11.2015 03:36:20 [0] INFO root TICK ENDS: 9
16.11.2015 03:36:20 [0] INFO root TICK BEGINS: 10
16.11.2015 03:36:20 [0] INFO root TICK ENDS: 10
16.11.2015 03:36:20 [0] INFO root TICK BEGINS: 11
16.11.2015 03:36:20 [0] INFO root TICK ENDS: 11
16.11.2015 03:36:20 [0] INFO root TICK BEGINS: 12
16.11.2015 03:36:20 [0] INFO root TICK ENDS: 12
16.11.2015 03:36:20 [0] INFO root TICK BEGINS: 13
16.11.2015 03:36:20 [0] INFO root TICK ENDS: 13
16.11.2015 03:36:20 [0] INFO root TICK BEGINS: 14
16.11.2015 03:36:20 [0] INFO root TICK ENDS: 14
16.11.2015 03:36:20 [0] INFO root TICK BEGINS: 15
16.11.2015 03:36:20 [0] INFO root TICK ENDS: 15
16.11.2015 03:36:20 [0] INFO root TICK BEGINS: 16
16.11.2015 03:36:20 [0] INFO root TICK ENDS: 16
16.11.2015 03:36:20 [0] INFO root TICK BEGINS: 17
16.11.2015 03:36:20 [0] INFO root TICK ENDS: 17
16.11.2015 03:36:20 [0] INFO root TICK BEGINS: 18
16.11.2015 03:36:20 [0] INFO root TICK ENDS: 18
16.11.2015 03:36:20 [0] INFO root TICK BEGINS: 19
16.11.2015 03:36:20 [0] INFO root TICK ENDS: 19
16.11.2015 03:36:20 [0] INFO root TICK BEGINS: 20
16.11.2015 03:36:20 [0] INFO root TICK ENDS: 20
16.11.2015 03:36:20 [0] INFO root TICK BEGINS: 21
16.11.2015 03:36:20 [0] INFO root TICK ENDS: 21
16.11.2015 03:36:20 [0] INFO root TICK BEGINS: 22
16.11.2015 03:36:20 [0] INFO root TICK ENDS: 22
16.11.2015 03:36:20 [0] INFO root TICK BEGINS: 23
16.11.2015 03:36:20 [0] INFO root TICK ENDS: 23
16.11.2015 03:36:20 [0] INFO root TICK BEGINS: 24
16.11.2015 03:36:20 [0] INFO root TICK ENDS: 24
16.11.2015 03:36:20 [0] INFO root TICK BEGINS: 25
16.11.2015 03:36:20 [0] INFO root TICK ENDS: 25
16.11.2015 03:36:20 [0] INFO root TICK BEGINS: 26
16.11.2015 03:36:21 [0] INFO root TICK ENDS: 26
16.11.2015 03:36:21 [0] INFO root TICK BEGINS: 27
16.11.2015 03:36:21 [0] INFO root TICK ENDS: 27
16.11.2015 03:36:21 [0] INFO root TICK BEGINS: 28
16.11.2015 03:36:21 [0] INFO root TICK ENDS: 28
16.11.2015 03:36:21 [0] INFO root TICK BEGINS: 29
16.11.2015 03:36:21 [0] INFO root TICK ENDS: 29
16.11.2015 03:36:21 [0] INFO root TICK BEGINS: 30
16.11.2015 03:36:21 [0] INFO root TICK ENDS: 30
16.11.2015 03:36:21 [0] INFO root TICK BEGINS: 31
16.11.2015 03:36:21 [0] INFO root TICK ENDS: 31
16.11.2015 03:36:21 [0] INFO root TICK BEGINS: 32
16.11.2015 03:36:21 [0] INFO root TICK ENDS: 32
16.11.2015 03:36:21 [0] INFO root TICK BEGINS: 33
16.11.2015 03:36:21 [0] INFO root TICK ENDS: 33
16.11.2015 03:36:21 [0] INFO root TICK BEGINS: 34
16.11.2015 03:36:21 [0] INFO root TICK ENDS: 34
16.11.2015 03:36:21 [0] INFO root TICK BEGINS: 35
16.11.2015 03:36:21 [0] INFO root TICK ENDS: 35
16.11.2015 03:36:21 [0] INFO root TICK BEGINS: 36
16.11.2015 03:36:21 [0] INFO root TICK ENDS: 36
16.11.2015 03:36:21 [0] INFO root TICK BEGINS: 37
16.11.2015 03:36:21 [0] INFO root TICK ENDS: 37
16.11.2015 03:36:21 [0] INFO root TICK BEGINS: 38
16.11.2015 03:36:21 [0] INFO root TICK ENDS: 38
16.11.2015 03:36:21 [0] INFO root TICK BEGINS: 39
16.11.2015 03:36:21 [0] INFO root TICK ENDS: 39
16.11.2015 03:36:21 [0] INFO root TICK BEGINS: 40
16.11.2015 03:36:21 [0] INFO root TICK ENDS: 40
16.11.2015 03:36:21 [0] INFO root TICK BEGINS: 41
16.11.2015 03:36:21 [0] INFO root TICK ENDS: 41
16.11.2015 03:36:21 [0] INFO root TICK BEGINS: 42
16.11.2015 03:36:21 [0] INFO root TICK ENDS: 42
16.11.2015 03:36:21 [0] INFO root TICK BEGINS: 43
16.11.2015 03:36:21 [0] INFO root TICK ENDS: 43
16.11.2015 03:36:21 [0] INFO root TICK BEGINS: 44
16.11.2015 03:36:21 [0] INFO root TICK ENDS: 44
16.11.2015 03:36:21 [0] INFO root TICK BEGINS: 45
16.11.2015 03:36:21 [0] INFO root TICK ENDS: 45
16.11.2015 03:36:21 [0] INFO root TICK BEGINS: 46
16.11.2015 03:36:21 [0] INFO root TICK ENDS: 46
16.11.2015 03:36:21 [0] INFO root TICK BEGINS: 47
16.11.2015 03:36:21 [0] INFO root TICK ENDS: 47
16.11.2015 03:36:21 [0] INFO root TICK BEGINS: 48
16.11.2015 03:36:21 [0] INFO root TICK ENDS: 48
16.11.2015 03:36:21 [0] INFO root TICK BEGINS: 49
16.11.2015 03:36:21 [0] INFO root TICK ENDS: 49
16.11.2015 03:36:21 [0] INFO root TICK BEGINS: 50
16.11.2015 03:36:21 [0] INFO root TICK ENDS: 50
16.11.2015 03:36:21 [0] INFO root TICK BEGINS: 51
16.11.2015 03:36:21 [0] INFO root TICK ENDS: 51
16.11.2015 03:36:21 [0] INFO root TICK BEGINS: 52
16.11.2015 03:36:21 [0] INFO root TICK ENDS: 52
16.11.2015 03:36:21 [0] INFO root TICK BEGINS: 53
16.11.2015 03:36:21 [0] INFO root TICK ENDS: 53
16.11.2015 03:36:21 [0] INFO root TICK BEGINS: 54
16.11.2015 03:36:21 [0] INFO root TICK ENDS: 54
16.11.2015 03:36:21 [0] INFO root TICK BEGINS: 55
16.11.2015 03:36:21 [0] INFO root TICK ENDS: 55
16.11.2015 03:36:21 [0] INFO root TICK BEGINS: 56
16.11.2015 03:36:21 [0] INFO root TICK ENDS: 56
16.11.2015 03:36:21 [0] INFO root TICK BEGINS: 57
16.11.2015 03:36:21 [0] INFO root TICK ENDS: 57
16.11.2015 03:36:21 [0] INFO root TICK BEGINS: 58
16.11.2015 03:36:22 [0] INFO root TICK ENDS: 58
16.11.2015 03:36:22 [0] INFO root TICK BEGINS: 59
16.11.2015 03:36:22 [0] INFO root TICK ENDS: 59
16.11.2015 03:36:22 [0] INFO root TICK BEGINS: 60
16.11.2015 03:36:22 [0] INFO root TICK ENDS: 60
16.11.2015 03:36:22 [0] INFO root TICK BEGINS: 61
16.11.2015 03:36:22 [0] INFO root TICK ENDS: 61
16.11.2015 03:36:22 [0] INFO root TICK BEGINS: 62
16.11.2015 03:36:22 [0] INFO root TICK ENDS: 62
16.11.2015 03:36:22 [0] INFO root TICK BEGINS: 63
16.11.2015 03:36:22 [0] INFO root TICK ENDS: 63
16.11.2015 03:36:22 [0] INFO root TICK BEGINS: 64
16.11.2015 03:36:22 [0] INFO root TICK ENDS: 64
16.11.2015 03:36:22 [0] INFO root TICK BEGINS: 65
16.11.2015 03:36:22 [0] INFO root TICK ENDS: 65
16.11.2015 03:36:22 [0] INFO root TICK BEGINS: 66
16.11.2015 03:36:22 [0] INFO root TICK ENDS: 66
16.11.2015 03:36:22 [0] INFO root TICK BEGINS: 67
16.11.2015 03:36:22 [0] INFO root TICK ENDS: 67
16.11.2015 03:36:22 [0] INFO root TICK BEGINS: 68
16.11.2015 03:36:22 [0] INFO root TICK ENDS: 68
16.11.2015 03:36:22 [0] INFO root TICK BEGINS: 69
16.11.2015 03:36:22 [0] INFO root TICK ENDS: 69
16.11.2015 03:36:22 [0] INFO root TICK BEGINS: 70
16.11.2015 03:36:22 [0] INFO root TICK ENDS: 70
16.11.2015 03:36:22 [0] INFO root TICK BEGINS: 71
16.11.2015 03:36:22 [0] INFO root TICK ENDS: 71
16.11.2015 03:36:22 [0] INFO root TICK BEGINS: 72
16.11.2015 03:36:22 [0] INFO root TICK ENDS: 72
16.11.2015 03:36:22 [0] INFO root TICK BEGINS: 73
16.11.2015 03:36:22 [0] INFO root TICK ENDS: 73
16.11.2015 03:36:22 [0] INFO root TICK BEGINS: 74
16.11.2015 03:36:22 [0] INFO root TICK ENDS: 74
16.11.2015 03:36:22 [0] INFO root TICK BEGINS: 75
16.11.2015 03:36:22 [0] INFO root TICK ENDS: 75
16.11.2015 03:36:22 [0] INFO root TICK BEGINS: 76
16.11.2015 03:36:22 [0] INFO root TICK ENDS: 76
16.11.2015 03:36:22 [0] INFO root TICK BEGINS: 77
16.11.2015 03:36:22 [0] INFO root TICK ENDS: 77
16.11.2015 03:36:22 [0] INFO root TICK BEGINS: 78
16.11.2015 03:36:22 [0] INFO root TICK ENDS: 78
16.11.2015 03:36:22 [0] INFO root TICK BEGINS: 79
16.11.2015 03:36:22 [0] INFO root TICK ENDS: 79
16.11.2015 03:36:22 [0] INFO root TICK BEGINS: 80
16.11.2015 03:36:22 [0] INFO root TICK ENDS: 80
16.11.2015 03:36:22 [0] INFO root TICK BEGINS: 81
16.11.2015 03:36:22 [0] INFO root TICK ENDS: 81
16.11.2015 03:36:22 [0] INFO root TICK BEGINS: 82
16.11.2015 03:36:22 [0] INFO root TICK ENDS: 82
16.11.2015 03:36:22 [0] INFO root TICK BEGINS: 83
16.11.2015 03:36:22 [0] INFO root TICK ENDS: 83
16.11.2015 03:36:22 [0] INFO root TICK BEGINS: 84
16.11.2015 03:36:22 [0] INFO root TICK ENDS: 84
16.11.2015 03:36:22 [0] INFO root TICK BEGINS: 85
16.11.2015 03:36:22 [0] INFO root TICK ENDS: 85
16.11.2015 03:36:22 [0] INFO root TICK BEGINS: 86
16.11.2015 03:36:22 [0] INFO root TICK ENDS: 86
16.11.2015 03:36:22 [0] INFO root TICK BEGINS: 87
16.11.2015 03:36:22 [0] INFO root TICK ENDS: 87
16.11.2015 03:36:22 [0] INFO root TICK BEGINS: 88
16.11.2015 03:36:22 [0] INFO root TICK ENDS: 88
16.11.2015 03:36:22 [0] INFO root TICK BEGINS: 89
16.11.2015 03:36:22 [0] INFO root TICK ENDS: 89
16.11.2015 03:36:22 [0] INFO root TICK BEGINS: 90
16.11.2015 03:36:22 [0] INFO root TICK ENDS: 90
16.11.2015 03:36:22 [0] INFO root TICK BEGINS: 91
16.11.2015 03:36:22 [0] INFO root TICK ENDS: 91
16.11.2015 03:36:22 [0] INFO root TICK BEGINS: 92
16.11.2015 03:36:22 [0] INFO root TICK ENDS: 92
16.11.2015 03:36:22 [0] INFO root TICK BEGINS: 93
16.11.2015 03:36:22 [0] INFO root TICK ENDS: 93
16.11.2015 03:36:22 [0] INFO root TICK BEGINS: 94
16.11.2015 03:36:22 [0] INFO root TICK ENDS: 94
16.11.2015 03:36:22 [0] INFO root TICK BEGINS: 95
16.11.2015 03:36:23 [0] INFO root TICK ENDS: 95
16.11.2015 03:36:23 [0] INFO root TICK BEGINS: 96
16.11.2015 03:36:23 [0] INFO root TICK ENDS: 96
16.11.2015 03:36:23 [0] INFO root TICK BEGINS: 97
16.11.2015 03:36:23 [0] INFO root TICK ENDS: 97
16.11.2015 03:36:23 [0] INFO root TICK BEGINS: 98
16.11.2015 03:36:23 [0] INFO root TICK ENDS: 98
16.11.2015 03:36:23 [0] INFO root TICK BEGINS: 99
16.11.2015 03:36:23 [0] INFO root TICK ENDS: 99
16.11.2015 03:36:23 [0] INFO root TICK BEGINS: 100
16.11.2015 03:36:23 [0] INFO root TICK ENDS: 100
16.11.2015 03:36:23 [0] INFO root date_time.run = 16.11.2015 03:36:20
16.11.2015 03:36:23 [0] INFO root distribution.zombie_move = int_uniform, 0, 2
16.11.2015 03:36:23 [0] INFO root grid.buffer = 1
16.11.2015 03:36:23 [0] INFO root human.count = 500;
16.11.2015 03:36:23 [0] INFO root human.dataname = human_population
16.11.2015 03:36:23 [0] INFO root human.input.file = human.h5
16.11.2015 03:36:23 [0] INFO root human.output.file = human_out.h5
16.11.2015 03:36:23 [0] INFO root init.time = 0.04
16.11.2015 03:36:23 [0] INFO root max.x = 7
16.11.2015 03:36:23 [0] INFO root max.y = 7
16.11.2015 03:36:23 [0] INFO root min.x = 0
16.11.2015 03:36:23 [0] INFO root min.y = 0
16.11.2015 03:36:23 [0] INFO root output.interval = 50
16.11.2015 03:36:23 [0] INFO root proc.per.x = 2
16.11.2015 03:36:23 [0] INFO root proc.per.y = 2
16.11.2015 03:36:23 [0] INFO root process.count = 4
16.11.2015 03:36:23 [0] INFO root random.seed = 1447644980
16.11.2015 03:36:23 [0] INFO root run.time = 2.93
16.11.2015 03:36:23 [0] INFO root stop.at = 100
16.11.2015 03:36:23 [0] INFO root zombie.count = 5;
16.11.2015 03:36:23 [0] INFO root zombie.dataname = zombie_population
16.11.2015 03:36:23 [0] INFO root zombie.input.file = zombie.h5
16.11.2015 03:36:23 [0] INFO root zombie.output.file = zombie_out.h5
