 Starting... 
15.11.2015 21:31:55 [0] INFO root TICK BEGINS: 1
15.11.2015 21:31:55 [0] INFO root TICK ENDS: 1
15.11.2015 21:31:55 [0] INFO root TICK BEGINS: 2
15.11.2015 21:31:55 [0] INFO root TICK ENDS: 2
15.11.2015 21:31:55 [0] INFO root TICK BEGINS: 3
15.11.2015 21:31:55 [0] INFO root TICK ENDS: 3
15.11.2015 21:31:55 [0] INFO root TICK BEGINS: 4
15.11.2015 21:31:55 [0] INFO root TICK ENDS: 4
15.11.2015 21:31:55 [0] INFO root TICK BEGINS: 5
15.11.2015 21:31:55 [0] INFO root TICK ENDS: 5
15.11.2015 21:31:55 [0] INFO root TICK BEGINS: 6
15.11.2015 21:31:55 [0] INFO root TICK ENDS: 6
15.11.2015 21:31:55 [0] INFO root TICK BEGINS: 7
15.11.2015 21:31:55 [0] INFO root TICK ENDS: 7
15.11.2015 21:31:55 [0] INFO root TICK BEGINS: 8
15.11.2015 21:31:55 [0] INFO root TICK ENDS: 8
15.11.2015 21:31:55 [0] INFO root TICK BEGINS: 9
15.11.2015 21:31:55 [0] INFO root TICK ENDS: 9
15.11.2015 21:31:55 [0] INFO root TICK BEGINS: 10
15.11.2015 21:31:55 [0] INFO root TICK ENDS: 10
15.11.2015 21:31:55 [0] INFO root TICK BEGINS: 11
15.11.2015 21:31:55 [0] INFO root TICK ENDS: 11
15.11.2015 21:31:55 [0] INFO root TICK BEGINS: 12
15.11.2015 21:31:55 [0] INFO root TICK ENDS: 12
15.11.2015 21:31:55 [0] INFO root TICK BEGINS: 13
15.11.2015 21:31:55 [0] INFO root TICK ENDS: 13
15.11.2015 21:31:55 [0] INFO root TICK BEGINS: 14
15.11.2015 21:31:55 [0] INFO root TICK ENDS: 14
15.11.2015 21:31:55 [0] INFO root TICK BEGINS: 15
15.11.2015 21:31:55 [0] INFO root TICK ENDS: 15
15.11.2015 21:31:55 [0] INFO root TICK BEGINS: 16
15.11.2015 21:31:55 [0] INFO root TICK ENDS: 16
15.11.2015 21:31:55 [0] INFO root TICK BEGINS: 17
15.11.2015 21:31:55 [0] INFO root TICK ENDS: 17
15.11.2015 21:31:55 [0] INFO root TICK BEGINS: 18
15.11.2015 21:31:55 [0] INFO root TICK ENDS: 18
15.11.2015 21:31:55 [0] INFO root TICK BEGINS: 19
15.11.2015 21:31:56 [0] INFO root TICK ENDS: 19
15.11.2015 21:31:56 [0] INFO root TICK BEGINS: 20
15.11.2015 21:31:56 [0] INFO root TICK ENDS: 20
15.11.2015 21:31:56 [0] INFO root TICK BEGINS: 21
15.11.2015 21:31:56 [0] INFO root TICK ENDS: 21
15.11.2015 21:31:56 [0] INFO root TICK BEGINS: 22
15.11.2015 21:31:56 [0] INFO root TICK ENDS: 22
15.11.2015 21:31:56 [0] INFO root TICK BEGINS: 23
15.11.2015 21:31:56 [0] INFO root TICK ENDS: 23
15.11.2015 21:31:56 [0] INFO root TICK BEGINS: 24
15.11.2015 21:31:56 [0] INFO root TICK ENDS: 24
15.11.2015 21:31:56 [0] INFO root TICK BEGINS: 25
15.11.2015 21:31:56 [0] INFO root TICK ENDS: 25
15.11.2015 21:31:56 [0] INFO root TICK BEGINS: 26
15.11.2015 21:31:56 [0] INFO root TICK ENDS: 26
15.11.2015 21:31:56 [0] INFO root TICK BEGINS: 27
15.11.2015 21:31:56 [0] INFO root TICK ENDS: 27
15.11.2015 21:31:56 [0] INFO root TICK BEGINS: 28
15.11.2015 21:31:56 [0] INFO root TICK ENDS: 28
15.11.2015 21:31:56 [0] INFO root TICK BEGINS: 29
15.11.2015 21:31:56 [0] INFO root TICK ENDS: 29
15.11.2015 21:31:56 [0] INFO root TICK BEGINS: 30
15.11.2015 21:31:56 [0] INFO root TICK ENDS: 30
15.11.2015 21:31:56 [0] INFO root date_time.run = 15.11.2015 21:31:55
15.11.2015 21:31:56 [0] INFO root distribution.zombie_move = int_uniform, 0, 2
15.11.2015 21:31:56 [0] INFO root grid.buffer = 1
15.11.2015 21:31:56 [0] INFO root human.count = 500;
15.11.2015 21:31:56 [0] INFO root human.dataname = human_population
15.11.2015 21:31:56 [0] INFO root human.input.file = human.h5
15.11.2015 21:31:56 [0] INFO root human.output.file = human_out.h5
15.11.2015 21:31:56 [0] INFO root init.time = 0.03
15.11.2015 21:31:56 [0] INFO root max.x = 7
15.11.2015 21:31:56 [0] INFO root max.y = 7
15.11.2015 21:31:56 [0] INFO root min.x = 0
15.11.2015 21:31:56 [0] INFO root min.y = 0
15.11.2015 21:31:56 [0] INFO root output.interval = 10
15.11.2015 21:31:56 [0] INFO root proc.per.x = 2
15.11.2015 21:31:56 [0] INFO root proc.per.y = 2
15.11.2015 21:31:56 [0] INFO root process.count = 4
15.11.2015 21:31:56 [0] INFO root random.seed = 1447623115
15.11.2015 21:31:56 [0] INFO root run.time = 0.93
15.11.2015 21:31:56 [0] INFO root stop.at = 30
15.11.2015 21:31:56 [0] INFO root zombie.count = 5;
15.11.2015 21:31:56 [0] INFO root zombie.dataname = zombie_population
15.11.2015 21:31:56 [0] INFO root zombie.input.file = zombie.h5
15.11.2015 21:31:56 [0] INFO root zombie.output.file = zombie_out.h5
