This file contains any messages produced by compilers while
running configure, to aid debugging if configure makes a mistake.

It was created by configure, which was
generated by GNU Autoconf 2.63.  Invocation command line was

  $ ./configure --disable-option-checking --prefix=/home/aballmer/new/SCC15HPCRepast/ext//MPICH --enable-shared --disable-f77 --disable-fc MPI_CC=/home/aballmer/new/SCC15HPCRepast/INSTALLATION/mpich2-1.4.1p1/bin/mpicc MPI_F77=/home/aballmer/new/SCC15HPCRepast/INSTALLATION/mpich2-1.4.1p1/bin/mpif77 CC=gcc CFLAGS=   -O2 LDFLAGS=  LIBS=-lrt -lpthread   CPPFLAGS= -I/home/aballmer/new/SCC15HPCRepast/INSTALLATION/mpich2-1.4.1p1/src/mpl/include -I/home/aballmer/new/SCC15HPCRepast/INSTALLATION/mpich2-1.4.1p1/src/mpl/include -I/home/aballmer/new/SCC15HPCRepast/INSTALLATION/mpich2-1.4.1p1/src/openpa/src -I/home/aballmer/new/SCC15HPCRepast/INSTALLATION/mpich2-1.4.1p1/src/openpa/src -I/home/aballmer/new/SCC15HPCRepast/INSTALLATION/mpich2-1.4.1p1/src/mpid/ch3/include -I/home/aballmer/new/SCC15HPCRepast/INSTALLATION/mpich2-1.4.1p1/src/mpid/ch3/include -I/home/aballmer/new/SCC15HPCRepast/INSTALLATION/mpich2-1.4.1p1/src/mpid/common/datatype -I/home/aballmer/new/SCC15HPCRepast/INSTALLATION/mpich2-1.4.1p1/src/mpid/common/datatype -I/home/aballmer/new/SCC15HPCRepast/INSTALLATION/mpich2-1.4.1p1/src/mpid/common/locks -I/home/aballmer/new/SCC15HPCRepast/INSTALLATION/mpich2-1.4.1p1/src/mpid/common/locks -I/home/aballmer/new/SCC15HPCRepast/INSTALLATION/mpich2-1.4.1p1/src/mpid/ch3/channels/nemesis/include -I/home/aballmer/new/SCC15HPCRepast/INSTALLATION/mpich2-1.4.1p1/src/mpid/ch3/channels/nemesis/include -I/home/aballmer/new/SCC15HPCRepast/INSTALLATION/mpich2-1.4.1p1/src/mpid/ch3/channels/nemesis/nemesis/include -I/home/aballmer/new/SCC15HPCRepast/INSTALLATION/mpich2-1.4.1p1/src/mpid/ch3/channels/nemesis/nemesis/include -I/home/aballmer/new/SCC15HPCRepast/INSTALLATION/mpich2-1.4.1p1/src/mpid/ch3/channels/nemesis/nemesis/utils/monitor -I/home/aballmer/new/SCC15HPCRepast/INSTALLATION/mpich2-1.4.1p1/src/mpid/ch3/channels/nemesis/nemesis/utils/monitor -I/home/aballmer/new/SCC15HPCRepast/INSTALLATION/mpich2-1.4.1p1/src/util/wrappers -I/home/aballmer/new/SCC15HPCRepast/INSTALLATION/mpich2-1.4.1p1/src/util/wrappers FFLAGS=  --cache-file=/dev/null --srcdir=.

## --------- ##
## Platform. ##
## --------- ##

hostname = n00.localdomain
uname -m = x86_64
uname -r = 3.10.0-229.el7.x86_64
uname -s = Linux
uname -v = #1 SMP Fri Mar 6 11:36:42 UTC 2015

/usr/bin/uname -p = x86_64
/bin/uname -X     = unknown

/bin/arch              = x86_64
/usr/bin/arch -k       = unknown
/usr/convex/getsysinfo = unknown
/usr/bin/hostinfo      = unknown
/bin/machine           = unknown
/usr/bin/oslevel       = unknown
/bin/universe          = unknown

PATH: /home/aballmer/new/SCC15HPCRepast/ext/MPICH/bin/
PATH: /home/aballmer/new/SCC15HPCRepast/ext/MPICH/bin/
PATH: /home/aballmer/perl5/bin
PATH: /usr/local/bin
PATH: /usr/bin
PATH: /usr/local/sbin
PATH: /usr/sbin
PATH: /home/aballmer/.local/bin
PATH: /home/aballmer/bin
PATH: /home/aballmer/.local/bin
PATH: /home/aballmer/bin


## ----------- ##
## Core tests. ##
## ----------- ##

configure:1791: checking for current directory name
configure:1840: result: /home/aballmer/new/SCC15HPCRepast/INSTALLATION/mpich2-1.4.1p1/src/mpe2/src/callstack
configure:1875: checking gnumake
configure:1890: result: yes using --no-print-directory
configure:1904: checking BSD 4.4 make
configure:1924: result: no - whew
configure:1930: checking OSF V3 make
configure:1949: result: no
configure:1956: checking for virtual path format
configure:1971: result: VPATH
configure:2100: checking for gcc
configure:2127: result: gcc
configure:2359: checking for C compiler version
configure:2367: gcc --version >&5
gcc (GCC) 4.8.3 20140911 (Red Hat 4.8.3-9)
Copyright (C) 2013 Free Software Foundation, Inc.
This is free software; see the source for copying conditions.  There is NO
warranty; not even for MERCHANTABILITY or FITNESS FOR A PARTICULAR PURPOSE.

configure:2371: $? = 0
configure:2378: gcc -v >&5
Using built-in specs.
COLLECT_GCC=gcc
COLLECT_LTO_WRAPPER=/usr/libexec/gcc/x86_64-redhat-linux/4.8.3/lto-wrapper
Target: x86_64-redhat-linux
Configured with: ../configure --prefix=/usr --mandir=/usr/share/man --infodir=/usr/share/info --with-bugurl=http://bugzilla.redhat.com/bugzilla --enable-bootstrap --enable-shared --enable-threads=posix --enable-checking=release --with-system-zlib --enable-__cxa_atexit --disable-libunwind-exceptions --enable-gnu-unique-object --enable-linker-build-id --with-linker-hash-style=gnu --enable-languages=c,c++,objc,obj-c++,java,fortran,ada,go,lto --enable-plugin --enable-initfini-array --disable-libgcj --with-isl=/builddir/build/BUILD/gcc-4.8.3-20140911/obj-x86_64-redhat-linux/isl-install --with-cloog=/builddir/build/BUILD/gcc-4.8.3-20140911/obj-x86_64-redhat-linux/cloog-install --enable-gnu-indirect-function --with-tune=generic --with-arch_32=x86-64 --build=x86_64-redhat-linux
Thread model: posix
gcc version 4.8.3 20140911 (Red Hat 4.8.3-9) (GCC) 
configure:2382: $? = 0
configure:2389: gcc -V >&5
gcc: error: unrecognized command line option '-V'
gcc: fatal error: no input files
compilation terminated.
configure:2393: $? = 4
configure:2416: checking for C compiler default output file name
configure:2438: gcc    -O2  -I/home/aballmer/new/SCC15HPCRepast/INSTALLATION/mpich2-1.4.1p1/src/mpl/include -I/home/aballmer/new/SCC15HPCRepast/INSTALLATION/mpich2-1.4.1p1/src/mpl/include -I/home/aballmer/new/SCC15HPCRepast/INSTALLATION/mpich2-1.4.1p1/src/openpa/src -I/home/aballmer/new/SCC15HPCRepast/INSTALLATION/mpich2-1.4.1p1/src/openpa/src -I/home/aballmer/new/SCC15HPCRepast/INSTALLATION/mpich2-1.4.1p1/src/mpid/ch3/include -I/home/aballmer/new/SCC15HPCRepast/INSTALLATION/mpich2-1.4.1p1/src/mpid/ch3/include -I/home/aballmer/new/SCC15HPCRepast/INSTALLATION/mpich2-1.4.1p1/src/mpid/common/datatype -I/home/aballmer/new/SCC15HPCRepast/INSTALLATION/mpich2-1.4.1p1/src/mpid/common/datatype -I/home/aballmer/new/SCC15HPCRepast/INSTALLATION/mpich2-1.4.1p1/src/mpid/common/locks -I/home/aballmer/new/SCC15HPCRepast/INSTALLATION/mpich2-1.4.1p1/src/mpid/common/locks -I/home/aballmer/new/SCC15HPCRepast/INSTALLATION/mpich2-1.4.1p1/src/mpid/ch3/channels/nemesis/include -I/home/aballmer/new/SCC15HPCRepast/INSTALLATION/mpich2-1.4.1p1/src/mpid/ch3/channels/nemesis/include -I/home/aballmer/new/SCC15HPCRepast/INSTALLATION/mpich2-1.4.1p1/src/mpid/ch3/channels/nemesis/nemesis/include -I/home/aballmer/new/SCC15HPCRepast/INSTALLATION/mpich2-1.4.1p1/src/mpid/ch3/channels/nemesis/nemesis/include -I/home/aballmer/new/SCC15HPCRepast/INSTALLATION/mpich2-1.4.1p1/src/mpid/ch3/channels/nemesis/nemesis/utils/monitor -I/home/aballmer/new/SCC15HPCRepast/INSTALLATION/mpich2-1.4.1p1/src/mpid/ch3/channels/nemesis/nemesis/utils/monitor -I/home/aballmer/new/SCC15HPCRepast/INSTALLATION/mpich2-1.4.1p1/src/util/wrappers -I/home/aballmer/new/SCC15HPCRepast/INSTALLATION/mpich2-1.4.1p1/src/util/wrappers   conftest.c -lrt -lpthread   >&5
configure:2442: $? = 0
configure:2480: result: a.out
configure:2499: checking whether the C compiler works
configure:2509: ./a.out
configure:2513: $? = 0
configure:2532: result: yes
configure:2539: checking whether we are cross compiling
configure:2541: result: no
configure:2544: checking for suffix of executables
configure:2551: gcc -o conftest    -O2  -I/home/aballmer/new/SCC15HPCRepast/INSTALLATION/mpich2-1.4.1p1/src/mpl/include -I/home/aballmer/new/SCC15HPCRepast/INSTALLATION/mpich2-1.4.1p1/src/mpl/include -I/home/aballmer/new/SCC15HPCRepast/INSTALLATION/mpich2-1.4.1p1/src/openpa/src -I/home/aballmer/new/SCC15HPCRepast/INSTALLATION/mpich2-1.4.1p1/src/openpa/src -I/home/aballmer/new/SCC15HPCRepast/INSTALLATION/mpich2-1.4.1p1/src/mpid/ch3/include -I/home/aballmer/new/SCC15HPCRepast/INSTALLATION/mpich2-1.4.1p1/src/mpid/ch3/include -I/home/aballmer/new/SCC15HPCRepast/INSTALLATION/mpich2-1.4.1p1/src/mpid/common/datatype -I/home/aballmer/new/SCC15HPCRepast/INSTALLATION/mpich2-1.4.1p1/src/mpid/common/datatype -I/home/aballmer/new/SCC15HPCRepast/INSTALLATION/mpich2-1.4.1p1/src/mpid/common/locks -I/home/aballmer/new/SCC15HPCRepast/INSTALLATION/mpich2-1.4.1p1/src/mpid/common/locks -I/home/aballmer/new/SCC15HPCRepast/INSTALLATION/mpich2-1.4.1p1/src/mpid/ch3/channels/nemesis/include -I/home/aballmer/new/SCC15HPCRepast/INSTALLATION/mpich2-1.4.1p1/src/mpid/ch3/channels/nemesis/include -I/home/aballmer/new/SCC15HPCRepast/INSTALLATION/mpich2-1.4.1p1/src/mpid/ch3/channels/nemesis/nemesis/include -I/home/aballmer/new/SCC15HPCRepast/INSTALLATION/mpich2-1.4.1p1/src/mpid/ch3/channels/nemesis/nemesis/include -I/home/aballmer/new/SCC15HPCRepast/INSTALLATION/mpich2-1.4.1p1/src/mpid/ch3/channels/nemesis/nemesis/utils/monitor -I/home/aballmer/new/SCC15HPCRepast/INSTALLATION/mpich2-1.4.1p1/src/mpid/ch3/channels/nemesis/nemesis/utils/monitor -I/home/aballmer/new/SCC15HPCRepast/INSTALLATION/mpich2-1.4.1p1/src/util/wrappers -I/home/aballmer/new/SCC15HPCRepast/INSTALLATION/mpich2-1.4.1p1/src/util/wrappers   conftest.c -lrt -lpthread   >&5
configure:2555: $? = 0
configure:2581: result: 
configure:2587: checking for suffix of object files
configure:2613: gcc -c    -O2  -I/home/aballmer/new/SCC15HPCRepast/INSTALLATION/mpich2-1.4.1p1/src/mpl/include -I/home/aballmer/new/SCC15HPCRepast/INSTALLATION/mpich2-1.4.1p1/src/mpl/include -I/home/aballmer/new/SCC15HPCRepast/INSTALLATION/mpich2-1.4.1p1/src/openpa/src -I/home/aballmer/new/SCC15HPCRepast/INSTALLATION/mpich2-1.4.1p1/src/openpa/src -I/home/aballmer/new/SCC15HPCRepast/INSTALLATION/mpich2-1.4.1p1/src/mpid/ch3/include -I/home/aballmer/new/SCC15HPCRepast/INSTALLATION/mpich2-1.4.1p1/src/mpid/ch3/include -I/home/aballmer/new/SCC15HPCRepast/INSTALLATION/mpich2-1.4.1p1/src/mpid/common/datatype -I/home/aballmer/new/SCC15HPCRepast/INSTALLATION/mpich2-1.4.1p1/src/mpid/common/datatype -I/home/aballmer/new/SCC15HPCRepast/INSTALLATION/mpich2-1.4.1p1/src/mpid/common/locks -I/home/aballmer/new/SCC15HPCRepast/INSTALLATION/mpich2-1.4.1p1/src/mpid/common/locks -I/home/aballmer/new/SCC15HPCRepast/INSTALLATION/mpich2-1.4.1p1/src/mpid/ch3/channels/nemesis/include -I/home/aballmer/new/SCC15HPCRepast/INSTALLATION/mpich2-1.4.1p1/src/mpid/ch3/channels/nemesis/include -I/home/aballmer/new/SCC15HPCRepast/INSTALLATION/mpich2-1.4.1p1/src/mpid/ch3/channels/nemesis/nemesis/include -I/home/aballmer/new/SCC15HPCRepast/INSTALLATION/mpich2-1.4.1p1/src/mpid/ch3/channels/nemesis/nemesis/include -I/home/aballmer/new/SCC15HPCRepast/INSTALLATION/mpich2-1.4.1p1/src/mpid/ch3/channels/nemesis/nemesis/utils/monitor -I/home/aballmer/new/SCC15HPCRepast/INSTALLATION/mpich2-1.4.1p1/src/mpid/ch3/channels/nemesis/nemesis/utils/monitor -I/home/aballmer/new/SCC15HPCRepast/INSTALLATION/mpich2-1.4.1p1/src/util/wrappers -I/home/aballmer/new/SCC15HPCRepast/INSTALLATION/mpich2-1.4.1p1/src/util/wrappers conftest.c >&5
configure:2617: $? = 0
configure:2642: result: o
configure:2646: checking whether we are using the GNU C compiler
configure:2675: gcc -c    -O2  -I/home/aballmer/new/SCC15HPCRepast/INSTALLATION/mpich2-1.4.1p1/src/mpl/include -I/home/aballmer/new/SCC15HPCRepast/INSTALLATION/mpich2-1.4.1p1/src/mpl/include -I/home/aballmer/new/SCC15HPCRepast/INSTALLATION/mpich2-1.4.1p1/src/openpa/src -I/home/aballmer/new/SCC15HPCRepast/INSTALLATION/mpich2-1.4.1p1/src/openpa/src -I/home/aballmer/new/SCC15HPCRepast/INSTALLATION/mpich2-1.4.1p1/src/mpid/ch3/include -I/home/aballmer/new/SCC15HPCRepast/INSTALLATION/mpich2-1.4.1p1/src/mpid/ch3/include -I/home/aballmer/new/SCC15HPCRepast/INSTALLATION/mpich2-1.4.1p1/src/mpid/common/datatype -I/home/aballmer/new/SCC15HPCRepast/INSTALLATION/mpich2-1.4.1p1/src/mpid/common/datatype -I/home/aballmer/new/SCC15HPCRepast/INSTALLATION/mpich2-1.4.1p1/src/mpid/common/locks -I/home/aballmer/new/SCC15HPCRepast/INSTALLATION/mpich2-1.4.1p1/src/mpid/common/locks -I/home/aballmer/new/SCC15HPCRepast/INSTALLATION/mpich2-1.4.1p1/src/mpid/ch3/channels/nemesis/include -I/home/aballmer/new/SCC15HPCRepast/INSTALLATION/mpich2-1.4.1p1/src/mpid/ch3/channels/nemesis/include -I/home/aballmer/new/SCC15HPCRepast/INSTALLATION/mpich2-1.4.1p1/src/mpid/ch3/channels/nemesis/nemesis/include -I/home/aballmer/new/SCC15HPCRepast/INSTALLATION/mpich2-1.4.1p1/src/mpid/ch3/channels/nemesis/nemesis/include -I/home/aballmer/new/SCC15HPCRepast/INSTALLATION/mpich2-1.4.1p1/src/mpid/ch3/channels/nemesis/nemesis/utils/monitor -I/home/aballmer/new/SCC15HPCRepast/INSTALLATION/mpich2-1.4.1p1/src/mpid/ch3/channels/nemesis/nemesis/utils/monitor -I/home/aballmer/new/SCC15HPCRepast/INSTALLATION/mpich2-1.4.1p1/src/util/wrappers -I/home/aballmer/new/SCC15HPCRepast/INSTALLATION/mpich2-1.4.1p1/src/util/wrappers conftest.c >&5
configure:2682: $? = 0
configure:2699: result: yes
configure:2708: checking whether gcc accepts -g
configure:2738: gcc -c -g  -I/home/aballmer/new/SCC15HPCRepast/INSTALLATION/mpich2-1.4.1p1/src/mpl/include -I/home/aballmer/new/SCC15HPCRepast/INSTALLATION/mpich2-1.4.1p1/src/mpl/include -I/home/aballmer/new/SCC15HPCRepast/INSTALLATION/mpich2-1.4.1p1/src/openpa/src -I/home/aballmer/new/SCC15HPCRepast/INSTALLATION/mpich2-1.4.1p1/src/openpa/src -I/home/aballmer/new/SCC15HPCRepast/INSTALLATION/mpich2-1.4.1p1/src/mpid/ch3/include -I/home/aballmer/new/SCC15HPCRepast/INSTALLATION/mpich2-1.4.1p1/src/mpid/ch3/include -I/home/aballmer/new/SCC15HPCRepast/INSTALLATION/mpich2-1.4.1p1/src/mpid/common/datatype -I/home/aballmer/new/SCC15HPCRepast/INSTALLATION/mpich2-1.4.1p1/src/mpid/common/datatype -I/home/aballmer/new/SCC15HPCRepast/INSTALLATION/mpich2-1.4.1p1/src/mpid/common/locks -I/home/aballmer/new/SCC15HPCRepast/INSTALLATION/mpich2-1.4.1p1/src/mpid/common/locks -I/home/aballmer/new/SCC15HPCRepast/INSTALLATION/mpich2-1.4.1p1/src/mpid/ch3/channels/nemesis/include -I/home/aballmer/new/SCC15HPCRepast/INSTALLATION/mpich2-1.4.1p1/src/mpid/ch3/channels/nemesis/include -I/home/aballmer/new/SCC15HPCRepast/INSTALLATION/mpich2-1.4.1p1/src/mpid/ch3/channels/nemesis/nemesis/include -I/home/aballmer/new/SCC15HPCRepast/INSTALLATION/mpich2-1.4.1p1/src/mpid/ch3/channels/nemesis/nemesis/include -I/home/aballmer/new/SCC15HPCRepast/INSTALLATION/mpich2-1.4.1p1/src/mpid/ch3/channels/nemesis/nemesis/utils/monitor -I/home/aballmer/new/SCC15HPCRepast/INSTALLATION/mpich2-1.4.1p1/src/mpid/ch3/channels/nemesis/nemesis/utils/monitor -I/home/aballmer/new/SCC15HPCRepast/INSTALLATION/mpich2-1.4.1p1/src/util/wrappers -I/home/aballmer/new/SCC15HPCRepast/INSTALLATION/mpich2-1.4.1p1/src/util/wrappers conftest.c >&5
configure:2745: $? = 0
configure:2846: result: yes
configure:2863: checking for gcc option to accept ISO C89
configure:2937: gcc  -c    -O2  -I/home/aballmer/new/SCC15HPCRepast/INSTALLATION/mpich2-1.4.1p1/src/mpl/include -I/home/aballmer/new/SCC15HPCRepast/INSTALLATION/mpich2-1.4.1p1/src/mpl/include -I/home/aballmer/new/SCC15HPCRepast/INSTALLATION/mpich2-1.4.1p1/src/openpa/src -I/home/aballmer/new/SCC15HPCRepast/INSTALLATION/mpich2-1.4.1p1/src/openpa/src -I/home/aballmer/new/SCC15HPCRepast/INSTALLATION/mpich2-1.4.1p1/src/mpid/ch3/include -I/home/aballmer/new/SCC15HPCRepast/INSTALLATION/mpich2-1.4.1p1/src/mpid/ch3/include -I/home/aballmer/new/SCC15HPCRepast/INSTALLATION/mpich2-1.4.1p1/src/mpid/common/datatype -I/home/aballmer/new/SCC15HPCRepast/INSTALLATION/mpich2-1.4.1p1/src/mpid/common/datatype -I/home/aballmer/new/SCC15HPCRepast/INSTALLATION/mpich2-1.4.1p1/src/mpid/common/locks -I/home/aballmer/new/SCC15HPCRepast/INSTALLATION/mpich2-1.4.1p1/src/mpid/common/locks -I/home/aballmer/new/SCC15HPCRepast/INSTALLATION/mpich2-1.4.1p1/src/mpid/ch3/channels/nemesis/include -I/home/aballmer/new/SCC15HPCRepast/INSTALLATION/mpich2-1.4.1p1/src/mpid/ch3/channels/nemesis/include -I/home/aballmer/new/SCC15HPCRepast/INSTALLATION/mpich2-1.4.1p1/src/mpid/ch3/channels/nemesis/nemesis/include -I/home/aballmer/new/SCC15HPCRepast/INSTALLATION/mpich2-1.4.1p1/src/mpid/ch3/channels/nemesis/nemesis/include -I/home/aballmer/new/SCC15HPCRepast/INSTALLATION/mpich2-1.4.1p1/src/mpid/ch3/channels/nemesis/nemesis/utils/monitor -I/home/aballmer/new/SCC15HPCRepast/INSTALLATION/mpich2-1.4.1p1/src/mpid/ch3/channels/nemesis/nemesis/utils/monitor -I/home/aballmer/new/SCC15HPCRepast/INSTALLATION/mpich2-1.4.1p1/src/util/wrappers -I/home/aballmer/new/SCC15HPCRepast/INSTALLATION/mpich2-1.4.1p1/src/util/wrappers conftest.c >&5
configure:2944: $? = 0
configure:2967: result: none needed
configure:2989: checking for ar
configure:3017: result: ar
configure:3068: checking for ranlib
configure:3095: result: ranlib
configure:3119: checking whether gcc and cc understand -c and -o together
configure:3154: gcc -c conftest.c -o conftest2.o >&5
configure:3158: $? = 0
configure:3164: gcc -c conftest.c -o conftest2.o >&5
configure:3168: $? = 0
configure:3179: cc -c conftest.c >&5
configure:3183: $? = 0
configure:3191: cc -c conftest.c -o conftest2.o >&5
configure:3195: $? = 0
configure:3201: cc -c conftest.c -o conftest2.o >&5
configure:3205: $? = 0
configure:3223: result: yes
configure:3244: checking how to run the C preprocessor
configure:3284: gcc -E  -I/home/aballmer/new/SCC15HPCRepast/INSTALLATION/mpich2-1.4.1p1/src/mpl/include -I/home/aballmer/new/SCC15HPCRepast/INSTALLATION/mpich2-1.4.1p1/src/mpl/include -I/home/aballmer/new/SCC15HPCRepast/INSTALLATION/mpich2-1.4.1p1/src/openpa/src -I/home/aballmer/new/SCC15HPCRepast/INSTALLATION/mpich2-1.4.1p1/src/openpa/src -I/home/aballmer/new/SCC15HPCRepast/INSTALLATION/mpich2-1.4.1p1/src/mpid/ch3/include -I/home/aballmer/new/SCC15HPCRepast/INSTALLATION/mpich2-1.4.1p1/src/mpid/ch3/include -I/home/aballmer/new/SCC15HPCRepast/INSTALLATION/mpich2-1.4.1p1/src/mpid/common/datatype -I/home/aballmer/new/SCC15HPCRepast/INSTALLATION/mpich2-1.4.1p1/src/mpid/common/datatype -I/home/aballmer/new/SCC15HPCRepast/INSTALLATION/mpich2-1.4.1p1/src/mpid/common/locks -I/home/aballmer/new/SCC15HPCRepast/INSTALLATION/mpich2-1.4.1p1/src/mpid/common/locks -I/home/aballmer/new/SCC15HPCRepast/INSTALLATION/mpich2-1.4.1p1/src/mpid/ch3/channels/nemesis/include -I/home/aballmer/new/SCC15HPCRepast/INSTALLATION/mpich2-1.4.1p1/src/mpid/ch3/channels/nemesis/include -I/home/aballmer/new/SCC15HPCRepast/INSTALLATION/mpich2-1.4.1p1/src/mpid/ch3/channels/nemesis/nemesis/include -I/home/aballmer/new/SCC15HPCRepast/INSTALLATION/mpich2-1.4.1p1/src/mpid/ch3/channels/nemesis/nemesis/include -I/home/aballmer/new/SCC15HPCRepast/INSTALLATION/mpich2-1.4.1p1/src/mpid/ch3/channels/nemesis/nemesis/utils/monitor -I/home/aballmer/new/SCC15HPCRepast/INSTALLATION/mpich2-1.4.1p1/src/mpid/ch3/channels/nemesis/nemesis/utils/monitor -I/home/aballmer/new/SCC15HPCRepast/INSTALLATION/mpich2-1.4.1p1/src/util/wrappers -I/home/aballmer/new/SCC15HPCRepast/INSTALLATION/mpich2-1.4.1p1/src/util/wrappers conftest.c
configure:3291: $? = 0
configure:3322: gcc -E  -I/home/aballmer/new/SCC15HPCRepast/INSTALLATION/mpich2-1.4.1p1/src/mpl/include -I/home/aballmer/new/SCC15HPCRepast/INSTALLATION/mpich2-1.4.1p1/src/mpl/include -I/home/aballmer/new/SCC15HPCRepast/INSTALLATION/mpich2-1.4.1p1/src/openpa/src -I/home/aballmer/new/SCC15HPCRepast/INSTALLATION/mpich2-1.4.1p1/src/openpa/src -I/home/aballmer/new/SCC15HPCRepast/INSTALLATION/mpich2-1.4.1p1/src/mpid/ch3/include -I/home/aballmer/new/SCC15HPCRepast/INSTALLATION/mpich2-1.4.1p1/src/mpid/ch3/include -I/home/aballmer/new/SCC15HPCRepast/INSTALLATION/mpich2-1.4.1p1/src/mpid/common/datatype -I/home/aballmer/new/SCC15HPCRepast/INSTALLATION/mpich2-1.4.1p1/src/mpid/common/datatype -I/home/aballmer/new/SCC15HPCRepast/INSTALLATION/mpich2-1.4.1p1/src/mpid/common/locks -I/home/aballmer/new/SCC15HPCRepast/INSTALLATION/mpich2-1.4.1p1/src/mpid/common/locks -I/home/aballmer/new/SCC15HPCRepast/INSTALLATION/mpich2-1.4.1p1/src/mpid/ch3/channels/nemesis/include -I/home/aballmer/new/SCC15HPCRepast/INSTALLATION/mpich2-1.4.1p1/src/mpid/ch3/channels/nemesis/include -I/home/aballmer/new/SCC15HPCRepast/INSTALLATION/mpich2-1.4.1p1/src/mpid/ch3/channels/nemesis/nemesis/include -I/home/aballmer/new/SCC15HPCRepast/INSTALLATION/mpich2-1.4.1p1/src/mpid/ch3/channels/nemesis/nemesis/include -I/home/aballmer/new/SCC15HPCRepast/INSTALLATION/mpich2-1.4.1p1/src/mpid/ch3/channels/nemesis/nemesis/utils/monitor -I/home/aballmer/new/SCC15HPCRepast/INSTALLATION/mpich2-1.4.1p1/src/mpid/ch3/channels/nemesis/nemesis/utils/monitor -I/home/aballmer/new/SCC15HPCRepast/INSTALLATION/mpich2-1.4.1p1/src/util/wrappers -I/home/aballmer/new/SCC15HPCRepast/INSTALLATION/mpich2-1.4.1p1/src/util/wrappers conftest.c
conftest.c:8:28: fatal error: ac_nonexistent.h: No such file or directory
 #include <ac_nonexistent.h>
                            ^
compilation terminated.
configure:3329: $? = 1
configure: failed program was:
| /* confdefs.h.  */
| #define PACKAGE_NAME ""
| #define PACKAGE_TARNAME ""
| #define PACKAGE_VERSION ""
| #define PACKAGE_STRING ""
| #define PACKAGE_BUGREPORT ""
| /* end confdefs.h.  */
| #include <ac_nonexistent.h>
configure:3362: result: gcc -E
configure:3391: gcc -E  -I/home/aballmer/new/SCC15HPCRepast/INSTALLATION/mpich2-1.4.1p1/src/mpl/include -I/home/aballmer/new/SCC15HPCRepast/INSTALLATION/mpich2-1.4.1p1/src/mpl/include -I/home/aballmer/new/SCC15HPCRepast/INSTALLATION/mpich2-1.4.1p1/src/openpa/src -I/home/aballmer/new/SCC15HPCRepast/INSTALLATION/mpich2-1.4.1p1/src/openpa/src -I/home/aballmer/new/SCC15HPCRepast/INSTALLATION/mpich2-1.4.1p1/src/mpid/ch3/include -I/home/aballmer/new/SCC15HPCRepast/INSTALLATION/mpich2-1.4.1p1/src/mpid/ch3/include -I/home/aballmer/new/SCC15HPCRepast/INSTALLATION/mpich2-1.4.1p1/src/mpid/common/datatype -I/home/aballmer/new/SCC15HPCRepast/INSTALLATION/mpich2-1.4.1p1/src/mpid/common/datatype -I/home/aballmer/new/SCC15HPCRepast/INSTALLATION/mpich2-1.4.1p1/src/mpid/common/locks -I/home/aballmer/new/SCC15HPCRepast/INSTALLATION/mpich2-1.4.1p1/src/mpid/common/locks -I/home/aballmer/new/SCC15HPCRepast/INSTALLATION/mpich2-1.4.1p1/src/mpid/ch3/channels/nemesis/include -I/home/aballmer/new/SCC15HPCRepast/INSTALLATION/mpich2-1.4.1p1/src/mpid/ch3/channels/nemesis/include -I/home/aballmer/new/SCC15HPCRepast/INSTALLATION/mpich2-1.4.1p1/src/mpid/ch3/channels/nemesis/nemesis/include -I/home/aballmer/new/SCC15HPCRepast/INSTALLATION/mpich2-1.4.1p1/src/mpid/ch3/channels/nemesis/nemesis/include -I/home/aballmer/new/SCC15HPCRepast/INSTALLATION/mpich2-1.4.1p1/src/mpid/ch3/channels/nemesis/nemesis/utils/monitor -I/home/aballmer/new/SCC15HPCRepast/INSTALLATION/mpich2-1.4.1p1/src/mpid/ch3/channels/nemesis/nemesis/utils/monitor -I/home/aballmer/new/SCC15HPCRepast/INSTALLATION/mpich2-1.4.1p1/src/util/wrappers -I/home/aballmer/new/SCC15HPCRepast/INSTALLATION/mpich2-1.4.1p1/src/util/wrappers conftest.c
configure:3398: $? = 0
configure:3429: gcc -E  -I/home/aballmer/new/SCC15HPCRepast/INSTALLATION/mpich2-1.4.1p1/src/mpl/include -I/home/aballmer/new/SCC15HPCRepast/INSTALLATION/mpich2-1.4.1p1/src/mpl/include -I/home/aballmer/new/SCC15HPCRepast/INSTALLATION/mpich2-1.4.1p1/src/openpa/src -I/home/aballmer/new/SCC15HPCRepast/INSTALLATION/mpich2-1.4.1p1/src/openpa/src -I/home/aballmer/new/SCC15HPCRepast/INSTALLATION/mpich2-1.4.1p1/src/mpid/ch3/include -I/home/aballmer/new/SCC15HPCRepast/INSTALLATION/mpich2-1.4.1p1/src/mpid/ch3/include -I/home/aballmer/new/SCC15HPCRepast/INSTALLATION/mpich2-1.4.1p1/src/mpid/common/datatype -I/home/aballmer/new/SCC15HPCRepast/INSTALLATION/mpich2-1.4.1p1/src/mpid/common/datatype -I/home/aballmer/new/SCC15HPCRepast/INSTALLATION/mpich2-1.4.1p1/src/mpid/common/locks -I/home/aballmer/new/SCC15HPCRepast/INSTALLATION/mpich2-1.4.1p1/src/mpid/common/locks -I/home/aballmer/new/SCC15HPCRepast/INSTALLATION/mpich2-1.4.1p1/src/mpid/ch3/channels/nemesis/include -I/home/aballmer/new/SCC15HPCRepast/INSTALLATION/mpich2-1.4.1p1/src/mpid/ch3/channels/nemesis/include -I/home/aballmer/new/SCC15HPCRepast/INSTALLATION/mpich2-1.4.1p1/src/mpid/ch3/channels/nemesis/nemesis/include -I/home/aballmer/new/SCC15HPCRepast/INSTALLATION/mpich2-1.4.1p1/src/mpid/ch3/channels/nemesis/nemesis/include -I/home/aballmer/new/SCC15HPCRepast/INSTALLATION/mpich2-1.4.1p1/src/mpid/ch3/channels/nemesis/nemesis/utils/monitor -I/home/aballmer/new/SCC15HPCRepast/INSTALLATION/mpich2-1.4.1p1/src/mpid/ch3/channels/nemesis/nemesis/utils/monitor -I/home/aballmer/new/SCC15HPCRepast/INSTALLATION/mpich2-1.4.1p1/src/util/wrappers -I/home/aballmer/new/SCC15HPCRepast/INSTALLATION/mpich2-1.4.1p1/src/util/wrappers conftest.c
conftest.c:8:28: fatal error: ac_nonexistent.h: No such file or directory
 #include <ac_nonexistent.h>
                            ^
compilation terminated.
configure:3436: $? = 1
configure: failed program was:
| /* confdefs.h.  */
| #define PACKAGE_NAME ""
| #define PACKAGE_TARNAME ""
| #define PACKAGE_VERSION ""
| #define PACKAGE_STRING ""
| #define PACKAGE_BUGREPORT ""
| /* end confdefs.h.  */
| #include <ac_nonexistent.h>
configure:3483: checking for grep that handles long lines and -e
configure:3543: result: /usr/bin/grep
configure:3548: checking for egrep
configure:3612: result: /usr/bin/grep -E
configure:3617: checking for ANSI C header files
configure:3647: gcc -c    -O2  -I/home/aballmer/new/SCC15HPCRepast/INSTALLATION/mpich2-1.4.1p1/src/mpl/include -I/home/aballmer/new/SCC15HPCRepast/INSTALLATION/mpich2-1.4.1p1/src/mpl/include -I/home/aballmer/new/SCC15HPCRepast/INSTALLATION/mpich2-1.4.1p1/src/openpa/src -I/home/aballmer/new/SCC15HPCRepast/INSTALLATION/mpich2-1.4.1p1/src/openpa/src -I/home/aballmer/new/SCC15HPCRepast/INSTALLATION/mpich2-1.4.1p1/src/mpid/ch3/include -I/home/aballmer/new/SCC15HPCRepast/INSTALLATION/mpich2-1.4.1p1/src/mpid/ch3/include -I/home/aballmer/new/SCC15HPCRepast/INSTALLATION/mpich2-1.4.1p1/src/mpid/common/datatype -I/home/aballmer/new/SCC15HPCRepast/INSTALLATION/mpich2-1.4.1p1/src/mpid/common/datatype -I/home/aballmer/new/SCC15HPCRepast/INSTALLATION/mpich2-1.4.1p1/src/mpid/common/locks -I/home/aballmer/new/SCC15HPCRepast/INSTALLATION/mpich2-1.4.1p1/src/mpid/common/locks -I/home/aballmer/new/SCC15HPCRepast/INSTALLATION/mpich2-1.4.1p1/src/mpid/ch3/channels/nemesis/include -I/home/aballmer/new/SCC15HPCRepast/INSTALLATION/mpich2-1.4.1p1/src/mpid/ch3/channels/nemesis/include -I/home/aballmer/new/SCC15HPCRepast/INSTALLATION/mpich2-1.4.1p1/src/mpid/ch3/channels/nemesis/nemesis/include -I/home/aballmer/new/SCC15HPCRepast/INSTALLATION/mpich2-1.4.1p1/src/mpid/ch3/channels/nemesis/nemesis/include -I/home/aballmer/new/SCC15HPCRepast/INSTALLATION/mpich2-1.4.1p1/src/mpid/ch3/channels/nemesis/nemesis/utils/monitor -I/home/aballmer/new/SCC15HPCRepast/INSTALLATION/mpich2-1.4.1p1/src/mpid/ch3/channels/nemesis/nemesis/utils/monitor -I/home/aballmer/new/SCC15HPCRepast/INSTALLATION/mpich2-1.4.1p1/src/util/wrappers -I/home/aballmer/new/SCC15HPCRepast/INSTALLATION/mpich2-1.4.1p1/src/util/wrappers conftest.c >&5
configure:3654: $? = 0
configure:3753: gcc -o conftest    -O2  -I/home/aballmer/new/SCC15HPCRepast/INSTALLATION/mpich2-1.4.1p1/src/mpl/include -I/home/aballmer/new/SCC15HPCRepast/INSTALLATION/mpich2-1.4.1p1/src/mpl/include -I/home/aballmer/new/SCC15HPCRepast/INSTALLATION/mpich2-1.4.1p1/src/openpa/src -I/home/aballmer/new/SCC15HPCRepast/INSTALLATION/mpich2-1.4.1p1/src/openpa/src -I/home/aballmer/new/SCC15HPCRepast/INSTALLATION/mpich2-1.4.1p1/src/mpid/ch3/include -I/home/aballmer/new/SCC15HPCRepast/INSTALLATION/mpich2-1.4.1p1/src/mpid/ch3/include -I/home/aballmer/new/SCC15HPCRepast/INSTALLATION/mpich2-1.4.1p1/src/mpid/common/datatype -I/home/aballmer/new/SCC15HPCRepast/INSTALLATION/mpich2-1.4.1p1/src/mpid/common/datatype -I/home/aballmer/new/SCC15HPCRepast/INSTALLATION/mpich2-1.4.1p1/src/mpid/common/locks -I/home/aballmer/new/SCC15HPCRepast/INSTALLATION/mpich2-1.4.1p1/src/mpid/common/locks -I/home/aballmer/new/SCC15HPCRepast/INSTALLATION/mpich2-1.4.1p1/src/mpid/ch3/channels/nemesis/include -I/home/aballmer/new/SCC15HPCRepast/INSTALLATION/mpich2-1.4.1p1/src/mpid/ch3/channels/nemesis/include -I/home/aballmer/new/SCC15HPCRepast/INSTALLATION/mpich2-1.4.1p1/src/mpid/ch3/channels/nemesis/nemesis/include -I/home/aballmer/new/SCC15HPCRepast/INSTALLATION/mpich2-1.4.1p1/src/mpid/ch3/channels/nemesis/nemesis/include -I/home/aballmer/new/SCC15HPCRepast/INSTALLATION/mpich2-1.4.1p1/src/mpid/ch3/channels/nemesis/nemesis/utils/monitor -I/home/aballmer/new/SCC15HPCRepast/INSTALLATION/mpich2-1.4.1p1/src/mpid/ch3/channels/nemesis/nemesis/utils/monitor -I/home/aballmer/new/SCC15HPCRepast/INSTALLATION/mpich2-1.4.1p1/src/util/wrappers -I/home/aballmer/new/SCC15HPCRepast/INSTALLATION/mpich2-1.4.1p1/src/util/wrappers   conftest.c -lrt -lpthread   >&5
configure:3757: $? = 0
configure:3763: ./conftest
configure:3767: $? = 0
configure:3785: result: yes
configure:3796: checking for an ANSI C-conforming const
configure:3871: gcc -c    -O2  -I/home/aballmer/new/SCC15HPCRepast/INSTALLATION/mpich2-1.4.1p1/src/mpl/include -I/home/aballmer/new/SCC15HPCRepast/INSTALLATION/mpich2-1.4.1p1/src/mpl/include -I/home/aballmer/new/SCC15HPCRepast/INSTALLATION/mpich2-1.4.1p1/src/openpa/src -I/home/aballmer/new/SCC15HPCRepast/INSTALLATION/mpich2-1.4.1p1/src/openpa/src -I/home/aballmer/new/SCC15HPCRepast/INSTALLATION/mpich2-1.4.1p1/src/mpid/ch3/include -I/home/aballmer/new/SCC15HPCRepast/INSTALLATION/mpich2-1.4.1p1/src/mpid/ch3/include -I/home/aballmer/new/SCC15HPCRepast/INSTALLATION/mpich2-1.4.1p1/src/mpid/common/datatype -I/home/aballmer/new/SCC15HPCRepast/INSTALLATION/mpich2-1.4.1p1/src/mpid/common/datatype -I/home/aballmer/new/SCC15HPCRepast/INSTALLATION/mpich2-1.4.1p1/src/mpid/common/locks -I/home/aballmer/new/SCC15HPCRepast/INSTALLATION/mpich2-1.4.1p1/src/mpid/common/locks -I/home/aballmer/new/SCC15HPCRepast/INSTALLATION/mpich2-1.4.1p1/src/mpid/ch3/channels/nemesis/include -I/home/aballmer/new/SCC15HPCRepast/INSTALLATION/mpich2-1.4.1p1/src/mpid/ch3/channels/nemesis/include -I/home/aballmer/new/SCC15HPCRepast/INSTALLATION/mpich2-1.4.1p1/src/mpid/ch3/channels/nemesis/nemesis/include -I/home/aballmer/new/SCC15HPCRepast/INSTALLATION/mpich2-1.4.1p1/src/mpid/ch3/channels/nemesis/nemesis/include -I/home/aballmer/new/SCC15HPCRepast/INSTALLATION/mpich2-1.4.1p1/src/mpid/ch3/channels/nemesis/nemesis/utils/monitor -I/home/aballmer/new/SCC15HPCRepast/INSTALLATION/mpich2-1.4.1p1/src/mpid/ch3/channels/nemesis/nemesis/utils/monitor -I/home/aballmer/new/SCC15HPCRepast/INSTALLATION/mpich2-1.4.1p1/src/util/wrappers -I/home/aballmer/new/SCC15HPCRepast/INSTALLATION/mpich2-1.4.1p1/src/util/wrappers conftest.c >&5
configure:3878: $? = 0
configure:3893: result: yes
configure:3903: checking for inline
configure:3929: gcc -c    -O2  -I/home/aballmer/new/SCC15HPCRepast/INSTALLATION/mpich2-1.4.1p1/src/mpl/include -I/home/aballmer/new/SCC15HPCRepast/INSTALLATION/mpich2-1.4.1p1/src/mpl/include -I/home/aballmer/new/SCC15HPCRepast/INSTALLATION/mpich2-1.4.1p1/src/openpa/src -I/home/aballmer/new/SCC15HPCRepast/INSTALLATION/mpich2-1.4.1p1/src/openpa/src -I/home/aballmer/new/SCC15HPCRepast/INSTALLATION/mpich2-1.4.1p1/src/mpid/ch3/include -I/home/aballmer/new/SCC15HPCRepast/INSTALLATION/mpich2-1.4.1p1/src/mpid/ch3/include -I/home/aballmer/new/SCC15HPCRepast/INSTALLATION/mpich2-1.4.1p1/src/mpid/common/datatype -I/home/aballmer/new/SCC15HPCRepast/INSTALLATION/mpich2-1.4.1p1/src/mpid/common/datatype -I/home/aballmer/new/SCC15HPCRepast/INSTALLATION/mpich2-1.4.1p1/src/mpid/common/locks -I/home/aballmer/new/SCC15HPCRepast/INSTALLATION/mpich2-1.4.1p1/src/mpid/common/locks -I/home/aballmer/new/SCC15HPCRepast/INSTALLATION/mpich2-1.4.1p1/src/mpid/ch3/channels/nemesis/include -I/home/aballmer/new/SCC15HPCRepast/INSTALLATION/mpich2-1.4.1p1/src/mpid/ch3/channels/nemesis/include -I/home/aballmer/new/SCC15HPCRepast/INSTALLATION/mpich2-1.4.1p1/src/mpid/ch3/channels/nemesis/nemesis/include -I/home/aballmer/new/SCC15HPCRepast/INSTALLATION/mpich2-1.4.1p1/src/mpid/ch3/channels/nemesis/nemesis/include -I/home/aballmer/new/SCC15HPCRepast/INSTALLATION/mpich2-1.4.1p1/src/mpid/ch3/channels/nemesis/nemesis/utils/monitor -I/home/aballmer/new/SCC15HPCRepast/INSTALLATION/mpich2-1.4.1p1/src/mpid/ch3/channels/nemesis/nemesis/utils/monitor -I/home/aballmer/new/SCC15HPCRepast/INSTALLATION/mpich2-1.4.1p1/src/util/wrappers -I/home/aballmer/new/SCC15HPCRepast/INSTALLATION/mpich2-1.4.1p1/src/util/wrappers conftest.c >&5
configure:3936: $? = 0
configure:3954: result: inline
configure:3988: checking for sys/types.h
configure:4009: gcc -c    -O2  -I/home/aballmer/new/SCC15HPCRepast/INSTALLATION/mpich2-1.4.1p1/src/mpl/include -I/home/aballmer/new/SCC15HPCRepast/INSTALLATION/mpich2-1.4.1p1/src/mpl/include -I/home/aballmer/new/SCC15HPCRepast/INSTALLATION/mpich2-1.4.1p1/src/openpa/src -I/home/aballmer/new/SCC15HPCRepast/INSTALLATION/mpich2-1.4.1p1/src/openpa/src -I/home/aballmer/new/SCC15HPCRepast/INSTALLATION/mpich2-1.4.1p1/src/mpid/ch3/include -I/home/aballmer/new/SCC15HPCRepast/INSTALLATION/mpich2-1.4.1p1/src/mpid/ch3/include -I/home/aballmer/new/SCC15HPCRepast/INSTALLATION/mpich2-1.4.1p1/src/mpid/common/datatype -I/home/aballmer/new/SCC15HPCRepast/INSTALLATION/mpich2-1.4.1p1/src/mpid/common/datatype -I/home/aballmer/new/SCC15HPCRepast/INSTALLATION/mpich2-1.4.1p1/src/mpid/common/locks -I/home/aballmer/new/SCC15HPCRepast/INSTALLATION/mpich2-1.4.1p1/src/mpid/common/locks -I/home/aballmer/new/SCC15HPCRepast/INSTALLATION/mpich2-1.4.1p1/src/mpid/ch3/channels/nemesis/include -I/home/aballmer/new/SCC15HPCRepast/INSTALLATION/mpich2-1.4.1p1/src/mpid/ch3/channels/nemesis/include -I/home/aballmer/new/SCC15HPCRepast/INSTALLATION/mpich2-1.4.1p1/src/mpid/ch3/channels/nemesis/nemesis/include -I/home/aballmer/new/SCC15HPCRepast/INSTALLATION/mpich2-1.4.1p1/src/mpid/ch3/channels/nemesis/nemesis/include -I/home/aballmer/new/SCC15HPCRepast/INSTALLATION/mpich2-1.4.1p1/src/mpid/ch3/channels/nemesis/nemesis/utils/monitor -I/home/aballmer/new/SCC15HPCRepast/INSTALLATION/mpich2-1.4.1p1/src/mpid/ch3/channels/nemesis/nemesis/utils/monitor -I/home/aballmer/new/SCC15HPCRepast/INSTALLATION/mpich2-1.4.1p1/src/util/wrappers -I/home/aballmer/new/SCC15HPCRepast/INSTALLATION/mpich2-1.4.1p1/src/util/wrappers conftest.c >&5
configure:4016: $? = 0
configure:4033: result: yes
configure:3988: checking for sys/stat.h
configure:4009: gcc -c    -O2  -I/home/aballmer/new/SCC15HPCRepast/INSTALLATION/mpich2-1.4.1p1/src/mpl/include -I/home/aballmer/new/SCC15HPCRepast/INSTALLATION/mpich2-1.4.1p1/src/mpl/include -I/home/aballmer/new/SCC15HPCRepast/INSTALLATION/mpich2-1.4.1p1/src/openpa/src -I/home/aballmer/new/SCC15HPCRepast/INSTALLATION/mpich2-1.4.1p1/src/openpa/src -I/home/aballmer/new/SCC15HPCRepast/INSTALLATION/mpich2-1.4.1p1/src/mpid/ch3/include -I/home/aballmer/new/SCC15HPCRepast/INSTALLATION/mpich2-1.4.1p1/src/mpid/ch3/include -I/home/aballmer/new/SCC15HPCRepast/INSTALLATION/mpich2-1.4.1p1/src/mpid/common/datatype -I/home/aballmer/new/SCC15HPCRepast/INSTALLATION/mpich2-1.4.1p1/src/mpid/common/datatype -I/home/aballmer/new/SCC15HPCRepast/INSTALLATION/mpich2-1.4.1p1/src/mpid/common/locks -I/home/aballmer/new/SCC15HPCRepast/INSTALLATION/mpich2-1.4.1p1/src/mpid/common/locks -I/home/aballmer/new/SCC15HPCRepast/INSTALLATION/mpich2-1.4.1p1/src/mpid/ch3/channels/nemesis/include -I/home/aballmer/new/SCC15HPCRepast/INSTALLATION/mpich2-1.4.1p1/src/mpid/ch3/channels/nemesis/include -I/home/aballmer/new/SCC15HPCRepast/INSTALLATION/mpich2-1.4.1p1/src/mpid/ch3/channels/nemesis/nemesis/include -I/home/aballmer/new/SCC15HPCRepast/INSTALLATION/mpich2-1.4.1p1/src/mpid/ch3/channels/nemesis/nemesis/include -I/home/aballmer/new/SCC15HPCRepast/INSTALLATION/mpich2-1.4.1p1/src/mpid/ch3/channels/nemesis/nemesis/utils/monitor -I/home/aballmer/new/SCC15HPCRepast/INSTALLATION/mpich2-1.4.1p1/src/mpid/ch3/channels/nemesis/nemesis/utils/monitor -I/home/aballmer/new/SCC15HPCRepast/INSTALLATION/mpich2-1.4.1p1/src/util/wrappers -I/home/aballmer/new/SCC15HPCRepast/INSTALLATION/mpich2-1.4.1p1/src/util/wrappers conftest.c >&5
configure:4016: $? = 0
configure:4033: result: yes
configure:3988: checking for stdlib.h
configure:4009: gcc -c    -O2  -I/home/aballmer/new/SCC15HPCRepast/INSTALLATION/mpich2-1.4.1p1/src/mpl/include -I/home/aballmer/new/SCC15HPCRepast/INSTALLATION/mpich2-1.4.1p1/src/mpl/include -I/home/aballmer/new/SCC15HPCRepast/INSTALLATION/mpich2-1.4.1p1/src/openpa/src -I/home/aballmer/new/SCC15HPCRepast/INSTALLATION/mpich2-1.4.1p1/src/openpa/src -I/home/aballmer/new/SCC15HPCRepast/INSTALLATION/mpich2-1.4.1p1/src/mpid/ch3/include -I/home/aballmer/new/SCC15HPCRepast/INSTALLATION/mpich2-1.4.1p1/src/mpid/ch3/include -I/home/aballmer/new/SCC15HPCRepast/INSTALLATION/mpich2-1.4.1p1/src/mpid/common/datatype -I/home/aballmer/new/SCC15HPCRepast/INSTALLATION/mpich2-1.4.1p1/src/mpid/common/datatype -I/home/aballmer/new/SCC15HPCRepast/INSTALLATION/mpich2-1.4.1p1/src/mpid/common/locks -I/home/aballmer/new/SCC15HPCRepast/INSTALLATION/mpich2-1.4.1p1/src/mpid/common/locks -I/home/aballmer/new/SCC15HPCRepast/INSTALLATION/mpich2-1.4.1p1/src/mpid/ch3/channels/nemesis/include -I/home/aballmer/new/SCC15HPCRepast/INSTALLATION/mpich2-1.4.1p1/src/mpid/ch3/channels/nemesis/include -I/home/aballmer/new/SCC15HPCRepast/INSTALLATION/mpich2-1.4.1p1/src/mpid/ch3/channels/nemesis/nemesis/include -I/home/aballmer/new/SCC15HPCRepast/INSTALLATION/mpich2-1.4.1p1/src/mpid/ch3/channels/nemesis/nemesis/include -I/home/aballmer/new/SCC15HPCRepast/INSTALLATION/mpich2-1.4.1p1/src/mpid/ch3/channels/nemesis/nemesis/utils/monitor -I/home/aballmer/new/SCC15HPCRepast/INSTALLATION/mpich2-1.4.1p1/src/mpid/ch3/channels/nemesis/nemesis/utils/monitor -I/home/aballmer/new/SCC15HPCRepast/INSTALLATION/mpich2-1.4.1p1/src/util/wrappers -I/home/aballmer/new/SCC15HPCRepast/INSTALLATION/mpich2-1.4.1p1/src/util/wrappers conftest.c >&5
configure:4016: $? = 0
configure:4033: result: yes
configure:3988: checking for string.h
configure:4009: gcc -c    -O2  -I/home/aballmer/new/SCC15HPCRepast/INSTALLATION/mpich2-1.4.1p1/src/mpl/include -I/home/aballmer/new/SCC15HPCRepast/INSTALLATION/mpich2-1.4.1p1/src/mpl/include -I/home/aballmer/new/SCC15HPCRepast/INSTALLATION/mpich2-1.4.1p1/src/openpa/src -I/home/aballmer/new/SCC15HPCRepast/INSTALLATION/mpich2-1.4.1p1/src/openpa/src -I/home/aballmer/new/SCC15HPCRepast/INSTALLATION/mpich2-1.4.1p1/src/mpid/ch3/include -I/home/aballmer/new/SCC15HPCRepast/INSTALLATION/mpich2-1.4.1p1/src/mpid/ch3/include -I/home/aballmer/new/SCC15HPCRepast/INSTALLATION/mpich2-1.4.1p1/src/mpid/common/datatype -I/home/aballmer/new/SCC15HPCRepast/INSTALLATION/mpich2-1.4.1p1/src/mpid/common/datatype -I/home/aballmer/new/SCC15HPCRepast/INSTALLATION/mpich2-1.4.1p1/src/mpid/common/locks -I/home/aballmer/new/SCC15HPCRepast/INSTALLATION/mpich2-1.4.1p1/src/mpid/common/locks -I/home/aballmer/new/SCC15HPCRepast/INSTALLATION/mpich2-1.4.1p1/src/mpid/ch3/channels/nemesis/include -I/home/aballmer/new/SCC15HPCRepast/INSTALLATION/mpich2-1.4.1p1/src/mpid/ch3/channels/nemesis/include -I/home/aballmer/new/SCC15HPCRepast/INSTALLATION/mpich2-1.4.1p1/src/mpid/ch3/channels/nemesis/nemesis/include -I/home/aballmer/new/SCC15HPCRepast/INSTALLATION/mpich2-1.4.1p1/src/mpid/ch3/channels/nemesis/nemesis/include -I/home/aballmer/new/SCC15HPCRepast/INSTALLATION/mpich2-1.4.1p1/src/mpid/ch3/channels/nemesis/nemesis/utils/monitor -I/home/aballmer/new/SCC15HPCRepast/INSTALLATION/mpich2-1.4.1p1/src/mpid/ch3/channels/nemesis/nemesis/utils/monitor -I/home/aballmer/new/SCC15HPCRepast/INSTALLATION/mpich2-1.4.1p1/src/util/wrappers -I/home/aballmer/new/SCC15HPCRepast/INSTALLATION/mpich2-1.4.1p1/src/util/wrappers conftest.c >&5
configure:4016: $? = 0
configure:4033: result: yes
configure:3988: checking for memory.h
configure:4009: gcc -c    -O2  -I/home/aballmer/new/SCC15HPCRepast/INSTALLATION/mpich2-1.4.1p1/src/mpl/include -I/home/aballmer/new/SCC15HPCRepast/INSTALLATION/mpich2-1.4.1p1/src/mpl/include -I/home/aballmer/new/SCC15HPCRepast/INSTALLATION/mpich2-1.4.1p1/src/openpa/src -I/home/aballmer/new/SCC15HPCRepast/INSTALLATION/mpich2-1.4.1p1/src/openpa/src -I/home/aballmer/new/SCC15HPCRepast/INSTALLATION/mpich2-1.4.1p1/src/mpid/ch3/include -I/home/aballmer/new/SCC15HPCRepast/INSTALLATION/mpich2-1.4.1p1/src/mpid/ch3/include -I/home/aballmer/new/SCC15HPCRepast/INSTALLATION/mpich2-1.4.1p1/src/mpid/common/datatype -I/home/aballmer/new/SCC15HPCRepast/INSTALLATION/mpich2-1.4.1p1/src/mpid/common/datatype -I/home/aballmer/new/SCC15HPCRepast/INSTALLATION/mpich2-1.4.1p1/src/mpid/common/locks -I/home/aballmer/new/SCC15HPCRepast/INSTALLATION/mpich2-1.4.1p1/src/mpid/common/locks -I/home/aballmer/new/SCC15HPCRepast/INSTALLATION/mpich2-1.4.1p1/src/mpid/ch3/channels/nemesis/include -I/home/aballmer/new/SCC15HPCRepast/INSTALLATION/mpich2-1.4.1p1/src/mpid/ch3/channels/nemesis/include -I/home/aballmer/new/SCC15HPCRepast/INSTALLATION/mpich2-1.4.1p1/src/mpid/ch3/channels/nemesis/nemesis/include -I/home/aballmer/new/SCC15HPCRepast/INSTALLATION/mpich2-1.4.1p1/src/mpid/ch3/channels/nemesis/nemesis/include -I/home/aballmer/new/SCC15HPCRepast/INSTALLATION/mpich2-1.4.1p1/src/mpid/ch3/channels/nemesis/nemesis/utils/monitor -I/home/aballmer/new/SCC15HPCRepast/INSTALLATION/mpich2-1.4.1p1/src/mpid/ch3/channels/nemesis/nemesis/utils/monitor -I/home/aballmer/new/SCC15HPCRepast/INSTALLATION/mpich2-1.4.1p1/src/util/wrappers -I/home/aballmer/new/SCC15HPCRepast/INSTALLATION/mpich2-1.4.1p1/src/util/wrappers conftest.c >&5
configure:4016: $? = 0
configure:4033: result: yes
configure:3988: checking for strings.h
configure:4009: gcc -c    -O2  -I/home/aballmer/new/SCC15HPCRepast/INSTALLATION/mpich2-1.4.1p1/src/mpl/include -I/home/aballmer/new/SCC15HPCRepast/INSTALLATION/mpich2-1.4.1p1/src/mpl/include -I/home/aballmer/new/SCC15HPCRepast/INSTALLATION/mpich2-1.4.1p1/src/openpa/src -I/home/aballmer/new/SCC15HPCRepast/INSTALLATION/mpich2-1.4.1p1/src/openpa/src -I/home/aballmer/new/SCC15HPCRepast/INSTALLATION/mpich2-1.4.1p1/src/mpid/ch3/include -I/home/aballmer/new/SCC15HPCRepast/INSTALLATION/mpich2-1.4.1p1/src/mpid/ch3/include -I/home/aballmer/new/SCC15HPCRepast/INSTALLATION/mpich2-1.4.1p1/src/mpid/common/datatype -I/home/aballmer/new/SCC15HPCRepast/INSTALLATION/mpich2-1.4.1p1/src/mpid/common/datatype -I/home/aballmer/new/SCC15HPCRepast/INSTALLATION/mpich2-1.4.1p1/src/mpid/common/locks -I/home/aballmer/new/SCC15HPCRepast/INSTALLATION/mpich2-1.4.1p1/src/mpid/common/locks -I/home/aballmer/new/SCC15HPCRepast/INSTALLATION/mpich2-1.4.1p1/src/mpid/ch3/channels/nemesis/include -I/home/aballmer/new/SCC15HPCRepast/INSTALLATION/mpich2-1.4.1p1/src/mpid/ch3/channels/nemesis/include -I/home/aballmer/new/SCC15HPCRepast/INSTALLATION/mpich2-1.4.1p1/src/mpid/ch3/channels/nemesis/nemesis/include -I/home/aballmer/new/SCC15HPCRepast/INSTALLATION/mpich2-1.4.1p1/src/mpid/ch3/channels/nemesis/nemesis/include -I/home/aballmer/new/SCC15HPCRepast/INSTALLATION/mpich2-1.4.1p1/src/mpid/ch3/channels/nemesis/nemesis/utils/monitor -I/home/aballmer/new/SCC15HPCRepast/INSTALLATION/mpich2-1.4.1p1/src/mpid/ch3/channels/nemesis/nemesis/utils/monitor -I/home/aballmer/new/SCC15HPCRepast/INSTALLATION/mpich2-1.4.1p1/src/util/wrappers -I/home/aballmer/new/SCC15HPCRepast/INSTALLATION/mpich2-1.4.1p1/src/util/wrappers conftest.c >&5
configure:4016: $? = 0
configure:4033: result: yes
configure:3988: checking for inttypes.h
configure:4009: gcc -c    -O2  -I/home/aballmer/new/SCC15HPCRepast/INSTALLATION/mpich2-1.4.1p1/src/mpl/include -I/home/aballmer/new/SCC15HPCRepast/INSTALLATION/mpich2-1.4.1p1/src/mpl/include -I/home/aballmer/new/SCC15HPCRepast/INSTALLATION/mpich2-1.4.1p1/src/openpa/src -I/home/aballmer/new/SCC15HPCRepast/INSTALLATION/mpich2-1.4.1p1/src/openpa/src -I/home/aballmer/new/SCC15HPCRepast/INSTALLATION/mpich2-1.4.1p1/src/mpid/ch3/include -I/home/aballmer/new/SCC15HPCRepast/INSTALLATION/mpich2-1.4.1p1/src/mpid/ch3/include -I/home/aballmer/new/SCC15HPCRepast/INSTALLATION/mpich2-1.4.1p1/src/mpid/common/datatype -I/home/aballmer/new/SCC15HPCRepast/INSTALLATION/mpich2-1.4.1p1/src/mpid/common/datatype -I/home/aballmer/new/SCC15HPCRepast/INSTALLATION/mpich2-1.4.1p1/src/mpid/common/locks -I/home/aballmer/new/SCC15HPCRepast/INSTALLATION/mpich2-1.4.1p1/src/mpid/common/locks -I/home/aballmer/new/SCC15HPCRepast/INSTALLATION/mpich2-1.4.1p1/src/mpid/ch3/channels/nemesis/include -I/home/aballmer/new/SCC15HPCRepast/INSTALLATION/mpich2-1.4.1p1/src/mpid/ch3/channels/nemesis/include -I/home/aballmer/new/SCC15HPCRepast/INSTALLATION/mpich2-1.4.1p1/src/mpid/ch3/channels/nemesis/nemesis/include -I/home/aballmer/new/SCC15HPCRepast/INSTALLATION/mpich2-1.4.1p1/src/mpid/ch3/channels/nemesis/nemesis/include -I/home/aballmer/new/SCC15HPCRepast/INSTALLATION/mpich2-1.4.1p1/src/mpid/ch3/channels/nemesis/nemesis/utils/monitor -I/home/aballmer/new/SCC15HPCRepast/INSTALLATION/mpich2-1.4.1p1/src/mpid/ch3/channels/nemesis/nemesis/utils/monitor -I/home/aballmer/new/SCC15HPCRepast/INSTALLATION/mpich2-1.4.1p1/src/util/wrappers -I/home/aballmer/new/SCC15HPCRepast/INSTALLATION/mpich2-1.4.1p1/src/util/wrappers conftest.c >&5
configure:4016: $? = 0
configure:4033: result: yes
configure:3988: checking for stdint.h
configure:4009: gcc -c    -O2  -I/home/aballmer/new/SCC15HPCRepast/INSTALLATION/mpich2-1.4.1p1/src/mpl/include -I/home/aballmer/new/SCC15HPCRepast/INSTALLATION/mpich2-1.4.1p1/src/mpl/include -I/home/aballmer/new/SCC15HPCRepast/INSTALLATION/mpich2-1.4.1p1/src/openpa/src -I/home/aballmer/new/SCC15HPCRepast/INSTALLATION/mpich2-1.4.1p1/src/openpa/src -I/home/aballmer/new/SCC15HPCRepast/INSTALLATION/mpich2-1.4.1p1/src/mpid/ch3/include -I/home/aballmer/new/SCC15HPCRepast/INSTALLATION/mpich2-1.4.1p1/src/mpid/ch3/include -I/home/aballmer/new/SCC15HPCRepast/INSTALLATION/mpich2-1.4.1p1/src/mpid/common/datatype -I/home/aballmer/new/SCC15HPCRepast/INSTALLATION/mpich2-1.4.1p1/src/mpid/common/datatype -I/home/aballmer/new/SCC15HPCRepast/INSTALLATION/mpich2-1.4.1p1/src/mpid/common/locks -I/home/aballmer/new/SCC15HPCRepast/INSTALLATION/mpich2-1.4.1p1/src/mpid/common/locks -I/home/aballmer/new/SCC15HPCRepast/INSTALLATION/mpich2-1.4.1p1/src/mpid/ch3/channels/nemesis/include -I/home/aballmer/new/SCC15HPCRepast/INSTALLATION/mpich2-1.4.1p1/src/mpid/ch3/channels/nemesis/include -I/home/aballmer/new/SCC15HPCRepast/INSTALLATION/mpich2-1.4.1p1/src/mpid/ch3/channels/nemesis/nemesis/include -I/home/aballmer/new/SCC15HPCRepast/INSTALLATION/mpich2-1.4.1p1/src/mpid/ch3/channels/nemesis/nemesis/include -I/home/aballmer/new/SCC15HPCRepast/INSTALLATION/mpich2-1.4.1p1/src/mpid/ch3/channels/nemesis/nemesis/utils/monitor -I/home/aballmer/new/SCC15HPCRepast/INSTALLATION/mpich2-1.4.1p1/src/mpid/ch3/channels/nemesis/nemesis/utils/monitor -I/home/aballmer/new/SCC15HPCRepast/INSTALLATION/mpich2-1.4.1p1/src/util/wrappers -I/home/aballmer/new/SCC15HPCRepast/INSTALLATION/mpich2-1.4.1p1/src/util/wrappers conftest.c >&5
configure:4016: $? = 0
configure:4033: result: yes
configure:3988: checking for unistd.h
configure:4009: gcc -c    -O2  -I/home/aballmer/new/SCC15HPCRepast/INSTALLATION/mpich2-1.4.1p1/src/mpl/include -I/home/aballmer/new/SCC15HPCRepast/INSTALLATION/mpich2-1.4.1p1/src/mpl/include -I/home/aballmer/new/SCC15HPCRepast/INSTALLATION/mpich2-1.4.1p1/src/openpa/src -I/home/aballmer/new/SCC15HPCRepast/INSTALLATION/mpich2-1.4.1p1/src/openpa/src -I/home/aballmer/new/SCC15HPCRepast/INSTALLATION/mpich2-1.4.1p1/src/mpid/ch3/include -I/home/aballmer/new/SCC15HPCRepast/INSTALLATION/mpich2-1.4.1p1/src/mpid/ch3/include -I/home/aballmer/new/SCC15HPCRepast/INSTALLATION/mpich2-1.4.1p1/src/mpid/common/datatype -I/home/aballmer/new/SCC15HPCRepast/INSTALLATION/mpich2-1.4.1p1/src/mpid/common/datatype -I/home/aballmer/new/SCC15HPCRepast/INSTALLATION/mpich2-1.4.1p1/src/mpid/common/locks -I/home/aballmer/new/SCC15HPCRepast/INSTALLATION/mpich2-1.4.1p1/src/mpid/common/locks -I/home/aballmer/new/SCC15HPCRepast/INSTALLATION/mpich2-1.4.1p1/src/mpid/ch3/channels/nemesis/include -I/home/aballmer/new/SCC15HPCRepast/INSTALLATION/mpich2-1.4.1p1/src/mpid/ch3/channels/nemesis/include -I/home/aballmer/new/SCC15HPCRepast/INSTALLATION/mpich2-1.4.1p1/src/mpid/ch3/channels/nemesis/nemesis/include -I/home/aballmer/new/SCC15HPCRepast/INSTALLATION/mpich2-1.4.1p1/src/mpid/ch3/channels/nemesis/nemesis/include -I/home/aballmer/new/SCC15HPCRepast/INSTALLATION/mpich2-1.4.1p1/src/mpid/ch3/channels/nemesis/nemesis/utils/monitor -I/home/aballmer/new/SCC15HPCRepast/INSTALLATION/mpich2-1.4.1p1/src/mpid/ch3/channels/nemesis/nemesis/utils/monitor -I/home/aballmer/new/SCC15HPCRepast/INSTALLATION/mpich2-1.4.1p1/src/util/wrappers -I/home/aballmer/new/SCC15HPCRepast/INSTALLATION/mpich2-1.4.1p1/src/util/wrappers conftest.c >&5
configure:4016: $? = 0
configure:4033: result: yes
configure:4066: checking stdio.h usability
configure:4083: gcc -c    -O2  -I/home/aballmer/new/SCC15HPCRepast/INSTALLATION/mpich2-1.4.1p1/src/mpl/include -I/home/aballmer/new/SCC15HPCRepast/INSTALLATION/mpich2-1.4.1p1/src/mpl/include -I/home/aballmer/new/SCC15HPCRepast/INSTALLATION/mpich2-1.4.1p1/src/openpa/src -I/home/aballmer/new/SCC15HPCRepast/INSTALLATION/mpich2-1.4.1p1/src/openpa/src -I/home/aballmer/new/SCC15HPCRepast/INSTALLATION/mpich2-1.4.1p1/src/mpid/ch3/include -I/home/aballmer/new/SCC15HPCRepast/INSTALLATION/mpich2-1.4.1p1/src/mpid/ch3/include -I/home/aballmer/new/SCC15HPCRepast/INSTALLATION/mpich2-1.4.1p1/src/mpid/common/datatype -I/home/aballmer/new/SCC15HPCRepast/INSTALLATION/mpich2-1.4.1p1/src/mpid/common/datatype -I/home/aballmer/new/SCC15HPCRepast/INSTALLATION/mpich2-1.4.1p1/src/mpid/common/locks -I/home/aballmer/new/SCC15HPCRepast/INSTALLATION/mpich2-1.4.1p1/src/mpid/common/locks -I/home/aballmer/new/SCC15HPCRepast/INSTALLATION/mpich2-1.4.1p1/src/mpid/ch3/channels/nemesis/include -I/home/aballmer/new/SCC15HPCRepast/INSTALLATION/mpich2-1.4.1p1/src/mpid/ch3/channels/nemesis/include -I/home/aballmer/new/SCC15HPCRepast/INSTALLATION/mpich2-1.4.1p1/src/mpid/ch3/channels/nemesis/nemesis/include -I/home/aballmer/new/SCC15HPCRepast/INSTALLATION/mpich2-1.4.1p1/src/mpid/ch3/channels/nemesis/nemesis/include -I/home/aballmer/new/SCC15HPCRepast/INSTALLATION/mpich2-1.4.1p1/src/mpid/ch3/channels/nemesis/nemesis/utils/monitor -I/home/aballmer/new/SCC15HPCRepast/INSTALLATION/mpich2-1.4.1p1/src/mpid/ch3/channels/nemesis/nemesis/utils/monitor -I/home/aballmer/new/SCC15HPCRepast/INSTALLATION/mpich2-1.4.1p1/src/util/wrappers -I/home/aballmer/new/SCC15HPCRepast/INSTALLATION/mpich2-1.4.1p1/src/util/wrappers conftest.c >&5
configure:4090: $? = 0
configure:4104: result: yes
configure:4108: checking stdio.h presence
configure:4123: gcc -E  -I/home/aballmer/new/SCC15HPCRepast/INSTALLATION/mpich2-1.4.1p1/src/mpl/include -I/home/aballmer/new/SCC15HPCRepast/INSTALLATION/mpich2-1.4.1p1/src/mpl/include -I/home/aballmer/new/SCC15HPCRepast/INSTALLATION/mpich2-1.4.1p1/src/openpa/src -I/home/aballmer/new/SCC15HPCRepast/INSTALLATION/mpich2-1.4.1p1/src/openpa/src -I/home/aballmer/new/SCC15HPCRepast/INSTALLATION/mpich2-1.4.1p1/src/mpid/ch3/include -I/home/aballmer/new/SCC15HPCRepast/INSTALLATION/mpich2-1.4.1p1/src/mpid/ch3/include -I/home/aballmer/new/SCC15HPCRepast/INSTALLATION/mpich2-1.4.1p1/src/mpid/common/datatype -I/home/aballmer/new/SCC15HPCRepast/INSTALLATION/mpich2-1.4.1p1/src/mpid/common/datatype -I/home/aballmer/new/SCC15HPCRepast/INSTALLATION/mpich2-1.4.1p1/src/mpid/common/locks -I/home/aballmer/new/SCC15HPCRepast/INSTALLATION/mpich2-1.4.1p1/src/mpid/common/locks -I/home/aballmer/new/SCC15HPCRepast/INSTALLATION/mpich2-1.4.1p1/src/mpid/ch3/channels/nemesis/include -I/home/aballmer/new/SCC15HPCRepast/INSTALLATION/mpich2-1.4.1p1/src/mpid/ch3/channels/nemesis/include -I/home/aballmer/new/SCC15HPCRepast/INSTALLATION/mpich2-1.4.1p1/src/mpid/ch3/channels/nemesis/nemesis/include -I/home/aballmer/new/SCC15HPCRepast/INSTALLATION/mpich2-1.4.1p1/src/mpid/ch3/channels/nemesis/nemesis/include -I/home/aballmer/new/SCC15HPCRepast/INSTALLATION/mpich2-1.4.1p1/src/mpid/ch3/channels/nemesis/nemesis/utils/monitor -I/home/aballmer/new/SCC15HPCRepast/INSTALLATION/mpich2-1.4.1p1/src/mpid/ch3/channels/nemesis/nemesis/utils/monitor -I/home/aballmer/new/SCC15HPCRepast/INSTALLATION/mpich2-1.4.1p1/src/util/wrappers -I/home/aballmer/new/SCC15HPCRepast/INSTALLATION/mpich2-1.4.1p1/src/util/wrappers conftest.c
configure:4130: $? = 0
configure:4144: result: yes
configure:4172: checking for stdio.h
configure:4181: result: yes
configure:4055: checking for string.h
configure:4062: result: yes
configure:4055: checking for unistd.h
configure:4062: result: yes
configure:4066: checking fcntl.h usability
configure:4083: gcc -c    -O2  -I/home/aballmer/new/SCC15HPCRepast/INSTALLATION/mpich2-1.4.1p1/src/mpl/include -I/home/aballmer/new/SCC15HPCRepast/INSTALLATION/mpich2-1.4.1p1/src/mpl/include -I/home/aballmer/new/SCC15HPCRepast/INSTALLATION/mpich2-1.4.1p1/src/openpa/src -I/home/aballmer/new/SCC15HPCRepast/INSTALLATION/mpich2-1.4.1p1/src/openpa/src -I/home/aballmer/new/SCC15HPCRepast/INSTALLATION/mpich2-1.4.1p1/src/mpid/ch3/include -I/home/aballmer/new/SCC15HPCRepast/INSTALLATION/mpich2-1.4.1p1/src/mpid/ch3/include -I/home/aballmer/new/SCC15HPCRepast/INSTALLATION/mpich2-1.4.1p1/src/mpid/common/datatype -I/home/aballmer/new/SCC15HPCRepast/INSTALLATION/mpich2-1.4.1p1/src/mpid/common/datatype -I/home/aballmer/new/SCC15HPCRepast/INSTALLATION/mpich2-1.4.1p1/src/mpid/common/locks -I/home/aballmer/new/SCC15HPCRepast/INSTALLATION/mpich2-1.4.1p1/src/mpid/common/locks -I/home/aballmer/new/SCC15HPCRepast/INSTALLATION/mpich2-1.4.1p1/src/mpid/ch3/channels/nemesis/include -I/home/aballmer/new/SCC15HPCRepast/INSTALLATION/mpich2-1.4.1p1/src/mpid/ch3/channels/nemesis/include -I/home/aballmer/new/SCC15HPCRepast/INSTALLATION/mpich2-1.4.1p1/src/mpid/ch3/channels/nemesis/nemesis/include -I/home/aballmer/new/SCC15HPCRepast/INSTALLATION/mpich2-1.4.1p1/src/mpid/ch3/channels/nemesis/nemesis/include -I/home/aballmer/new/SCC15HPCRepast/INSTALLATION/mpich2-1.4.1p1/src/mpid/ch3/channels/nemesis/nemesis/utils/monitor -I/home/aballmer/new/SCC15HPCRepast/INSTALLATION/mpich2-1.4.1p1/src/mpid/ch3/channels/nemesis/nemesis/utils/monitor -I/home/aballmer/new/SCC15HPCRepast/INSTALLATION/mpich2-1.4.1p1/src/util/wrappers -I/home/aballmer/new/SCC15HPCRepast/INSTALLATION/mpich2-1.4.1p1/src/util/wrappers conftest.c >&5
configure:4090: $? = 0
configure:4104: result: yes
configure:4108: checking fcntl.h presence
configure:4123: gcc -E  -I/home/aballmer/new/SCC15HPCRepast/INSTALLATION/mpich2-1.4.1p1/src/mpl/include -I/home/aballmer/new/SCC15HPCRepast/INSTALLATION/mpich2-1.4.1p1/src/mpl/include -I/home/aballmer/new/SCC15HPCRepast/INSTALLATION/mpich2-1.4.1p1/src/openpa/src -I/home/aballmer/new/SCC15HPCRepast/INSTALLATION/mpich2-1.4.1p1/src/openpa/src -I/home/aballmer/new/SCC15HPCRepast/INSTALLATION/mpich2-1.4.1p1/src/mpid/ch3/include -I/home/aballmer/new/SCC15HPCRepast/INSTALLATION/mpich2-1.4.1p1/src/mpid/ch3/include -I/home/aballmer/new/SCC15HPCRepast/INSTALLATION/mpich2-1.4.1p1/src/mpid/common/datatype -I/home/aballmer/new/SCC15HPCRepast/INSTALLATION/mpich2-1.4.1p1/src/mpid/common/datatype -I/home/aballmer/new/SCC15HPCRepast/INSTALLATION/mpich2-1.4.1p1/src/mpid/common/locks -I/home/aballmer/new/SCC15HPCRepast/INSTALLATION/mpich2-1.4.1p1/src/mpid/common/locks -I/home/aballmer/new/SCC15HPCRepast/INSTALLATION/mpich2-1.4.1p1/src/mpid/ch3/channels/nemesis/include -I/home/aballmer/new/SCC15HPCRepast/INSTALLATION/mpich2-1.4.1p1/src/mpid/ch3/channels/nemesis/include -I/home/aballmer/new/SCC15HPCRepast/INSTALLATION/mpich2-1.4.1p1/src/mpid/ch3/channels/nemesis/nemesis/include -I/home/aballmer/new/SCC15HPCRepast/INSTALLATION/mpich2-1.4.1p1/src/mpid/ch3/channels/nemesis/nemesis/include -I/home/aballmer/new/SCC15HPCRepast/INSTALLATION/mpich2-1.4.1p1/src/mpid/ch3/channels/nemesis/nemesis/utils/monitor -I/home/aballmer/new/SCC15HPCRepast/INSTALLATION/mpich2-1.4.1p1/src/mpid/ch3/channels/nemesis/nemesis/utils/monitor -I/home/aballmer/new/SCC15HPCRepast/INSTALLATION/mpich2-1.4.1p1/src/util/wrappers -I/home/aballmer/new/SCC15HPCRepast/INSTALLATION/mpich2-1.4.1p1/src/util/wrappers conftest.c
configure:4130: $? = 0
configure:4144: result: yes
configure:4172: checking for fcntl.h
configure:4181: result: yes
configure:4216: checking execinfo.h usability
configure:4233: gcc -c    -O2  -I/home/aballmer/new/SCC15HPCRepast/INSTALLATION/mpich2-1.4.1p1/src/mpl/include -I/home/aballmer/new/SCC15HPCRepast/INSTALLATION/mpich2-1.4.1p1/src/mpl/include -I/home/aballmer/new/SCC15HPCRepast/INSTALLATION/mpich2-1.4.1p1/src/openpa/src -I/home/aballmer/new/SCC15HPCRepast/INSTALLATION/mpich2-1.4.1p1/src/openpa/src -I/home/aballmer/new/SCC15HPCRepast/INSTALLATION/mpich2-1.4.1p1/src/mpid/ch3/include -I/home/aballmer/new/SCC15HPCRepast/INSTALLATION/mpich2-1.4.1p1/src/mpid/ch3/include -I/home/aballmer/new/SCC15HPCRepast/INSTALLATION/mpich2-1.4.1p1/src/mpid/common/datatype -I/home/aballmer/new/SCC15HPCRepast/INSTALLATION/mpich2-1.4.1p1/src/mpid/common/datatype -I/home/aballmer/new/SCC15HPCRepast/INSTALLATION/mpich2-1.4.1p1/src/mpid/common/locks -I/home/aballmer/new/SCC15HPCRepast/INSTALLATION/mpich2-1.4.1p1/src/mpid/common/locks -I/home/aballmer/new/SCC15HPCRepast/INSTALLATION/mpich2-1.4.1p1/src/mpid/ch3/channels/nemesis/include -I/home/aballmer/new/SCC15HPCRepast/INSTALLATION/mpich2-1.4.1p1/src/mpid/ch3/channels/nemesis/include -I/home/aballmer/new/SCC15HPCRepast/INSTALLATION/mpich2-1.4.1p1/src/mpid/ch3/channels/nemesis/nemesis/include -I/home/aballmer/new/SCC15HPCRepast/INSTALLATION/mpich2-1.4.1p1/src/mpid/ch3/channels/nemesis/nemesis/include -I/home/aballmer/new/SCC15HPCRepast/INSTALLATION/mpich2-1.4.1p1/src/mpid/ch3/channels/nemesis/nemesis/utils/monitor -I/home/aballmer/new/SCC15HPCRepast/INSTALLATION/mpich2-1.4.1p1/src/mpid/ch3/channels/nemesis/nemesis/utils/monitor -I/home/aballmer/new/SCC15HPCRepast/INSTALLATION/mpich2-1.4.1p1/src/util/wrappers -I/home/aballmer/new/SCC15HPCRepast/INSTALLATION/mpich2-1.4.1p1/src/util/wrappers conftest.c >&5
configure:4240: $? = 0
configure:4254: result: yes
configure:4258: checking execinfo.h presence
configure:4273: gcc -E  -I/home/aballmer/new/SCC15HPCRepast/INSTALLATION/mpich2-1.4.1p1/src/mpl/include -I/home/aballmer/new/SCC15HPCRepast/INSTALLATION/mpich2-1.4.1p1/src/mpl/include -I/home/aballmer/new/SCC15HPCRepast/INSTALLATION/mpich2-1.4.1p1/src/openpa/src -I/home/aballmer/new/SCC15HPCRepast/INSTALLATION/mpich2-1.4.1p1/src/openpa/src -I/home/aballmer/new/SCC15HPCRepast/INSTALLATION/mpich2-1.4.1p1/src/mpid/ch3/include -I/home/aballmer/new/SCC15HPCRepast/INSTALLATION/mpich2-1.4.1p1/src/mpid/ch3/include -I/home/aballmer/new/SCC15HPCRepast/INSTALLATION/mpich2-1.4.1p1/src/mpid/common/datatype -I/home/aballmer/new/SCC15HPCRepast/INSTALLATION/mpich2-1.4.1p1/src/mpid/common/datatype -I/home/aballmer/new/SCC15HPCRepast/INSTALLATION/mpich2-1.4.1p1/src/mpid/common/locks -I/home/aballmer/new/SCC15HPCRepast/INSTALLATION/mpich2-1.4.1p1/src/mpid/common/locks -I/home/aballmer/new/SCC15HPCRepast/INSTALLATION/mpich2-1.4.1p1/src/mpid/ch3/channels/nemesis/include -I/home/aballmer/new/SCC15HPCRepast/INSTALLATION/mpich2-1.4.1p1/src/mpid/ch3/channels/nemesis/include -I/home/aballmer/new/SCC15HPCRepast/INSTALLATION/mpich2-1.4.1p1/src/mpid/ch3/channels/nemesis/nemesis/include -I/home/aballmer/new/SCC15HPCRepast/INSTALLATION/mpich2-1.4.1p1/src/mpid/ch3/channels/nemesis/nemesis/include -I/home/aballmer/new/SCC15HPCRepast/INSTALLATION/mpich2-1.4.1p1/src/mpid/ch3/channels/nemesis/nemesis/utils/monitor -I/home/aballmer/new/SCC15HPCRepast/INSTALLATION/mpich2-1.4.1p1/src/mpid/ch3/channels/nemesis/nemesis/utils/monitor -I/home/aballmer/new/SCC15HPCRepast/INSTALLATION/mpich2-1.4.1p1/src/util/wrappers -I/home/aballmer/new/SCC15HPCRepast/INSTALLATION/mpich2-1.4.1p1/src/util/wrappers conftest.c
configure:4280: $? = 0
configure:4294: result: yes
configure:4322: checking for execinfo.h
configure:4331: result: yes
configure:4342: checking whether <execinfo.h> defines backtrace_symbols_fd() 
configure:4374: gcc -c    -O2  -I/home/aballmer/new/SCC15HPCRepast/INSTALLATION/mpich2-1.4.1p1/src/mpl/include -I/home/aballmer/new/SCC15HPCRepast/INSTALLATION/mpich2-1.4.1p1/src/mpl/include -I/home/aballmer/new/SCC15HPCRepast/INSTALLATION/mpich2-1.4.1p1/src/openpa/src -I/home/aballmer/new/SCC15HPCRepast/INSTALLATION/mpich2-1.4.1p1/src/openpa/src -I/home/aballmer/new/SCC15HPCRepast/INSTALLATION/mpich2-1.4.1p1/src/mpid/ch3/include -I/home/aballmer/new/SCC15HPCRepast/INSTALLATION/mpich2-1.4.1p1/src/mpid/ch3/include -I/home/aballmer/new/SCC15HPCRepast/INSTALLATION/mpich2-1.4.1p1/src/mpid/common/datatype -I/home/aballmer/new/SCC15HPCRepast/INSTALLATION/mpich2-1.4.1p1/src/mpid/common/datatype -I/home/aballmer/new/SCC15HPCRepast/INSTALLATION/mpich2-1.4.1p1/src/mpid/common/locks -I/home/aballmer/new/SCC15HPCRepast/INSTALLATION/mpich2-1.4.1p1/src/mpid/common/locks -I/home/aballmer/new/SCC15HPCRepast/INSTALLATION/mpich2-1.4.1p1/src/mpid/ch3/channels/nemesis/include -I/home/aballmer/new/SCC15HPCRepast/INSTALLATION/mpich2-1.4.1p1/src/mpid/ch3/channels/nemesis/include -I/home/aballmer/new/SCC15HPCRepast/INSTALLATION/mpich2-1.4.1p1/src/mpid/ch3/channels/nemesis/nemesis/include -I/home/aballmer/new/SCC15HPCRepast/INSTALLATION/mpich2-1.4.1p1/src/mpid/ch3/channels/nemesis/nemesis/include -I/home/aballmer/new/SCC15HPCRepast/INSTALLATION/mpich2-1.4.1p1/src/mpid/ch3/channels/nemesis/nemesis/utils/monitor -I/home/aballmer/new/SCC15HPCRepast/INSTALLATION/mpich2-1.4.1p1/src/mpid/ch3/channels/nemesis/nemesis/utils/monitor -I/home/aballmer/new/SCC15HPCRepast/INSTALLATION/mpich2-1.4.1p1/src/util/wrappers -I/home/aballmer/new/SCC15HPCRepast/INSTALLATION/mpich2-1.4.1p1/src/util/wrappers conftest.c >&5
configure:4381: $? = 0
configure:4387: result: yes
configure:4390: checking if <execinfo.h> links with -Wl,--export-dynamic 
configure:4424: gcc -o conftest    -O2  -I/home/aballmer/new/SCC15HPCRepast/INSTALLATION/mpich2-1.4.1p1/src/mpl/include -I/home/aballmer/new/SCC15HPCRepast/INSTALLATION/mpich2-1.4.1p1/src/mpl/include -I/home/aballmer/new/SCC15HPCRepast/INSTALLATION/mpich2-1.4.1p1/src/openpa/src -I/home/aballmer/new/SCC15HPCRepast/INSTALLATION/mpich2-1.4.1p1/src/openpa/src -I/home/aballmer/new/SCC15HPCRepast/INSTALLATION/mpich2-1.4.1p1/src/mpid/ch3/include -I/home/aballmer/new/SCC15HPCRepast/INSTALLATION/mpich2-1.4.1p1/src/mpid/ch3/include -I/home/aballmer/new/SCC15HPCRepast/INSTALLATION/mpich2-1.4.1p1/src/mpid/common/datatype -I/home/aballmer/new/SCC15HPCRepast/INSTALLATION/mpich2-1.4.1p1/src/mpid/common/datatype -I/home/aballmer/new/SCC15HPCRepast/INSTALLATION/mpich2-1.4.1p1/src/mpid/common/locks -I/home/aballmer/new/SCC15HPCRepast/INSTALLATION/mpich2-1.4.1p1/src/mpid/common/locks -I/home/aballmer/new/SCC15HPCRepast/INSTALLATION/mpich2-1.4.1p1/src/mpid/ch3/channels/nemesis/include -I/home/aballmer/new/SCC15HPCRepast/INSTALLATION/mpich2-1.4.1p1/src/mpid/ch3/channels/nemesis/include -I/home/aballmer/new/SCC15HPCRepast/INSTALLATION/mpich2-1.4.1p1/src/mpid/ch3/channels/nemesis/nemesis/include -I/home/aballmer/new/SCC15HPCRepast/INSTALLATION/mpich2-1.4.1p1/src/mpid/ch3/channels/nemesis/nemesis/include -I/home/aballmer/new/SCC15HPCRepast/INSTALLATION/mpich2-1.4.1p1/src/mpid/ch3/channels/nemesis/nemesis/utils/monitor -I/home/aballmer/new/SCC15HPCRepast/INSTALLATION/mpich2-1.4.1p1/src/mpid/ch3/channels/nemesis/nemesis/utils/monitor -I/home/aballmer/new/SCC15HPCRepast/INSTALLATION/mpich2-1.4.1p1/src/util/wrappers -I/home/aballmer/new/SCC15HPCRepast/INSTALLATION/mpich2-1.4.1p1/src/util/wrappers   -Wl,--export-dynamic conftest.c -lrt -lpthread   >&5
configure:4431: $? = 0
configure:4440: result: yes
configure:4757: checking for fdopen
configure:4813: gcc -o conftest    -O2  -I/home/aballmer/new/SCC15HPCRepast/INSTALLATION/mpich2-1.4.1p1/src/mpl/include -I/home/aballmer/new/SCC15HPCRepast/INSTALLATION/mpich2-1.4.1p1/src/mpl/include -I/home/aballmer/new/SCC15HPCRepast/INSTALLATION/mpich2-1.4.1p1/src/openpa/src -I/home/aballmer/new/SCC15HPCRepast/INSTALLATION/mpich2-1.4.1p1/src/openpa/src -I/home/aballmer/new/SCC15HPCRepast/INSTALLATION/mpich2-1.4.1p1/src/mpid/ch3/include -I/home/aballmer/new/SCC15HPCRepast/INSTALLATION/mpich2-1.4.1p1/src/mpid/ch3/include -I/home/aballmer/new/SCC15HPCRepast/INSTALLATION/mpich2-1.4.1p1/src/mpid/common/datatype -I/home/aballmer/new/SCC15HPCRepast/INSTALLATION/mpich2-1.4.1p1/src/mpid/common/datatype -I/home/aballmer/new/SCC15HPCRepast/INSTALLATION/mpich2-1.4.1p1/src/mpid/common/locks -I/home/aballmer/new/SCC15HPCRepast/INSTALLATION/mpich2-1.4.1p1/src/mpid/common/locks -I/home/aballmer/new/SCC15HPCRepast/INSTALLATION/mpich2-1.4.1p1/src/mpid/ch3/channels/nemesis/include -I/home/aballmer/new/SCC15HPCRepast/INSTALLATION/mpich2-1.4.1p1/src/mpid/ch3/channels/nemesis/include -I/home/aballmer/new/SCC15HPCRepast/INSTALLATION/mpich2-1.4.1p1/src/mpid/ch3/channels/nemesis/nemesis/include -I/home/aballmer/new/SCC15HPCRepast/INSTALLATION/mpich2-1.4.1p1/src/mpid/ch3/channels/nemesis/nemesis/include -I/home/aballmer/new/SCC15HPCRepast/INSTALLATION/mpich2-1.4.1p1/src/mpid/ch3/channels/nemesis/nemesis/utils/monitor -I/home/aballmer/new/SCC15HPCRepast/INSTALLATION/mpich2-1.4.1p1/src/mpid/ch3/channels/nemesis/nemesis/utils/monitor -I/home/aballmer/new/SCC15HPCRepast/INSTALLATION/mpich2-1.4.1p1/src/util/wrappers -I/home/aballmer/new/SCC15HPCRepast/INSTALLATION/mpich2-1.4.1p1/src/util/wrappers   -Wl,--export-dynamic conftest.c -lrt -lpthread   >&5
configure:4820: $? = 0
configure:4842: result: yes
configure:4856: checking whether fdopen needs a declaration
configure:4883: gcc -c    -O2  -I/home/aballmer/new/SCC15HPCRepast/INSTALLATION/mpich2-1.4.1p1/src/mpl/include -I/home/aballmer/new/SCC15HPCRepast/INSTALLATION/mpich2-1.4.1p1/src/mpl/include -I/home/aballmer/new/SCC15HPCRepast/INSTALLATION/mpich2-1.4.1p1/src/openpa/src -I/home/aballmer/new/SCC15HPCRepast/INSTALLATION/mpich2-1.4.1p1/src/openpa/src -I/home/aballmer/new/SCC15HPCRepast/INSTALLATION/mpich2-1.4.1p1/src/mpid/ch3/include -I/home/aballmer/new/SCC15HPCRepast/INSTALLATION/mpich2-1.4.1p1/src/mpid/ch3/include -I/home/aballmer/new/SCC15HPCRepast/INSTALLATION/mpich2-1.4.1p1/src/mpid/common/datatype -I/home/aballmer/new/SCC15HPCRepast/INSTALLATION/mpich2-1.4.1p1/src/mpid/common/datatype -I/home/aballmer/new/SCC15HPCRepast/INSTALLATION/mpich2-1.4.1p1/src/mpid/common/locks -I/home/aballmer/new/SCC15HPCRepast/INSTALLATION/mpich2-1.4.1p1/src/mpid/common/locks -I/home/aballmer/new/SCC15HPCRepast/INSTALLATION/mpich2-1.4.1p1/src/mpid/ch3/channels/nemesis/include -I/home/aballmer/new/SCC15HPCRepast/INSTALLATION/mpich2-1.4.1p1/src/mpid/ch3/channels/nemesis/include -I/home/aballmer/new/SCC15HPCRepast/INSTALLATION/mpich2-1.4.1p1/src/mpid/ch3/channels/nemesis/nemesis/include -I/home/aballmer/new/SCC15HPCRepast/INSTALLATION/mpich2-1.4.1p1/src/mpid/ch3/channels/nemesis/nemesis/include -I/home/aballmer/new/SCC15HPCRepast/INSTALLATION/mpich2-1.4.1p1/src/mpid/ch3/channels/nemesis/nemesis/utils/monitor -I/home/aballmer/new/SCC15HPCRepast/INSTALLATION/mpich2-1.4.1p1/src/mpid/ch3/channels/nemesis/nemesis/utils/monitor -I/home/aballmer/new/SCC15HPCRepast/INSTALLATION/mpich2-1.4.1p1/src/util/wrappers -I/home/aballmer/new/SCC15HPCRepast/INSTALLATION/mpich2-1.4.1p1/src/util/wrappers conftest.c >&5
conftest.c: In function 'main':
conftest.c:28:1: warning: passing argument 2 of 'fdopen' makes pointer from integer without a cast [enabled by default]
 int a=fdopen(1.0,27,1.0,"foo");
 ^
In file included from conftest.c:24:0:
/usr/include/stdio.h:306:14: note: expected 'const char *' but argument is of type 'int'
 extern FILE *fdopen (int __fd, const char *__modes) __THROW __wur;
              ^
conftest.c:28:1: error: too many arguments to function 'fdopen'
 int a=fdopen(1.0,27,1.0,"foo");
 ^
In file included from conftest.c:24:0:
/usr/include/stdio.h:306:14: note: declared here
 extern FILE *fdopen (int __fd, const char *__modes) __THROW __wur;
              ^
conftest.c:28:7: warning: initialization makes integer from pointer without a cast [enabled by default]
 int a=fdopen(1.0,27,1.0,"foo");
       ^
configure:4890: $? = 1
configure: failed program was:
| /* confdefs.h.  */
| #define PACKAGE_NAME ""
| #define PACKAGE_TARNAME ""
| #define PACKAGE_VERSION ""
| #define PACKAGE_STRING ""
| #define PACKAGE_BUGREPORT ""
| #define STDC_HEADERS 1
| #define HAVE_SYS_TYPES_H 1
| #define HAVE_SYS_STAT_H 1
| #define HAVE_STDLIB_H 1
| #define HAVE_STRING_H 1
| #define HAVE_MEMORY_H 1
| #define HAVE_STRINGS_H 1
| #define HAVE_INTTYPES_H 1
| #define HAVE_STDINT_H 1
| #define HAVE_UNISTD_H 1
| #define HAVE_STDIO_H 1
| #define HAVE_STRING_H 1
| #define HAVE_UNISTD_H 1
| #define HAVE_FCNTL_H 1
| #define HAVE_EXECINFO_H 1
| #define HAVE_FDOPEN 1
| /* end confdefs.h.  */
| #include <stdio.h>
| int
| main ()
| {
| int a=fdopen(1.0,27,1.0,"foo");
|   ;
|   return 0;
| }
configure:4905: result: no
configure:4960: creating ./config.status

## ---------------------- ##
## Running config.status. ##
## ---------------------- ##

This file was extended by config.status, which was
generated by GNU Autoconf 2.63.  Invocation command line was

  CONFIG_FILES    = 
  CONFIG_HEADERS  = 
  CONFIG_LINKS    = 
  CONFIG_COMMANDS = 
  $ ./config.status 

on n00.localdomain

config.status:777: creating Makefile
config.status:777: creating src/Makefile
config.status:777: creating include/mpe_callstack.h
config.status:777: creating etc/mpe_callstack_ldflags.conf
config.status:777: creating bin/bt2line
config.status:777: creating mpe_callstack_conf.h
config.status:1006: executing default-1 commands

## ---------------- ##
## Cache variables. ##
## ---------------- ##

ac_cv_c_compiler_gnu=yes
ac_cv_c_const=yes
ac_cv_c_inline=inline
ac_cv_env_CC_set=set
ac_cv_env_CC_value=gcc
ac_cv_env_CFLAGS_set=set
ac_cv_env_CFLAGS_value='   -O2'
ac_cv_env_CPPFLAGS_set=set
ac_cv_env_CPPFLAGS_value=' -I/home/aballmer/new/SCC15HPCRepast/INSTALLATION/mpich2-1.4.1p1/src/mpl/include -I/home/aballmer/new/SCC15HPCRepast/INSTALLATION/mpich2-1.4.1p1/src/mpl/include -I/home/aballmer/new/SCC15HPCRepast/INSTALLATION/mpich2-1.4.1p1/src/openpa/src -I/home/aballmer/new/SCC15HPCRepast/INSTALLATION/mpich2-1.4.1p1/src/openpa/src -I/home/aballmer/new/SCC15HPCRepast/INSTALLATION/mpich2-1.4.1p1/src/mpid/ch3/include -I/home/aballmer/new/SCC15HPCRepast/INSTALLATION/mpich2-1.4.1p1/src/mpid/ch3/include -I/home/aballmer/new/SCC15HPCRepast/INSTALLATION/mpich2-1.4.1p1/src/mpid/common/datatype -I/home/aballmer/new/SCC15HPCRepast/INSTALLATION/mpich2-1.4.1p1/src/mpid/common/datatype -I/home/aballmer/new/SCC15HPCRepast/INSTALLATION/mpich2-1.4.1p1/src/mpid/common/locks -I/home/aballmer/new/SCC15HPCRepast/INSTALLATION/mpich2-1.4.1p1/src/mpid/common/locks -I/home/aballmer/new/SCC15HPCRepast/INSTALLATION/mpich2-1.4.1p1/src/mpid/ch3/channels/nemesis/include -I/home/aballmer/new/SCC15HPCRepast/INSTALLATION/mpich2-1.4.1p1/src/mpid/ch3/channels/nemesis/include -I/home/aballmer/new/SCC15HPCRepast/INSTALLATION/mpich2-1.4.1p1/src/mpid/ch3/channels/nemesis/nemesis/include -I/home/aballmer/new/SCC15HPCRepast/INSTALLATION/mpich2-1.4.1p1/src/mpid/ch3/channels/nemesis/nemesis/include -I/home/aballmer/new/SCC15HPCRepast/INSTALLATION/mpich2-1.4.1p1/src/mpid/ch3/channels/nemesis/nemesis/utils/monitor -I/home/aballmer/new/SCC15HPCRepast/INSTALLATION/mpich2-1.4.1p1/src/mpid/ch3/channels/nemesis/nemesis/utils/monitor -I/home/aballmer/new/SCC15HPCRepast/INSTALLATION/mpich2-1.4.1p1/src/util/wrappers -I/home/aballmer/new/SCC15HPCRepast/INSTALLATION/mpich2-1.4.1p1/src/util/wrappers'
ac_cv_env_CPP_set=
ac_cv_env_CPP_value=
ac_cv_env_LDFLAGS_set=set
ac_cv_env_LDFLAGS_value=' '
ac_cv_env_LIBS_set=set
ac_cv_env_LIBS_value='-lrt -lpthread  '
ac_cv_env_build_alias_set=
ac_cv_env_build_alias_value=
ac_cv_env_host_alias_set=
ac_cv_env_host_alias_value=
ac_cv_env_target_alias_set=
ac_cv_env_target_alias_value=
ac_cv_func_fdopen=yes
ac_cv_header_execinfo_h=yes
ac_cv_header_fcntl_h=yes
ac_cv_header_inttypes_h=yes
ac_cv_header_memory_h=yes
ac_cv_header_stdc=yes
ac_cv_header_stdint_h=yes
ac_cv_header_stdio_h=yes
ac_cv_header_stdlib_h=yes
ac_cv_header_string_h=yes
ac_cv_header_strings_h=yes
ac_cv_header_sys_stat_h=yes
ac_cv_header_sys_types_h=yes
ac_cv_header_unistd_h=yes
ac_cv_objext=o
ac_cv_path_EGREP='/usr/bin/grep -E'
ac_cv_path_GREP=/usr/bin/grep
ac_cv_prog_AR=ar
ac_cv_prog_CPP='gcc -E'
ac_cv_prog_ac_ct_CC=gcc
ac_cv_prog_ac_ct_RANLIB=ranlib
ac_cv_prog_cc_c89=
ac_cv_prog_cc_g=yes
ac_cv_prog_cc_gcc_c_o=yes
pac_cv_func_decl_fdopen=no

## ----------------- ##
## Output variables. ##
## ----------------- ##

AR='ar'
CC='gcc'
CC_DOES_C_O='yes'
CFLAGS='   -O2'
CLINKER='gcc'
CPP='gcc -E'
CPPFLAGS=' -I/home/aballmer/new/SCC15HPCRepast/INSTALLATION/mpich2-1.4.1p1/src/mpl/include -I/home/aballmer/new/SCC15HPCRepast/INSTALLATION/mpich2-1.4.1p1/src/mpl/include -I/home/aballmer/new/SCC15HPCRepast/INSTALLATION/mpich2-1.4.1p1/src/openpa/src -I/home/aballmer/new/SCC15HPCRepast/INSTALLATION/mpich2-1.4.1p1/src/openpa/src -I/home/aballmer/new/SCC15HPCRepast/INSTALLATION/mpich2-1.4.1p1/src/mpid/ch3/include -I/home/aballmer/new/SCC15HPCRepast/INSTALLATION/mpich2-1.4.1p1/src/mpid/ch3/include -I/home/aballmer/new/SCC15HPCRepast/INSTALLATION/mpich2-1.4.1p1/src/mpid/common/datatype -I/home/aballmer/new/SCC15HPCRepast/INSTALLATION/mpich2-1.4.1p1/src/mpid/common/datatype -I/home/aballmer/new/SCC15HPCRepast/INSTALLATION/mpich2-1.4.1p1/src/mpid/common/locks -I/home/aballmer/new/SCC15HPCRepast/INSTALLATION/mpich2-1.4.1p1/src/mpid/common/locks -I/home/aballmer/new/SCC15HPCRepast/INSTALLATION/mpich2-1.4.1p1/src/mpid/ch3/channels/nemesis/include -I/home/aballmer/new/SCC15HPCRepast/INSTALLATION/mpich2-1.4.1p1/src/mpid/ch3/channels/nemesis/include -I/home/aballmer/new/SCC15HPCRepast/INSTALLATION/mpich2-1.4.1p1/src/mpid/ch3/channels/nemesis/nemesis/include -I/home/aballmer/new/SCC15HPCRepast/INSTALLATION/mpich2-1.4.1p1/src/mpid/ch3/channels/nemesis/nemesis/include -I/home/aballmer/new/SCC15HPCRepast/INSTALLATION/mpich2-1.4.1p1/src/mpid/ch3/channels/nemesis/nemesis/utils/monitor -I/home/aballmer/new/SCC15HPCRepast/INSTALLATION/mpich2-1.4.1p1/src/mpid/ch3/channels/nemesis/nemesis/utils/monitor -I/home/aballmer/new/SCC15HPCRepast/INSTALLATION/mpich2-1.4.1p1/src/util/wrappers -I/home/aballmer/new/SCC15HPCRepast/INSTALLATION/mpich2-1.4.1p1/src/util/wrappers'
CPRP='cp'
DEFS='-DHAVE_CONFIG_H'
ECHO_C=''
ECHO_N='-n'
ECHO_T=''
EGREP='/usr/bin/grep -E'
EXEEXT=''
GREP='/usr/bin/grep'
LDFLAGS='  -Wl,--export-dynamic'
LIBOBJS=''
LIBS='-lrt -lpthread  '
LTLIBOBJS=''
MAKE='make --no-print-directory'
MKDIR='mkdir'
MPE_BUILD_FORTRAN2C='no'
MPI_CC='/home/aballmer/new/SCC15HPCRepast/INSTALLATION/mpich2-1.4.1p1/bin/mpicc'
MPI_CFLAGS=''
MPI_LIBS=''
MV='mv'
OBJEXT='o'
PACKAGE_BUGREPORT=''
PACKAGE_NAME=''
PACKAGE_STRING=''
PACKAGE_TARNAME=''
PACKAGE_VERSION=''
PATH_SEPARATOR=':'
PROF_LIBNAME='mpe'
RANLIB='ranlib'
RM='rm'
SHELL='/bin/sh'
VPATH='VPATH=.:$(srcdir)'
ac_ct_CC='gcc'
binbuild_dir='/home/aballmer/new/SCC15HPCRepast/INSTALLATION/mpich2-1.4.1p1/src/mpe2/bin'
bindir='${exec_prefix}/bin'
build_alias=''
datadir='${datarootdir}'
datarootdir='${prefix}/share'
docdir='${datarootdir}/doc/${PACKAGE}'
dvidir='${docdir}'
etcbuild_dir='/home/aballmer/new/SCC15HPCRepast/INSTALLATION/mpich2-1.4.1p1/src/mpe2/etc'
exec_prefix='${prefix}'
host_alias=''
htmldir='${docdir}'
includebuild_dir='/home/aballmer/new/SCC15HPCRepast/INSTALLATION/mpich2-1.4.1p1/src/mpe2/include'
includedir='${prefix}/include'
infodir='${datarootdir}/info'
libbuild_dir='/home/aballmer/new/SCC15HPCRepast/INSTALLATION/mpich2-1.4.1p1/src/mpe2/lib'
libdir='${exec_prefix}/lib'
libexecdir='${exec_prefix}/libexec'
localedir='${datarootdir}/locale'
localstatedir='${prefix}/var'
mandir='${datarootdir}/man'
mpe_callstack_impl_type='#define HAVE_BACKTRACE 1'
mpe_callstack_ldflags='-Wl,--export-dynamic'
mpe_callstack_string_h=''
mpe_callstack_unistd_h=''
oldincludedir='/usr/include'
pdfdir='${docdir}'
prefix='/home/aballmer/new/SCC15HPCRepast/ext//MPICH'
program_transform_name='s,x,x,'
psdir='${docdir}'
sbindir='${exec_prefix}/sbin'
sharedstatedir='${prefix}/com'
sysconfdir='${prefix}/etc'
target_alias=''
top_srcdir_abs='/home/aballmer/new/SCC15HPCRepast/INSTALLATION/mpich2-1.4.1p1/src/mpe2/src/callstack'

## ----------- ##
## confdefs.h. ##
## ----------- ##

#define PACKAGE_NAME ""
#define PACKAGE_TARNAME ""
#define PACKAGE_VERSION ""
#define PACKAGE_STRING ""
#define PACKAGE_BUGREPORT ""
#define STDC_HEADERS 1
#define HAVE_SYS_TYPES_H 1
#define HAVE_SYS_STAT_H 1
#define HAVE_STDLIB_H 1
#define HAVE_STRING_H 1
#define HAVE_MEMORY_H 1
#define HAVE_STRINGS_H 1
#define HAVE_INTTYPES_H 1
#define HAVE_STDINT_H 1
#define HAVE_UNISTD_H 1
#define HAVE_STDIO_H 1
#define HAVE_STRING_H 1
#define HAVE_UNISTD_H 1
#define HAVE_FCNTL_H 1
#define HAVE_EXECINFO_H 1
#define HAVE_FDOPEN 1

configure: exit 0
