 Starting... 
12.11.2015 00:08:25 [0] INFO root TICK BEGINS: 1
12.11.2015 00:08:30 [0] INFO root TICK ENDS: 1
12.11.2015 00:08:32 [0] INFO root TICK BEGINS: 2
12.11.2015 00:08:35 [0] INFO root TICK ENDS: 2
12.11.2015 00:08:35 [0] INFO root TICK BEGINS: 3
12.11.2015 00:08:36 [0] INFO root TICK ENDS: 3
12.11.2015 00:08:37 [0] INFO root TICK BEGINS: 4
12.11.2015 00:08:38 [0] INFO root TICK ENDS: 4
12.11.2015 00:08:38 [0] INFO root TICK BEGINS: 5
12.11.2015 00:08:39 [0] INFO root TICK ENDS: 5
12.11.2015 00:08:40 [0] INFO root TICK BEGINS: 6
12.11.2015 00:08:41 [0] INFO root TICK ENDS: 6
12.11.2015 00:08:42 [0] INFO root TICK BEGINS: 7
12.11.2015 00:08:43 [0] INFO root TICK ENDS: 7
12.11.2015 00:08:43 [0] INFO root TICK BEGINS: 8
12.11.2015 00:08:44 [0] INFO root TICK ENDS: 8
12.11.2015 00:08:45 [0] INFO root TICK BEGINS: 9
12.11.2015 00:08:46 [0] INFO root TICK ENDS: 9
12.11.2015 00:08:47 [0] INFO root TICK BEGINS: 10
12.11.2015 00:08:48 [0] INFO root TICK ENDS: 10
12.11.2015 00:08:49 [0] INFO root TICK BEGINS: 11
12.11.2015 00:08:50 [0] INFO root TICK ENDS: 11
12.11.2015 00:08:51 [0] INFO root TICK BEGINS: 12
12.11.2015 00:08:52 [0] INFO root TICK ENDS: 12
12.11.2015 00:08:52 [0] INFO root TICK BEGINS: 13
12.11.2015 00:08:54 [0] INFO root TICK ENDS: 13
12.11.2015 00:08:54 [0] INFO root TICK BEGINS: 14
12.11.2015 00:08:55 [0] INFO root TICK ENDS: 14
12.11.2015 00:08:56 [0] INFO root TICK BEGINS: 15
12.11.2015 00:08:57 [0] INFO root TICK ENDS: 15
12.11.2015 00:08:58 [0] INFO root TICK BEGINS: 16
12.11.2015 00:08:59 [0] INFO root TICK ENDS: 16
12.11.2015 00:09:00 [0] INFO root TICK BEGINS: 17
12.11.2015 00:09:01 [0] INFO root TICK ENDS: 17
12.11.2015 00:09:02 [0] INFO root TICK BEGINS: 18
12.11.2015 00:09:03 [0] INFO root TICK ENDS: 18
12.11.2015 00:09:03 [0] INFO root TICK BEGINS: 19
12.11.2015 00:09:05 [0] INFO root TICK ENDS: 19
12.11.2015 00:09:05 [0] INFO root TICK BEGINS: 20
12.11.2015 00:09:07 [0] INFO root TICK ENDS: 20
12.11.2015 00:09:07 [0] INFO root TICK BEGINS: 21
12.11.2015 00:09:09 [0] INFO root TICK ENDS: 21
12.11.2015 00:09:10 [0] INFO root TICK BEGINS: 22
12.11.2015 00:09:11 [0] INFO root TICK ENDS: 22
12.11.2015 00:09:12 [0] INFO root TICK BEGINS: 23
12.11.2015 00:09:13 [0] INFO root TICK ENDS: 23
12.11.2015 00:09:14 [0] INFO root TICK BEGINS: 24
12.11.2015 00:09:15 [0] INFO root TICK ENDS: 24
12.11.2015 00:09:16 [0] INFO root TICK BEGINS: 25
12.11.2015 00:09:17 [0] INFO root TICK ENDS: 25
12.11.2015 00:09:18 [0] INFO root TICK BEGINS: 26
12.11.2015 00:09:19 [0] INFO root TICK ENDS: 26
12.11.2015 00:09:20 [0] INFO root TICK BEGINS: 27
12.11.2015 00:09:21 [0] INFO root TICK ENDS: 27
12.11.2015 00:09:22 [0] INFO root TICK BEGINS: 28
12.11.2015 00:09:23 [0] INFO root TICK ENDS: 28
12.11.2015 00:09:24 [0] INFO root TICK BEGINS: 29
12.11.2015 00:09:25 [0] INFO root TICK ENDS: 29
12.11.2015 00:09:26 [0] INFO root TICK BEGINS: 30
12.11.2015 00:09:27 [0] INFO root TICK ENDS: 30
12.11.2015 00:09:28 [0] INFO root TICK BEGINS: 31
12.11.2015 00:09:29 [0] INFO root TICK ENDS: 31
12.11.2015 00:09:30 [0] INFO root TICK BEGINS: 32
12.11.2015 00:09:31 [0] INFO root TICK ENDS: 32
12.11.2015 00:09:32 [0] INFO root TICK BEGINS: 33
12.11.2015 00:09:33 [0] INFO root TICK ENDS: 33
12.11.2015 00:09:34 [0] INFO root TICK BEGINS: 34
12.11.2015 00:09:35 [0] INFO root TICK ENDS: 34
12.11.2015 00:09:36 [0] INFO root TICK BEGINS: 35
12.11.2015 00:09:38 [0] INFO root TICK ENDS: 35
12.11.2015 00:09:38 [0] INFO root TICK BEGINS: 36
12.11.2015 00:09:40 [0] INFO root TICK ENDS: 36
12.11.2015 00:09:40 [0] INFO root TICK BEGINS: 37
12.11.2015 00:09:42 [0] INFO root TICK ENDS: 37
12.11.2015 00:09:42 [0] INFO root TICK BEGINS: 38
12.11.2015 00:09:44 [0] INFO root TICK ENDS: 38
12.11.2015 00:09:45 [0] INFO root TICK BEGINS: 39
12.11.2015 00:09:46 [0] INFO root TICK ENDS: 39
12.11.2015 00:09:47 [0] INFO root TICK BEGINS: 40
12.11.2015 00:09:48 [0] INFO root TICK ENDS: 40
12.11.2015 00:09:49 [0] INFO root TICK BEGINS: 41
12.11.2015 00:09:51 [0] INFO root TICK ENDS: 41
12.11.2015 00:09:52 [0] INFO root TICK BEGINS: 42
12.11.2015 00:09:53 [0] INFO root TICK ENDS: 42
12.11.2015 00:09:54 [0] INFO root TICK BEGINS: 43
12.11.2015 00:09:55 [0] INFO root TICK ENDS: 43
12.11.2015 00:09:56 [0] INFO root TICK BEGINS: 44
12.11.2015 00:09:58 [0] INFO root TICK ENDS: 44
12.11.2015 00:09:58 [0] INFO root TICK BEGINS: 45
12.11.2015 00:10:00 [0] INFO root TICK ENDS: 45
12.11.2015 00:10:00 [0] INFO root TICK BEGINS: 46
12.11.2015 00:10:02 [0] INFO root TICK ENDS: 46
12.11.2015 00:10:03 [0] INFO root TICK BEGINS: 47
12.11.2015 00:10:04 [0] INFO root TICK ENDS: 47
12.11.2015 00:10:05 [0] INFO root TICK BEGINS: 48
12.11.2015 00:10:06 [0] INFO root TICK ENDS: 48
12.11.2015 00:10:07 [0] INFO root TICK BEGINS: 49
12.11.2015 00:10:09 [0] INFO root TICK ENDS: 49
12.11.2015 00:10:09 [0] INFO root TICK BEGINS: 50
12.11.2015 00:10:11 [0] INFO root TICK ENDS: 50
12.11.2015 00:10:12 [0] INFO root TICK BEGINS: 51
12.11.2015 00:10:13 [0] INFO root TICK ENDS: 51
12.11.2015 00:10:14 [0] INFO root TICK BEGINS: 52
12.11.2015 00:10:15 [0] INFO root TICK ENDS: 52
12.11.2015 00:10:16 [0] INFO root TICK BEGINS: 53
12.11.2015 00:10:18 [0] INFO root TICK ENDS: 53
12.11.2015 00:10:19 [0] INFO root TICK BEGINS: 54
12.11.2015 00:10:20 [0] INFO root TICK ENDS: 54
12.11.2015 00:10:21 [0] INFO root TICK BEGINS: 55
12.11.2015 00:10:23 [0] INFO root TICK ENDS: 55
12.11.2015 00:10:24 [0] INFO root TICK BEGINS: 56
12.11.2015 00:10:25 [0] INFO root TICK ENDS: 56
12.11.2015 00:10:26 [0] INFO root TICK BEGINS: 57
12.11.2015 00:10:27 [0] INFO root TICK ENDS: 57
12.11.2015 00:10:28 [0] INFO root TICK BEGINS: 58
12.11.2015 00:10:30 [0] INFO root TICK ENDS: 58
12.11.2015 00:10:31 [0] INFO root TICK BEGINS: 59
12.11.2015 00:10:32 [0] INFO root TICK ENDS: 59
12.11.2015 00:10:33 [0] INFO root TICK BEGINS: 60
12.11.2015 00:10:34 [0] INFO root TICK ENDS: 60
12.11.2015 00:10:36 [0] INFO root TICK BEGINS: 61
12.11.2015 00:10:37 [0] INFO root TICK ENDS: 61
12.11.2015 00:10:38 [0] INFO root TICK BEGINS: 62
12.11.2015 00:10:39 [0] INFO root TICK ENDS: 62
12.11.2015 00:10:40 [0] INFO root TICK BEGINS: 63
12.11.2015 00:10:42 [0] INFO root TICK ENDS: 63
12.11.2015 00:10:43 [0] INFO root TICK BEGINS: 64
12.11.2015 00:10:44 [0] INFO root TICK ENDS: 64
12.11.2015 00:10:45 [0] INFO root TICK BEGINS: 65
12.11.2015 00:10:46 [0] INFO root TICK ENDS: 65
12.11.2015 00:10:47 [0] INFO root TICK BEGINS: 66
12.11.2015 00:10:48 [0] INFO root TICK ENDS: 66
12.11.2015 00:10:49 [0] INFO root TICK BEGINS: 67
12.11.2015 00:10:51 [0] INFO root TICK ENDS: 67
12.11.2015 00:10:52 [0] INFO root TICK BEGINS: 68
12.11.2015 00:10:53 [0] INFO root TICK ENDS: 68
12.11.2015 00:10:54 [0] INFO root TICK BEGINS: 69
12.11.2015 00:10:55 [0] INFO root TICK ENDS: 69
12.11.2015 00:10:56 [0] INFO root TICK BEGINS: 70
12.11.2015 00:10:57 [0] INFO root TICK ENDS: 70
12.11.2015 00:10:58 [0] INFO root TICK BEGINS: 71
12.11.2015 00:10:59 [0] INFO root TICK ENDS: 71
12.11.2015 00:11:00 [0] INFO root TICK BEGINS: 72
12.11.2015 00:11:01 [0] INFO root TICK ENDS: 72
12.11.2015 00:11:02 [0] INFO root TICK BEGINS: 73
12.11.2015 00:11:04 [0] INFO root TICK ENDS: 73
12.11.2015 00:11:04 [0] INFO root TICK BEGINS: 74
12.11.2015 00:11:06 [0] INFO root TICK ENDS: 74
12.11.2015 00:11:06 [0] INFO root TICK BEGINS: 75
12.11.2015 00:11:08 [0] INFO root TICK ENDS: 75
12.11.2015 00:11:09 [0] INFO root TICK BEGINS: 76
12.11.2015 00:11:10 [0] INFO root TICK ENDS: 76
12.11.2015 00:11:11 [0] INFO root TICK BEGINS: 77
12.11.2015 00:11:12 [0] INFO root TICK ENDS: 77
12.11.2015 00:11:13 [0] INFO root TICK BEGINS: 78
12.11.2015 00:11:14 [0] INFO root TICK ENDS: 78
12.11.2015 00:11:15 [0] INFO root TICK BEGINS: 79
12.11.2015 00:11:16 [0] INFO root TICK ENDS: 79
12.11.2015 00:11:17 [0] INFO root TICK BEGINS: 80
12.11.2015 00:11:18 [0] INFO root TICK ENDS: 80
12.11.2015 00:11:19 [0] INFO root TICK BEGINS: 81
12.11.2015 00:11:20 [0] INFO root TICK ENDS: 81
12.11.2015 00:11:21 [0] INFO root TICK BEGINS: 82
12.11.2015 00:11:22 [0] INFO root TICK ENDS: 82
12.11.2015 00:11:23 [0] INFO root TICK BEGINS: 83
12.11.2015 00:11:24 [0] INFO root TICK ENDS: 83
12.11.2015 00:11:25 [0] INFO root TICK BEGINS: 84
12.11.2015 00:11:26 [0] INFO root TICK ENDS: 84
12.11.2015 00:11:27 [0] INFO root TICK BEGINS: 85
12.11.2015 00:11:28 [0] INFO root TICK ENDS: 85
12.11.2015 00:11:29 [0] INFO root TICK BEGINS: 86
12.11.2015 00:11:30 [0] INFO root TICK ENDS: 86
12.11.2015 00:11:31 [0] INFO root TICK BEGINS: 87
12.11.2015 00:11:32 [0] INFO root TICK ENDS: 87
12.11.2015 00:11:33 [0] INFO root TICK BEGINS: 88
12.11.2015 00:11:34 [0] INFO root TICK ENDS: 88
12.11.2015 00:11:35 [0] INFO root TICK BEGINS: 89
12.11.2015 00:11:36 [0] INFO root TICK ENDS: 89
12.11.2015 00:11:37 [0] INFO root TICK BEGINS: 90
12.11.2015 00:11:38 [0] INFO root TICK ENDS: 90
12.11.2015 00:11:39 [0] INFO root TICK BEGINS: 91
12.11.2015 00:11:40 [0] INFO root TICK ENDS: 91
12.11.2015 00:11:41 [0] INFO root TICK BEGINS: 92
12.11.2015 00:11:42 [0] INFO root TICK ENDS: 92
12.11.2015 00:11:43 [0] INFO root TICK BEGINS: 93
12.11.2015 00:11:44 [0] INFO root TICK ENDS: 93
12.11.2015 00:11:45 [0] INFO root TICK BEGINS: 94
12.11.2015 00:11:46 [0] INFO root TICK ENDS: 94
12.11.2015 00:11:47 [0] INFO root TICK BEGINS: 95
12.11.2015 00:11:48 [0] INFO root TICK ENDS: 95
12.11.2015 00:11:49 [0] INFO root TICK BEGINS: 96
12.11.2015 00:11:50 [0] INFO root TICK ENDS: 96
12.11.2015 00:11:51 [0] INFO root TICK BEGINS: 97
12.11.2015 00:11:52 [0] INFO root TICK ENDS: 97
12.11.2015 00:11:53 [0] INFO root TICK BEGINS: 98
12.11.2015 00:11:54 [0] INFO root TICK ENDS: 98
12.11.2015 00:11:55 [0] INFO root TICK BEGINS: 99
12.11.2015 00:11:56 [0] INFO root TICK ENDS: 99
12.11.2015 00:11:57 [0] INFO root TICK BEGINS: 100
12.11.2015 00:11:58 [0] INFO root TICK ENDS: 100
12.11.2015 00:12:01 [0] INFO root date_time.run = 12.11.2015 00:06:59
12.11.2015 00:12:01 [0] INFO root distribution.zombie_move = int_uniform, 0, 2
12.11.2015 00:12:02 [0] INFO root grid.buffer = 5
12.11.2015 00:12:02 [0] INFO root human.count = 500;
12.11.2015 00:12:02 [0] INFO root human.dataname = human_population
12.11.2015 00:12:02 [0] INFO root human.input.file = humans.h5
12.11.2015 00:12:02 [0] INFO root human.output.file = humans_out.h5
12.11.2015 00:12:02 [0] INFO root init.time = 3.66
12.11.2015 00:12:02 [0] INFO root max.x = 99
12.11.2015 00:12:02 [0] INFO root max.y = 99
12.11.2015 00:12:02 [0] INFO root min.x = 0
12.11.2015 00:12:02 [0] INFO root min.y = 0
12.11.2015 00:12:02 [0] INFO root output.interval = 10
12.11.2015 00:12:02 [0] INFO root proc.per.x = 20
12.11.2015 00:12:02 [0] INFO root proc.per.y = 20
12.11.2015 00:12:02 [0] INFO root process.count = 400
12.11.2015 00:12:02 [0] INFO root random.seed = 1284067381
12.11.2015 00:12:02 [0] INFO root run.time = 47.21
12.11.2015 00:12:02 [0] INFO root stop.at = 100
12.11.2015 00:12:02 [0] INFO root zombie.count = 5;
12.11.2015 00:12:02 [0] INFO root zombie.dataname = zombie_population
12.11.2015 00:12:02 [0] INFO root zombie.input.file = zombies.h5
12.11.2015 00:12:02 [0] INFO root zombie.output.file = zombies_out.h5

===================================================================================
=   BAD TERMINATION OF ONE OF YOUR APPLICATION PROCESSES
=   PID 13580 RUNNING AT n04
=   EXIT CODE: 11
=   CLEANING UP REMAINING PROCESSES
=   YOU CAN IGNORE THE BELOW CLEANUP MESSAGES
===================================================================================
