 Starting... 
11.11.2015 19:56:57 [0] INFO root TICK BEGINS: 1
11.11.2015 19:57:01 [0] INFO root TICK ENDS: 1
11.11.2015 19:57:03 [0] INFO root TICK BEGINS: 2
11.11.2015 19:57:05 [0] INFO root TICK ENDS: 2
11.11.2015 19:57:06 [0] INFO root TICK BEGINS: 3
11.11.2015 19:57:07 [0] INFO root TICK ENDS: 3
11.11.2015 19:57:07 [0] INFO root TICK BEGINS: 4
11.11.2015 19:57:08 [0] INFO root TICK ENDS: 4
11.11.2015 19:57:08 [0] INFO root TICK BEGINS: 5
11.11.2015 19:57:09 [0] INFO root TICK ENDS: 5
11.11.2015 19:57:09 [0] INFO root TICK BEGINS: 6
11.11.2015 19:57:10 [0] INFO root TICK ENDS: 6
11.11.2015 19:57:11 [0] INFO root TICK BEGINS: 7
11.11.2015 19:57:12 [0] INFO root TICK ENDS: 7
11.11.2015 19:57:12 [0] INFO root TICK BEGINS: 8
11.11.2015 19:57:13 [0] INFO root TICK ENDS: 8
11.11.2015 19:57:13 [0] INFO root TICK BEGINS: 9
11.11.2015 19:57:14 [0] INFO root TICK ENDS: 9
11.11.2015 19:57:15 [0] INFO root TICK BEGINS: 10
11.11.2015 19:57:16 [0] INFO root TICK ENDS: 10
11.11.2015 19:57:16 [0] INFO root TICK BEGINS: 11
11.11.2015 19:57:17 [0] INFO root TICK ENDS: 11
11.11.2015 19:57:18 [0] INFO root TICK BEGINS: 12
11.11.2015 19:57:19 [0] INFO root TICK ENDS: 12
11.11.2015 19:57:20 [0] INFO root TICK BEGINS: 13
11.11.2015 19:57:21 [0] INFO root TICK ENDS: 13
11.11.2015 19:57:21 [0] INFO root TICK BEGINS: 14
11.11.2015 19:57:22 [0] INFO root TICK ENDS: 14
11.11.2015 19:57:22 [0] INFO root TICK BEGINS: 15
11.11.2015 19:57:23 [0] INFO root TICK ENDS: 15
11.11.2015 19:57:24 [0] INFO root TICK BEGINS: 16
11.11.2015 19:57:25 [0] INFO root TICK ENDS: 16
11.11.2015 19:57:26 [0] INFO root TICK BEGINS: 17
11.11.2015 19:57:27 [0] INFO root TICK ENDS: 17
11.11.2015 19:57:27 [0] INFO root TICK BEGINS: 18
11.11.2015 19:57:28 [0] INFO root TICK ENDS: 18
11.11.2015 19:57:29 [0] INFO root TICK BEGINS: 19
11.11.2015 19:57:30 [0] INFO root TICK ENDS: 19
11.11.2015 19:57:31 [0] INFO root TICK BEGINS: 20
11.11.2015 19:57:32 [0] INFO root TICK ENDS: 20
11.11.2015 19:57:33 [0] INFO root TICK BEGINS: 21
11.11.2015 19:57:34 [0] INFO root TICK ENDS: 21
11.11.2015 19:57:34 [0] INFO root TICK BEGINS: 22
11.11.2015 19:57:35 [0] INFO root TICK ENDS: 22
11.11.2015 19:57:36 [0] INFO root TICK BEGINS: 23
11.11.2015 19:57:37 [0] INFO root TICK ENDS: 23
11.11.2015 19:57:38 [0] INFO root TICK BEGINS: 24
11.11.2015 19:57:39 [0] INFO root TICK ENDS: 24
11.11.2015 19:57:40 [0] INFO root TICK BEGINS: 25
11.11.2015 19:57:41 [0] INFO root TICK ENDS: 25
11.11.2015 19:57:41 [0] INFO root TICK BEGINS: 26
11.11.2015 19:57:42 [0] INFO root TICK ENDS: 26
11.11.2015 19:57:43 [0] INFO root TICK BEGINS: 27
11.11.2015 19:57:44 [0] INFO root TICK ENDS: 27
11.11.2015 19:57:45 [0] INFO root TICK BEGINS: 28
11.11.2015 19:57:46 [0] INFO root TICK ENDS: 28
11.11.2015 19:57:46 [0] INFO root TICK BEGINS: 29
11.11.2015 19:57:48 [0] INFO root TICK ENDS: 29
11.11.2015 19:57:48 [0] INFO root TICK BEGINS: 30
11.11.2015 19:57:49 [0] INFO root TICK ENDS: 30
11.11.2015 19:57:50 [0] INFO root TICK BEGINS: 31
11.11.2015 19:57:51 [0] INFO root TICK ENDS: 31
11.11.2015 19:57:52 [0] INFO root TICK BEGINS: 32
11.11.2015 19:57:53 [0] INFO root TICK ENDS: 32
11.11.2015 19:57:54 [0] INFO root TICK BEGINS: 33
11.11.2015 19:57:55 [0] INFO root TICK ENDS: 33
11.11.2015 19:57:56 [0] INFO root TICK BEGINS: 34
11.11.2015 19:57:57 [0] INFO root TICK ENDS: 34
11.11.2015 19:57:58 [0] INFO root TICK BEGINS: 35
11.11.2015 19:57:59 [0] INFO root TICK ENDS: 35
11.11.2015 19:58:00 [0] INFO root TICK BEGINS: 36
11.11.2015 19:58:01 [0] INFO root TICK ENDS: 36
11.11.2015 19:58:02 [0] INFO root TICK BEGINS: 37
11.11.2015 19:58:03 [0] INFO root TICK ENDS: 37
11.11.2015 19:58:04 [0] INFO root TICK BEGINS: 38
11.11.2015 19:58:05 [0] INFO root TICK ENDS: 38
11.11.2015 19:58:06 [0] INFO root TICK BEGINS: 39
11.11.2015 19:58:07 [0] INFO root TICK ENDS: 39
11.11.2015 19:58:08 [0] INFO root TICK BEGINS: 40
11.11.2015 19:58:09 [0] INFO root TICK ENDS: 40
11.11.2015 19:58:10 [0] INFO root TICK BEGINS: 41
11.11.2015 19:58:11 [0] INFO root TICK ENDS: 41
11.11.2015 19:58:12 [0] INFO root TICK BEGINS: 42
11.11.2015 19:58:13 [0] INFO root TICK ENDS: 42
11.11.2015 19:58:14 [0] INFO root TICK BEGINS: 43
11.11.2015 19:58:15 [0] INFO root TICK ENDS: 43
11.11.2015 19:58:16 [0] INFO root TICK BEGINS: 44
11.11.2015 19:58:17 [0] INFO root TICK ENDS: 44
11.11.2015 19:58:18 [0] INFO root TICK BEGINS: 45
11.11.2015 19:58:19 [0] INFO root TICK ENDS: 45
11.11.2015 19:58:20 [0] INFO root TICK BEGINS: 46
11.11.2015 19:58:21 [0] INFO root TICK ENDS: 46
11.11.2015 19:58:22 [0] INFO root TICK BEGINS: 47
11.11.2015 19:58:23 [0] INFO root TICK ENDS: 47
11.11.2015 19:58:24 [0] INFO root TICK BEGINS: 48
11.11.2015 19:58:25 [0] INFO root TICK ENDS: 48
11.11.2015 19:58:26 [0] INFO root TICK BEGINS: 49
11.11.2015 19:58:27 [0] INFO root TICK ENDS: 49
11.11.2015 19:58:28 [0] INFO root TICK BEGINS: 50
11.11.2015 19:58:30 [0] INFO root TICK ENDS: 50
11.11.2015 19:58:31 [0] INFO root TICK BEGINS: 51
11.11.2015 19:58:32 [0] INFO root TICK ENDS: 51
11.11.2015 19:58:33 [0] INFO root TICK BEGINS: 52
11.11.2015 19:58:34 [0] INFO root TICK ENDS: 52
11.11.2015 19:58:35 [0] INFO root TICK BEGINS: 53
11.11.2015 19:58:36 [0] INFO root TICK ENDS: 53
11.11.2015 19:58:37 [0] INFO root TICK BEGINS: 54
11.11.2015 19:58:38 [0] INFO root TICK ENDS: 54
11.11.2015 19:58:39 [0] INFO root TICK BEGINS: 55
11.11.2015 19:58:41 [0] INFO root TICK ENDS: 55
11.11.2015 19:58:42 [0] INFO root TICK BEGINS: 56
11.11.2015 19:58:43 [0] INFO root TICK ENDS: 56
11.11.2015 19:58:44 [0] INFO root TICK BEGINS: 57
11.11.2015 19:58:45 [0] INFO root TICK ENDS: 57
11.11.2015 19:58:46 [0] INFO root TICK BEGINS: 58
11.11.2015 19:58:47 [0] INFO root TICK ENDS: 58
11.11.2015 19:58:48 [0] INFO root TICK BEGINS: 59
11.11.2015 19:58:49 [0] INFO root TICK ENDS: 59
11.11.2015 19:58:50 [0] INFO root TICK BEGINS: 60
11.11.2015 19:58:51 [0] INFO root TICK ENDS: 60
11.11.2015 19:58:52 [0] INFO root TICK BEGINS: 61
11.11.2015 19:58:53 [0] INFO root TICK ENDS: 61
11.11.2015 19:58:55 [0] INFO root TICK BEGINS: 62
11.11.2015 19:58:56 [0] INFO root TICK ENDS: 62
11.11.2015 19:58:56 [0] INFO root TICK BEGINS: 63
11.11.2015 19:58:57 [0] INFO root TICK ENDS: 63
11.11.2015 19:58:58 [0] INFO root TICK BEGINS: 64
11.11.2015 19:58:59 [0] INFO root TICK ENDS: 64
11.11.2015 19:59:00 [0] INFO root TICK BEGINS: 65
11.11.2015 19:59:01 [0] INFO root TICK ENDS: 65
11.11.2015 19:59:02 [0] INFO root TICK BEGINS: 66
11.11.2015 19:59:03 [0] INFO root TICK ENDS: 66
11.11.2015 19:59:04 [0] INFO root TICK BEGINS: 67
11.11.2015 19:59:05 [0] INFO root TICK ENDS: 67
11.11.2015 19:59:06 [0] INFO root TICK BEGINS: 68
11.11.2015 19:59:07 [0] INFO root TICK ENDS: 68
11.11.2015 19:59:08 [0] INFO root TICK BEGINS: 69
11.11.2015 19:59:09 [0] INFO root TICK ENDS: 69
11.11.2015 19:59:09 [0] INFO root TICK BEGINS: 70
11.11.2015 19:59:10 [0] INFO root TICK ENDS: 70
11.11.2015 19:59:11 [0] INFO root TICK BEGINS: 71
11.11.2015 19:59:12 [0] INFO root TICK ENDS: 71
11.11.2015 19:59:13 [0] INFO root TICK BEGINS: 72
11.11.2015 19:59:14 [0] INFO root TICK ENDS: 72
11.11.2015 19:59:15 [0] INFO root TICK BEGINS: 73
11.11.2015 19:59:16 [0] INFO root TICK ENDS: 73
11.11.2015 19:59:17 [0] INFO root TICK BEGINS: 74
11.11.2015 19:59:18 [0] INFO root TICK ENDS: 74
11.11.2015 19:59:19 [0] INFO root TICK BEGINS: 75
11.11.2015 19:59:20 [0] INFO root TICK ENDS: 75
11.11.2015 19:59:20 [0] INFO root TICK BEGINS: 76
11.11.2015 19:59:21 [0] INFO root TICK ENDS: 76
11.11.2015 19:59:22 [0] INFO root TICK BEGINS: 77
11.11.2015 19:59:23 [0] INFO root TICK ENDS: 77
11.11.2015 19:59:24 [0] INFO root TICK BEGINS: 78
11.11.2015 19:59:25 [0] INFO root TICK ENDS: 78
11.11.2015 19:59:25 [0] INFO root TICK BEGINS: 79
11.11.2015 19:59:26 [0] INFO root TICK ENDS: 79
11.11.2015 19:59:27 [0] INFO root TICK BEGINS: 80
11.11.2015 19:59:28 [0] INFO root TICK ENDS: 80
11.11.2015 19:59:28 [0] INFO root TICK BEGINS: 81
11.11.2015 19:59:29 [0] INFO root TICK ENDS: 81
11.11.2015 19:59:30 [0] INFO root TICK BEGINS: 82
11.11.2015 19:59:31 [0] INFO root TICK ENDS: 82
11.11.2015 19:59:32 [0] INFO root TICK BEGINS: 83
11.11.2015 19:59:33 [0] INFO root TICK ENDS: 83
11.11.2015 19:59:33 [0] INFO root TICK BEGINS: 84
11.11.2015 19:59:34 [0] INFO root TICK ENDS: 84
11.11.2015 19:59:35 [0] INFO root TICK BEGINS: 85
11.11.2015 19:59:36 [0] INFO root TICK ENDS: 85
11.11.2015 19:59:37 [0] INFO root TICK BEGINS: 86
11.11.2015 19:59:38 [0] INFO root TICK ENDS: 86
11.11.2015 19:59:38 [0] INFO root TICK BEGINS: 87
11.11.2015 19:59:39 [0] INFO root TICK ENDS: 87
11.11.2015 19:59:40 [0] INFO root TICK BEGINS: 88
11.11.2015 19:59:41 [0] INFO root TICK ENDS: 88
11.11.2015 19:59:41 [0] INFO root TICK BEGINS: 89
11.11.2015 19:59:42 [0] INFO root TICK ENDS: 89
11.11.2015 19:59:43 [0] INFO root TICK BEGINS: 90
11.11.2015 19:59:44 [0] INFO root TICK ENDS: 90
11.11.2015 19:59:45 [0] INFO root TICK BEGINS: 91
11.11.2015 19:59:45 [0] INFO root TICK ENDS: 91
11.11.2015 19:59:46 [0] INFO root TICK BEGINS: 92
11.11.2015 19:59:47 [0] INFO root TICK ENDS: 92
11.11.2015 19:59:48 [0] INFO root TICK BEGINS: 93
11.11.2015 19:59:49 [0] INFO root TICK ENDS: 93
11.11.2015 19:59:49 [0] INFO root TICK BEGINS: 94
11.11.2015 19:59:50 [0] INFO root TICK ENDS: 94
11.11.2015 19:59:51 [0] INFO root TICK BEGINS: 95
11.11.2015 19:59:52 [0] INFO root TICK ENDS: 95
11.11.2015 19:59:53 [0] INFO root TICK BEGINS: 96
11.11.2015 19:59:54 [0] INFO root TICK ENDS: 96
11.11.2015 19:59:54 [0] INFO root TICK BEGINS: 97
11.11.2015 19:59:55 [0] INFO root TICK ENDS: 97
11.11.2015 19:59:56 [0] INFO root TICK BEGINS: 98
11.11.2015 19:59:57 [0] INFO root TICK ENDS: 98
11.11.2015 19:59:57 [0] INFO root TICK BEGINS: 99
11.11.2015 19:59:58 [0] INFO root TICK ENDS: 99
11.11.2015 19:59:59 [0] INFO root TICK BEGINS: 100
11.11.2015 20:00:00 [0] INFO root TICK ENDS: 100
11.11.2015 20:00:02 [0] INFO root date_time.run = 11.11.2015 19:55:40
11.11.2015 20:00:02 [0] INFO root distribution.zombie_move = int_uniform, 0, 2
11.11.2015 20:00:02 [0] INFO root grid.buffer = 5
11.11.2015 20:00:02 [0] INFO root human.count = 500;
11.11.2015 20:00:02 [0] INFO root human.dataname = human_population
11.11.2015 20:00:02 [0] INFO root human.input.file = humans.h5
11.11.2015 20:00:02 [0] INFO root human.output.file = humans_out.h5
11.11.2015 20:00:02 [0] INFO root init.time = 3.77
11.11.2015 20:00:02 [0] INFO root max.x = 99
11.11.2015 20:00:02 [0] INFO root max.y = 99
11.11.2015 20:00:02 [0] INFO root min.x = 0
11.11.2015 20:00:02 [0] INFO root min.y = 0
11.11.2015 20:00:02 [0] INFO root output.interval = 10
11.11.2015 20:00:02 [0] INFO root proc.per.x = 20
11.11.2015 20:00:02 [0] INFO root proc.per.y = 20
11.11.2015 20:00:02 [0] INFO root process.count = 400
11.11.2015 20:00:02 [0] INFO root random.seed = 1284067381
11.11.2015 20:00:02 [0] INFO root run.time = 49.37
11.11.2015 20:00:02 [0] INFO root stop.at = 100
11.11.2015 20:00:02 [0] INFO root zombie.count = 5;
11.11.2015 20:00:02 [0] INFO root zombie.dataname = zombie_population
11.11.2015 20:00:02 [0] INFO root zombie.input.file = zombies.h5
11.11.2015 20:00:02 [0] INFO root zombie.output.file = zombies_out.h5

===================================================================================
=   BAD TERMINATION OF ONE OF YOUR APPLICATION PROCESSES
=   PID 57080 RUNNING AT n04
=   EXIT CODE: 11
=   CLEANING UP REMAINING PROCESSES
=   YOU CAN IGNORE THE BELOW CLEANUP MESSAGES
===================================================================================
