 Starting... 
12.11.2015 00:15:54 [0] INFO root TICK BEGINS: 1
12.11.2015 00:15:57 [0] INFO root TICK ENDS: 1
12.11.2015 00:15:58 [0] INFO root TICK BEGINS: 2
12.11.2015 00:16:00 [0] INFO root TICK ENDS: 2
12.11.2015 00:16:01 [0] INFO root TICK BEGINS: 3
12.11.2015 00:16:02 [0] INFO root TICK ENDS: 3
12.11.2015 00:16:02 [0] INFO root TICK BEGINS: 4
12.11.2015 00:16:03 [0] INFO root TICK ENDS: 4
12.11.2015 00:16:04 [0] INFO root TICK BEGINS: 5
12.11.2015 00:16:05 [0] INFO root TICK ENDS: 5
12.11.2015 00:16:06 [0] INFO root TICK BEGINS: 6
12.11.2015 00:16:07 [0] INFO root TICK ENDS: 6
12.11.2015 00:16:07 [0] INFO root TICK BEGINS: 7
12.11.2015 00:16:08 [0] INFO root TICK ENDS: 7
12.11.2015 00:16:09 [0] INFO root TICK BEGINS: 8
12.11.2015 00:16:10 [0] INFO root TICK ENDS: 8
12.11.2015 00:16:11 [0] INFO root TICK BEGINS: 9
12.11.2015 00:16:12 [0] INFO root TICK ENDS: 9
12.11.2015 00:16:12 [0] INFO root TICK BEGINS: 10
12.11.2015 00:16:13 [0] INFO root TICK ENDS: 10
12.11.2015 00:16:14 [0] INFO root TICK BEGINS: 11
12.11.2015 00:16:15 [0] INFO root TICK ENDS: 11
12.11.2015 00:16:16 [0] INFO root TICK BEGINS: 12
12.11.2015 00:16:17 [0] INFO root TICK ENDS: 12
12.11.2015 00:16:18 [0] INFO root TICK BEGINS: 13
12.11.2015 00:16:19 [0] INFO root TICK ENDS: 13
12.11.2015 00:16:20 [0] INFO root TICK BEGINS: 14
12.11.2015 00:16:21 [0] INFO root TICK ENDS: 14
12.11.2015 00:16:22 [0] INFO root TICK BEGINS: 15
12.11.2015 00:16:23 [0] INFO root TICK ENDS: 15
12.11.2015 00:16:24 [0] INFO root TICK BEGINS: 16
12.11.2015 00:16:25 [0] INFO root TICK ENDS: 16
12.11.2015 00:16:25 [0] INFO root TICK BEGINS: 17
12.11.2015 00:16:27 [0] INFO root TICK ENDS: 17
12.11.2015 00:16:27 [0] INFO root TICK BEGINS: 18
12.11.2015 00:16:29 [0] INFO root TICK ENDS: 18
12.11.2015 00:16:29 [0] INFO root TICK BEGINS: 19
12.11.2015 00:16:30 [0] INFO root TICK ENDS: 19
12.11.2015 00:16:31 [0] INFO root TICK BEGINS: 20
12.11.2015 00:16:33 [0] INFO root TICK ENDS: 20
12.11.2015 00:16:33 [0] INFO root TICK BEGINS: 21
12.11.2015 00:16:34 [0] INFO root TICK ENDS: 21
12.11.2015 00:16:35 [0] INFO root TICK BEGINS: 22
12.11.2015 00:16:37 [0] INFO root TICK ENDS: 22
12.11.2015 00:16:37 [0] INFO root TICK BEGINS: 23
12.11.2015 00:16:39 [0] INFO root TICK ENDS: 23
12.11.2015 00:16:39 [0] INFO root TICK BEGINS: 24
12.11.2015 00:16:41 [0] INFO root TICK ENDS: 24
12.11.2015 00:16:41 [0] INFO root TICK BEGINS: 25
12.11.2015 00:16:43 [0] INFO root TICK ENDS: 25
12.11.2015 00:16:43 [0] INFO root TICK BEGINS: 26
12.11.2015 00:16:45 [0] INFO root TICK ENDS: 26
12.11.2015 00:16:45 [0] INFO root TICK BEGINS: 27
12.11.2015 00:16:47 [0] INFO root TICK ENDS: 27
12.11.2015 00:16:47 [0] INFO root TICK BEGINS: 28
12.11.2015 00:16:49 [0] INFO root TICK ENDS: 28
12.11.2015 00:16:49 [0] INFO root TICK BEGINS: 29
12.11.2015 00:16:51 [0] INFO root TICK ENDS: 29
12.11.2015 00:16:51 [0] INFO root TICK BEGINS: 30
12.11.2015 00:16:53 [0] INFO root TICK ENDS: 30
12.11.2015 00:16:53 [0] INFO root TICK BEGINS: 31
12.11.2015 00:16:55 [0] INFO root TICK ENDS: 31
12.11.2015 00:16:55 [0] INFO root TICK BEGINS: 32
12.11.2015 00:16:57 [0] INFO root TICK ENDS: 32
12.11.2015 00:16:57 [0] INFO root TICK BEGINS: 33
12.11.2015 00:16:59 [0] INFO root TICK ENDS: 33
12.11.2015 00:17:00 [0] INFO root TICK BEGINS: 34
12.11.2015 00:17:01 [0] INFO root TICK ENDS: 34
12.11.2015 00:17:02 [0] INFO root TICK BEGINS: 35
12.11.2015 00:17:03 [0] INFO root TICK ENDS: 35
12.11.2015 00:17:04 [0] INFO root TICK BEGINS: 36
12.11.2015 00:17:05 [0] INFO root TICK ENDS: 36
12.11.2015 00:17:06 [0] INFO root TICK BEGINS: 37
12.11.2015 00:17:08 [0] INFO root TICK ENDS: 37
12.11.2015 00:17:08 [0] INFO root TICK BEGINS: 38
12.11.2015 00:17:10 [0] INFO root TICK ENDS: 38
12.11.2015 00:17:10 [0] INFO root TICK BEGINS: 39
12.11.2015 00:17:12 [0] INFO root TICK ENDS: 39
12.11.2015 00:17:13 [0] INFO root TICK BEGINS: 40
12.11.2015 00:17:14 [0] INFO root TICK ENDS: 40
12.11.2015 00:17:15 [0] INFO root TICK BEGINS: 41
12.11.2015 00:17:17 [0] INFO root TICK ENDS: 41
12.11.2015 00:17:17 [0] INFO root TICK BEGINS: 42
12.11.2015 00:17:19 [0] INFO root TICK ENDS: 42
12.11.2015 00:17:20 [0] INFO root TICK BEGINS: 43
12.11.2015 00:17:21 [0] INFO root TICK ENDS: 43
12.11.2015 00:17:22 [0] INFO root TICK BEGINS: 44
12.11.2015 00:17:23 [0] INFO root TICK ENDS: 44
12.11.2015 00:17:24 [0] INFO root TICK BEGINS: 45
12.11.2015 00:17:25 [0] INFO root TICK ENDS: 45
12.11.2015 00:17:26 [0] INFO root TICK BEGINS: 46
12.11.2015 00:17:28 [0] INFO root TICK ENDS: 46
12.11.2015 00:17:28 [0] INFO root TICK BEGINS: 47
12.11.2015 00:17:30 [0] INFO root TICK ENDS: 47
12.11.2015 00:17:31 [0] INFO root TICK BEGINS: 48
12.11.2015 00:17:32 [0] INFO root TICK ENDS: 48
12.11.2015 00:17:33 [0] INFO root TICK BEGINS: 49
12.11.2015 00:17:34 [0] INFO root TICK ENDS: 49
12.11.2015 00:17:35 [0] INFO root TICK BEGINS: 50
12.11.2015 00:17:37 [0] INFO root TICK ENDS: 50
12.11.2015 00:17:37 [0] INFO root TICK BEGINS: 51
12.11.2015 00:17:39 [0] INFO root TICK ENDS: 51
12.11.2015 00:17:40 [0] INFO root TICK BEGINS: 52
12.11.2015 00:17:41 [0] INFO root TICK ENDS: 52
12.11.2015 00:17:42 [0] INFO root TICK BEGINS: 53
12.11.2015 00:17:44 [0] INFO root TICK ENDS: 53
12.11.2015 00:17:45 [0] INFO root TICK BEGINS: 54
12.11.2015 00:17:46 [0] INFO root TICK ENDS: 54
12.11.2015 00:17:47 [0] INFO root TICK BEGINS: 55
12.11.2015 00:17:48 [0] INFO root TICK ENDS: 55
12.11.2015 00:17:50 [0] INFO root TICK BEGINS: 56
12.11.2015 00:17:51 [0] INFO root TICK ENDS: 56
12.11.2015 00:17:52 [0] INFO root TICK BEGINS: 57
12.11.2015 00:17:53 [0] INFO root TICK ENDS: 57
12.11.2015 00:17:54 [0] INFO root TICK BEGINS: 58
12.11.2015 00:17:56 [0] INFO root TICK ENDS: 58
12.11.2015 00:17:57 [0] INFO root TICK BEGINS: 59
12.11.2015 00:17:58 [0] INFO root TICK ENDS: 59
12.11.2015 00:17:59 [0] INFO root TICK BEGINS: 60
12.11.2015 00:18:00 [0] INFO root TICK ENDS: 60
12.11.2015 00:18:01 [0] INFO root TICK BEGINS: 61
12.11.2015 00:18:03 [0] INFO root TICK ENDS: 61
12.11.2015 00:18:04 [0] INFO root TICK BEGINS: 62
12.11.2015 00:18:05 [0] INFO root TICK ENDS: 62
12.11.2015 00:18:06 [0] INFO root TICK BEGINS: 63
12.11.2015 00:18:07 [0] INFO root TICK ENDS: 63
12.11.2015 00:18:08 [0] INFO root TICK BEGINS: 64
12.11.2015 00:18:10 [0] INFO root TICK ENDS: 64
12.11.2015 00:18:11 [0] INFO root TICK BEGINS: 65
12.11.2015 00:18:12 [0] INFO root TICK ENDS: 65
12.11.2015 00:18:13 [0] INFO root TICK BEGINS: 66
12.11.2015 00:18:14 [0] INFO root TICK ENDS: 66
12.11.2015 00:18:15 [0] INFO root TICK BEGINS: 67
12.11.2015 00:18:16 [0] INFO root TICK ENDS: 67
12.11.2015 00:18:17 [0] INFO root TICK BEGINS: 68
12.11.2015 00:18:19 [0] INFO root TICK ENDS: 68
12.11.2015 00:18:19 [0] INFO root TICK BEGINS: 69
12.11.2015 00:18:21 [0] INFO root TICK ENDS: 69
12.11.2015 00:18:22 [0] INFO root TICK BEGINS: 70
12.11.2015 00:18:23 [0] INFO root TICK ENDS: 70
12.11.2015 00:18:24 [0] INFO root TICK BEGINS: 71
12.11.2015 00:18:25 [0] INFO root TICK ENDS: 71
12.11.2015 00:18:26 [0] INFO root TICK BEGINS: 72
12.11.2015 00:18:27 [0] INFO root TICK ENDS: 72
12.11.2015 00:18:28 [0] INFO root TICK BEGINS: 73
12.11.2015 00:18:29 [0] INFO root TICK ENDS: 73
12.11.2015 00:18:30 [0] INFO root TICK BEGINS: 74
12.11.2015 00:18:31 [0] INFO root TICK ENDS: 74
12.11.2015 00:18:32 [0] INFO root TICK BEGINS: 75
12.11.2015 00:18:33 [0] INFO root TICK ENDS: 75
12.11.2015 00:18:34 [0] INFO root TICK BEGINS: 76
12.11.2015 00:18:35 [0] INFO root TICK ENDS: 76
12.11.2015 00:18:36 [0] INFO root TICK BEGINS: 77
12.11.2015 00:18:38 [0] INFO root TICK ENDS: 77
12.11.2015 00:18:38 [0] INFO root TICK BEGINS: 78
12.11.2015 00:18:40 [0] INFO root TICK ENDS: 78
12.11.2015 00:18:40 [0] INFO root TICK BEGINS: 79
12.11.2015 00:18:42 [0] INFO root TICK ENDS: 79
12.11.2015 00:18:43 [0] INFO root TICK BEGINS: 80
12.11.2015 00:18:44 [0] INFO root TICK ENDS: 80
12.11.2015 00:18:45 [0] INFO root TICK BEGINS: 81
12.11.2015 00:18:46 [0] INFO root TICK ENDS: 81
12.11.2015 00:18:47 [0] INFO root TICK BEGINS: 82
12.11.2015 00:18:48 [0] INFO root TICK ENDS: 82
12.11.2015 00:18:49 [0] INFO root TICK BEGINS: 83
12.11.2015 00:18:50 [0] INFO root TICK ENDS: 83
12.11.2015 00:18:51 [0] INFO root TICK BEGINS: 84
12.11.2015 00:18:52 [0] INFO root TICK ENDS: 84
12.11.2015 00:18:53 [0] INFO root TICK BEGINS: 85
12.11.2015 00:18:54 [0] INFO root TICK ENDS: 85
12.11.2015 00:18:55 [0] INFO root TICK BEGINS: 86
12.11.2015 00:18:56 [0] INFO root TICK ENDS: 86
12.11.2015 00:18:57 [0] INFO root TICK BEGINS: 87
12.11.2015 00:18:58 [0] INFO root TICK ENDS: 87
12.11.2015 00:18:59 [0] INFO root TICK BEGINS: 88
12.11.2015 00:19:00 [0] INFO root TICK ENDS: 88
12.11.2015 00:19:01 [0] INFO root TICK BEGINS: 89
12.11.2015 00:19:02 [0] INFO root TICK ENDS: 89
12.11.2015 00:19:03 [0] INFO root TICK BEGINS: 90
12.11.2015 00:19:04 [0] INFO root TICK ENDS: 90
12.11.2015 00:19:05 [0] INFO root TICK BEGINS: 91
12.11.2015 00:19:06 [0] INFO root TICK ENDS: 91
12.11.2015 00:19:07 [0] INFO root TICK BEGINS: 92
12.11.2015 00:19:08 [0] INFO root TICK ENDS: 92
12.11.2015 00:19:09 [0] INFO root TICK BEGINS: 93
12.11.2015 00:19:10 [0] INFO root TICK ENDS: 93
12.11.2015 00:19:11 [0] INFO root TICK BEGINS: 94
12.11.2015 00:19:12 [0] INFO root TICK ENDS: 94
12.11.2015 00:19:13 [0] INFO root TICK BEGINS: 95
12.11.2015 00:19:14 [0] INFO root TICK ENDS: 95
12.11.2015 00:19:15 [0] INFO root TICK BEGINS: 96
12.11.2015 00:19:16 [0] INFO root TICK ENDS: 96
12.11.2015 00:19:17 [0] INFO root TICK BEGINS: 97
12.11.2015 00:19:18 [0] INFO root TICK ENDS: 97
12.11.2015 00:19:19 [0] INFO root TICK BEGINS: 98
12.11.2015 00:19:20 [0] INFO root TICK ENDS: 98
12.11.2015 00:19:21 [0] INFO root TICK BEGINS: 99
12.11.2015 00:19:22 [0] INFO root TICK ENDS: 99
12.11.2015 00:19:23 [0] INFO root TICK BEGINS: 100
12.11.2015 00:19:24 [0] INFO root TICK ENDS: 100
12.11.2015 00:19:26 [0] INFO root date_time.run = 12.11.2015 00:14:51
12.11.2015 00:19:26 [0] INFO root distribution.zombie_move = int_uniform, 0, 2
12.11.2015 00:19:26 [0] INFO root grid.buffer = 5
12.11.2015 00:19:26 [0] INFO root human.count = 500;
12.11.2015 00:19:26 [0] INFO root human.dataname = human_population
12.11.2015 00:19:26 [0] INFO root human.input.file = humans.h5
12.11.2015 00:19:26 [0] INFO root human.output.file = humans_out.h5
12.11.2015 00:19:26 [0] INFO root init.time = 4.19
12.11.2015 00:19:26 [0] INFO root max.x = 99
12.11.2015 00:19:26 [0] INFO root max.y = 99
12.11.2015 00:19:26 [0] INFO root min.x = 0
12.11.2015 00:19:26 [0] INFO root min.y = 0
12.11.2015 00:19:26 [0] INFO root output.interval = 10
12.11.2015 00:19:26 [0] INFO root proc.per.x = 20
12.11.2015 00:19:26 [0] INFO root proc.per.y = 20
12.11.2015 00:19:26 [0] INFO root process.count = 400
12.11.2015 00:19:26 [0] INFO root random.seed = 1284067381
12.11.2015 00:19:26 [0] INFO root run.time = 47.36
12.11.2015 00:19:26 [0] INFO root stop.at = 100
12.11.2015 00:19:26 [0] INFO root zombie.count = 5;
12.11.2015 00:19:26 [0] INFO root zombie.dataname = zombie_population
12.11.2015 00:19:26 [0] INFO root zombie.input.file = zombies.h5
12.11.2015 00:19:26 [0] INFO root zombie.output.file = zombies_out.h5

===================================================================================
=   BAD TERMINATION OF ONE OF YOUR APPLICATION PROCESSES
=   PID 14763 RUNNING AT n04
=   EXIT CODE: 11
=   CLEANING UP REMAINING PROCESSES
=   YOU CAN IGNORE THE BELOW CLEANUP MESSAGES
===================================================================================
