06.11.2015 23:56:39 [0] INFO root TICK BEGINS: 1
06.11.2015 23:56:39 [0] INFO root TICK ENDS: 1
06.11.2015 23:56:39 [0] INFO root TICK BEGINS: 2
06.11.2015 23:56:39 [0] INFO root TICK ENDS: 2
06.11.2015 23:56:39 [0] INFO root TICK BEGINS: 3
06.11.2015 23:56:39 [0] INFO root TICK ENDS: 3
06.11.2015 23:56:39 [0] INFO root TICK BEGINS: 4
06.11.2015 23:56:39 [0] INFO root TICK ENDS: 4
06.11.2015 23:56:39 [0] INFO root TICK BEGINS: 5
06.11.2015 23:56:39 [0] INFO root TICK ENDS: 5
06.11.2015 23:56:39 [0] INFO root TICK BEGINS: 6
06.11.2015 23:56:39 [0] INFO root TICK ENDS: 6
06.11.2015 23:56:39 [0] INFO root TICK BEGINS: 7
06.11.2015 23:56:39 [0] INFO root TICK ENDS: 7
06.11.2015 23:56:39 [0] INFO root TICK BEGINS: 8
06.11.2015 23:56:39 [0] INFO root TICK ENDS: 8
06.11.2015 23:56:40 [0] INFO root TICK BEGINS: 9
06.11.2015 23:56:40 [0] INFO root TICK ENDS: 9
06.11.2015 23:56:40 [0] INFO root TICK BEGINS: 10
06.11.2015 23:56:40 [0] INFO root TICK ENDS: 10
06.11.2015 23:56:40 [0] INFO root date_time.run = 06.11.2015 23:56:39
06.11.2015 23:56:40 [0] INFO root distribution.zombie_move = int_uniform, 0, 2
06.11.2015 23:56:40 [0] INFO root grid.buffer = 2
06.11.2015 23:56:40 [0] INFO root human.count = 500;
06.11.2015 23:56:40 [0] INFO root human.dataname = human_population
06.11.2015 23:56:40 [0] INFO root human.input.file = human.h5
06.11.2015 23:56:40 [0] INFO root human.output.file = human_out.h5
06.11.2015 23:56:40 [0] INFO root init.time = 0.01
06.11.2015 23:56:40 [0] INFO root max.x = 7
06.11.2015 23:56:40 [0] INFO root max.y = 7
06.11.2015 23:56:40 [0] INFO root min.x = 0
06.11.2015 23:56:40 [0] INFO root min.y = 0
06.11.2015 23:56:40 [0] INFO root output.interval = 2
06.11.2015 23:56:40 [0] INFO root proc.per.x = 2
06.11.2015 23:56:40 [0] INFO root proc.per.y = 2
06.11.2015 23:56:40 [0] INFO root process.count = 4
06.11.2015 23:56:40 [0] INFO root random.seed = 1446872199
06.11.2015 23:56:40 [0] INFO root run.time = 0.59
06.11.2015 23:56:40 [0] INFO root stop.at = 10
06.11.2015 23:56:40 [0] INFO root zombie.count = 5;
06.11.2015 23:56:40 [0] INFO root zombie.dataname = zombie_population
06.11.2015 23:56:40 [0] INFO root zombie.input.file = zombie.h5
06.11.2015 23:56:40 [0] INFO root zombie.output.file = zombie_out.h5
07.11.2015 00:08:56 [0] INFO root TICK BEGINS: 1
07.11.2015 00:08:56 [0] INFO root TICK ENDS: 1
07.11.2015 00:19:02 [0] INFO root TICK BEGINS: 1
07.11.2015 00:19:02 [0] INFO root TICK ENDS: 1
07.11.2015 00:20:08 [0] INFO root TICK BEGINS: 1
07.11.2015 00:22:28 [0] INFO root TICK BEGINS: 1
07.11.2015 00:26:56 [0] INFO root TICK BEGINS: 1
07.11.2015 00:26:56 [0] INFO root TICK ENDS: 1
07.11.2015 00:26:57 [0] INFO root TICK BEGINS: 1
07.11.2015 00:26:57 [0] INFO root TICK ENDS: 1
07.11.2015 00:34:56 [0] INFO root TICK BEGINS: 1
07.11.2015 00:34:57 [0] INFO root TICK ENDS: 1
07.11.2015 00:34:57 [0] INFO root TICK BEGINS: 2
07.11.2015 00:34:57 [0] INFO root TICK ENDS: 2
07.11.2015 00:34:57 [0] INFO root TICK BEGINS: 3
07.11.2015 00:34:57 [0] INFO root TICK ENDS: 3
07.11.2015 00:34:57 [0] INFO root TICK BEGINS: 4
07.11.2015 00:34:57 [0] INFO root TICK ENDS: 4
07.11.2015 00:34:57 [0] INFO root TICK BEGINS: 5
07.11.2015 00:34:57 [0] INFO root TICK ENDS: 5
07.11.2015 00:34:57 [0] INFO root TICK BEGINS: 6
07.11.2015 00:34:57 [0] INFO root TICK ENDS: 6
07.11.2015 00:34:57 [0] INFO root TICK BEGINS: 7
07.11.2015 00:34:57 [0] INFO root TICK ENDS: 7
07.11.2015 00:34:57 [0] INFO root TICK BEGINS: 8
07.11.2015 00:34:57 [0] INFO root TICK ENDS: 8
07.11.2015 00:34:57 [0] INFO root TICK BEGINS: 9
07.11.2015 00:34:57 [0] INFO root TICK ENDS: 9
07.11.2015 00:34:57 [0] INFO root TICK BEGINS: 10
07.11.2015 00:34:57 [0] INFO root TICK ENDS: 10
07.11.2015 00:34:57 [0] INFO root date_time.run = 07.11.2015 00:34:56
07.11.2015 00:34:57 [0] INFO root distribution.zombie_move = int_uniform, 0, 2
07.11.2015 00:34:57 [0] INFO root grid.buffer = 2
07.11.2015 00:34:57 [0] INFO root human.count = 500;
07.11.2015 00:34:57 [0] INFO root human.dataname = human_population
07.11.2015 00:34:57 [0] INFO root human.input.file = human.h5
07.11.2015 00:34:57 [0] INFO root human.output.file = human_out.h5
07.11.2015 00:34:57 [0] INFO root init.time = 0.01
07.11.2015 00:34:57 [0] INFO root max.x = 7
07.11.2015 00:34:57 [0] INFO root max.y = 7
07.11.2015 00:34:57 [0] INFO root min.x = 0
07.11.2015 00:34:57 [0] INFO root min.y = 0
07.11.2015 00:34:57 [0] INFO root output.interval = 2
07.11.2015 00:34:57 [0] INFO root proc.per.x = 2
07.11.2015 00:34:57 [0] INFO root proc.per.y = 2
07.11.2015 00:34:57 [0] INFO root process.count = 4
07.11.2015 00:34:57 [0] INFO root random.seed = 1446874496
07.11.2015 00:34:57 [0] INFO root run.time = 0.54
07.11.2015 00:34:57 [0] INFO root stop.at = 10
07.11.2015 00:34:57 [0] INFO root zombie.count = 5;
07.11.2015 00:34:57 [0] INFO root zombie.dataname = zombie_population
07.11.2015 00:34:57 [0] INFO root zombie.input.file = zombie.h5
07.11.2015 00:34:57 [0] INFO root zombie.output.file = zombie_out.h5
10.11.2015 03:19:38 [0] INFO root TICK BEGINS: 1
10.11.2015 03:19:38 [0] INFO root TICK ENDS: 1
10.11.2015 03:19:38 [0] INFO root TICK BEGINS: 2
10.11.2015 03:19:38 [0] INFO root TICK ENDS: 2
10.11.2015 03:19:38 [0] INFO root TICK BEGINS: 3
10.11.2015 03:19:38 [0] INFO root TICK ENDS: 3
10.11.2015 03:19:38 [0] INFO root TICK BEGINS: 4
10.11.2015 03:19:38 [0] INFO root TICK ENDS: 4
10.11.2015 03:19:38 [0] INFO root TICK BEGINS: 5
10.11.2015 03:19:38 [0] INFO root TICK ENDS: 5
10.11.2015 03:19:38 [0] INFO root TICK BEGINS: 6
10.11.2015 03:19:38 [0] INFO root TICK ENDS: 6
10.11.2015 03:19:38 [0] INFO root TICK BEGINS: 7
10.11.2015 03:19:38 [0] INFO root TICK ENDS: 7
10.11.2015 03:19:38 [0] INFO root TICK BEGINS: 8
10.11.2015 03:19:38 [0] INFO root TICK ENDS: 8
10.11.2015 03:19:38 [0] INFO root TICK BEGINS: 9
10.11.2015 03:19:38 [0] INFO root TICK ENDS: 9
10.11.2015 03:19:38 [0] INFO root TICK BEGINS: 10
10.11.2015 03:19:38 [0] INFO root TICK ENDS: 10
10.11.2015 03:19:38 [0] INFO root date_time.run = 10.11.2015 03:19:38
10.11.2015 03:19:38 [0] INFO root distribution.zombie_move = int_uniform, 0, 2
10.11.2015 03:19:38 [0] INFO root grid.buffer = 2
10.11.2015 03:19:38 [0] INFO root human.count = 500;
10.11.2015 03:19:38 [0] INFO root human.dataname = human_population
10.11.2015 03:19:38 [0] INFO root human.input.file = human.h5
10.11.2015 03:19:38 [0] INFO root human.output.file = human_out.h5
10.11.2015 03:19:38 [0] INFO root init.time = 0.03
10.11.2015 03:19:38 [0] INFO root max.x = 7
10.11.2015 03:19:38 [0] INFO root max.y = 7
10.11.2015 03:19:38 [0] INFO root min.x = 0
10.11.2015 03:19:38 [0] INFO root min.y = 0
10.11.2015 03:19:38 [0] INFO root output.interval = 2
10.11.2015 03:19:38 [0] INFO root proc.per.x = 2
10.11.2015 03:19:38 [0] INFO root proc.per.y = 2
10.11.2015 03:19:38 [0] INFO root process.count = 4
10.11.2015 03:19:38 [0] INFO root random.seed = 1447125578
10.11.2015 03:19:38 [0] INFO root run.time = 0.43
10.11.2015 03:19:38 [0] INFO root stop.at = 10
10.11.2015 03:19:38 [0] INFO root zombie.count = 5;
10.11.2015 03:19:38 [0] INFO root zombie.dataname = zombie_population
10.11.2015 03:19:38 [0] INFO root zombie.input.file = zombie.h5
10.11.2015 03:19:38 [0] INFO root zombie.output.file = zombie_out.h5
