This file contains any messages produced by compilers while
running configure, to aid debugging if configure makes a mistake.

It was created by configure, which was
generated by GNU Autoconf 2.63.  Invocation command line was

  $ ./configure --disable-option-checking --prefix=/home/aballmer/new/SCC15HPCRepast/ext//MPICH --enable-shared --disable-f77 --disable-fc MPI_CC=/home/aballmer/new/SCC15HPCRepast/INSTALLATION/mpich2-1.4.1p1/bin/mpicc MPI_F77=/home/aballmer/new/SCC15HPCRepast/INSTALLATION/mpich2-1.4.1p1/bin/mpif77 CC=gcc CFLAGS=   -O2 LDFLAGS=  LIBS=-lrt -lpthread   CPPFLAGS= -I/home/aballmer/new/SCC15HPCRepast/INSTALLATION/mpich2-1.4.1p1/src/mpl/include -I/home/aballmer/new/SCC15HPCRepast/INSTALLATION/mpich2-1.4.1p1/src/mpl/include -I/home/aballmer/new/SCC15HPCRepast/INSTALLATION/mpich2-1.4.1p1/src/openpa/src -I/home/aballmer/new/SCC15HPCRepast/INSTALLATION/mpich2-1.4.1p1/src/openpa/src -I/home/aballmer/new/SCC15HPCRepast/INSTALLATION/mpich2-1.4.1p1/src/mpid/ch3/include -I/home/aballmer/new/SCC15HPCRepast/INSTALLATION/mpich2-1.4.1p1/src/mpid/ch3/include -I/home/aballmer/new/SCC15HPCRepast/INSTALLATION/mpich2-1.4.1p1/src/mpid/common/datatype -I/home/aballmer/new/SCC15HPCRepast/INSTALLATION/mpich2-1.4.1p1/src/mpid/common/datatype -I/home/aballmer/new/SCC15HPCRepast/INSTALLATION/mpich2-1.4.1p1/src/mpid/common/locks -I/home/aballmer/new/SCC15HPCRepast/INSTALLATION/mpich2-1.4.1p1/src/mpid/common/locks -I/home/aballmer/new/SCC15HPCRepast/INSTALLATION/mpich2-1.4.1p1/src/mpid/ch3/channels/nemesis/include -I/home/aballmer/new/SCC15HPCRepast/INSTALLATION/mpich2-1.4.1p1/src/mpid/ch3/channels/nemesis/include -I/home/aballmer/new/SCC15HPCRepast/INSTALLATION/mpich2-1.4.1p1/src/mpid/ch3/channels/nemesis/nemesis/include -I/home/aballmer/new/SCC15HPCRepast/INSTALLATION/mpich2-1.4.1p1/src/mpid/ch3/channels/nemesis/nemesis/include -I/home/aballmer/new/SCC15HPCRepast/INSTALLATION/mpich2-1.4.1p1/src/mpid/ch3/channels/nemesis/nemesis/utils/monitor -I/home/aballmer/new/SCC15HPCRepast/INSTALLATION/mpich2-1.4.1p1/src/mpid/ch3/channels/nemesis/nemesis/utils/monitor -I/home/aballmer/new/SCC15HPCRepast/INSTALLATION/mpich2-1.4.1p1/src/util/wrappers -I/home/aballmer/new/SCC15HPCRepast/INSTALLATION/mpich2-1.4.1p1/src/util/wrappers FFLAGS=  --cache-file=/dev/null --srcdir=.

## --------- ##
## Platform. ##
## --------- ##

hostname = n00.localdomain
uname -m = x86_64
uname -r = 3.10.0-229.11.1.el7.x86_64
uname -s = Linux
uname -v = #1 SMP Thu Aug 6 01:06:18 UTC 2015

/usr/bin/uname -p = x86_64
/bin/uname -X     = unknown

/bin/arch              = x86_64
/usr/bin/arch -k       = unknown
/usr/convex/getsysinfo = unknown
/usr/bin/hostinfo      = unknown
/bin/machine           = unknown
/usr/bin/oslevel       = unknown
/bin/universe          = unknown

PATH: /home/aballmer/new/SCC15HPCRepast/ext/MPICH/bin/
PATH: /opt/intel/compilers_and_libraries_2016.0.109/linux/bin/intel64
PATH: /opt/intel/compilers_and_libraries_2016.0.109/linux/mpi/intel64/bin
PATH: /opt/intel/debugger_2016/gdb/intel64_mic/bin
PATH: /home/aballmer/SCC15HPCRepast/ext/MPICH/bin/
PATH: /home/aballmer/SCC15HPCRepast/ext/MPICH/bin/
PATH: /home/aballmer/perl5/bin
PATH: /usr/local/bin
PATH: /usr/bin
PATH: /usr/local/sbin
PATH: /usr/sbin
PATH: /home/aballmer/.local/bin
PATH: /home/aballmer/bin
PATH: /home/aballmer/.local/bin
PATH: /home/aballmer/bin


## ----------- ##
## Core tests. ##
## ----------- ##

configure:1808: checking for current directory name
configure:1857: result: /home/aballmer/new/SCC15HPCRepast/INSTALLATION/mpich2-1.4.1p1/src/mpe2/src/misc
configure:1892: checking gnumake
configure:1907: result: yes using --no-print-directory
configure:1921: checking BSD 4.4 make
configure:1941: result: no - whew
configure:1947: checking OSF V3 make
configure:1966: result: no
configure:1973: checking for virtual path format
configure:1988: result: VPATH
configure:2079: checking build system type
configure:2097: result: x86_64-unknown-linux-gnu
configure:2119: checking host system type
configure:2134: result: x86_64-unknown-linux-gnu
configure:2274: checking for gcc
configure:2301: result: gcc
configure:2533: checking for C compiler version
configure:2541: gcc --version >&5
gcc (GCC) 4.8.3 20140911 (Red Hat 4.8.3-9)
Copyright (C) 2013 Free Software Foundation, Inc.
This is free software; see the source for copying conditions.  There is NO
warranty; not even for MERCHANTABILITY or FITNESS FOR A PARTICULAR PURPOSE.

configure:2545: $? = 0
configure:2552: gcc -v >&5
Using built-in specs.
COLLECT_GCC=gcc
COLLECT_LTO_WRAPPER=/usr/libexec/gcc/x86_64-redhat-linux/4.8.3/lto-wrapper
Target: x86_64-redhat-linux
Configured with: ../configure --prefix=/usr --mandir=/usr/share/man --infodir=/usr/share/info --with-bugurl=http://bugzilla.redhat.com/bugzilla --enable-bootstrap --enable-shared --enable-threads=posix --enable-checking=release --with-system-zlib --enable-__cxa_atexit --disable-libunwind-exceptions --enable-gnu-unique-object --enable-linker-build-id --with-linker-hash-style=gnu --enable-languages=c,c++,objc,obj-c++,java,fortran,ada,go,lto --enable-plugin --enable-initfini-array --disable-libgcj --with-isl=/builddir/build/BUILD/gcc-4.8.3-20140911/obj-x86_64-redhat-linux/isl-install --with-cloog=/builddir/build/BUILD/gcc-4.8.3-20140911/obj-x86_64-redhat-linux/cloog-install --enable-gnu-indirect-function --with-tune=generic --with-arch_32=x86-64 --build=x86_64-redhat-linux
Thread model: posix
gcc version 4.8.3 20140911 (Red Hat 4.8.3-9) (GCC) 
configure:2556: $? = 0
configure:2563: gcc -V >&5
gcc: error: unrecognized command line option '-V'
gcc: fatal error: no input files
compilation terminated.
configure:2567: $? = 4
configure:2590: checking for C compiler default output file name
configure:2612: gcc    -O2 -DMPI_LINUX  -I/home/aballmer/new/SCC15HPCRepast/INSTALLATION/mpich2-1.4.1p1/src/mpl/include -I/home/aballmer/new/SCC15HPCRepast/INSTALLATION/mpich2-1.4.1p1/src/mpl/include -I/home/aballmer/new/SCC15HPCRepast/INSTALLATION/mpich2-1.4.1p1/src/openpa/src -I/home/aballmer/new/SCC15HPCRepast/INSTALLATION/mpich2-1.4.1p1/src/openpa/src -I/home/aballmer/new/SCC15HPCRepast/INSTALLATION/mpich2-1.4.1p1/src/mpid/ch3/include -I/home/aballmer/new/SCC15HPCRepast/INSTALLATION/mpich2-1.4.1p1/src/mpid/ch3/include -I/home/aballmer/new/SCC15HPCRepast/INSTALLATION/mpich2-1.4.1p1/src/mpid/common/datatype -I/home/aballmer/new/SCC15HPCRepast/INSTALLATION/mpich2-1.4.1p1/src/mpid/common/datatype -I/home/aballmer/new/SCC15HPCRepast/INSTALLATION/mpich2-1.4.1p1/src/mpid/common/locks -I/home/aballmer/new/SCC15HPCRepast/INSTALLATION/mpich2-1.4.1p1/src/mpid/common/locks -I/home/aballmer/new/SCC15HPCRepast/INSTALLATION/mpich2-1.4.1p1/src/mpid/ch3/channels/nemesis/include -I/home/aballmer/new/SCC15HPCRepast/INSTALLATION/mpich2-1.4.1p1/src/mpid/ch3/channels/nemesis/include -I/home/aballmer/new/SCC15HPCRepast/INSTALLATION/mpich2-1.4.1p1/src/mpid/ch3/channels/nemesis/nemesis/include -I/home/aballmer/new/SCC15HPCRepast/INSTALLATION/mpich2-1.4.1p1/src/mpid/ch3/channels/nemesis/nemesis/include -I/home/aballmer/new/SCC15HPCRepast/INSTALLATION/mpich2-1.4.1p1/src/mpid/ch3/channels/nemesis/nemesis/utils/monitor -I/home/aballmer/new/SCC15HPCRepast/INSTALLATION/mpich2-1.4.1p1/src/mpid/ch3/channels/nemesis/nemesis/utils/monitor -I/home/aballmer/new/SCC15HPCRepast/INSTALLATION/mpich2-1.4.1p1/src/util/wrappers -I/home/aballmer/new/SCC15HPCRepast/INSTALLATION/mpich2-1.4.1p1/src/util/wrappers   conftest.c -lrt -lpthread   >&5
configure:2616: $? = 0
configure:2654: result: a.out
configure:2673: checking whether the C compiler works
configure:2683: ./a.out
configure:2687: $? = 0
configure:2706: result: yes
configure:2713: checking whether we are cross compiling
configure:2715: result: no
configure:2718: checking for suffix of executables
configure:2725: gcc -o conftest    -O2 -DMPI_LINUX  -I/home/aballmer/new/SCC15HPCRepast/INSTALLATION/mpich2-1.4.1p1/src/mpl/include -I/home/aballmer/new/SCC15HPCRepast/INSTALLATION/mpich2-1.4.1p1/src/mpl/include -I/home/aballmer/new/SCC15HPCRepast/INSTALLATION/mpich2-1.4.1p1/src/openpa/src -I/home/aballmer/new/SCC15HPCRepast/INSTALLATION/mpich2-1.4.1p1/src/openpa/src -I/home/aballmer/new/SCC15HPCRepast/INSTALLATION/mpich2-1.4.1p1/src/mpid/ch3/include -I/home/aballmer/new/SCC15HPCRepast/INSTALLATION/mpich2-1.4.1p1/src/mpid/ch3/include -I/home/aballmer/new/SCC15HPCRepast/INSTALLATION/mpich2-1.4.1p1/src/mpid/common/datatype -I/home/aballmer/new/SCC15HPCRepast/INSTALLATION/mpich2-1.4.1p1/src/mpid/common/datatype -I/home/aballmer/new/SCC15HPCRepast/INSTALLATION/mpich2-1.4.1p1/src/mpid/common/locks -I/home/aballmer/new/SCC15HPCRepast/INSTALLATION/mpich2-1.4.1p1/src/mpid/common/locks -I/home/aballmer/new/SCC15HPCRepast/INSTALLATION/mpich2-1.4.1p1/src/mpid/ch3/channels/nemesis/include -I/home/aballmer/new/SCC15HPCRepast/INSTALLATION/mpich2-1.4.1p1/src/mpid/ch3/channels/nemesis/include -I/home/aballmer/new/SCC15HPCRepast/INSTALLATION/mpich2-1.4.1p1/src/mpid/ch3/channels/nemesis/nemesis/include -I/home/aballmer/new/SCC15HPCRepast/INSTALLATION/mpich2-1.4.1p1/src/mpid/ch3/channels/nemesis/nemesis/include -I/home/aballmer/new/SCC15HPCRepast/INSTALLATION/mpich2-1.4.1p1/src/mpid/ch3/channels/nemesis/nemesis/utils/monitor -I/home/aballmer/new/SCC15HPCRepast/INSTALLATION/mpich2-1.4.1p1/src/mpid/ch3/channels/nemesis/nemesis/utils/monitor -I/home/aballmer/new/SCC15HPCRepast/INSTALLATION/mpich2-1.4.1p1/src/util/wrappers -I/home/aballmer/new/SCC15HPCRepast/INSTALLATION/mpich2-1.4.1p1/src/util/wrappers   conftest.c -lrt -lpthread   >&5
configure:2729: $? = 0
configure:2755: result: 
configure:2761: checking for suffix of object files
configure:2787: gcc -c    -O2 -DMPI_LINUX  -I/home/aballmer/new/SCC15HPCRepast/INSTALLATION/mpich2-1.4.1p1/src/mpl/include -I/home/aballmer/new/SCC15HPCRepast/INSTALLATION/mpich2-1.4.1p1/src/mpl/include -I/home/aballmer/new/SCC15HPCRepast/INSTALLATION/mpich2-1.4.1p1/src/openpa/src -I/home/aballmer/new/SCC15HPCRepast/INSTALLATION/mpich2-1.4.1p1/src/openpa/src -I/home/aballmer/new/SCC15HPCRepast/INSTALLATION/mpich2-1.4.1p1/src/mpid/ch3/include -I/home/aballmer/new/SCC15HPCRepast/INSTALLATION/mpich2-1.4.1p1/src/mpid/ch3/include -I/home/aballmer/new/SCC15HPCRepast/INSTALLATION/mpich2-1.4.1p1/src/mpid/common/datatype -I/home/aballmer/new/SCC15HPCRepast/INSTALLATION/mpich2-1.4.1p1/src/mpid/common/datatype -I/home/aballmer/new/SCC15HPCRepast/INSTALLATION/mpich2-1.4.1p1/src/mpid/common/locks -I/home/aballmer/new/SCC15HPCRepast/INSTALLATION/mpich2-1.4.1p1/src/mpid/common/locks -I/home/aballmer/new/SCC15HPCRepast/INSTALLATION/mpich2-1.4.1p1/src/mpid/ch3/channels/nemesis/include -I/home/aballmer/new/SCC15HPCRepast/INSTALLATION/mpich2-1.4.1p1/src/mpid/ch3/channels/nemesis/include -I/home/aballmer/new/SCC15HPCRepast/INSTALLATION/mpich2-1.4.1p1/src/mpid/ch3/channels/nemesis/nemesis/include -I/home/aballmer/new/SCC15HPCRepast/INSTALLATION/mpich2-1.4.1p1/src/mpid/ch3/channels/nemesis/nemesis/include -I/home/aballmer/new/SCC15HPCRepast/INSTALLATION/mpich2-1.4.1p1/src/mpid/ch3/channels/nemesis/nemesis/utils/monitor -I/home/aballmer/new/SCC15HPCRepast/INSTALLATION/mpich2-1.4.1p1/src/mpid/ch3/channels/nemesis/nemesis/utils/monitor -I/home/aballmer/new/SCC15HPCRepast/INSTALLATION/mpich2-1.4.1p1/src/util/wrappers -I/home/aballmer/new/SCC15HPCRepast/INSTALLATION/mpich2-1.4.1p1/src/util/wrappers conftest.c >&5
configure:2791: $? = 0
configure:2816: result: o
configure:2820: checking whether we are using the GNU C compiler
configure:2849: gcc -c    -O2 -DMPI_LINUX  -I/home/aballmer/new/SCC15HPCRepast/INSTALLATION/mpich2-1.4.1p1/src/mpl/include -I/home/aballmer/new/SCC15HPCRepast/INSTALLATION/mpich2-1.4.1p1/src/mpl/include -I/home/aballmer/new/SCC15HPCRepast/INSTALLATION/mpich2-1.4.1p1/src/openpa/src -I/home/aballmer/new/SCC15HPCRepast/INSTALLATION/mpich2-1.4.1p1/src/openpa/src -I/home/aballmer/new/SCC15HPCRepast/INSTALLATION/mpich2-1.4.1p1/src/mpid/ch3/include -I/home/aballmer/new/SCC15HPCRepast/INSTALLATION/mpich2-1.4.1p1/src/mpid/ch3/include -I/home/aballmer/new/SCC15HPCRepast/INSTALLATION/mpich2-1.4.1p1/src/mpid/common/datatype -I/home/aballmer/new/SCC15HPCRepast/INSTALLATION/mpich2-1.4.1p1/src/mpid/common/datatype -I/home/aballmer/new/SCC15HPCRepast/INSTALLATION/mpich2-1.4.1p1/src/mpid/common/locks -I/home/aballmer/new/SCC15HPCRepast/INSTALLATION/mpich2-1.4.1p1/src/mpid/common/locks -I/home/aballmer/new/SCC15HPCRepast/INSTALLATION/mpich2-1.4.1p1/src/mpid/ch3/channels/nemesis/include -I/home/aballmer/new/SCC15HPCRepast/INSTALLATION/mpich2-1.4.1p1/src/mpid/ch3/channels/nemesis/include -I/home/aballmer/new/SCC15HPCRepast/INSTALLATION/mpich2-1.4.1p1/src/mpid/ch3/channels/nemesis/nemesis/include -I/home/aballmer/new/SCC15HPCRepast/INSTALLATION/mpich2-1.4.1p1/src/mpid/ch3/channels/nemesis/nemesis/include -I/home/aballmer/new/SCC15HPCRepast/INSTALLATION/mpich2-1.4.1p1/src/mpid/ch3/channels/nemesis/nemesis/utils/monitor -I/home/aballmer/new/SCC15HPCRepast/INSTALLATION/mpich2-1.4.1p1/src/mpid/ch3/channels/nemesis/nemesis/utils/monitor -I/home/aballmer/new/SCC15HPCRepast/INSTALLATION/mpich2-1.4.1p1/src/util/wrappers -I/home/aballmer/new/SCC15HPCRepast/INSTALLATION/mpich2-1.4.1p1/src/util/wrappers conftest.c >&5
configure:2856: $? = 0
configure:2873: result: yes
configure:2882: checking whether gcc accepts -g
configure:2912: gcc -c -g  -I/home/aballmer/new/SCC15HPCRepast/INSTALLATION/mpich2-1.4.1p1/src/mpl/include -I/home/aballmer/new/SCC15HPCRepast/INSTALLATION/mpich2-1.4.1p1/src/mpl/include -I/home/aballmer/new/SCC15HPCRepast/INSTALLATION/mpich2-1.4.1p1/src/openpa/src -I/home/aballmer/new/SCC15HPCRepast/INSTALLATION/mpich2-1.4.1p1/src/openpa/src -I/home/aballmer/new/SCC15HPCRepast/INSTALLATION/mpich2-1.4.1p1/src/mpid/ch3/include -I/home/aballmer/new/SCC15HPCRepast/INSTALLATION/mpich2-1.4.1p1/src/mpid/ch3/include -I/home/aballmer/new/SCC15HPCRepast/INSTALLATION/mpich2-1.4.1p1/src/mpid/common/datatype -I/home/aballmer/new/SCC15HPCRepast/INSTALLATION/mpich2-1.4.1p1/src/mpid/common/datatype -I/home/aballmer/new/SCC15HPCRepast/INSTALLATION/mpich2-1.4.1p1/src/mpid/common/locks -I/home/aballmer/new/SCC15HPCRepast/INSTALLATION/mpich2-1.4.1p1/src/mpid/common/locks -I/home/aballmer/new/SCC15HPCRepast/INSTALLATION/mpich2-1.4.1p1/src/mpid/ch3/channels/nemesis/include -I/home/aballmer/new/SCC15HPCRepast/INSTALLATION/mpich2-1.4.1p1/src/mpid/ch3/channels/nemesis/include -I/home/aballmer/new/SCC15HPCRepast/INSTALLATION/mpich2-1.4.1p1/src/mpid/ch3/channels/nemesis/nemesis/include -I/home/aballmer/new/SCC15HPCRepast/INSTALLATION/mpich2-1.4.1p1/src/mpid/ch3/channels/nemesis/nemesis/include -I/home/aballmer/new/SCC15HPCRepast/INSTALLATION/mpich2-1.4.1p1/src/mpid/ch3/channels/nemesis/nemesis/utils/monitor -I/home/aballmer/new/SCC15HPCRepast/INSTALLATION/mpich2-1.4.1p1/src/mpid/ch3/channels/nemesis/nemesis/utils/monitor -I/home/aballmer/new/SCC15HPCRepast/INSTALLATION/mpich2-1.4.1p1/src/util/wrappers -I/home/aballmer/new/SCC15HPCRepast/INSTALLATION/mpich2-1.4.1p1/src/util/wrappers conftest.c >&5
configure:2919: $? = 0
configure:3020: result: yes
configure:3037: checking for gcc option to accept ISO C89
configure:3111: gcc  -c    -O2 -DMPI_LINUX  -I/home/aballmer/new/SCC15HPCRepast/INSTALLATION/mpich2-1.4.1p1/src/mpl/include -I/home/aballmer/new/SCC15HPCRepast/INSTALLATION/mpich2-1.4.1p1/src/mpl/include -I/home/aballmer/new/SCC15HPCRepast/INSTALLATION/mpich2-1.4.1p1/src/openpa/src -I/home/aballmer/new/SCC15HPCRepast/INSTALLATION/mpich2-1.4.1p1/src/openpa/src -I/home/aballmer/new/SCC15HPCRepast/INSTALLATION/mpich2-1.4.1p1/src/mpid/ch3/include -I/home/aballmer/new/SCC15HPCRepast/INSTALLATION/mpich2-1.4.1p1/src/mpid/ch3/include -I/home/aballmer/new/SCC15HPCRepast/INSTALLATION/mpich2-1.4.1p1/src/mpid/common/datatype -I/home/aballmer/new/SCC15HPCRepast/INSTALLATION/mpich2-1.4.1p1/src/mpid/common/datatype -I/home/aballmer/new/SCC15HPCRepast/INSTALLATION/mpich2-1.4.1p1/src/mpid/common/locks -I/home/aballmer/new/SCC15HPCRepast/INSTALLATION/mpich2-1.4.1p1/src/mpid/common/locks -I/home/aballmer/new/SCC15HPCRepast/INSTALLATION/mpich2-1.4.1p1/src/mpid/ch3/channels/nemesis/include -I/home/aballmer/new/SCC15HPCRepast/INSTALLATION/mpich2-1.4.1p1/src/mpid/ch3/channels/nemesis/include -I/home/aballmer/new/SCC15HPCRepast/INSTALLATION/mpich2-1.4.1p1/src/mpid/ch3/channels/nemesis/nemesis/include -I/home/aballmer/new/SCC15HPCRepast/INSTALLATION/mpich2-1.4.1p1/src/mpid/ch3/channels/nemesis/nemesis/include -I/home/aballmer/new/SCC15HPCRepast/INSTALLATION/mpich2-1.4.1p1/src/mpid/ch3/channels/nemesis/nemesis/utils/monitor -I/home/aballmer/new/SCC15HPCRepast/INSTALLATION/mpich2-1.4.1p1/src/mpid/ch3/channels/nemesis/nemesis/utils/monitor -I/home/aballmer/new/SCC15HPCRepast/INSTALLATION/mpich2-1.4.1p1/src/util/wrappers -I/home/aballmer/new/SCC15HPCRepast/INSTALLATION/mpich2-1.4.1p1/src/util/wrappers conftest.c >&5
configure:3118: $? = 0
configure:3141: result: none needed
configure:3163: checking for ar
configure:3191: result: ar
configure:3242: checking for ranlib
configure:3269: result: ranlib
configure:3293: checking whether gcc and cc understand -c and -o together
configure:3328: gcc -c conftest.c -o conftest2.o >&5
configure:3332: $? = 0
configure:3338: gcc -c conftest.c -o conftest2.o >&5
configure:3342: $? = 0
configure:3353: cc -c conftest.c >&5
configure:3357: $? = 0
configure:3365: cc -c conftest.c -o conftest2.o >&5
configure:3369: $? = 0
configure:3375: cc -c conftest.c -o conftest2.o >&5
configure:3379: $? = 0
configure:3397: result: yes
configure:3418: checking how to run the C preprocessor
configure:3458: gcc -E  -I/home/aballmer/new/SCC15HPCRepast/INSTALLATION/mpich2-1.4.1p1/src/mpl/include -I/home/aballmer/new/SCC15HPCRepast/INSTALLATION/mpich2-1.4.1p1/src/mpl/include -I/home/aballmer/new/SCC15HPCRepast/INSTALLATION/mpich2-1.4.1p1/src/openpa/src -I/home/aballmer/new/SCC15HPCRepast/INSTALLATION/mpich2-1.4.1p1/src/openpa/src -I/home/aballmer/new/SCC15HPCRepast/INSTALLATION/mpich2-1.4.1p1/src/mpid/ch3/include -I/home/aballmer/new/SCC15HPCRepast/INSTALLATION/mpich2-1.4.1p1/src/mpid/ch3/include -I/home/aballmer/new/SCC15HPCRepast/INSTALLATION/mpich2-1.4.1p1/src/mpid/common/datatype -I/home/aballmer/new/SCC15HPCRepast/INSTALLATION/mpich2-1.4.1p1/src/mpid/common/datatype -I/home/aballmer/new/SCC15HPCRepast/INSTALLATION/mpich2-1.4.1p1/src/mpid/common/locks -I/home/aballmer/new/SCC15HPCRepast/INSTALLATION/mpich2-1.4.1p1/src/mpid/common/locks -I/home/aballmer/new/SCC15HPCRepast/INSTALLATION/mpich2-1.4.1p1/src/mpid/ch3/channels/nemesis/include -I/home/aballmer/new/SCC15HPCRepast/INSTALLATION/mpich2-1.4.1p1/src/mpid/ch3/channels/nemesis/include -I/home/aballmer/new/SCC15HPCRepast/INSTALLATION/mpich2-1.4.1p1/src/mpid/ch3/channels/nemesis/nemesis/include -I/home/aballmer/new/SCC15HPCRepast/INSTALLATION/mpich2-1.4.1p1/src/mpid/ch3/channels/nemesis/nemesis/include -I/home/aballmer/new/SCC15HPCRepast/INSTALLATION/mpich2-1.4.1p1/src/mpid/ch3/channels/nemesis/nemesis/utils/monitor -I/home/aballmer/new/SCC15HPCRepast/INSTALLATION/mpich2-1.4.1p1/src/mpid/ch3/channels/nemesis/nemesis/utils/monitor -I/home/aballmer/new/SCC15HPCRepast/INSTALLATION/mpich2-1.4.1p1/src/util/wrappers -I/home/aballmer/new/SCC15HPCRepast/INSTALLATION/mpich2-1.4.1p1/src/util/wrappers conftest.c
configure:3465: $? = 0
configure:3496: gcc -E  -I/home/aballmer/new/SCC15HPCRepast/INSTALLATION/mpich2-1.4.1p1/src/mpl/include -I/home/aballmer/new/SCC15HPCRepast/INSTALLATION/mpich2-1.4.1p1/src/mpl/include -I/home/aballmer/new/SCC15HPCRepast/INSTALLATION/mpich2-1.4.1p1/src/openpa/src -I/home/aballmer/new/SCC15HPCRepast/INSTALLATION/mpich2-1.4.1p1/src/openpa/src -I/home/aballmer/new/SCC15HPCRepast/INSTALLATION/mpich2-1.4.1p1/src/mpid/ch3/include -I/home/aballmer/new/SCC15HPCRepast/INSTALLATION/mpich2-1.4.1p1/src/mpid/ch3/include -I/home/aballmer/new/SCC15HPCRepast/INSTALLATION/mpich2-1.4.1p1/src/mpid/common/datatype -I/home/aballmer/new/SCC15HPCRepast/INSTALLATION/mpich2-1.4.1p1/src/mpid/common/datatype -I/home/aballmer/new/SCC15HPCRepast/INSTALLATION/mpich2-1.4.1p1/src/mpid/common/locks -I/home/aballmer/new/SCC15HPCRepast/INSTALLATION/mpich2-1.4.1p1/src/mpid/common/locks -I/home/aballmer/new/SCC15HPCRepast/INSTALLATION/mpich2-1.4.1p1/src/mpid/ch3/channels/nemesis/include -I/home/aballmer/new/SCC15HPCRepast/INSTALLATION/mpich2-1.4.1p1/src/mpid/ch3/channels/nemesis/include -I/home/aballmer/new/SCC15HPCRepast/INSTALLATION/mpich2-1.4.1p1/src/mpid/ch3/channels/nemesis/nemesis/include -I/home/aballmer/new/SCC15HPCRepast/INSTALLATION/mpich2-1.4.1p1/src/mpid/ch3/channels/nemesis/nemesis/include -I/home/aballmer/new/SCC15HPCRepast/INSTALLATION/mpich2-1.4.1p1/src/mpid/ch3/channels/nemesis/nemesis/utils/monitor -I/home/aballmer/new/SCC15HPCRepast/INSTALLATION/mpich2-1.4.1p1/src/mpid/ch3/channels/nemesis/nemesis/utils/monitor -I/home/aballmer/new/SCC15HPCRepast/INSTALLATION/mpich2-1.4.1p1/src/util/wrappers -I/home/aballmer/new/SCC15HPCRepast/INSTALLATION/mpich2-1.4.1p1/src/util/wrappers conftest.c
conftest.c:8:28: fatal error: ac_nonexistent.h: No such file or directory
 #include <ac_nonexistent.h>
                            ^
compilation terminated.
configure:3503: $? = 1
configure: failed program was:
| /* confdefs.h.  */
| #define PACKAGE_NAME ""
| #define PACKAGE_TARNAME ""
| #define PACKAGE_VERSION ""
| #define PACKAGE_STRING ""
| #define PACKAGE_BUGREPORT ""
| /* end confdefs.h.  */
| #include <ac_nonexistent.h>
configure:3536: result: gcc -E
configure:3565: gcc -E  -I/home/aballmer/new/SCC15HPCRepast/INSTALLATION/mpich2-1.4.1p1/src/mpl/include -I/home/aballmer/new/SCC15HPCRepast/INSTALLATION/mpich2-1.4.1p1/src/mpl/include -I/home/aballmer/new/SCC15HPCRepast/INSTALLATION/mpich2-1.4.1p1/src/openpa/src -I/home/aballmer/new/SCC15HPCRepast/INSTALLATION/mpich2-1.4.1p1/src/openpa/src -I/home/aballmer/new/SCC15HPCRepast/INSTALLATION/mpich2-1.4.1p1/src/mpid/ch3/include -I/home/aballmer/new/SCC15HPCRepast/INSTALLATION/mpich2-1.4.1p1/src/mpid/ch3/include -I/home/aballmer/new/SCC15HPCRepast/INSTALLATION/mpich2-1.4.1p1/src/mpid/common/datatype -I/home/aballmer/new/SCC15HPCRepast/INSTALLATION/mpich2-1.4.1p1/src/mpid/common/datatype -I/home/aballmer/new/SCC15HPCRepast/INSTALLATION/mpich2-1.4.1p1/src/mpid/common/locks -I/home/aballmer/new/SCC15HPCRepast/INSTALLATION/mpich2-1.4.1p1/src/mpid/common/locks -I/home/aballmer/new/SCC15HPCRepast/INSTALLATION/mpich2-1.4.1p1/src/mpid/ch3/channels/nemesis/include -I/home/aballmer/new/SCC15HPCRepast/INSTALLATION/mpich2-1.4.1p1/src/mpid/ch3/channels/nemesis/include -I/home/aballmer/new/SCC15HPCRepast/INSTALLATION/mpich2-1.4.1p1/src/mpid/ch3/channels/nemesis/nemesis/include -I/home/aballmer/new/SCC15HPCRepast/INSTALLATION/mpich2-1.4.1p1/src/mpid/ch3/channels/nemesis/nemesis/include -I/home/aballmer/new/SCC15HPCRepast/INSTALLATION/mpich2-1.4.1p1/src/mpid/ch3/channels/nemesis/nemesis/utils/monitor -I/home/aballmer/new/SCC15HPCRepast/INSTALLATION/mpich2-1.4.1p1/src/mpid/ch3/channels/nemesis/nemesis/utils/monitor -I/home/aballmer/new/SCC15HPCRepast/INSTALLATION/mpich2-1.4.1p1/src/util/wrappers -I/home/aballmer/new/SCC15HPCRepast/INSTALLATION/mpich2-1.4.1p1/src/util/wrappers conftest.c
configure:3572: $? = 0
configure:3603: gcc -E  -I/home/aballmer/new/SCC15HPCRepast/INSTALLATION/mpich2-1.4.1p1/src/mpl/include -I/home/aballmer/new/SCC15HPCRepast/INSTALLATION/mpich2-1.4.1p1/src/mpl/include -I/home/aballmer/new/SCC15HPCRepast/INSTALLATION/mpich2-1.4.1p1/src/openpa/src -I/home/aballmer/new/SCC15HPCRepast/INSTALLATION/mpich2-1.4.1p1/src/openpa/src -I/home/aballmer/new/SCC15HPCRepast/INSTALLATION/mpich2-1.4.1p1/src/mpid/ch3/include -I/home/aballmer/new/SCC15HPCRepast/INSTALLATION/mpich2-1.4.1p1/src/mpid/ch3/include -I/home/aballmer/new/SCC15HPCRepast/INSTALLATION/mpich2-1.4.1p1/src/mpid/common/datatype -I/home/aballmer/new/SCC15HPCRepast/INSTALLATION/mpich2-1.4.1p1/src/mpid/common/datatype -I/home/aballmer/new/SCC15HPCRepast/INSTALLATION/mpich2-1.4.1p1/src/mpid/common/locks -I/home/aballmer/new/SCC15HPCRepast/INSTALLATION/mpich2-1.4.1p1/src/mpid/common/locks -I/home/aballmer/new/SCC15HPCRepast/INSTALLATION/mpich2-1.4.1p1/src/mpid/ch3/channels/nemesis/include -I/home/aballmer/new/SCC15HPCRepast/INSTALLATION/mpich2-1.4.1p1/src/mpid/ch3/channels/nemesis/include -I/home/aballmer/new/SCC15HPCRepast/INSTALLATION/mpich2-1.4.1p1/src/mpid/ch3/channels/nemesis/nemesis/include -I/home/aballmer/new/SCC15HPCRepast/INSTALLATION/mpich2-1.4.1p1/src/mpid/ch3/channels/nemesis/nemesis/include -I/home/aballmer/new/SCC15HPCRepast/INSTALLATION/mpich2-1.4.1p1/src/mpid/ch3/channels/nemesis/nemesis/utils/monitor -I/home/aballmer/new/SCC15HPCRepast/INSTALLATION/mpich2-1.4.1p1/src/mpid/ch3/channels/nemesis/nemesis/utils/monitor -I/home/aballmer/new/SCC15HPCRepast/INSTALLATION/mpich2-1.4.1p1/src/util/wrappers -I/home/aballmer/new/SCC15HPCRepast/INSTALLATION/mpich2-1.4.1p1/src/util/wrappers conftest.c
conftest.c:8:28: fatal error: ac_nonexistent.h: No such file or directory
 #include <ac_nonexistent.h>
                            ^
compilation terminated.
configure:3610: $? = 1
configure: failed program was:
| /* confdefs.h.  */
| #define PACKAGE_NAME ""
| #define PACKAGE_TARNAME ""
| #define PACKAGE_VERSION ""
| #define PACKAGE_STRING ""
| #define PACKAGE_BUGREPORT ""
| /* end confdefs.h.  */
| #include <ac_nonexistent.h>
configure:3658: checking for dbx
configure:3691: result: no
configure:3700: checking for gdb
configure:3718: found /usr/bin/gdb
configure:3730: result: /usr/bin/gdb
configure:3741: checking for grep that handles long lines and -e
configure:3801: result: /usr/bin/grep
configure:3806: checking for egrep
configure:3870: result: /usr/bin/grep -E
configure:3875: checking for ANSI C header files
configure:3905: gcc -c    -O2 -DMPI_LINUX  -I/home/aballmer/new/SCC15HPCRepast/INSTALLATION/mpich2-1.4.1p1/src/mpl/include -I/home/aballmer/new/SCC15HPCRepast/INSTALLATION/mpich2-1.4.1p1/src/mpl/include -I/home/aballmer/new/SCC15HPCRepast/INSTALLATION/mpich2-1.4.1p1/src/openpa/src -I/home/aballmer/new/SCC15HPCRepast/INSTALLATION/mpich2-1.4.1p1/src/openpa/src -I/home/aballmer/new/SCC15HPCRepast/INSTALLATION/mpich2-1.4.1p1/src/mpid/ch3/include -I/home/aballmer/new/SCC15HPCRepast/INSTALLATION/mpich2-1.4.1p1/src/mpid/ch3/include -I/home/aballmer/new/SCC15HPCRepast/INSTALLATION/mpich2-1.4.1p1/src/mpid/common/datatype -I/home/aballmer/new/SCC15HPCRepast/INSTALLATION/mpich2-1.4.1p1/src/mpid/common/datatype -I/home/aballmer/new/SCC15HPCRepast/INSTALLATION/mpich2-1.4.1p1/src/mpid/common/locks -I/home/aballmer/new/SCC15HPCRepast/INSTALLATION/mpich2-1.4.1p1/src/mpid/common/locks -I/home/aballmer/new/SCC15HPCRepast/INSTALLATION/mpich2-1.4.1p1/src/mpid/ch3/channels/nemesis/include -I/home/aballmer/new/SCC15HPCRepast/INSTALLATION/mpich2-1.4.1p1/src/mpid/ch3/channels/nemesis/include -I/home/aballmer/new/SCC15HPCRepast/INSTALLATION/mpich2-1.4.1p1/src/mpid/ch3/channels/nemesis/nemesis/include -I/home/aballmer/new/SCC15HPCRepast/INSTALLATION/mpich2-1.4.1p1/src/mpid/ch3/channels/nemesis/nemesis/include -I/home/aballmer/new/SCC15HPCRepast/INSTALLATION/mpich2-1.4.1p1/src/mpid/ch3/channels/nemesis/nemesis/utils/monitor -I/home/aballmer/new/SCC15HPCRepast/INSTALLATION/mpich2-1.4.1p1/src/mpid/ch3/channels/nemesis/nemesis/utils/monitor -I/home/aballmer/new/SCC15HPCRepast/INSTALLATION/mpich2-1.4.1p1/src/util/wrappers -I/home/aballmer/new/SCC15HPCRepast/INSTALLATION/mpich2-1.4.1p1/src/util/wrappers conftest.c >&5
configure:3912: $? = 0
configure:4011: gcc -o conftest    -O2 -DMPI_LINUX  -I/home/aballmer/new/SCC15HPCRepast/INSTALLATION/mpich2-1.4.1p1/src/mpl/include -I/home/aballmer/new/SCC15HPCRepast/INSTALLATION/mpich2-1.4.1p1/src/mpl/include -I/home/aballmer/new/SCC15HPCRepast/INSTALLATION/mpich2-1.4.1p1/src/openpa/src -I/home/aballmer/new/SCC15HPCRepast/INSTALLATION/mpich2-1.4.1p1/src/openpa/src -I/home/aballmer/new/SCC15HPCRepast/INSTALLATION/mpich2-1.4.1p1/src/mpid/ch3/include -I/home/aballmer/new/SCC15HPCRepast/INSTALLATION/mpich2-1.4.1p1/src/mpid/ch3/include -I/home/aballmer/new/SCC15HPCRepast/INSTALLATION/mpich2-1.4.1p1/src/mpid/common/datatype -I/home/aballmer/new/SCC15HPCRepast/INSTALLATION/mpich2-1.4.1p1/src/mpid/common/datatype -I/home/aballmer/new/SCC15HPCRepast/INSTALLATION/mpich2-1.4.1p1/src/mpid/common/locks -I/home/aballmer/new/SCC15HPCRepast/INSTALLATION/mpich2-1.4.1p1/src/mpid/common/locks -I/home/aballmer/new/SCC15HPCRepast/INSTALLATION/mpich2-1.4.1p1/src/mpid/ch3/channels/nemesis/include -I/home/aballmer/new/SCC15HPCRepast/INSTALLATION/mpich2-1.4.1p1/src/mpid/ch3/channels/nemesis/include -I/home/aballmer/new/SCC15HPCRepast/INSTALLATION/mpich2-1.4.1p1/src/mpid/ch3/channels/nemesis/nemesis/include -I/home/aballmer/new/SCC15HPCRepast/INSTALLATION/mpich2-1.4.1p1/src/mpid/ch3/channels/nemesis/nemesis/include -I/home/aballmer/new/SCC15HPCRepast/INSTALLATION/mpich2-1.4.1p1/src/mpid/ch3/channels/nemesis/nemesis/utils/monitor -I/home/aballmer/new/SCC15HPCRepast/INSTALLATION/mpich2-1.4.1p1/src/mpid/ch3/channels/nemesis/nemesis/utils/monitor -I/home/aballmer/new/SCC15HPCRepast/INSTALLATION/mpich2-1.4.1p1/src/util/wrappers -I/home/aballmer/new/SCC15HPCRepast/INSTALLATION/mpich2-1.4.1p1/src/util/wrappers   conftest.c -lrt -lpthread   >&5
configure:4015: $? = 0
configure:4021: ./conftest
configure:4025: $? = 0
configure:4043: result: yes
configure:4053: checking for an ANSI C-conforming const
configure:4128: gcc -c    -O2 -DMPI_LINUX  -I/home/aballmer/new/SCC15HPCRepast/INSTALLATION/mpich2-1.4.1p1/src/mpl/include -I/home/aballmer/new/SCC15HPCRepast/INSTALLATION/mpich2-1.4.1p1/src/mpl/include -I/home/aballmer/new/SCC15HPCRepast/INSTALLATION/mpich2-1.4.1p1/src/openpa/src -I/home/aballmer/new/SCC15HPCRepast/INSTALLATION/mpich2-1.4.1p1/src/openpa/src -I/home/aballmer/new/SCC15HPCRepast/INSTALLATION/mpich2-1.4.1p1/src/mpid/ch3/include -I/home/aballmer/new/SCC15HPCRepast/INSTALLATION/mpich2-1.4.1p1/src/mpid/ch3/include -I/home/aballmer/new/SCC15HPCRepast/INSTALLATION/mpich2-1.4.1p1/src/mpid/common/datatype -I/home/aballmer/new/SCC15HPCRepast/INSTALLATION/mpich2-1.4.1p1/src/mpid/common/datatype -I/home/aballmer/new/SCC15HPCRepast/INSTALLATION/mpich2-1.4.1p1/src/mpid/common/locks -I/home/aballmer/new/SCC15HPCRepast/INSTALLATION/mpich2-1.4.1p1/src/mpid/common/locks -I/home/aballmer/new/SCC15HPCRepast/INSTALLATION/mpich2-1.4.1p1/src/mpid/ch3/channels/nemesis/include -I/home/aballmer/new/SCC15HPCRepast/INSTALLATION/mpich2-1.4.1p1/src/mpid/ch3/channels/nemesis/include -I/home/aballmer/new/SCC15HPCRepast/INSTALLATION/mpich2-1.4.1p1/src/mpid/ch3/channels/nemesis/nemesis/include -I/home/aballmer/new/SCC15HPCRepast/INSTALLATION/mpich2-1.4.1p1/src/mpid/ch3/channels/nemesis/nemesis/include -I/home/aballmer/new/SCC15HPCRepast/INSTALLATION/mpich2-1.4.1p1/src/mpid/ch3/channels/nemesis/nemesis/utils/monitor -I/home/aballmer/new/SCC15HPCRepast/INSTALLATION/mpich2-1.4.1p1/src/mpid/ch3/channels/nemesis/nemesis/utils/monitor -I/home/aballmer/new/SCC15HPCRepast/INSTALLATION/mpich2-1.4.1p1/src/util/wrappers -I/home/aballmer/new/SCC15HPCRepast/INSTALLATION/mpich2-1.4.1p1/src/util/wrappers conftest.c >&5
configure:4135: $? = 0
configure:4150: result: yes
configure:4165: checking for sysinfo
configure:4221: gcc -o conftest    -O2 -DMPI_LINUX  -I/home/aballmer/new/SCC15HPCRepast/INSTALLATION/mpich2-1.4.1p1/src/mpl/include -I/home/aballmer/new/SCC15HPCRepast/INSTALLATION/mpich2-1.4.1p1/src/mpl/include -I/home/aballmer/new/SCC15HPCRepast/INSTALLATION/mpich2-1.4.1p1/src/openpa/src -I/home/aballmer/new/SCC15HPCRepast/INSTALLATION/mpich2-1.4.1p1/src/openpa/src -I/home/aballmer/new/SCC15HPCRepast/INSTALLATION/mpich2-1.4.1p1/src/mpid/ch3/include -I/home/aballmer/new/SCC15HPCRepast/INSTALLATION/mpich2-1.4.1p1/src/mpid/ch3/include -I/home/aballmer/new/SCC15HPCRepast/INSTALLATION/mpich2-1.4.1p1/src/mpid/common/datatype -I/home/aballmer/new/SCC15HPCRepast/INSTALLATION/mpich2-1.4.1p1/src/mpid/common/datatype -I/home/aballmer/new/SCC15HPCRepast/INSTALLATION/mpich2-1.4.1p1/src/mpid/common/locks -I/home/aballmer/new/SCC15HPCRepast/INSTALLATION/mpich2-1.4.1p1/src/mpid/common/locks -I/home/aballmer/new/SCC15HPCRepast/INSTALLATION/mpich2-1.4.1p1/src/mpid/ch3/channels/nemesis/include -I/home/aballmer/new/SCC15HPCRepast/INSTALLATION/mpich2-1.4.1p1/src/mpid/ch3/channels/nemesis/include -I/home/aballmer/new/SCC15HPCRepast/INSTALLATION/mpich2-1.4.1p1/src/mpid/ch3/channels/nemesis/nemesis/include -I/home/aballmer/new/SCC15HPCRepast/INSTALLATION/mpich2-1.4.1p1/src/mpid/ch3/channels/nemesis/nemesis/include -I/home/aballmer/new/SCC15HPCRepast/INSTALLATION/mpich2-1.4.1p1/src/mpid/ch3/channels/nemesis/nemesis/utils/monitor -I/home/aballmer/new/SCC15HPCRepast/INSTALLATION/mpich2-1.4.1p1/src/mpid/ch3/channels/nemesis/nemesis/utils/monitor -I/home/aballmer/new/SCC15HPCRepast/INSTALLATION/mpich2-1.4.1p1/src/util/wrappers -I/home/aballmer/new/SCC15HPCRepast/INSTALLATION/mpich2-1.4.1p1/src/util/wrappers   conftest.c -lrt -lpthread   >&5
configure:4228: $? = 0
configure:4250: result: yes
configure:4262: checking for uname
configure:4318: gcc -o conftest    -O2 -DMPI_LINUX  -I/home/aballmer/new/SCC15HPCRepast/INSTALLATION/mpich2-1.4.1p1/src/mpl/include -I/home/aballmer/new/SCC15HPCRepast/INSTALLATION/mpich2-1.4.1p1/src/mpl/include -I/home/aballmer/new/SCC15HPCRepast/INSTALLATION/mpich2-1.4.1p1/src/openpa/src -I/home/aballmer/new/SCC15HPCRepast/INSTALLATION/mpich2-1.4.1p1/src/openpa/src -I/home/aballmer/new/SCC15HPCRepast/INSTALLATION/mpich2-1.4.1p1/src/mpid/ch3/include -I/home/aballmer/new/SCC15HPCRepast/INSTALLATION/mpich2-1.4.1p1/src/mpid/ch3/include -I/home/aballmer/new/SCC15HPCRepast/INSTALLATION/mpich2-1.4.1p1/src/mpid/common/datatype -I/home/aballmer/new/SCC15HPCRepast/INSTALLATION/mpich2-1.4.1p1/src/mpid/common/datatype -I/home/aballmer/new/SCC15HPCRepast/INSTALLATION/mpich2-1.4.1p1/src/mpid/common/locks -I/home/aballmer/new/SCC15HPCRepast/INSTALLATION/mpich2-1.4.1p1/src/mpid/common/locks -I/home/aballmer/new/SCC15HPCRepast/INSTALLATION/mpich2-1.4.1p1/src/mpid/ch3/channels/nemesis/include -I/home/aballmer/new/SCC15HPCRepast/INSTALLATION/mpich2-1.4.1p1/src/mpid/ch3/channels/nemesis/include -I/home/aballmer/new/SCC15HPCRepast/INSTALLATION/mpich2-1.4.1p1/src/mpid/ch3/channels/nemesis/nemesis/include -I/home/aballmer/new/SCC15HPCRepast/INSTALLATION/mpich2-1.4.1p1/src/mpid/ch3/channels/nemesis/nemesis/include -I/home/aballmer/new/SCC15HPCRepast/INSTALLATION/mpich2-1.4.1p1/src/mpid/ch3/channels/nemesis/nemesis/utils/monitor -I/home/aballmer/new/SCC15HPCRepast/INSTALLATION/mpich2-1.4.1p1/src/mpid/ch3/channels/nemesis/nemesis/utils/monitor -I/home/aballmer/new/SCC15HPCRepast/INSTALLATION/mpich2-1.4.1p1/src/util/wrappers -I/home/aballmer/new/SCC15HPCRepast/INSTALLATION/mpich2-1.4.1p1/src/util/wrappers   conftest.c -lrt -lpthread   >&5
configure:4325: $? = 0
configure:4345: result: yes
configure:4356: checking for gethostbyname
configure:4412: gcc -o conftest    -O2 -DMPI_LINUX  -I/home/aballmer/new/SCC15HPCRepast/INSTALLATION/mpich2-1.4.1p1/src/mpl/include -I/home/aballmer/new/SCC15HPCRepast/INSTALLATION/mpich2-1.4.1p1/src/mpl/include -I/home/aballmer/new/SCC15HPCRepast/INSTALLATION/mpich2-1.4.1p1/src/openpa/src -I/home/aballmer/new/SCC15HPCRepast/INSTALLATION/mpich2-1.4.1p1/src/openpa/src -I/home/aballmer/new/SCC15HPCRepast/INSTALLATION/mpich2-1.4.1p1/src/mpid/ch3/include -I/home/aballmer/new/SCC15HPCRepast/INSTALLATION/mpich2-1.4.1p1/src/mpid/ch3/include -I/home/aballmer/new/SCC15HPCRepast/INSTALLATION/mpich2-1.4.1p1/src/mpid/common/datatype -I/home/aballmer/new/SCC15HPCRepast/INSTALLATION/mpich2-1.4.1p1/src/mpid/common/datatype -I/home/aballmer/new/SCC15HPCRepast/INSTALLATION/mpich2-1.4.1p1/src/mpid/common/locks -I/home/aballmer/new/SCC15HPCRepast/INSTALLATION/mpich2-1.4.1p1/src/mpid/common/locks -I/home/aballmer/new/SCC15HPCRepast/INSTALLATION/mpich2-1.4.1p1/src/mpid/ch3/channels/nemesis/include -I/home/aballmer/new/SCC15HPCRepast/INSTALLATION/mpich2-1.4.1p1/src/mpid/ch3/channels/nemesis/include -I/home/aballmer/new/SCC15HPCRepast/INSTALLATION/mpich2-1.4.1p1/src/mpid/ch3/channels/nemesis/nemesis/include -I/home/aballmer/new/SCC15HPCRepast/INSTALLATION/mpich2-1.4.1p1/src/mpid/ch3/channels/nemesis/nemesis/include -I/home/aballmer/new/SCC15HPCRepast/INSTALLATION/mpich2-1.4.1p1/src/mpid/ch3/channels/nemesis/nemesis/utils/monitor -I/home/aballmer/new/SCC15HPCRepast/INSTALLATION/mpich2-1.4.1p1/src/mpid/ch3/channels/nemesis/nemesis/utils/monitor -I/home/aballmer/new/SCC15HPCRepast/INSTALLATION/mpich2-1.4.1p1/src/util/wrappers -I/home/aballmer/new/SCC15HPCRepast/INSTALLATION/mpich2-1.4.1p1/src/util/wrappers   conftest.c -lrt -lpthread   >&5
configure:4419: $? = 0
configure:4439: result: yes
configure:4465: checking for sys/types.h
configure:4486: gcc -c    -O2 -DMPI_LINUX  -I/home/aballmer/new/SCC15HPCRepast/INSTALLATION/mpich2-1.4.1p1/src/mpl/include -I/home/aballmer/new/SCC15HPCRepast/INSTALLATION/mpich2-1.4.1p1/src/mpl/include -I/home/aballmer/new/SCC15HPCRepast/INSTALLATION/mpich2-1.4.1p1/src/openpa/src -I/home/aballmer/new/SCC15HPCRepast/INSTALLATION/mpich2-1.4.1p1/src/openpa/src -I/home/aballmer/new/SCC15HPCRepast/INSTALLATION/mpich2-1.4.1p1/src/mpid/ch3/include -I/home/aballmer/new/SCC15HPCRepast/INSTALLATION/mpich2-1.4.1p1/src/mpid/ch3/include -I/home/aballmer/new/SCC15HPCRepast/INSTALLATION/mpich2-1.4.1p1/src/mpid/common/datatype -I/home/aballmer/new/SCC15HPCRepast/INSTALLATION/mpich2-1.4.1p1/src/mpid/common/datatype -I/home/aballmer/new/SCC15HPCRepast/INSTALLATION/mpich2-1.4.1p1/src/mpid/common/locks -I/home/aballmer/new/SCC15HPCRepast/INSTALLATION/mpich2-1.4.1p1/src/mpid/common/locks -I/home/aballmer/new/SCC15HPCRepast/INSTALLATION/mpich2-1.4.1p1/src/mpid/ch3/channels/nemesis/include -I/home/aballmer/new/SCC15HPCRepast/INSTALLATION/mpich2-1.4.1p1/src/mpid/ch3/channels/nemesis/include -I/home/aballmer/new/SCC15HPCRepast/INSTALLATION/mpich2-1.4.1p1/src/mpid/ch3/channels/nemesis/nemesis/include -I/home/aballmer/new/SCC15HPCRepast/INSTALLATION/mpich2-1.4.1p1/src/mpid/ch3/channels/nemesis/nemesis/include -I/home/aballmer/new/SCC15HPCRepast/INSTALLATION/mpich2-1.4.1p1/src/mpid/ch3/channels/nemesis/nemesis/utils/monitor -I/home/aballmer/new/SCC15HPCRepast/INSTALLATION/mpich2-1.4.1p1/src/mpid/ch3/channels/nemesis/nemesis/utils/monitor -I/home/aballmer/new/SCC15HPCRepast/INSTALLATION/mpich2-1.4.1p1/src/util/wrappers -I/home/aballmer/new/SCC15HPCRepast/INSTALLATION/mpich2-1.4.1p1/src/util/wrappers conftest.c >&5
configure:4493: $? = 0
configure:4510: result: yes
configure:4465: checking for sys/stat.h
configure:4486: gcc -c    -O2 -DMPI_LINUX  -I/home/aballmer/new/SCC15HPCRepast/INSTALLATION/mpich2-1.4.1p1/src/mpl/include -I/home/aballmer/new/SCC15HPCRepast/INSTALLATION/mpich2-1.4.1p1/src/mpl/include -I/home/aballmer/new/SCC15HPCRepast/INSTALLATION/mpich2-1.4.1p1/src/openpa/src -I/home/aballmer/new/SCC15HPCRepast/INSTALLATION/mpich2-1.4.1p1/src/openpa/src -I/home/aballmer/new/SCC15HPCRepast/INSTALLATION/mpich2-1.4.1p1/src/mpid/ch3/include -I/home/aballmer/new/SCC15HPCRepast/INSTALLATION/mpich2-1.4.1p1/src/mpid/ch3/include -I/home/aballmer/new/SCC15HPCRepast/INSTALLATION/mpich2-1.4.1p1/src/mpid/common/datatype -I/home/aballmer/new/SCC15HPCRepast/INSTALLATION/mpich2-1.4.1p1/src/mpid/common/datatype -I/home/aballmer/new/SCC15HPCRepast/INSTALLATION/mpich2-1.4.1p1/src/mpid/common/locks -I/home/aballmer/new/SCC15HPCRepast/INSTALLATION/mpich2-1.4.1p1/src/mpid/common/locks -I/home/aballmer/new/SCC15HPCRepast/INSTALLATION/mpich2-1.4.1p1/src/mpid/ch3/channels/nemesis/include -I/home/aballmer/new/SCC15HPCRepast/INSTALLATION/mpich2-1.4.1p1/src/mpid/ch3/channels/nemesis/include -I/home/aballmer/new/SCC15HPCRepast/INSTALLATION/mpich2-1.4.1p1/src/mpid/ch3/channels/nemesis/nemesis/include -I/home/aballmer/new/SCC15HPCRepast/INSTALLATION/mpich2-1.4.1p1/src/mpid/ch3/channels/nemesis/nemesis/include -I/home/aballmer/new/SCC15HPCRepast/INSTALLATION/mpich2-1.4.1p1/src/mpid/ch3/channels/nemesis/nemesis/utils/monitor -I/home/aballmer/new/SCC15HPCRepast/INSTALLATION/mpich2-1.4.1p1/src/mpid/ch3/channels/nemesis/nemesis/utils/monitor -I/home/aballmer/new/SCC15HPCRepast/INSTALLATION/mpich2-1.4.1p1/src/util/wrappers -I/home/aballmer/new/SCC15HPCRepast/INSTALLATION/mpich2-1.4.1p1/src/util/wrappers conftest.c >&5
configure:4493: $? = 0
configure:4510: result: yes
configure:4465: checking for stdlib.h
configure:4486: gcc -c    -O2 -DMPI_LINUX  -I/home/aballmer/new/SCC15HPCRepast/INSTALLATION/mpich2-1.4.1p1/src/mpl/include -I/home/aballmer/new/SCC15HPCRepast/INSTALLATION/mpich2-1.4.1p1/src/mpl/include -I/home/aballmer/new/SCC15HPCRepast/INSTALLATION/mpich2-1.4.1p1/src/openpa/src -I/home/aballmer/new/SCC15HPCRepast/INSTALLATION/mpich2-1.4.1p1/src/openpa/src -I/home/aballmer/new/SCC15HPCRepast/INSTALLATION/mpich2-1.4.1p1/src/mpid/ch3/include -I/home/aballmer/new/SCC15HPCRepast/INSTALLATION/mpich2-1.4.1p1/src/mpid/ch3/include -I/home/aballmer/new/SCC15HPCRepast/INSTALLATION/mpich2-1.4.1p1/src/mpid/common/datatype -I/home/aballmer/new/SCC15HPCRepast/INSTALLATION/mpich2-1.4.1p1/src/mpid/common/datatype -I/home/aballmer/new/SCC15HPCRepast/INSTALLATION/mpich2-1.4.1p1/src/mpid/common/locks -I/home/aballmer/new/SCC15HPCRepast/INSTALLATION/mpich2-1.4.1p1/src/mpid/common/locks -I/home/aballmer/new/SCC15HPCRepast/INSTALLATION/mpich2-1.4.1p1/src/mpid/ch3/channels/nemesis/include -I/home/aballmer/new/SCC15HPCRepast/INSTALLATION/mpich2-1.4.1p1/src/mpid/ch3/channels/nemesis/include -I/home/aballmer/new/SCC15HPCRepast/INSTALLATION/mpich2-1.4.1p1/src/mpid/ch3/channels/nemesis/nemesis/include -I/home/aballmer/new/SCC15HPCRepast/INSTALLATION/mpich2-1.4.1p1/src/mpid/ch3/channels/nemesis/nemesis/include -I/home/aballmer/new/SCC15HPCRepast/INSTALLATION/mpich2-1.4.1p1/src/mpid/ch3/channels/nemesis/nemesis/utils/monitor -I/home/aballmer/new/SCC15HPCRepast/INSTALLATION/mpich2-1.4.1p1/src/mpid/ch3/channels/nemesis/nemesis/utils/monitor -I/home/aballmer/new/SCC15HPCRepast/INSTALLATION/mpich2-1.4.1p1/src/util/wrappers -I/home/aballmer/new/SCC15HPCRepast/INSTALLATION/mpich2-1.4.1p1/src/util/wrappers conftest.c >&5
configure:4493: $? = 0
configure:4510: result: yes
configure:4465: checking for string.h
configure:4486: gcc -c    -O2 -DMPI_LINUX  -I/home/aballmer/new/SCC15HPCRepast/INSTALLATION/mpich2-1.4.1p1/src/mpl/include -I/home/aballmer/new/SCC15HPCRepast/INSTALLATION/mpich2-1.4.1p1/src/mpl/include -I/home/aballmer/new/SCC15HPCRepast/INSTALLATION/mpich2-1.4.1p1/src/openpa/src -I/home/aballmer/new/SCC15HPCRepast/INSTALLATION/mpich2-1.4.1p1/src/openpa/src -I/home/aballmer/new/SCC15HPCRepast/INSTALLATION/mpich2-1.4.1p1/src/mpid/ch3/include -I/home/aballmer/new/SCC15HPCRepast/INSTALLATION/mpich2-1.4.1p1/src/mpid/ch3/include -I/home/aballmer/new/SCC15HPCRepast/INSTALLATION/mpich2-1.4.1p1/src/mpid/common/datatype -I/home/aballmer/new/SCC15HPCRepast/INSTALLATION/mpich2-1.4.1p1/src/mpid/common/datatype -I/home/aballmer/new/SCC15HPCRepast/INSTALLATION/mpich2-1.4.1p1/src/mpid/common/locks -I/home/aballmer/new/SCC15HPCRepast/INSTALLATION/mpich2-1.4.1p1/src/mpid/common/locks -I/home/aballmer/new/SCC15HPCRepast/INSTALLATION/mpich2-1.4.1p1/src/mpid/ch3/channels/nemesis/include -I/home/aballmer/new/SCC15HPCRepast/INSTALLATION/mpich2-1.4.1p1/src/mpid/ch3/channels/nemesis/include -I/home/aballmer/new/SCC15HPCRepast/INSTALLATION/mpich2-1.4.1p1/src/mpid/ch3/channels/nemesis/nemesis/include -I/home/aballmer/new/SCC15HPCRepast/INSTALLATION/mpich2-1.4.1p1/src/mpid/ch3/channels/nemesis/nemesis/include -I/home/aballmer/new/SCC15HPCRepast/INSTALLATION/mpich2-1.4.1p1/src/mpid/ch3/channels/nemesis/nemesis/utils/monitor -I/home/aballmer/new/SCC15HPCRepast/INSTALLATION/mpich2-1.4.1p1/src/mpid/ch3/channels/nemesis/nemesis/utils/monitor -I/home/aballmer/new/SCC15HPCRepast/INSTALLATION/mpich2-1.4.1p1/src/util/wrappers -I/home/aballmer/new/SCC15HPCRepast/INSTALLATION/mpich2-1.4.1p1/src/util/wrappers conftest.c >&5
configure:4493: $? = 0
configure:4510: result: yes
configure:4465: checking for memory.h
configure:4486: gcc -c    -O2 -DMPI_LINUX  -I/home/aballmer/new/SCC15HPCRepast/INSTALLATION/mpich2-1.4.1p1/src/mpl/include -I/home/aballmer/new/SCC15HPCRepast/INSTALLATION/mpich2-1.4.1p1/src/mpl/include -I/home/aballmer/new/SCC15HPCRepast/INSTALLATION/mpich2-1.4.1p1/src/openpa/src -I/home/aballmer/new/SCC15HPCRepast/INSTALLATION/mpich2-1.4.1p1/src/openpa/src -I/home/aballmer/new/SCC15HPCRepast/INSTALLATION/mpich2-1.4.1p1/src/mpid/ch3/include -I/home/aballmer/new/SCC15HPCRepast/INSTALLATION/mpich2-1.4.1p1/src/mpid/ch3/include -I/home/aballmer/new/SCC15HPCRepast/INSTALLATION/mpich2-1.4.1p1/src/mpid/common/datatype -I/home/aballmer/new/SCC15HPCRepast/INSTALLATION/mpich2-1.4.1p1/src/mpid/common/datatype -I/home/aballmer/new/SCC15HPCRepast/INSTALLATION/mpich2-1.4.1p1/src/mpid/common/locks -I/home/aballmer/new/SCC15HPCRepast/INSTALLATION/mpich2-1.4.1p1/src/mpid/common/locks -I/home/aballmer/new/SCC15HPCRepast/INSTALLATION/mpich2-1.4.1p1/src/mpid/ch3/channels/nemesis/include -I/home/aballmer/new/SCC15HPCRepast/INSTALLATION/mpich2-1.4.1p1/src/mpid/ch3/channels/nemesis/include -I/home/aballmer/new/SCC15HPCRepast/INSTALLATION/mpich2-1.4.1p1/src/mpid/ch3/channels/nemesis/nemesis/include -I/home/aballmer/new/SCC15HPCRepast/INSTALLATION/mpich2-1.4.1p1/src/mpid/ch3/channels/nemesis/nemesis/include -I/home/aballmer/new/SCC15HPCRepast/INSTALLATION/mpich2-1.4.1p1/src/mpid/ch3/channels/nemesis/nemesis/utils/monitor -I/home/aballmer/new/SCC15HPCRepast/INSTALLATION/mpich2-1.4.1p1/src/mpid/ch3/channels/nemesis/nemesis/utils/monitor -I/home/aballmer/new/SCC15HPCRepast/INSTALLATION/mpich2-1.4.1p1/src/util/wrappers -I/home/aballmer/new/SCC15HPCRepast/INSTALLATION/mpich2-1.4.1p1/src/util/wrappers conftest.c >&5
configure:4493: $? = 0
configure:4510: result: yes
configure:4465: checking for strings.h
configure:4486: gcc -c    -O2 -DMPI_LINUX  -I/home/aballmer/new/SCC15HPCRepast/INSTALLATION/mpich2-1.4.1p1/src/mpl/include -I/home/aballmer/new/SCC15HPCRepast/INSTALLATION/mpich2-1.4.1p1/src/mpl/include -I/home/aballmer/new/SCC15HPCRepast/INSTALLATION/mpich2-1.4.1p1/src/openpa/src -I/home/aballmer/new/SCC15HPCRepast/INSTALLATION/mpich2-1.4.1p1/src/openpa/src -I/home/aballmer/new/SCC15HPCRepast/INSTALLATION/mpich2-1.4.1p1/src/mpid/ch3/include -I/home/aballmer/new/SCC15HPCRepast/INSTALLATION/mpich2-1.4.1p1/src/mpid/ch3/include -I/home/aballmer/new/SCC15HPCRepast/INSTALLATION/mpich2-1.4.1p1/src/mpid/common/datatype -I/home/aballmer/new/SCC15HPCRepast/INSTALLATION/mpich2-1.4.1p1/src/mpid/common/datatype -I/home/aballmer/new/SCC15HPCRepast/INSTALLATION/mpich2-1.4.1p1/src/mpid/common/locks -I/home/aballmer/new/SCC15HPCRepast/INSTALLATION/mpich2-1.4.1p1/src/mpid/common/locks -I/home/aballmer/new/SCC15HPCRepast/INSTALLATION/mpich2-1.4.1p1/src/mpid/ch3/channels/nemesis/include -I/home/aballmer/new/SCC15HPCRepast/INSTALLATION/mpich2-1.4.1p1/src/mpid/ch3/channels/nemesis/include -I/home/aballmer/new/SCC15HPCRepast/INSTALLATION/mpich2-1.4.1p1/src/mpid/ch3/channels/nemesis/nemesis/include -I/home/aballmer/new/SCC15HPCRepast/INSTALLATION/mpich2-1.4.1p1/src/mpid/ch3/channels/nemesis/nemesis/include -I/home/aballmer/new/SCC15HPCRepast/INSTALLATION/mpich2-1.4.1p1/src/mpid/ch3/channels/nemesis/nemesis/utils/monitor -I/home/aballmer/new/SCC15HPCRepast/INSTALLATION/mpich2-1.4.1p1/src/mpid/ch3/channels/nemesis/nemesis/utils/monitor -I/home/aballmer/new/SCC15HPCRepast/INSTALLATION/mpich2-1.4.1p1/src/util/wrappers -I/home/aballmer/new/SCC15HPCRepast/INSTALLATION/mpich2-1.4.1p1/src/util/wrappers conftest.c >&5
configure:4493: $? = 0
configure:4510: result: yes
configure:4465: checking for inttypes.h
configure:4486: gcc -c    -O2 -DMPI_LINUX  -I/home/aballmer/new/SCC15HPCRepast/INSTALLATION/mpich2-1.4.1p1/src/mpl/include -I/home/aballmer/new/SCC15HPCRepast/INSTALLATION/mpich2-1.4.1p1/src/mpl/include -I/home/aballmer/new/SCC15HPCRepast/INSTALLATION/mpich2-1.4.1p1/src/openpa/src -I/home/aballmer/new/SCC15HPCRepast/INSTALLATION/mpich2-1.4.1p1/src/openpa/src -I/home/aballmer/new/SCC15HPCRepast/INSTALLATION/mpich2-1.4.1p1/src/mpid/ch3/include -I/home/aballmer/new/SCC15HPCRepast/INSTALLATION/mpich2-1.4.1p1/src/mpid/ch3/include -I/home/aballmer/new/SCC15HPCRepast/INSTALLATION/mpich2-1.4.1p1/src/mpid/common/datatype -I/home/aballmer/new/SCC15HPCRepast/INSTALLATION/mpich2-1.4.1p1/src/mpid/common/datatype -I/home/aballmer/new/SCC15HPCRepast/INSTALLATION/mpich2-1.4.1p1/src/mpid/common/locks -I/home/aballmer/new/SCC15HPCRepast/INSTALLATION/mpich2-1.4.1p1/src/mpid/common/locks -I/home/aballmer/new/SCC15HPCRepast/INSTALLATION/mpich2-1.4.1p1/src/mpid/ch3/channels/nemesis/include -I/home/aballmer/new/SCC15HPCRepast/INSTALLATION/mpich2-1.4.1p1/src/mpid/ch3/channels/nemesis/include -I/home/aballmer/new/SCC15HPCRepast/INSTALLATION/mpich2-1.4.1p1/src/mpid/ch3/channels/nemesis/nemesis/include -I/home/aballmer/new/SCC15HPCRepast/INSTALLATION/mpich2-1.4.1p1/src/mpid/ch3/channels/nemesis/nemesis/include -I/home/aballmer/new/SCC15HPCRepast/INSTALLATION/mpich2-1.4.1p1/src/mpid/ch3/channels/nemesis/nemesis/utils/monitor -I/home/aballmer/new/SCC15HPCRepast/INSTALLATION/mpich2-1.4.1p1/src/mpid/ch3/channels/nemesis/nemesis/utils/monitor -I/home/aballmer/new/SCC15HPCRepast/INSTALLATION/mpich2-1.4.1p1/src/util/wrappers -I/home/aballmer/new/SCC15HPCRepast/INSTALLATION/mpich2-1.4.1p1/src/util/wrappers conftest.c >&5
configure:4493: $? = 0
configure:4510: result: yes
configure:4465: checking for stdint.h
configure:4486: gcc -c    -O2 -DMPI_LINUX  -I/home/aballmer/new/SCC15HPCRepast/INSTALLATION/mpich2-1.4.1p1/src/mpl/include -I/home/aballmer/new/SCC15HPCRepast/INSTALLATION/mpich2-1.4.1p1/src/mpl/include -I/home/aballmer/new/SCC15HPCRepast/INSTALLATION/mpich2-1.4.1p1/src/openpa/src -I/home/aballmer/new/SCC15HPCRepast/INSTALLATION/mpich2-1.4.1p1/src/openpa/src -I/home/aballmer/new/SCC15HPCRepast/INSTALLATION/mpich2-1.4.1p1/src/mpid/ch3/include -I/home/aballmer/new/SCC15HPCRepast/INSTALLATION/mpich2-1.4.1p1/src/mpid/ch3/include -I/home/aballmer/new/SCC15HPCRepast/INSTALLATION/mpich2-1.4.1p1/src/mpid/common/datatype -I/home/aballmer/new/SCC15HPCRepast/INSTALLATION/mpich2-1.4.1p1/src/mpid/common/datatype -I/home/aballmer/new/SCC15HPCRepast/INSTALLATION/mpich2-1.4.1p1/src/mpid/common/locks -I/home/aballmer/new/SCC15HPCRepast/INSTALLATION/mpich2-1.4.1p1/src/mpid/common/locks -I/home/aballmer/new/SCC15HPCRepast/INSTALLATION/mpich2-1.4.1p1/src/mpid/ch3/channels/nemesis/include -I/home/aballmer/new/SCC15HPCRepast/INSTALLATION/mpich2-1.4.1p1/src/mpid/ch3/channels/nemesis/include -I/home/aballmer/new/SCC15HPCRepast/INSTALLATION/mpich2-1.4.1p1/src/mpid/ch3/channels/nemesis/nemesis/include -I/home/aballmer/new/SCC15HPCRepast/INSTALLATION/mpich2-1.4.1p1/src/mpid/ch3/channels/nemesis/nemesis/include -I/home/aballmer/new/SCC15HPCRepast/INSTALLATION/mpich2-1.4.1p1/src/mpid/ch3/channels/nemesis/nemesis/utils/monitor -I/home/aballmer/new/SCC15HPCRepast/INSTALLATION/mpich2-1.4.1p1/src/mpid/ch3/channels/nemesis/nemesis/utils/monitor -I/home/aballmer/new/SCC15HPCRepast/INSTALLATION/mpich2-1.4.1p1/src/util/wrappers -I/home/aballmer/new/SCC15HPCRepast/INSTALLATION/mpich2-1.4.1p1/src/util/wrappers conftest.c >&5
configure:4493: $? = 0
configure:4510: result: yes
configure:4465: checking for unistd.h
configure:4486: gcc -c    -O2 -DMPI_LINUX  -I/home/aballmer/new/SCC15HPCRepast/INSTALLATION/mpich2-1.4.1p1/src/mpl/include -I/home/aballmer/new/SCC15HPCRepast/INSTALLATION/mpich2-1.4.1p1/src/mpl/include -I/home/aballmer/new/SCC15HPCRepast/INSTALLATION/mpich2-1.4.1p1/src/openpa/src -I/home/aballmer/new/SCC15HPCRepast/INSTALLATION/mpich2-1.4.1p1/src/openpa/src -I/home/aballmer/new/SCC15HPCRepast/INSTALLATION/mpich2-1.4.1p1/src/mpid/ch3/include -I/home/aballmer/new/SCC15HPCRepast/INSTALLATION/mpich2-1.4.1p1/src/mpid/ch3/include -I/home/aballmer/new/SCC15HPCRepast/INSTALLATION/mpich2-1.4.1p1/src/mpid/common/datatype -I/home/aballmer/new/SCC15HPCRepast/INSTALLATION/mpich2-1.4.1p1/src/mpid/common/datatype -I/home/aballmer/new/SCC15HPCRepast/INSTALLATION/mpich2-1.4.1p1/src/mpid/common/locks -I/home/aballmer/new/SCC15HPCRepast/INSTALLATION/mpich2-1.4.1p1/src/mpid/common/locks -I/home/aballmer/new/SCC15HPCRepast/INSTALLATION/mpich2-1.4.1p1/src/mpid/ch3/channels/nemesis/include -I/home/aballmer/new/SCC15HPCRepast/INSTALLATION/mpich2-1.4.1p1/src/mpid/ch3/channels/nemesis/include -I/home/aballmer/new/SCC15HPCRepast/INSTALLATION/mpich2-1.4.1p1/src/mpid/ch3/channels/nemesis/nemesis/include -I/home/aballmer/new/SCC15HPCRepast/INSTALLATION/mpich2-1.4.1p1/src/mpid/ch3/channels/nemesis/nemesis/include -I/home/aballmer/new/SCC15HPCRepast/INSTALLATION/mpich2-1.4.1p1/src/mpid/ch3/channels/nemesis/nemesis/utils/monitor -I/home/aballmer/new/SCC15HPCRepast/INSTALLATION/mpich2-1.4.1p1/src/mpid/ch3/channels/nemesis/nemesis/utils/monitor -I/home/aballmer/new/SCC15HPCRepast/INSTALLATION/mpich2-1.4.1p1/src/util/wrappers -I/home/aballmer/new/SCC15HPCRepast/INSTALLATION/mpich2-1.4.1p1/src/util/wrappers conftest.c >&5
configure:4493: $? = 0
configure:4510: result: yes
configure:4534: checking for unistd.h
configure:4541: result: yes
configure:4534: checking for stdlib.h
configure:4541: result: yes
configure:4534: checking for string.h
configure:4541: result: yes
configure:4545: checking netdb.h usability
configure:4562: gcc -c    -O2 -DMPI_LINUX  -I/home/aballmer/new/SCC15HPCRepast/INSTALLATION/mpich2-1.4.1p1/src/mpl/include -I/home/aballmer/new/SCC15HPCRepast/INSTALLATION/mpich2-1.4.1p1/src/mpl/include -I/home/aballmer/new/SCC15HPCRepast/INSTALLATION/mpich2-1.4.1p1/src/openpa/src -I/home/aballmer/new/SCC15HPCRepast/INSTALLATION/mpich2-1.4.1p1/src/openpa/src -I/home/aballmer/new/SCC15HPCRepast/INSTALLATION/mpich2-1.4.1p1/src/mpid/ch3/include -I/home/aballmer/new/SCC15HPCRepast/INSTALLATION/mpich2-1.4.1p1/src/mpid/ch3/include -I/home/aballmer/new/SCC15HPCRepast/INSTALLATION/mpich2-1.4.1p1/src/mpid/common/datatype -I/home/aballmer/new/SCC15HPCRepast/INSTALLATION/mpich2-1.4.1p1/src/mpid/common/datatype -I/home/aballmer/new/SCC15HPCRepast/INSTALLATION/mpich2-1.4.1p1/src/mpid/common/locks -I/home/aballmer/new/SCC15HPCRepast/INSTALLATION/mpich2-1.4.1p1/src/mpid/common/locks -I/home/aballmer/new/SCC15HPCRepast/INSTALLATION/mpich2-1.4.1p1/src/mpid/ch3/channels/nemesis/include -I/home/aballmer/new/SCC15HPCRepast/INSTALLATION/mpich2-1.4.1p1/src/mpid/ch3/channels/nemesis/include -I/home/aballmer/new/SCC15HPCRepast/INSTALLATION/mpich2-1.4.1p1/src/mpid/ch3/channels/nemesis/nemesis/include -I/home/aballmer/new/SCC15HPCRepast/INSTALLATION/mpich2-1.4.1p1/src/mpid/ch3/channels/nemesis/nemesis/include -I/home/aballmer/new/SCC15HPCRepast/INSTALLATION/mpich2-1.4.1p1/src/mpid/ch3/channels/nemesis/nemesis/utils/monitor -I/home/aballmer/new/SCC15HPCRepast/INSTALLATION/mpich2-1.4.1p1/src/mpid/ch3/channels/nemesis/nemesis/utils/monitor -I/home/aballmer/new/SCC15HPCRepast/INSTALLATION/mpich2-1.4.1p1/src/util/wrappers -I/home/aballmer/new/SCC15HPCRepast/INSTALLATION/mpich2-1.4.1p1/src/util/wrappers conftest.c >&5
configure:4569: $? = 0
configure:4583: result: yes
configure:4587: checking netdb.h presence
configure:4602: gcc -E  -I/home/aballmer/new/SCC15HPCRepast/INSTALLATION/mpich2-1.4.1p1/src/mpl/include -I/home/aballmer/new/SCC15HPCRepast/INSTALLATION/mpich2-1.4.1p1/src/mpl/include -I/home/aballmer/new/SCC15HPCRepast/INSTALLATION/mpich2-1.4.1p1/src/openpa/src -I/home/aballmer/new/SCC15HPCRepast/INSTALLATION/mpich2-1.4.1p1/src/openpa/src -I/home/aballmer/new/SCC15HPCRepast/INSTALLATION/mpich2-1.4.1p1/src/mpid/ch3/include -I/home/aballmer/new/SCC15HPCRepast/INSTALLATION/mpich2-1.4.1p1/src/mpid/ch3/include -I/home/aballmer/new/SCC15HPCRepast/INSTALLATION/mpich2-1.4.1p1/src/mpid/common/datatype -I/home/aballmer/new/SCC15HPCRepast/INSTALLATION/mpich2-1.4.1p1/src/mpid/common/datatype -I/home/aballmer/new/SCC15HPCRepast/INSTALLATION/mpich2-1.4.1p1/src/mpid/common/locks -I/home/aballmer/new/SCC15HPCRepast/INSTALLATION/mpich2-1.4.1p1/src/mpid/common/locks -I/home/aballmer/new/SCC15HPCRepast/INSTALLATION/mpich2-1.4.1p1/src/mpid/ch3/channels/nemesis/include -I/home/aballmer/new/SCC15HPCRepast/INSTALLATION/mpich2-1.4.1p1/src/mpid/ch3/channels/nemesis/include -I/home/aballmer/new/SCC15HPCRepast/INSTALLATION/mpich2-1.4.1p1/src/mpid/ch3/channels/nemesis/nemesis/include -I/home/aballmer/new/SCC15HPCRepast/INSTALLATION/mpich2-1.4.1p1/src/mpid/ch3/channels/nemesis/nemesis/include -I/home/aballmer/new/SCC15HPCRepast/INSTALLATION/mpich2-1.4.1p1/src/mpid/ch3/channels/nemesis/nemesis/utils/monitor -I/home/aballmer/new/SCC15HPCRepast/INSTALLATION/mpich2-1.4.1p1/src/mpid/ch3/channels/nemesis/nemesis/utils/monitor -I/home/aballmer/new/SCC15HPCRepast/INSTALLATION/mpich2-1.4.1p1/src/util/wrappers -I/home/aballmer/new/SCC15HPCRepast/INSTALLATION/mpich2-1.4.1p1/src/util/wrappers conftest.c
configure:4609: $? = 0
configure:4623: result: yes
configure:4651: checking for netdb.h
configure:4660: result: yes
configure:4545: checking sys/systeminfo.h usability
configure:4562: gcc -c    -O2 -DMPI_LINUX  -I/home/aballmer/new/SCC15HPCRepast/INSTALLATION/mpich2-1.4.1p1/src/mpl/include -I/home/aballmer/new/SCC15HPCRepast/INSTALLATION/mpich2-1.4.1p1/src/mpl/include -I/home/aballmer/new/SCC15HPCRepast/INSTALLATION/mpich2-1.4.1p1/src/openpa/src -I/home/aballmer/new/SCC15HPCRepast/INSTALLATION/mpich2-1.4.1p1/src/openpa/src -I/home/aballmer/new/SCC15HPCRepast/INSTALLATION/mpich2-1.4.1p1/src/mpid/ch3/include -I/home/aballmer/new/SCC15HPCRepast/INSTALLATION/mpich2-1.4.1p1/src/mpid/ch3/include -I/home/aballmer/new/SCC15HPCRepast/INSTALLATION/mpich2-1.4.1p1/src/mpid/common/datatype -I/home/aballmer/new/SCC15HPCRepast/INSTALLATION/mpich2-1.4.1p1/src/mpid/common/datatype -I/home/aballmer/new/SCC15HPCRepast/INSTALLATION/mpich2-1.4.1p1/src/mpid/common/locks -I/home/aballmer/new/SCC15HPCRepast/INSTALLATION/mpich2-1.4.1p1/src/mpid/common/locks -I/home/aballmer/new/SCC15HPCRepast/INSTALLATION/mpich2-1.4.1p1/src/mpid/ch3/channels/nemesis/include -I/home/aballmer/new/SCC15HPCRepast/INSTALLATION/mpich2-1.4.1p1/src/mpid/ch3/channels/nemesis/include -I/home/aballmer/new/SCC15HPCRepast/INSTALLATION/mpich2-1.4.1p1/src/mpid/ch3/channels/nemesis/nemesis/include -I/home/aballmer/new/SCC15HPCRepast/INSTALLATION/mpich2-1.4.1p1/src/mpid/ch3/channels/nemesis/nemesis/include -I/home/aballmer/new/SCC15HPCRepast/INSTALLATION/mpich2-1.4.1p1/src/mpid/ch3/channels/nemesis/nemesis/utils/monitor -I/home/aballmer/new/SCC15HPCRepast/INSTALLATION/mpich2-1.4.1p1/src/mpid/ch3/channels/nemesis/nemesis/utils/monitor -I/home/aballmer/new/SCC15HPCRepast/INSTALLATION/mpich2-1.4.1p1/src/util/wrappers -I/home/aballmer/new/SCC15HPCRepast/INSTALLATION/mpich2-1.4.1p1/src/util/wrappers conftest.c >&5
conftest.c:58:28: fatal error: sys/systeminfo.h: No such file or directory
 #include <sys/systeminfo.h>
                            ^
compilation terminated.
configure:4569: $? = 1
configure: failed program was:
| /* confdefs.h.  */
| #define PACKAGE_NAME ""
| #define PACKAGE_TARNAME ""
| #define PACKAGE_VERSION ""
| #define PACKAGE_STRING ""
| #define PACKAGE_BUGREPORT ""
| #define STDC_HEADERS 1
| #define HAVE_SYSINFO 1
| #define HAVE_UNAME 1
| #define HAVE_GETHOSTBYNAME 1
| #define HAVE_SYS_TYPES_H 1
| #define HAVE_SYS_STAT_H 1
| #define HAVE_STDLIB_H 1
| #define HAVE_STRING_H 1
| #define HAVE_MEMORY_H 1
| #define HAVE_STRINGS_H 1
| #define HAVE_INTTYPES_H 1
| #define HAVE_STDINT_H 1
| #define HAVE_UNISTD_H 1
| #define HAVE_UNISTD_H 1
| #define HAVE_STDLIB_H 1
| #define HAVE_STRING_H 1
| #define HAVE_NETDB_H 1
| /* end confdefs.h.  */
| #include <stdio.h>
| #ifdef HAVE_SYS_TYPES_H
| # include <sys/types.h>
| #endif
| #ifdef HAVE_SYS_STAT_H
| # include <sys/stat.h>
| #endif
| #ifdef STDC_HEADERS
| # include <stdlib.h>
| # include <stddef.h>
| #else
| # ifdef HAVE_STDLIB_H
| #  include <stdlib.h>
| # endif
| #endif
| #ifdef HAVE_STRING_H
| # if !defined STDC_HEADERS && defined HAVE_MEMORY_H
| #  include <memory.h>
| # endif
| # include <string.h>
| #endif
| #ifdef HAVE_STRINGS_H
| # include <strings.h>
| #endif
| #ifdef HAVE_INTTYPES_H
| # include <inttypes.h>
| #endif
| #ifdef HAVE_STDINT_H
| # include <stdint.h>
| #endif
| #ifdef HAVE_UNISTD_H
| # include <unistd.h>
| #endif
| #include <sys/systeminfo.h>
configure:4583: result: no
configure:4587: checking sys/systeminfo.h presence
configure:4602: gcc -E  -I/home/aballmer/new/SCC15HPCRepast/INSTALLATION/mpich2-1.4.1p1/src/mpl/include -I/home/aballmer/new/SCC15HPCRepast/INSTALLATION/mpich2-1.4.1p1/src/mpl/include -I/home/aballmer/new/SCC15HPCRepast/INSTALLATION/mpich2-1.4.1p1/src/openpa/src -I/home/aballmer/new/SCC15HPCRepast/INSTALLATION/mpich2-1.4.1p1/src/openpa/src -I/home/aballmer/new/SCC15HPCRepast/INSTALLATION/mpich2-1.4.1p1/src/mpid/ch3/include -I/home/aballmer/new/SCC15HPCRepast/INSTALLATION/mpich2-1.4.1p1/src/mpid/ch3/include -I/home/aballmer/new/SCC15HPCRepast/INSTALLATION/mpich2-1.4.1p1/src/mpid/common/datatype -I/home/aballmer/new/SCC15HPCRepast/INSTALLATION/mpich2-1.4.1p1/src/mpid/common/datatype -I/home/aballmer/new/SCC15HPCRepast/INSTALLATION/mpich2-1.4.1p1/src/mpid/common/locks -I/home/aballmer/new/SCC15HPCRepast/INSTALLATION/mpich2-1.4.1p1/src/mpid/common/locks -I/home/aballmer/new/SCC15HPCRepast/INSTALLATION/mpich2-1.4.1p1/src/mpid/ch3/channels/nemesis/include -I/home/aballmer/new/SCC15HPCRepast/INSTALLATION/mpich2-1.4.1p1/src/mpid/ch3/channels/nemesis/include -I/home/aballmer/new/SCC15HPCRepast/INSTALLATION/mpich2-1.4.1p1/src/mpid/ch3/channels/nemesis/nemesis/include -I/home/aballmer/new/SCC15HPCRepast/INSTALLATION/mpich2-1.4.1p1/src/mpid/ch3/channels/nemesis/nemesis/include -I/home/aballmer/new/SCC15HPCRepast/INSTALLATION/mpich2-1.4.1p1/src/mpid/ch3/channels/nemesis/nemesis/utils/monitor -I/home/aballmer/new/SCC15HPCRepast/INSTALLATION/mpich2-1.4.1p1/src/mpid/ch3/channels/nemesis/nemesis/utils/monitor -I/home/aballmer/new/SCC15HPCRepast/INSTALLATION/mpich2-1.4.1p1/src/util/wrappers -I/home/aballmer/new/SCC15HPCRepast/INSTALLATION/mpich2-1.4.1p1/src/util/wrappers conftest.c
conftest.c:25:28: fatal error: sys/systeminfo.h: No such file or directory
 #include <sys/systeminfo.h>
                            ^
compilation terminated.
configure:4609: $? = 1
configure: failed program was:
| /* confdefs.h.  */
| #define PACKAGE_NAME ""
| #define PACKAGE_TARNAME ""
| #define PACKAGE_VERSION ""
| #define PACKAGE_STRING ""
| #define PACKAGE_BUGREPORT ""
| #define STDC_HEADERS 1
| #define HAVE_SYSINFO 1
| #define HAVE_UNAME 1
| #define HAVE_GETHOSTBYNAME 1
| #define HAVE_SYS_TYPES_H 1
| #define HAVE_SYS_STAT_H 1
| #define HAVE_STDLIB_H 1
| #define HAVE_STRING_H 1
| #define HAVE_MEMORY_H 1
| #define HAVE_STRINGS_H 1
| #define HAVE_INTTYPES_H 1
| #define HAVE_STDINT_H 1
| #define HAVE_UNISTD_H 1
| #define HAVE_UNISTD_H 1
| #define HAVE_STDLIB_H 1
| #define HAVE_STRING_H 1
| #define HAVE_NETDB_H 1
| /* end confdefs.h.  */
| #include <sys/systeminfo.h>
configure:4623: result: no
configure:4651: checking for sys/systeminfo.h
configure:4660: result: no
configure:4534: checking for sys/types.h
configure:4541: result: yes
configure:4676: checking for sighandler_t
configure:4699: gcc -c    -O2 -DMPI_LINUX  -I/home/aballmer/new/SCC15HPCRepast/INSTALLATION/mpich2-1.4.1p1/src/mpl/include -I/home/aballmer/new/SCC15HPCRepast/INSTALLATION/mpich2-1.4.1p1/src/mpl/include -I/home/aballmer/new/SCC15HPCRepast/INSTALLATION/mpich2-1.4.1p1/src/openpa/src -I/home/aballmer/new/SCC15HPCRepast/INSTALLATION/mpich2-1.4.1p1/src/openpa/src -I/home/aballmer/new/SCC15HPCRepast/INSTALLATION/mpich2-1.4.1p1/src/mpid/ch3/include -I/home/aballmer/new/SCC15HPCRepast/INSTALLATION/mpich2-1.4.1p1/src/mpid/ch3/include -I/home/aballmer/new/SCC15HPCRepast/INSTALLATION/mpich2-1.4.1p1/src/mpid/common/datatype -I/home/aballmer/new/SCC15HPCRepast/INSTALLATION/mpich2-1.4.1p1/src/mpid/common/datatype -I/home/aballmer/new/SCC15HPCRepast/INSTALLATION/mpich2-1.4.1p1/src/mpid/common/locks -I/home/aballmer/new/SCC15HPCRepast/INSTALLATION/mpich2-1.4.1p1/src/mpid/common/locks -I/home/aballmer/new/SCC15HPCRepast/INSTALLATION/mpich2-1.4.1p1/src/mpid/ch3/channels/nemesis/include -I/home/aballmer/new/SCC15HPCRepast/INSTALLATION/mpich2-1.4.1p1/src/mpid/ch3/channels/nemesis/include -I/home/aballmer/new/SCC15HPCRepast/INSTALLATION/mpich2-1.4.1p1/src/mpid/ch3/channels/nemesis/nemesis/include -I/home/aballmer/new/SCC15HPCRepast/INSTALLATION/mpich2-1.4.1p1/src/mpid/ch3/channels/nemesis/nemesis/include -I/home/aballmer/new/SCC15HPCRepast/INSTALLATION/mpich2-1.4.1p1/src/mpid/ch3/channels/nemesis/nemesis/utils/monitor -I/home/aballmer/new/SCC15HPCRepast/INSTALLATION/mpich2-1.4.1p1/src/mpid/ch3/channels/nemesis/nemesis/utils/monitor -I/home/aballmer/new/SCC15HPCRepast/INSTALLATION/mpich2-1.4.1p1/src/util/wrappers -I/home/aballmer/new/SCC15HPCRepast/INSTALLATION/mpich2-1.4.1p1/src/util/wrappers conftest.c >&5
conftest.c: In function 'main':
conftest.c:30:1: error: unknown type name 'sighandler_t'
 sighandler_t *f;
 ^
configure:4706: $? = 1
configure: failed program was:
| /* confdefs.h.  */
| #define PACKAGE_NAME ""
| #define PACKAGE_TARNAME ""
| #define PACKAGE_VERSION ""
| #define PACKAGE_STRING ""
| #define PACKAGE_BUGREPORT ""
| #define STDC_HEADERS 1
| #define HAVE_SYSINFO 1
| #define HAVE_UNAME 1
| #define HAVE_GETHOSTBYNAME 1
| #define HAVE_SYS_TYPES_H 1
| #define HAVE_SYS_STAT_H 1
| #define HAVE_STDLIB_H 1
| #define HAVE_STRING_H 1
| #define HAVE_MEMORY_H 1
| #define HAVE_STRINGS_H 1
| #define HAVE_INTTYPES_H 1
| #define HAVE_STDINT_H 1
| #define HAVE_UNISTD_H 1
| #define HAVE_UNISTD_H 1
| #define HAVE_STDLIB_H 1
| #define HAVE_STRING_H 1
| #define HAVE_NETDB_H 1
| #define HAVE_SYS_TYPES_H 1
| /* end confdefs.h.  */
| #include <signal.h>
| int
| main ()
| {
| sighandler_t *f;
|   ;
|   return 0;
| }
configure:4720: result: no
configure:4734: checking for kill
configure:4790: gcc -o conftest    -O2 -DMPI_LINUX  -I/home/aballmer/new/SCC15HPCRepast/INSTALLATION/mpich2-1.4.1p1/src/mpl/include -I/home/aballmer/new/SCC15HPCRepast/INSTALLATION/mpich2-1.4.1p1/src/mpl/include -I/home/aballmer/new/SCC15HPCRepast/INSTALLATION/mpich2-1.4.1p1/src/openpa/src -I/home/aballmer/new/SCC15HPCRepast/INSTALLATION/mpich2-1.4.1p1/src/openpa/src -I/home/aballmer/new/SCC15HPCRepast/INSTALLATION/mpich2-1.4.1p1/src/mpid/ch3/include -I/home/aballmer/new/SCC15HPCRepast/INSTALLATION/mpich2-1.4.1p1/src/mpid/ch3/include -I/home/aballmer/new/SCC15HPCRepast/INSTALLATION/mpich2-1.4.1p1/src/mpid/common/datatype -I/home/aballmer/new/SCC15HPCRepast/INSTALLATION/mpich2-1.4.1p1/src/mpid/common/datatype -I/home/aballmer/new/SCC15HPCRepast/INSTALLATION/mpich2-1.4.1p1/src/mpid/common/locks -I/home/aballmer/new/SCC15HPCRepast/INSTALLATION/mpich2-1.4.1p1/src/mpid/common/locks -I/home/aballmer/new/SCC15HPCRepast/INSTALLATION/mpich2-1.4.1p1/src/mpid/ch3/channels/nemesis/include -I/home/aballmer/new/SCC15HPCRepast/INSTALLATION/mpich2-1.4.1p1/src/mpid/ch3/channels/nemesis/include -I/home/aballmer/new/SCC15HPCRepast/INSTALLATION/mpich2-1.4.1p1/src/mpid/ch3/channels/nemesis/nemesis/include -I/home/aballmer/new/SCC15HPCRepast/INSTALLATION/mpich2-1.4.1p1/src/mpid/ch3/channels/nemesis/nemesis/include -I/home/aballmer/new/SCC15HPCRepast/INSTALLATION/mpich2-1.4.1p1/src/mpid/ch3/channels/nemesis/nemesis/utils/monitor -I/home/aballmer/new/SCC15HPCRepast/INSTALLATION/mpich2-1.4.1p1/src/mpid/ch3/channels/nemesis/nemesis/utils/monitor -I/home/aballmer/new/SCC15HPCRepast/INSTALLATION/mpich2-1.4.1p1/src/util/wrappers -I/home/aballmer/new/SCC15HPCRepast/INSTALLATION/mpich2-1.4.1p1/src/util/wrappers   conftest.c -lrt -lpthread   >&5
configure:4797: $? = 0
configure:4819: result: yes
configure:4833: checking whether kill needs a declaration
configure:4860: gcc -c    -O2 -DMPI_LINUX  -I/home/aballmer/new/SCC15HPCRepast/INSTALLATION/mpich2-1.4.1p1/src/mpl/include -I/home/aballmer/new/SCC15HPCRepast/INSTALLATION/mpich2-1.4.1p1/src/mpl/include -I/home/aballmer/new/SCC15HPCRepast/INSTALLATION/mpich2-1.4.1p1/src/openpa/src -I/home/aballmer/new/SCC15HPCRepast/INSTALLATION/mpich2-1.4.1p1/src/openpa/src -I/home/aballmer/new/SCC15HPCRepast/INSTALLATION/mpich2-1.4.1p1/src/mpid/ch3/include -I/home/aballmer/new/SCC15HPCRepast/INSTALLATION/mpich2-1.4.1p1/src/mpid/ch3/include -I/home/aballmer/new/SCC15HPCRepast/INSTALLATION/mpich2-1.4.1p1/src/mpid/common/datatype -I/home/aballmer/new/SCC15HPCRepast/INSTALLATION/mpich2-1.4.1p1/src/mpid/common/datatype -I/home/aballmer/new/SCC15HPCRepast/INSTALLATION/mpich2-1.4.1p1/src/mpid/common/locks -I/home/aballmer/new/SCC15HPCRepast/INSTALLATION/mpich2-1.4.1p1/src/mpid/common/locks -I/home/aballmer/new/SCC15HPCRepast/INSTALLATION/mpich2-1.4.1p1/src/mpid/ch3/channels/nemesis/include -I/home/aballmer/new/SCC15HPCRepast/INSTALLATION/mpich2-1.4.1p1/src/mpid/ch3/channels/nemesis/include -I/home/aballmer/new/SCC15HPCRepast/INSTALLATION/mpich2-1.4.1p1/src/mpid/ch3/channels/nemesis/nemesis/include -I/home/aballmer/new/SCC15HPCRepast/INSTALLATION/mpich2-1.4.1p1/src/mpid/ch3/channels/nemesis/nemesis/include -I/home/aballmer/new/SCC15HPCRepast/INSTALLATION/mpich2-1.4.1p1/src/mpid/ch3/channels/nemesis/nemesis/utils/monitor -I/home/aballmer/new/SCC15HPCRepast/INSTALLATION/mpich2-1.4.1p1/src/mpid/ch3/channels/nemesis/nemesis/utils/monitor -I/home/aballmer/new/SCC15HPCRepast/INSTALLATION/mpich2-1.4.1p1/src/util/wrappers -I/home/aballmer/new/SCC15HPCRepast/INSTALLATION/mpich2-1.4.1p1/src/util/wrappers conftest.c >&5
conftest.c: In function 'main':
conftest.c:31:1: error: too many arguments to function 'kill'
 int a=kill(1.0,27,1.0,"foo");
 ^
In file included from conftest.c:27:0:
/usr/include/signal.h:127:12: note: declared here
 extern int kill (__pid_t __pid, int __sig) __THROW;
            ^
configure:4867: $? = 1
configure: failed program was:
| /* confdefs.h.  */
| #define PACKAGE_NAME ""
| #define PACKAGE_TARNAME ""
| #define PACKAGE_VERSION ""
| #define PACKAGE_STRING ""
| #define PACKAGE_BUGREPORT ""
| #define STDC_HEADERS 1
| #define HAVE_SYSINFO 1
| #define HAVE_UNAME 1
| #define HAVE_GETHOSTBYNAME 1
| #define HAVE_SYS_TYPES_H 1
| #define HAVE_SYS_STAT_H 1
| #define HAVE_STDLIB_H 1
| #define HAVE_STRING_H 1
| #define HAVE_MEMORY_H 1
| #define HAVE_STRINGS_H 1
| #define HAVE_INTTYPES_H 1
| #define HAVE_STDINT_H 1
| #define HAVE_UNISTD_H 1
| #define HAVE_UNISTD_H 1
| #define HAVE_STDLIB_H 1
| #define HAVE_STRING_H 1
| #define HAVE_NETDB_H 1
| #define HAVE_SYS_TYPES_H 1
| #define HAVE_KILL 1
| /* end confdefs.h.  */
| #include <signal.h>
| int
| main ()
| {
| int a=kill(1.0,27,1.0,"foo");
|   ;
|   return 0;
| }
configure:4882: result: no
configure:4937: creating ./config.status

## ---------------------- ##
## Running config.status. ##
## ---------------------- ##

This file was extended by config.status, which was
generated by GNU Autoconf 2.63.  Invocation command line was

  CONFIG_FILES    = 
  CONFIG_HEADERS  = 
  CONFIG_LINKS    = 
  CONFIG_COMMANDS = 
  $ ./config.status 

on n00.localdomain

config.status:774: creating Makefile
config.status:774: creating src/Makefile
config.status:774: creating src/dbxerr.c
config.status:774: creating mpe_misc_conf.h

## ---------------- ##
## Cache variables. ##
## ---------------- ##

ac_cv_build=x86_64-unknown-linux-gnu
ac_cv_c_compiler_gnu=yes
ac_cv_c_const=yes
ac_cv_env_CC_set=set
ac_cv_env_CC_value=gcc
ac_cv_env_CFLAGS_set=set
ac_cv_env_CFLAGS_value='   -O2'
ac_cv_env_CPPFLAGS_set=set
ac_cv_env_CPPFLAGS_value=' -I/home/aballmer/new/SCC15HPCRepast/INSTALLATION/mpich2-1.4.1p1/src/mpl/include -I/home/aballmer/new/SCC15HPCRepast/INSTALLATION/mpich2-1.4.1p1/src/mpl/include -I/home/aballmer/new/SCC15HPCRepast/INSTALLATION/mpich2-1.4.1p1/src/openpa/src -I/home/aballmer/new/SCC15HPCRepast/INSTALLATION/mpich2-1.4.1p1/src/openpa/src -I/home/aballmer/new/SCC15HPCRepast/INSTALLATION/mpich2-1.4.1p1/src/mpid/ch3/include -I/home/aballmer/new/SCC15HPCRepast/INSTALLATION/mpich2-1.4.1p1/src/mpid/ch3/include -I/home/aballmer/new/SCC15HPCRepast/INSTALLATION/mpich2-1.4.1p1/src/mpid/common/datatype -I/home/aballmer/new/SCC15HPCRepast/INSTALLATION/mpich2-1.4.1p1/src/mpid/common/datatype -I/home/aballmer/new/SCC15HPCRepast/INSTALLATION/mpich2-1.4.1p1/src/mpid/common/locks -I/home/aballmer/new/SCC15HPCRepast/INSTALLATION/mpich2-1.4.1p1/src/mpid/common/locks -I/home/aballmer/new/SCC15HPCRepast/INSTALLATION/mpich2-1.4.1p1/src/mpid/ch3/channels/nemesis/include -I/home/aballmer/new/SCC15HPCRepast/INSTALLATION/mpich2-1.4.1p1/src/mpid/ch3/channels/nemesis/include -I/home/aballmer/new/SCC15HPCRepast/INSTALLATION/mpich2-1.4.1p1/src/mpid/ch3/channels/nemesis/nemesis/include -I/home/aballmer/new/SCC15HPCRepast/INSTALLATION/mpich2-1.4.1p1/src/mpid/ch3/channels/nemesis/nemesis/include -I/home/aballmer/new/SCC15HPCRepast/INSTALLATION/mpich2-1.4.1p1/src/mpid/ch3/channels/nemesis/nemesis/utils/monitor -I/home/aballmer/new/SCC15HPCRepast/INSTALLATION/mpich2-1.4.1p1/src/mpid/ch3/channels/nemesis/nemesis/utils/monitor -I/home/aballmer/new/SCC15HPCRepast/INSTALLATION/mpich2-1.4.1p1/src/util/wrappers -I/home/aballmer/new/SCC15HPCRepast/INSTALLATION/mpich2-1.4.1p1/src/util/wrappers'
ac_cv_env_CPP_set=
ac_cv_env_CPP_value=
ac_cv_env_LDFLAGS_set=set
ac_cv_env_LDFLAGS_value=' '
ac_cv_env_LIBS_set=set
ac_cv_env_LIBS_value='-lrt -lpthread  '
ac_cv_env_build_alias_set=
ac_cv_env_build_alias_value=
ac_cv_env_host_alias_set=
ac_cv_env_host_alias_value=
ac_cv_env_target_alias_set=
ac_cv_env_target_alias_value=
ac_cv_func_gethostbyname=yes
ac_cv_func_kill=yes
ac_cv_func_sysinfo=yes
ac_cv_func_uname=yes
ac_cv_header_inttypes_h=yes
ac_cv_header_memory_h=yes
ac_cv_header_netdb_h=yes
ac_cv_header_stdc=yes
ac_cv_header_stdint_h=yes
ac_cv_header_stdlib_h=yes
ac_cv_header_string_h=yes
ac_cv_header_strings_h=yes
ac_cv_header_sys_stat_h=yes
ac_cv_header_sys_systeminfo_h=no
ac_cv_header_sys_types_h=yes
ac_cv_header_unistd_h=yes
ac_cv_host=x86_64-unknown-linux-gnu
ac_cv_objext=o
ac_cv_path_EGREP='/usr/bin/grep -E'
ac_cv_path_GDB_NAME=/usr/bin/gdb
ac_cv_path_GREP=/usr/bin/grep
ac_cv_prog_AR=ar
ac_cv_prog_CPP='gcc -E'
ac_cv_prog_ac_ct_CC=gcc
ac_cv_prog_ac_ct_RANLIB=ranlib
ac_cv_prog_cc_c89=
ac_cv_prog_cc_g=yes
ac_cv_prog_cc_gcc_c_o=yes
pac_cv_func_decl_kill=no

## ----------------- ##
## Output variables. ##
## ----------------- ##

AR='ar'
CC='gcc'
CC_DOES_C_O='yes'
CFLAGS='   -O2 -DMPI_LINUX'
CLINKER='gcc'
CPP='gcc -E'
CPPFLAGS=' -I/home/aballmer/new/SCC15HPCRepast/INSTALLATION/mpich2-1.4.1p1/src/mpl/include -I/home/aballmer/new/SCC15HPCRepast/INSTALLATION/mpich2-1.4.1p1/src/mpl/include -I/home/aballmer/new/SCC15HPCRepast/INSTALLATION/mpich2-1.4.1p1/src/openpa/src -I/home/aballmer/new/SCC15HPCRepast/INSTALLATION/mpich2-1.4.1p1/src/openpa/src -I/home/aballmer/new/SCC15HPCRepast/INSTALLATION/mpich2-1.4.1p1/src/mpid/ch3/include -I/home/aballmer/new/SCC15HPCRepast/INSTALLATION/mpich2-1.4.1p1/src/mpid/ch3/include -I/home/aballmer/new/SCC15HPCRepast/INSTALLATION/mpich2-1.4.1p1/src/mpid/common/datatype -I/home/aballmer/new/SCC15HPCRepast/INSTALLATION/mpich2-1.4.1p1/src/mpid/common/datatype -I/home/aballmer/new/SCC15HPCRepast/INSTALLATION/mpich2-1.4.1p1/src/mpid/common/locks -I/home/aballmer/new/SCC15HPCRepast/INSTALLATION/mpich2-1.4.1p1/src/mpid/common/locks -I/home/aballmer/new/SCC15HPCRepast/INSTALLATION/mpich2-1.4.1p1/src/mpid/ch3/channels/nemesis/include -I/home/aballmer/new/SCC15HPCRepast/INSTALLATION/mpich2-1.4.1p1/src/mpid/ch3/channels/nemesis/include -I/home/aballmer/new/SCC15HPCRepast/INSTALLATION/mpich2-1.4.1p1/src/mpid/ch3/channels/nemesis/nemesis/include -I/home/aballmer/new/SCC15HPCRepast/INSTALLATION/mpich2-1.4.1p1/src/mpid/ch3/channels/nemesis/nemesis/include -I/home/aballmer/new/SCC15HPCRepast/INSTALLATION/mpich2-1.4.1p1/src/mpid/ch3/channels/nemesis/nemesis/utils/monitor -I/home/aballmer/new/SCC15HPCRepast/INSTALLATION/mpich2-1.4.1p1/src/mpid/ch3/channels/nemesis/nemesis/utils/monitor -I/home/aballmer/new/SCC15HPCRepast/INSTALLATION/mpich2-1.4.1p1/src/util/wrappers -I/home/aballmer/new/SCC15HPCRepast/INSTALLATION/mpich2-1.4.1p1/src/util/wrappers'
CPRP='cp'
DBX_NAME=''
DEFS='-DHAVE_CONFIG_H'
ECHO_C=''
ECHO_N='-n'
ECHO_T=''
EGREP='/usr/bin/grep -E'
EXEEXT=''
GDB_NAME='/usr/bin/gdb'
GREP='/usr/bin/grep'
LDFLAGS=' '
LIBOBJS=''
LIBS='-lrt -lpthread  '
LTLIBOBJS=''
MAKE='make --no-print-directory'
MKDIR='mkdir'
MPEDBG='no'
MPE_BUILD_FORTRAN2C='no'
MPI_CC='/home/aballmer/new/SCC15HPCRepast/INSTALLATION/mpich2-1.4.1p1/bin/mpicc'
MPI_CFLAGS=' -DMPI_LINUX'
MPI_IMPL='MPICH2'
MPI_LIBS=''
MV='mv'
OBJEXT='o'
PACKAGE_BUGREPORT=''
PACKAGE_NAME=''
PACKAGE_STRING=''
PACKAGE_TARNAME=''
PACKAGE_VERSION=''
PATH_SEPARATOR=':'
PROF_LIBNAME='mpe'
RANLIB='ranlib'
RM='rm'
SHELL='/bin/sh'
VPATH='VPATH=.:$(srcdir)'
ac_ct_CC='gcc'
binbuild_dir='/home/aballmer/new/SCC15HPCRepast/INSTALLATION/mpich2-1.4.1p1/src/mpe2/bin'
bindir='${exec_prefix}/bin'
build='x86_64-unknown-linux-gnu'
build_alias=''
build_cpu='x86_64'
build_os='linux-gnu'
build_vendor='unknown'
datadir='${datarootdir}'
datarootdir='${prefix}/share'
docdir='${datarootdir}/doc/${PACKAGE}'
dvidir='${docdir}'
exec_prefix='${prefix}'
host='linux'
host_alias=''
host_cpu='x86_64'
host_os='linux-gnu'
host_vendor='unknown'
htmldir='${docdir}'
includebuild_dir='/home/aballmer/new/SCC15HPCRepast/INSTALLATION/mpich2-1.4.1p1/src/mpe2/include'
includedir='${prefix}/include'
infodir='${datarootdir}/info'
libbuild_dir='/home/aballmer/new/SCC15HPCRepast/INSTALLATION/mpich2-1.4.1p1/src/mpe2/lib'
libdir='${exec_prefix}/lib'
libexecdir='${exec_prefix}/libexec'
localedir='${datarootdir}/locale'
localstatedir='${prefix}/var'
mandir='${datarootdir}/man'
oldincludedir='/usr/include'
pdfdir='${docdir}'
prefix='/home/aballmer/new/SCC15HPCRepast/ext//MPICH'
program_transform_name='s,x,x,'
psdir='${docdir}'
sbindir='${exec_prefix}/sbin'
sharedstatedir='${prefix}/com'
sysconfdir='${prefix}/etc'
target_alias=''
top_srcdir_abs='/home/aballmer/new/SCC15HPCRepast/INSTALLATION/mpich2-1.4.1p1/src/mpe2/src/misc'

## ----------- ##
## confdefs.h. ##
## ----------- ##

#define PACKAGE_NAME ""
#define PACKAGE_TARNAME ""
#define PACKAGE_VERSION ""
#define PACKAGE_STRING ""
#define PACKAGE_BUGREPORT ""
#define STDC_HEADERS 1
#define HAVE_SYSINFO 1
#define HAVE_UNAME 1
#define HAVE_GETHOSTBYNAME 1
#define HAVE_SYS_TYPES_H 1
#define HAVE_SYS_STAT_H 1
#define HAVE_STDLIB_H 1
#define HAVE_STRING_H 1
#define HAVE_MEMORY_H 1
#define HAVE_STRINGS_H 1
#define HAVE_INTTYPES_H 1
#define HAVE_STDINT_H 1
#define HAVE_UNISTD_H 1
#define HAVE_UNISTD_H 1
#define HAVE_STDLIB_H 1
#define HAVE_STRING_H 1
#define HAVE_NETDB_H 1
#define HAVE_SYS_TYPES_H 1
#define HAVE_KILL 1

configure: exit 0
