ENTRY
1447556712


ENTRY
1447556726


ENTRY
1447556740


ENTRY
1447556754


ENTRY
1447556768


ENTRY
1447556782


ENTRY
1447556795


ENTRY
1447556808


ENTRY
1447556821


ENTRY
1447556834


ENTRY
1447556847


ENTRY
1447556860


ENTRY
1447556873


ENTRY
1447556887


ENTRY
1447556900


ENTRY
1447556913


ENTRY
1447556926


ENTRY
1447556939


ENTRY
1447556952

ENTRY
1447601580


ENTRY
1447601593


ENTRY
1447601606


ENTRY
1447601619


ENTRY
1447601632


ENTRY
1447601645


ENTRY
1447601658


ENTRY
1447601671


ENTRY
1447601684


ENTRY
1447601697


ENTRY
1447601710


ENTRY
1447601723


ENTRY
1447601736


ENTRY
1447601749


ENTRY
1447601763


ENTRY
1447601776


ENTRY
1447601789


ENTRY
1447601802


ENTRY
1447601815


ENTRY
1447601828


ENTRY
1447601841


ENTRY
1447601854


ENTRY
1447601868


ENTRY
1447601881


ENTRY
1447601894


ENTRY
1447601907


ENTRY
1447601920


ENTRY
1447601933


ENTRY
1447601946


ENTRY
1447601959


ENTRY
1447601972


ENTRY
1447601985


ENTRY
1447601998


ENTRY
1447602011


ENTRY
1447602024


ENTRY
1447602037


ENTRY
1447602050


ENTRY
1447602063


ENTRY
1447602076


ENTRY
1447602089


ENTRY
1447602102


ENTRY
1447602116


ENTRY
1447602129


ENTRY
1447602142


ENTRY
1447602155


ENTRY
1447602168


ENTRY
1447602181


ENTRY
1447602194


ENTRY
1447602207


ENTRY
1447602220


ENTRY
1447602233


ENTRY
1447602246


ENTRY
1447602259


ENTRY
1447602272


ENTRY
1447602285


ENTRY
1447602298


ENTRY
1447602311


ENTRY
1447602324


ENTRY
1447602337


ENTRY
1447602351


ENTRY
1447602364


ENTRY
1447602377


ENTRY
1447602390
