 Starting... 
15.11.2015 17:48:36 [0] INFO root TICK BEGINS: 1
15.11.2015 17:48:38 [0] INFO root TICK ENDS: 1
15.11.2015 17:48:39 [0] INFO root TICK BEGINS: 2
15.11.2015 17:48:41 [0] INFO root TICK ENDS: 2
15.11.2015 17:48:41 [0] INFO root TICK BEGINS: 3
15.11.2015 17:48:42 [0] INFO root TICK ENDS: 3
15.11.2015 17:48:42 [0] INFO root TICK BEGINS: 4
15.11.2015 17:48:43 [0] INFO root TICK ENDS: 4
15.11.2015 17:48:44 [0] INFO root TICK BEGINS: 5
15.11.2015 17:48:45 [0] INFO root TICK ENDS: 5
15.11.2015 17:48:45 [0] INFO root TICK BEGINS: 6
15.11.2015 17:48:46 [0] INFO root TICK ENDS: 6
15.11.2015 17:48:46 [0] INFO root TICK BEGINS: 7
15.11.2015 17:48:47 [0] INFO root TICK ENDS: 7
15.11.2015 17:48:47 [0] INFO root TICK BEGINS: 8
15.11.2015 17:48:48 [0] INFO root TICK ENDS: 8
15.11.2015 17:48:48 [0] INFO root TICK BEGINS: 9
15.11.2015 17:48:49 [0] INFO root TICK ENDS: 9
15.11.2015 17:48:49 [0] INFO root TICK BEGINS: 10
15.11.2015 17:48:50 [0] INFO root TICK ENDS: 10
15.11.2015 17:48:51 [0] INFO root TICK BEGINS: 11
15.11.2015 17:48:52 [0] INFO root TICK ENDS: 11
15.11.2015 17:48:52 [0] INFO root TICK BEGINS: 12
15.11.2015 17:48:53 [0] INFO root TICK ENDS: 12
15.11.2015 17:48:54 [0] INFO root TICK BEGINS: 13
15.11.2015 17:48:55 [0] INFO root TICK ENDS: 13
15.11.2015 17:48:55 [0] INFO root TICK BEGINS: 14
15.11.2015 17:48:56 [0] INFO root TICK ENDS: 14
15.11.2015 17:48:56 [0] INFO root TICK BEGINS: 15
15.11.2015 17:48:57 [0] INFO root TICK ENDS: 15
15.11.2015 17:48:57 [0] INFO root TICK BEGINS: 16
15.11.2015 17:48:59 [0] INFO root TICK ENDS: 16
15.11.2015 17:48:59 [0] INFO root TICK BEGINS: 17
15.11.2015 17:49:00 [0] INFO root TICK ENDS: 17
15.11.2015 17:49:00 [0] INFO root TICK BEGINS: 18
15.11.2015 17:49:01 [0] INFO root TICK ENDS: 18
15.11.2015 17:49:01 [0] INFO root TICK BEGINS: 19
15.11.2015 17:49:02 [0] INFO root TICK ENDS: 19
15.11.2015 17:49:03 [0] INFO root TICK BEGINS: 20
15.11.2015 17:49:04 [0] INFO root TICK ENDS: 20
15.11.2015 17:49:04 [0] INFO root TICK BEGINS: 21
15.11.2015 17:49:05 [0] INFO root TICK ENDS: 21
15.11.2015 17:49:06 [0] INFO root TICK BEGINS: 22
15.11.2015 17:49:07 [0] INFO root TICK ENDS: 22
15.11.2015 17:49:07 [0] INFO root TICK BEGINS: 23
15.11.2015 17:49:08 [0] INFO root TICK ENDS: 23
15.11.2015 17:49:08 [0] INFO root TICK BEGINS: 24
15.11.2015 17:49:09 [0] INFO root TICK ENDS: 24
15.11.2015 17:49:09 [0] INFO root TICK BEGINS: 25
15.11.2015 17:49:10 [0] INFO root TICK ENDS: 25
15.11.2015 17:49:11 [0] INFO root TICK BEGINS: 26
15.11.2015 17:49:12 [0] INFO root TICK ENDS: 26
15.11.2015 17:49:12 [0] INFO root TICK BEGINS: 27
15.11.2015 17:49:13 [0] INFO root TICK ENDS: 27
15.11.2015 17:49:14 [0] INFO root TICK BEGINS: 28
15.11.2015 17:49:15 [0] INFO root TICK ENDS: 28
15.11.2015 17:49:15 [0] INFO root TICK BEGINS: 29
15.11.2015 17:49:16 [0] INFO root TICK ENDS: 29
15.11.2015 17:49:16 [0] INFO root TICK BEGINS: 30
15.11.2015 17:49:17 [0] INFO root TICK ENDS: 30
15.11.2015 17:49:18 [0] INFO root TICK BEGINS: 31
15.11.2015 17:49:19 [0] INFO root TICK ENDS: 31
15.11.2015 17:49:19 [0] INFO root TICK BEGINS: 32
15.11.2015 17:49:20 [0] INFO root TICK ENDS: 32
15.11.2015 17:49:21 [0] INFO root TICK BEGINS: 33
15.11.2015 17:49:22 [0] INFO root TICK ENDS: 33
15.11.2015 17:49:22 [0] INFO root TICK BEGINS: 34
15.11.2015 17:49:23 [0] INFO root TICK ENDS: 34
15.11.2015 17:49:24 [0] INFO root TICK BEGINS: 35
15.11.2015 17:49:25 [0] INFO root TICK ENDS: 35
15.11.2015 17:49:25 [0] INFO root TICK BEGINS: 36
15.11.2015 17:49:26 [0] INFO root TICK ENDS: 36
15.11.2015 17:49:26 [0] INFO root TICK BEGINS: 37
15.11.2015 17:49:28 [0] INFO root TICK ENDS: 37
15.11.2015 17:49:28 [0] INFO root TICK BEGINS: 38
15.11.2015 17:49:29 [0] INFO root TICK ENDS: 38
15.11.2015 17:49:29 [0] INFO root TICK BEGINS: 39
15.11.2015 17:49:30 [0] INFO root TICK ENDS: 39
15.11.2015 17:49:31 [0] INFO root TICK BEGINS: 40
15.11.2015 17:49:32 [0] INFO root TICK ENDS: 40
15.11.2015 17:49:32 [0] INFO root TICK BEGINS: 41
15.11.2015 17:49:33 [0] INFO root TICK ENDS: 41
15.11.2015 17:49:34 [0] INFO root TICK BEGINS: 42
15.11.2015 17:49:35 [0] INFO root TICK ENDS: 42
15.11.2015 17:49:35 [0] INFO root TICK BEGINS: 43
15.11.2015 17:49:36 [0] INFO root TICK ENDS: 43
15.11.2015 17:49:37 [0] INFO root TICK BEGINS: 44
15.11.2015 17:49:38 [0] INFO root TICK ENDS: 44
15.11.2015 17:49:38 [0] INFO root TICK BEGINS: 45
15.11.2015 17:49:39 [0] INFO root TICK ENDS: 45
15.11.2015 17:49:40 [0] INFO root TICK BEGINS: 46
15.11.2015 17:49:41 [0] INFO root TICK ENDS: 46
15.11.2015 17:49:41 [0] INFO root TICK BEGINS: 47
15.11.2015 17:49:42 [0] INFO root TICK ENDS: 47
15.11.2015 17:49:43 [0] INFO root TICK BEGINS: 48
15.11.2015 17:49:44 [0] INFO root TICK ENDS: 48
15.11.2015 17:49:44 [0] INFO root TICK BEGINS: 49
15.11.2015 17:49:45 [0] INFO root TICK ENDS: 49
15.11.2015 17:49:45 [0] INFO root TICK BEGINS: 50
15.11.2015 17:49:47 [0] INFO root TICK ENDS: 50
15.11.2015 17:49:47 [0] INFO root TICK BEGINS: 51
15.11.2015 17:49:48 [0] INFO root TICK ENDS: 51
15.11.2015 17:49:49 [0] INFO root TICK BEGINS: 52
15.11.2015 17:49:50 [0] INFO root TICK ENDS: 52
15.11.2015 17:49:50 [0] INFO root TICK BEGINS: 53
15.11.2015 17:49:51 [0] INFO root TICK ENDS: 53
15.11.2015 17:49:52 [0] INFO root TICK BEGINS: 54
15.11.2015 17:49:53 [0] INFO root TICK ENDS: 54
15.11.2015 17:49:53 [0] INFO root TICK BEGINS: 55
15.11.2015 17:49:54 [0] INFO root TICK ENDS: 55
15.11.2015 17:49:55 [0] INFO root TICK BEGINS: 56
15.11.2015 17:49:56 [0] INFO root TICK ENDS: 56
15.11.2015 17:49:56 [0] INFO root TICK BEGINS: 57
15.11.2015 17:49:57 [0] INFO root TICK ENDS: 57
15.11.2015 17:49:58 [0] INFO root TICK BEGINS: 58
15.11.2015 17:49:59 [0] INFO root TICK ENDS: 58
15.11.2015 17:49:59 [0] INFO root TICK BEGINS: 59
15.11.2015 17:50:00 [0] INFO root TICK ENDS: 59
15.11.2015 17:50:01 [0] INFO root TICK BEGINS: 60
15.11.2015 17:50:02 [0] INFO root TICK ENDS: 60
15.11.2015 17:50:03 [0] INFO root TICK BEGINS: 61
15.11.2015 17:50:04 [0] INFO root TICK ENDS: 61
15.11.2015 17:50:04 [0] INFO root TICK BEGINS: 62
15.11.2015 17:50:06 [0] INFO root TICK ENDS: 62
15.11.2015 17:50:06 [0] INFO root TICK BEGINS: 63
15.11.2015 17:50:07 [0] INFO root TICK ENDS: 63
15.11.2015 17:50:07 [0] INFO root TICK BEGINS: 64
15.11.2015 17:50:09 [0] INFO root TICK ENDS: 64
15.11.2015 17:50:09 [0] INFO root TICK BEGINS: 65
15.11.2015 17:50:10 [0] INFO root TICK ENDS: 65
15.11.2015 17:50:10 [0] INFO root TICK BEGINS: 66
15.11.2015 17:50:11 [0] INFO root TICK ENDS: 66
15.11.2015 17:50:12 [0] INFO root TICK BEGINS: 67
15.11.2015 17:50:13 [0] INFO root TICK ENDS: 67
15.11.2015 17:50:13 [0] INFO root TICK BEGINS: 68
15.11.2015 17:50:14 [0] INFO root TICK ENDS: 68
15.11.2015 17:50:14 [0] INFO root TICK BEGINS: 69
15.11.2015 17:50:16 [0] INFO root TICK ENDS: 69
15.11.2015 17:50:16 [0] INFO root TICK BEGINS: 70
15.11.2015 17:50:17 [0] INFO root TICK ENDS: 70
15.11.2015 17:50:17 [0] INFO root TICK BEGINS: 71
15.11.2015 17:50:18 [0] INFO root TICK ENDS: 71
15.11.2015 17:50:19 [0] INFO root TICK BEGINS: 72
15.11.2015 17:50:20 [0] INFO root TICK ENDS: 72
15.11.2015 17:50:20 [0] INFO root TICK BEGINS: 73
15.11.2015 17:50:21 [0] INFO root TICK ENDS: 73
15.11.2015 17:50:21 [0] INFO root TICK BEGINS: 74
15.11.2015 17:50:23 [0] INFO root TICK ENDS: 74
15.11.2015 17:50:23 [0] INFO root TICK BEGINS: 75
15.11.2015 17:50:24 [0] INFO root TICK ENDS: 75
15.11.2015 17:50:24 [0] INFO root TICK BEGINS: 76
15.11.2015 17:50:25 [0] INFO root TICK ENDS: 76
15.11.2015 17:50:25 [0] INFO root TICK BEGINS: 77
15.11.2015 17:50:26 [0] INFO root TICK ENDS: 77
15.11.2015 17:50:27 [0] INFO root TICK BEGINS: 78
15.11.2015 17:50:28 [0] INFO root TICK ENDS: 78
15.11.2015 17:50:28 [0] INFO root TICK BEGINS: 79
15.11.2015 17:50:29 [0] INFO root TICK ENDS: 79
15.11.2015 17:50:29 [0] INFO root TICK BEGINS: 80
15.11.2015 17:50:30 [0] INFO root TICK ENDS: 80
15.11.2015 17:50:31 [0] INFO root TICK BEGINS: 81
15.11.2015 17:50:32 [0] INFO root TICK ENDS: 81
15.11.2015 17:50:32 [0] INFO root TICK BEGINS: 82
15.11.2015 17:50:33 [0] INFO root TICK ENDS: 82
15.11.2015 17:50:34 [0] INFO root TICK BEGINS: 83
15.11.2015 17:50:35 [0] INFO root TICK ENDS: 83
15.11.2015 17:50:35 [0] INFO root TICK BEGINS: 84
15.11.2015 17:50:36 [0] INFO root TICK ENDS: 84
15.11.2015 17:50:36 [0] INFO root TICK BEGINS: 85
15.11.2015 17:50:37 [0] INFO root TICK ENDS: 85
15.11.2015 17:50:38 [0] INFO root TICK BEGINS: 86
15.11.2015 17:50:39 [0] INFO root TICK ENDS: 86
15.11.2015 17:50:39 [0] INFO root TICK BEGINS: 87
15.11.2015 17:50:40 [0] INFO root TICK ENDS: 87
15.11.2015 17:50:40 [0] INFO root TICK BEGINS: 88
15.11.2015 17:50:41 [0] INFO root TICK ENDS: 88
15.11.2015 17:50:41 [0] INFO root TICK BEGINS: 89
15.11.2015 17:50:42 [0] INFO root TICK ENDS: 89
15.11.2015 17:50:43 [0] INFO root TICK BEGINS: 90
15.11.2015 17:50:44 [0] INFO root TICK ENDS: 90
15.11.2015 17:50:44 [0] INFO root TICK BEGINS: 91
15.11.2015 17:50:45 [0] INFO root TICK ENDS: 91
15.11.2015 17:50:46 [0] INFO root TICK BEGINS: 92
15.11.2015 17:50:47 [0] INFO root TICK ENDS: 92
15.11.2015 17:50:47 [0] INFO root TICK BEGINS: 93
15.11.2015 17:50:48 [0] INFO root TICK ENDS: 93
15.11.2015 17:50:48 [0] INFO root TICK BEGINS: 94
15.11.2015 17:50:49 [0] INFO root TICK ENDS: 94
15.11.2015 17:50:49 [0] INFO root TICK BEGINS: 95
15.11.2015 17:50:51 [0] INFO root TICK ENDS: 95
15.11.2015 17:50:51 [0] INFO root TICK BEGINS: 96
15.11.2015 17:50:52 [0] INFO root TICK ENDS: 96
15.11.2015 17:50:52 [0] INFO root TICK BEGINS: 97
15.11.2015 17:50:53 [0] INFO root TICK ENDS: 97
15.11.2015 17:50:53 [0] INFO root TICK BEGINS: 98
15.11.2015 17:50:54 [0] INFO root TICK ENDS: 98
15.11.2015 17:50:55 [0] INFO root TICK BEGINS: 99
15.11.2015 17:50:56 [0] INFO root TICK ENDS: 99
15.11.2015 17:50:56 [0] INFO root TICK BEGINS: 100
15.11.2015 17:50:57 [0] INFO root TICK ENDS: 100
15.11.2015 17:50:57 [0] INFO root date_time.run = 15.11.2015 17:47:42
15.11.2015 17:50:57 [0] INFO root distribution.zombie_move = int_uniform, 0, 2
15.11.2015 17:50:57 [0] INFO root grid.buffer = 5
15.11.2015 17:50:57 [0] INFO root human.count = 500;
15.11.2015 17:50:57 [0] INFO root human.dataname = human_population
15.11.2015 17:50:57 [0] INFO root human.input.file = humans.h5
15.11.2015 17:50:57 [0] INFO root human.output.file = humans_out.h5
15.11.2015 17:50:57 [0] INFO root init.time = 4.1
15.11.2015 17:50:57 [0] INFO root max.x = 99
15.11.2015 17:50:57 [0] INFO root max.y = 99
15.11.2015 17:50:57 [0] INFO root min.x = 0
15.11.2015 17:50:57 [0] INFO root min.y = 0
15.11.2015 17:50:57 [0] INFO root output.interval = 10
15.11.2015 17:50:57 [0] INFO root proc.per.x = 10
15.11.2015 17:50:57 [0] INFO root proc.per.y = 10
15.11.2015 17:50:57 [0] INFO root process.count = 100
15.11.2015 17:50:57 [0] INFO root random.seed = 1284067381
15.11.2015 17:50:57 [0] INFO root run.time = 73.59
15.11.2015 17:50:57 [0] INFO root stop.at = 100
15.11.2015 17:50:57 [0] INFO root zombie.count = 5;
15.11.2015 17:50:57 [0] INFO root zombie.dataname = zombie_population
15.11.2015 17:50:57 [0] INFO root zombie.input.file = zombies.h5
15.11.2015 17:50:57 [0] INFO root zombie.output.file = zombies_out.h5
