This file contains any messages produced by compilers while
running configure, to aid debugging if configure makes a mistake.

It was created by configure, which was
generated by GNU Autoconf 2.63.  Invocation command line was

  $ ./configure --disable-option-checking --prefix=/home/aballmer/SCC15HPCRepast/ext//MPICH --disable-f77 --disable-fc MPI_CC=/home/aballmer/SCC15HPCRepast/INSTALLATION/mpich2-1.4.1p1/bin/mpicc MPI_F77=/home/aballmer/SCC15HPCRepast/INSTALLATION/mpich2-1.4.1p1/bin/mpif77 CC=gcc CFLAGS=   -O2 LDFLAGS=  LIBS=-lrt -lpthread   CPPFLAGS= -I/home/aballmer/SCC15HPCRepast/INSTALLATION/mpich2-1.4.1p1/src/mpl/include -I/home/aballmer/SCC15HPCRepast/INSTALLATION/mpich2-1.4.1p1/src/mpl/include -I/home/aballmer/SCC15HPCRepast/INSTALLATION/mpich2-1.4.1p1/src/openpa/src -I/home/aballmer/SCC15HPCRepast/INSTALLATION/mpich2-1.4.1p1/src/openpa/src -I/home/aballmer/SCC15HPCRepast/INSTALLATION/mpich2-1.4.1p1/src/mpid/ch3/include -I/home/aballmer/SCC15HPCRepast/INSTALLATION/mpich2-1.4.1p1/src/mpid/ch3/include -I/home/aballmer/SCC15HPCRepast/INSTALLATION/mpich2-1.4.1p1/src/mpid/common/datatype -I/home/aballmer/SCC15HPCRepast/INSTALLATION/mpich2-1.4.1p1/src/mpid/common/datatype -I/home/aballmer/SCC15HPCRepast/INSTALLATION/mpich2-1.4.1p1/src/mpid/common/locks -I/home/aballmer/SCC15HPCRepast/INSTALLATION/mpich2-1.4.1p1/src/mpid/common/locks -I/home/aballmer/SCC15HPCRepast/INSTALLATION/mpich2-1.4.1p1/src/mpid/ch3/channels/nemesis/include -I/home/aballmer/SCC15HPCRepast/INSTALLATION/mpich2-1.4.1p1/src/mpid/ch3/channels/nemesis/include -I/home/aballmer/SCC15HPCRepast/INSTALLATION/mpich2-1.4.1p1/src/mpid/ch3/channels/nemesis/nemesis/include -I/home/aballmer/SCC15HPCRepast/INSTALLATION/mpich2-1.4.1p1/src/mpid/ch3/channels/nemesis/nemesis/include -I/home/aballmer/SCC15HPCRepast/INSTALLATION/mpich2-1.4.1p1/src/mpid/ch3/channels/nemesis/nemesis/utils/monitor -I/home/aballmer/SCC15HPCRepast/INSTALLATION/mpich2-1.4.1p1/src/mpid/ch3/channels/nemesis/nemesis/utils/monitor -I/home/aballmer/SCC15HPCRepast/INSTALLATION/mpich2-1.4.1p1/src/util/wrappers -I/home/aballmer/SCC15HPCRepast/INSTALLATION/mpich2-1.4.1p1/src/util/wrappers FFLAGS=  --cache-file=/dev/null --srcdir=.

## --------- ##
## Platform. ##
## --------- ##

hostname = n00.localdomain
uname -m = x86_64
uname -r = 3.10.0-229.11.1.el7.x86_64
uname -s = Linux
uname -v = #1 SMP Thu Aug 6 01:06:18 UTC 2015

/usr/bin/uname -p = x86_64
/bin/uname -X     = unknown

/bin/arch              = x86_64
/usr/bin/arch -k       = unknown
/usr/convex/getsysinfo = unknown
/usr/bin/hostinfo      = unknown
/bin/machine           = unknown
/usr/bin/oslevel       = unknown
/bin/universe          = unknown

PATH: /home/aballmer/perl5/bin
PATH: /usr/local/bin
PATH: /usr/bin
PATH: /usr/local/sbin
PATH: /usr/sbin
PATH: /home/aballmer/.local/bin
PATH: /home/aballmer/bin
PATH: /home/aballmer/.local/bin
PATH: /home/aballmer/bin
PATH: /home/aballmer/SCC15HPCRepast/ext/MPICH/bin/


## ----------- ##
## Core tests. ##
## ----------- ##

configure:1863: checking for current directory name
configure:1907: result: /home/aballmer/SCC15HPCRepast/INSTALLATION/mpich2-1.4.1p1/src/mpe2/src/slog2sdk
configure:1985: checking gnumake
configure:2000: result: yes using --no-print-directory
configure:2014: checking BSD 4.4 make
configure:2034: result: no - whew
configure:2040: checking OSF V3 make
configure:2059: result: no
configure:2066: checking for virtual path format
configure:2081: result: VPATH
configure:2130: checking for a BSD-compatible install
configure:2198: result: /usr/bin/install -c
configure:2218: checking whether install works
configure:2226: result: yes
configure:2269: checking if CLASSPATH is set
configure:2294: result: no, good to go
configure:2306: checking build system type
configure:2324: result: x86_64-unknown-linux-gnu
configure:2346: checking host system type
configure:2361: result: x86_64-unknown-linux-gnu
configure:2882: checking for java in user's PATH
configure:2884: result: not found
configure:3240: checking for java in user's PATH
configure:3242: result: not found
configure:3254: WARNING:  No Java Virtual Machine can be found anywhere! 

## ---------------- ##
## Cache variables. ##
## ---------------- ##

ac_cv_build=x86_64-unknown-linux-gnu
ac_cv_env_build_alias_set=
ac_cv_env_build_alias_value=
ac_cv_env_host_alias_set=
ac_cv_env_host_alias_value=
ac_cv_env_target_alias_set=
ac_cv_env_target_alias_value=
ac_cv_host=x86_64-unknown-linux-gnu
ac_cv_path_install='/usr/bin/install -c'

## ----------------- ##
## Output variables. ##
## ----------------- ##

DEFS=''
ECHO_C=''
ECHO_N='-n'
ECHO_T=''
EXEFILES=''
INSTALL_DATA='${INSTALL} -m 644'
INSTALL_PROGRAM='${INSTALL}'
INSTALL_SCRIPT='${INSTALL}'
JPATH_FINAL=''
JPATH_START=''
JVM=''
JVMFLAGS=''
LIBOBJS=''
LIBS='-lrt -lpthread  '
LTLIBOBJS=''
MAKE='make --no-print-directory'
NONGUI_JVMFLAGS=''
PACKAGE_BUGREPORT=''
PACKAGE_NAME=''
PACKAGE_STRING=''
PACKAGE_TARNAME=''
PACKAGE_VERSION=''
PATH_SEPARATOR=':'
RM='rm -f'
SHELL='/bin/sh'
TRACE_LIBDIR=''
VPATH='VPATH=.:$(srcdir)'
binbuild_dir=''
bindir='${exec_prefix}/bin'
build='x86_64-unknown-linux-gnu'
build_alias=''
build_cpu='x86_64'
build_os='linux-gnu'
build_vendor='unknown'
datadir='${datarootdir}'
datarootdir='${prefix}/share'
docbuild_dir=''
docdir='${datarootdir}/doc/${PACKAGE}'
dvidir='${docdir}'
etcbuild_dir=''
exec_prefix='NONE'
host='x86_64-unknown-linux-gnu'
host_alias=''
host_cpu='x86_64'
host_os='linux-gnu'
host_vendor='unknown'
htmldir='${docdir}'
includedir='${prefix}/include'
infodir='${datarootdir}/info'
libbuild_dir=''
libdir='${exec_prefix}/lib'
libexecdir='${exec_prefix}/libexec'
localedir='${datarootdir}/locale'
localstatedir='${prefix}/var'
mandir='${datarootdir}/man'
oldincludedir='/usr/include'
pdfdir='${docdir}'
prefix='/home/aballmer/SCC15HPCRepast/ext//MPICH'
program_transform_name='s,x,x,'
psdir='${docdir}'
sbinbuild_dir=''
sbindir='${exec_prefix}/sbin'
sharebuild_dir=''
sharedstatedir='${prefix}/com'
subdirs=''
sysconfdir='${prefix}/etc'
target_alias=''
top_srcdir_abs='/home/aballmer/SCC15HPCRepast/INSTALLATION/mpich2-1.4.1p1/src/mpe2/src/slog2sdk'

## ----------- ##
## confdefs.h. ##
## ----------- ##

#define PACKAGE_NAME ""
#define PACKAGE_TARNAME ""
#define PACKAGE_VERSION ""
#define PACKAGE_STRING ""
#define PACKAGE_BUGREPORT ""

configure: exit 0
