This file contains any messages produced by compilers while
running configure, to aid debugging if configure makes a mistake.

It was created by configure, which was
generated by GNU Autoconf 2.63.  Invocation command line was

  $ ./configure --disable-option-checking --prefix=/home/aballmer/new/SCC15HPCRepast/ext//MPICH --enable-shared --disable-f77 --disable-fc MPI_CC=/home/aballmer/new/SCC15HPCRepast/INSTALLATION/mpich2-1.4.1p1/bin/mpicc MPI_F77=/home/aballmer/new/SCC15HPCRepast/INSTALLATION/mpich2-1.4.1p1/bin/mpif77 CC=gcc CFLAGS=   -O2 LDFLAGS=  LIBS=-lrt -lpthread   CPPFLAGS= -I/home/aballmer/new/SCC15HPCRepast/INSTALLATION/mpich2-1.4.1p1/src/mpl/include -I/home/aballmer/new/SCC15HPCRepast/INSTALLATION/mpich2-1.4.1p1/src/mpl/include -I/home/aballmer/new/SCC15HPCRepast/INSTALLATION/mpich2-1.4.1p1/src/openpa/src -I/home/aballmer/new/SCC15HPCRepast/INSTALLATION/mpich2-1.4.1p1/src/openpa/src -I/home/aballmer/new/SCC15HPCRepast/INSTALLATION/mpich2-1.4.1p1/src/mpid/ch3/include -I/home/aballmer/new/SCC15HPCRepast/INSTALLATION/mpich2-1.4.1p1/src/mpid/ch3/include -I/home/aballmer/new/SCC15HPCRepast/INSTALLATION/mpich2-1.4.1p1/src/mpid/common/datatype -I/home/aballmer/new/SCC15HPCRepast/INSTALLATION/mpich2-1.4.1p1/src/mpid/common/datatype -I/home/aballmer/new/SCC15HPCRepast/INSTALLATION/mpich2-1.4.1p1/src/mpid/common/locks -I/home/aballmer/new/SCC15HPCRepast/INSTALLATION/mpich2-1.4.1p1/src/mpid/common/locks -I/home/aballmer/new/SCC15HPCRepast/INSTALLATION/mpich2-1.4.1p1/src/mpid/ch3/channels/nemesis/include -I/home/aballmer/new/SCC15HPCRepast/INSTALLATION/mpich2-1.4.1p1/src/mpid/ch3/channels/nemesis/include -I/home/aballmer/new/SCC15HPCRepast/INSTALLATION/mpich2-1.4.1p1/src/mpid/ch3/channels/nemesis/nemesis/include -I/home/aballmer/new/SCC15HPCRepast/INSTALLATION/mpich2-1.4.1p1/src/mpid/ch3/channels/nemesis/nemesis/include -I/home/aballmer/new/SCC15HPCRepast/INSTALLATION/mpich2-1.4.1p1/src/mpid/ch3/channels/nemesis/nemesis/utils/monitor -I/home/aballmer/new/SCC15HPCRepast/INSTALLATION/mpich2-1.4.1p1/src/mpid/ch3/channels/nemesis/nemesis/utils/monitor -I/home/aballmer/new/SCC15HPCRepast/INSTALLATION/mpich2-1.4.1p1/src/util/wrappers -I/home/aballmer/new/SCC15HPCRepast/INSTALLATION/mpich2-1.4.1p1/src/util/wrappers FFLAGS=  --cache-file=/dev/null --srcdir=.

## --------- ##
## Platform. ##
## --------- ##

hostname = n00.localdomain
uname -m = x86_64
uname -r = 3.10.0-229.11.1.el7.x86_64
uname -s = Linux
uname -v = #1 SMP Thu Aug 6 01:06:18 UTC 2015

/usr/bin/uname -p = x86_64
/bin/uname -X     = unknown

/bin/arch              = x86_64
/usr/bin/arch -k       = unknown
/usr/convex/getsysinfo = unknown
/usr/bin/hostinfo      = unknown
/bin/machine           = unknown
/usr/bin/oslevel       = unknown
/bin/universe          = unknown

PATH: /home/aballmer/new/SCC15HPCRepast/ext/MPICH/bin/
PATH: /opt/intel/compilers_and_libraries_2016.0.109/linux/bin/intel64
PATH: /opt/intel/compilers_and_libraries_2016.0.109/linux/mpi/intel64/bin
PATH: /opt/intel/debugger_2016/gdb/intel64_mic/bin
PATH: /home/aballmer/SCC15HPCRepast/ext/MPICH/bin/
PATH: /home/aballmer/SCC15HPCRepast/ext/MPICH/bin/
PATH: /home/aballmer/perl5/bin
PATH: /usr/local/bin
PATH: /usr/bin
PATH: /usr/local/sbin
PATH: /usr/sbin
PATH: /home/aballmer/.local/bin
PATH: /home/aballmer/bin
PATH: /home/aballmer/.local/bin
PATH: /home/aballmer/bin


## ----------- ##
## Core tests. ##
## ----------- ##

configure:1822: checking for current directory name
configure:1871: result: /home/aballmer/new/SCC15HPCRepast/INSTALLATION/mpich2-1.4.1p1/src/mpe2/src/graphics
configure:1920: checking gnumake
configure:1935: result: yes using --no-print-directory
configure:1949: checking BSD 4.4 make
configure:1969: result: no - whew
configure:1975: checking OSF V3 make
configure:1994: result: no
configure:2001: checking for virtual path format
configure:2016: result: VPATH
configure:2152: checking for gcc
configure:2179: result: gcc
configure:2411: checking for C compiler version
configure:2419: gcc --version >&5
gcc (GCC) 4.8.3 20140911 (Red Hat 4.8.3-9)
Copyright (C) 2013 Free Software Foundation, Inc.
This is free software; see the source for copying conditions.  There is NO
warranty; not even for MERCHANTABILITY or FITNESS FOR A PARTICULAR PURPOSE.

configure:2423: $? = 0
configure:2430: gcc -v >&5
Using built-in specs.
COLLECT_GCC=gcc
COLLECT_LTO_WRAPPER=/usr/libexec/gcc/x86_64-redhat-linux/4.8.3/lto-wrapper
Target: x86_64-redhat-linux
Configured with: ../configure --prefix=/usr --mandir=/usr/share/man --infodir=/usr/share/info --with-bugurl=http://bugzilla.redhat.com/bugzilla --enable-bootstrap --enable-shared --enable-threads=posix --enable-checking=release --with-system-zlib --enable-__cxa_atexit --disable-libunwind-exceptions --enable-gnu-unique-object --enable-linker-build-id --with-linker-hash-style=gnu --enable-languages=c,c++,objc,obj-c++,java,fortran,ada,go,lto --enable-plugin --enable-initfini-array --disable-libgcj --with-isl=/builddir/build/BUILD/gcc-4.8.3-20140911/obj-x86_64-redhat-linux/isl-install --with-cloog=/builddir/build/BUILD/gcc-4.8.3-20140911/obj-x86_64-redhat-linux/cloog-install --enable-gnu-indirect-function --with-tune=generic --with-arch_32=x86-64 --build=x86_64-redhat-linux
Thread model: posix
gcc version 4.8.3 20140911 (Red Hat 4.8.3-9) (GCC) 
configure:2434: $? = 0
configure:2441: gcc -V >&5
gcc: error: unrecognized command line option '-V'
gcc: fatal error: no input files
compilation terminated.
configure:2445: $? = 4
configure:2468: checking for C compiler default output file name
configure:2490: gcc    -O2  -I/home/aballmer/new/SCC15HPCRepast/INSTALLATION/mpich2-1.4.1p1/src/mpl/include -I/home/aballmer/new/SCC15HPCRepast/INSTALLATION/mpich2-1.4.1p1/src/mpl/include -I/home/aballmer/new/SCC15HPCRepast/INSTALLATION/mpich2-1.4.1p1/src/openpa/src -I/home/aballmer/new/SCC15HPCRepast/INSTALLATION/mpich2-1.4.1p1/src/openpa/src -I/home/aballmer/new/SCC15HPCRepast/INSTALLATION/mpich2-1.4.1p1/src/mpid/ch3/include -I/home/aballmer/new/SCC15HPCRepast/INSTALLATION/mpich2-1.4.1p1/src/mpid/ch3/include -I/home/aballmer/new/SCC15HPCRepast/INSTALLATION/mpich2-1.4.1p1/src/mpid/common/datatype -I/home/aballmer/new/SCC15HPCRepast/INSTALLATION/mpich2-1.4.1p1/src/mpid/common/datatype -I/home/aballmer/new/SCC15HPCRepast/INSTALLATION/mpich2-1.4.1p1/src/mpid/common/locks -I/home/aballmer/new/SCC15HPCRepast/INSTALLATION/mpich2-1.4.1p1/src/mpid/common/locks -I/home/aballmer/new/SCC15HPCRepast/INSTALLATION/mpich2-1.4.1p1/src/mpid/ch3/channels/nemesis/include -I/home/aballmer/new/SCC15HPCRepast/INSTALLATION/mpich2-1.4.1p1/src/mpid/ch3/channels/nemesis/include -I/home/aballmer/new/SCC15HPCRepast/INSTALLATION/mpich2-1.4.1p1/src/mpid/ch3/channels/nemesis/nemesis/include -I/home/aballmer/new/SCC15HPCRepast/INSTALLATION/mpich2-1.4.1p1/src/mpid/ch3/channels/nemesis/nemesis/include -I/home/aballmer/new/SCC15HPCRepast/INSTALLATION/mpich2-1.4.1p1/src/mpid/ch3/channels/nemesis/nemesis/utils/monitor -I/home/aballmer/new/SCC15HPCRepast/INSTALLATION/mpich2-1.4.1p1/src/mpid/ch3/channels/nemesis/nemesis/utils/monitor -I/home/aballmer/new/SCC15HPCRepast/INSTALLATION/mpich2-1.4.1p1/src/util/wrappers -I/home/aballmer/new/SCC15HPCRepast/INSTALLATION/mpich2-1.4.1p1/src/util/wrappers   conftest.c -lrt -lpthread   >&5
configure:2494: $? = 0
configure:2532: result: a.out
configure:2551: checking whether the C compiler works
configure:2561: ./a.out
configure:2565: $? = 0
configure:2584: result: yes
configure:2591: checking whether we are cross compiling
configure:2593: result: no
configure:2596: checking for suffix of executables
configure:2603: gcc -o conftest    -O2  -I/home/aballmer/new/SCC15HPCRepast/INSTALLATION/mpich2-1.4.1p1/src/mpl/include -I/home/aballmer/new/SCC15HPCRepast/INSTALLATION/mpich2-1.4.1p1/src/mpl/include -I/home/aballmer/new/SCC15HPCRepast/INSTALLATION/mpich2-1.4.1p1/src/openpa/src -I/home/aballmer/new/SCC15HPCRepast/INSTALLATION/mpich2-1.4.1p1/src/openpa/src -I/home/aballmer/new/SCC15HPCRepast/INSTALLATION/mpich2-1.4.1p1/src/mpid/ch3/include -I/home/aballmer/new/SCC15HPCRepast/INSTALLATION/mpich2-1.4.1p1/src/mpid/ch3/include -I/home/aballmer/new/SCC15HPCRepast/INSTALLATION/mpich2-1.4.1p1/src/mpid/common/datatype -I/home/aballmer/new/SCC15HPCRepast/INSTALLATION/mpich2-1.4.1p1/src/mpid/common/datatype -I/home/aballmer/new/SCC15HPCRepast/INSTALLATION/mpich2-1.4.1p1/src/mpid/common/locks -I/home/aballmer/new/SCC15HPCRepast/INSTALLATION/mpich2-1.4.1p1/src/mpid/common/locks -I/home/aballmer/new/SCC15HPCRepast/INSTALLATION/mpich2-1.4.1p1/src/mpid/ch3/channels/nemesis/include -I/home/aballmer/new/SCC15HPCRepast/INSTALLATION/mpich2-1.4.1p1/src/mpid/ch3/channels/nemesis/include -I/home/aballmer/new/SCC15HPCRepast/INSTALLATION/mpich2-1.4.1p1/src/mpid/ch3/channels/nemesis/nemesis/include -I/home/aballmer/new/SCC15HPCRepast/INSTALLATION/mpich2-1.4.1p1/src/mpid/ch3/channels/nemesis/nemesis/include -I/home/aballmer/new/SCC15HPCRepast/INSTALLATION/mpich2-1.4.1p1/src/mpid/ch3/channels/nemesis/nemesis/utils/monitor -I/home/aballmer/new/SCC15HPCRepast/INSTALLATION/mpich2-1.4.1p1/src/mpid/ch3/channels/nemesis/nemesis/utils/monitor -I/home/aballmer/new/SCC15HPCRepast/INSTALLATION/mpich2-1.4.1p1/src/util/wrappers -I/home/aballmer/new/SCC15HPCRepast/INSTALLATION/mpich2-1.4.1p1/src/util/wrappers   conftest.c -lrt -lpthread   >&5
configure:2607: $? = 0
configure:2633: result: 
configure:2639: checking for suffix of object files
configure:2665: gcc -c    -O2  -I/home/aballmer/new/SCC15HPCRepast/INSTALLATION/mpich2-1.4.1p1/src/mpl/include -I/home/aballmer/new/SCC15HPCRepast/INSTALLATION/mpich2-1.4.1p1/src/mpl/include -I/home/aballmer/new/SCC15HPCRepast/INSTALLATION/mpich2-1.4.1p1/src/openpa/src -I/home/aballmer/new/SCC15HPCRepast/INSTALLATION/mpich2-1.4.1p1/src/openpa/src -I/home/aballmer/new/SCC15HPCRepast/INSTALLATION/mpich2-1.4.1p1/src/mpid/ch3/include -I/home/aballmer/new/SCC15HPCRepast/INSTALLATION/mpich2-1.4.1p1/src/mpid/ch3/include -I/home/aballmer/new/SCC15HPCRepast/INSTALLATION/mpich2-1.4.1p1/src/mpid/common/datatype -I/home/aballmer/new/SCC15HPCRepast/INSTALLATION/mpich2-1.4.1p1/src/mpid/common/datatype -I/home/aballmer/new/SCC15HPCRepast/INSTALLATION/mpich2-1.4.1p1/src/mpid/common/locks -I/home/aballmer/new/SCC15HPCRepast/INSTALLATION/mpich2-1.4.1p1/src/mpid/common/locks -I/home/aballmer/new/SCC15HPCRepast/INSTALLATION/mpich2-1.4.1p1/src/mpid/ch3/channels/nemesis/include -I/home/aballmer/new/SCC15HPCRepast/INSTALLATION/mpich2-1.4.1p1/src/mpid/ch3/channels/nemesis/include -I/home/aballmer/new/SCC15HPCRepast/INSTALLATION/mpich2-1.4.1p1/src/mpid/ch3/channels/nemesis/nemesis/include -I/home/aballmer/new/SCC15HPCRepast/INSTALLATION/mpich2-1.4.1p1/src/mpid/ch3/channels/nemesis/nemesis/include -I/home/aballmer/new/SCC15HPCRepast/INSTALLATION/mpich2-1.4.1p1/src/mpid/ch3/channels/nemesis/nemesis/utils/monitor -I/home/aballmer/new/SCC15HPCRepast/INSTALLATION/mpich2-1.4.1p1/src/mpid/ch3/channels/nemesis/nemesis/utils/monitor -I/home/aballmer/new/SCC15HPCRepast/INSTALLATION/mpich2-1.4.1p1/src/util/wrappers -I/home/aballmer/new/SCC15HPCRepast/INSTALLATION/mpich2-1.4.1p1/src/util/wrappers conftest.c >&5
configure:2669: $? = 0
configure:2694: result: o
configure:2698: checking whether we are using the GNU C compiler
configure:2727: gcc -c    -O2  -I/home/aballmer/new/SCC15HPCRepast/INSTALLATION/mpich2-1.4.1p1/src/mpl/include -I/home/aballmer/new/SCC15HPCRepast/INSTALLATION/mpich2-1.4.1p1/src/mpl/include -I/home/aballmer/new/SCC15HPCRepast/INSTALLATION/mpich2-1.4.1p1/src/openpa/src -I/home/aballmer/new/SCC15HPCRepast/INSTALLATION/mpich2-1.4.1p1/src/openpa/src -I/home/aballmer/new/SCC15HPCRepast/INSTALLATION/mpich2-1.4.1p1/src/mpid/ch3/include -I/home/aballmer/new/SCC15HPCRepast/INSTALLATION/mpich2-1.4.1p1/src/mpid/ch3/include -I/home/aballmer/new/SCC15HPCRepast/INSTALLATION/mpich2-1.4.1p1/src/mpid/common/datatype -I/home/aballmer/new/SCC15HPCRepast/INSTALLATION/mpich2-1.4.1p1/src/mpid/common/datatype -I/home/aballmer/new/SCC15HPCRepast/INSTALLATION/mpich2-1.4.1p1/src/mpid/common/locks -I/home/aballmer/new/SCC15HPCRepast/INSTALLATION/mpich2-1.4.1p1/src/mpid/common/locks -I/home/aballmer/new/SCC15HPCRepast/INSTALLATION/mpich2-1.4.1p1/src/mpid/ch3/channels/nemesis/include -I/home/aballmer/new/SCC15HPCRepast/INSTALLATION/mpich2-1.4.1p1/src/mpid/ch3/channels/nemesis/include -I/home/aballmer/new/SCC15HPCRepast/INSTALLATION/mpich2-1.4.1p1/src/mpid/ch3/channels/nemesis/nemesis/include -I/home/aballmer/new/SCC15HPCRepast/INSTALLATION/mpich2-1.4.1p1/src/mpid/ch3/channels/nemesis/nemesis/include -I/home/aballmer/new/SCC15HPCRepast/INSTALLATION/mpich2-1.4.1p1/src/mpid/ch3/channels/nemesis/nemesis/utils/monitor -I/home/aballmer/new/SCC15HPCRepast/INSTALLATION/mpich2-1.4.1p1/src/mpid/ch3/channels/nemesis/nemesis/utils/monitor -I/home/aballmer/new/SCC15HPCRepast/INSTALLATION/mpich2-1.4.1p1/src/util/wrappers -I/home/aballmer/new/SCC15HPCRepast/INSTALLATION/mpich2-1.4.1p1/src/util/wrappers conftest.c >&5
configure:2734: $? = 0
configure:2751: result: yes
configure:2760: checking whether gcc accepts -g
configure:2790: gcc -c -g  -I/home/aballmer/new/SCC15HPCRepast/INSTALLATION/mpich2-1.4.1p1/src/mpl/include -I/home/aballmer/new/SCC15HPCRepast/INSTALLATION/mpich2-1.4.1p1/src/mpl/include -I/home/aballmer/new/SCC15HPCRepast/INSTALLATION/mpich2-1.4.1p1/src/openpa/src -I/home/aballmer/new/SCC15HPCRepast/INSTALLATION/mpich2-1.4.1p1/src/openpa/src -I/home/aballmer/new/SCC15HPCRepast/INSTALLATION/mpich2-1.4.1p1/src/mpid/ch3/include -I/home/aballmer/new/SCC15HPCRepast/INSTALLATION/mpich2-1.4.1p1/src/mpid/ch3/include -I/home/aballmer/new/SCC15HPCRepast/INSTALLATION/mpich2-1.4.1p1/src/mpid/common/datatype -I/home/aballmer/new/SCC15HPCRepast/INSTALLATION/mpich2-1.4.1p1/src/mpid/common/datatype -I/home/aballmer/new/SCC15HPCRepast/INSTALLATION/mpich2-1.4.1p1/src/mpid/common/locks -I/home/aballmer/new/SCC15HPCRepast/INSTALLATION/mpich2-1.4.1p1/src/mpid/common/locks -I/home/aballmer/new/SCC15HPCRepast/INSTALLATION/mpich2-1.4.1p1/src/mpid/ch3/channels/nemesis/include -I/home/aballmer/new/SCC15HPCRepast/INSTALLATION/mpich2-1.4.1p1/src/mpid/ch3/channels/nemesis/include -I/home/aballmer/new/SCC15HPCRepast/INSTALLATION/mpich2-1.4.1p1/src/mpid/ch3/channels/nemesis/nemesis/include -I/home/aballmer/new/SCC15HPCRepast/INSTALLATION/mpich2-1.4.1p1/src/mpid/ch3/channels/nemesis/nemesis/include -I/home/aballmer/new/SCC15HPCRepast/INSTALLATION/mpich2-1.4.1p1/src/mpid/ch3/channels/nemesis/nemesis/utils/monitor -I/home/aballmer/new/SCC15HPCRepast/INSTALLATION/mpich2-1.4.1p1/src/mpid/ch3/channels/nemesis/nemesis/utils/monitor -I/home/aballmer/new/SCC15HPCRepast/INSTALLATION/mpich2-1.4.1p1/src/util/wrappers -I/home/aballmer/new/SCC15HPCRepast/INSTALLATION/mpich2-1.4.1p1/src/util/wrappers conftest.c >&5
configure:2797: $? = 0
configure:2898: result: yes
configure:2915: checking for gcc option to accept ISO C89
configure:2989: gcc  -c    -O2  -I/home/aballmer/new/SCC15HPCRepast/INSTALLATION/mpich2-1.4.1p1/src/mpl/include -I/home/aballmer/new/SCC15HPCRepast/INSTALLATION/mpich2-1.4.1p1/src/mpl/include -I/home/aballmer/new/SCC15HPCRepast/INSTALLATION/mpich2-1.4.1p1/src/openpa/src -I/home/aballmer/new/SCC15HPCRepast/INSTALLATION/mpich2-1.4.1p1/src/openpa/src -I/home/aballmer/new/SCC15HPCRepast/INSTALLATION/mpich2-1.4.1p1/src/mpid/ch3/include -I/home/aballmer/new/SCC15HPCRepast/INSTALLATION/mpich2-1.4.1p1/src/mpid/ch3/include -I/home/aballmer/new/SCC15HPCRepast/INSTALLATION/mpich2-1.4.1p1/src/mpid/common/datatype -I/home/aballmer/new/SCC15HPCRepast/INSTALLATION/mpich2-1.4.1p1/src/mpid/common/datatype -I/home/aballmer/new/SCC15HPCRepast/INSTALLATION/mpich2-1.4.1p1/src/mpid/common/locks -I/home/aballmer/new/SCC15HPCRepast/INSTALLATION/mpich2-1.4.1p1/src/mpid/common/locks -I/home/aballmer/new/SCC15HPCRepast/INSTALLATION/mpich2-1.4.1p1/src/mpid/ch3/channels/nemesis/include -I/home/aballmer/new/SCC15HPCRepast/INSTALLATION/mpich2-1.4.1p1/src/mpid/ch3/channels/nemesis/include -I/home/aballmer/new/SCC15HPCRepast/INSTALLATION/mpich2-1.4.1p1/src/mpid/ch3/channels/nemesis/nemesis/include -I/home/aballmer/new/SCC15HPCRepast/INSTALLATION/mpich2-1.4.1p1/src/mpid/ch3/channels/nemesis/nemesis/include -I/home/aballmer/new/SCC15HPCRepast/INSTALLATION/mpich2-1.4.1p1/src/mpid/ch3/channels/nemesis/nemesis/utils/monitor -I/home/aballmer/new/SCC15HPCRepast/INSTALLATION/mpich2-1.4.1p1/src/mpid/ch3/channels/nemesis/nemesis/utils/monitor -I/home/aballmer/new/SCC15HPCRepast/INSTALLATION/mpich2-1.4.1p1/src/util/wrappers -I/home/aballmer/new/SCC15HPCRepast/INSTALLATION/mpich2-1.4.1p1/src/util/wrappers conftest.c >&5
configure:2996: $? = 0
configure:3019: result: none needed
configure:3041: checking for ar
configure:3069: result: ar
configure:3120: checking for ranlib
configure:3147: result: ranlib
configure:3171: checking whether gcc and cc understand -c and -o together
configure:3206: gcc -c conftest.c -o conftest2.o >&5
configure:3210: $? = 0
configure:3216: gcc -c conftest.c -o conftest2.o >&5
configure:3220: $? = 0
configure:3231: cc -c conftest.c >&5
configure:3235: $? = 0
configure:3243: cc -c conftest.c -o conftest2.o >&5
configure:3247: $? = 0
configure:3253: cc -c conftest.c -o conftest2.o >&5
configure:3257: $? = 0
configure:3275: result: yes
configure:3296: checking how to run the C preprocessor
configure:3336: gcc -E  -I/home/aballmer/new/SCC15HPCRepast/INSTALLATION/mpich2-1.4.1p1/src/mpl/include -I/home/aballmer/new/SCC15HPCRepast/INSTALLATION/mpich2-1.4.1p1/src/mpl/include -I/home/aballmer/new/SCC15HPCRepast/INSTALLATION/mpich2-1.4.1p1/src/openpa/src -I/home/aballmer/new/SCC15HPCRepast/INSTALLATION/mpich2-1.4.1p1/src/openpa/src -I/home/aballmer/new/SCC15HPCRepast/INSTALLATION/mpich2-1.4.1p1/src/mpid/ch3/include -I/home/aballmer/new/SCC15HPCRepast/INSTALLATION/mpich2-1.4.1p1/src/mpid/ch3/include -I/home/aballmer/new/SCC15HPCRepast/INSTALLATION/mpich2-1.4.1p1/src/mpid/common/datatype -I/home/aballmer/new/SCC15HPCRepast/INSTALLATION/mpich2-1.4.1p1/src/mpid/common/datatype -I/home/aballmer/new/SCC15HPCRepast/INSTALLATION/mpich2-1.4.1p1/src/mpid/common/locks -I/home/aballmer/new/SCC15HPCRepast/INSTALLATION/mpich2-1.4.1p1/src/mpid/common/locks -I/home/aballmer/new/SCC15HPCRepast/INSTALLATION/mpich2-1.4.1p1/src/mpid/ch3/channels/nemesis/include -I/home/aballmer/new/SCC15HPCRepast/INSTALLATION/mpich2-1.4.1p1/src/mpid/ch3/channels/nemesis/include -I/home/aballmer/new/SCC15HPCRepast/INSTALLATION/mpich2-1.4.1p1/src/mpid/ch3/channels/nemesis/nemesis/include -I/home/aballmer/new/SCC15HPCRepast/INSTALLATION/mpich2-1.4.1p1/src/mpid/ch3/channels/nemesis/nemesis/include -I/home/aballmer/new/SCC15HPCRepast/INSTALLATION/mpich2-1.4.1p1/src/mpid/ch3/channels/nemesis/nemesis/utils/monitor -I/home/aballmer/new/SCC15HPCRepast/INSTALLATION/mpich2-1.4.1p1/src/mpid/ch3/channels/nemesis/nemesis/utils/monitor -I/home/aballmer/new/SCC15HPCRepast/INSTALLATION/mpich2-1.4.1p1/src/util/wrappers -I/home/aballmer/new/SCC15HPCRepast/INSTALLATION/mpich2-1.4.1p1/src/util/wrappers conftest.c
configure:3343: $? = 0
configure:3374: gcc -E  -I/home/aballmer/new/SCC15HPCRepast/INSTALLATION/mpich2-1.4.1p1/src/mpl/include -I/home/aballmer/new/SCC15HPCRepast/INSTALLATION/mpich2-1.4.1p1/src/mpl/include -I/home/aballmer/new/SCC15HPCRepast/INSTALLATION/mpich2-1.4.1p1/src/openpa/src -I/home/aballmer/new/SCC15HPCRepast/INSTALLATION/mpich2-1.4.1p1/src/openpa/src -I/home/aballmer/new/SCC15HPCRepast/INSTALLATION/mpich2-1.4.1p1/src/mpid/ch3/include -I/home/aballmer/new/SCC15HPCRepast/INSTALLATION/mpich2-1.4.1p1/src/mpid/ch3/include -I/home/aballmer/new/SCC15HPCRepast/INSTALLATION/mpich2-1.4.1p1/src/mpid/common/datatype -I/home/aballmer/new/SCC15HPCRepast/INSTALLATION/mpich2-1.4.1p1/src/mpid/common/datatype -I/home/aballmer/new/SCC15HPCRepast/INSTALLATION/mpich2-1.4.1p1/src/mpid/common/locks -I/home/aballmer/new/SCC15HPCRepast/INSTALLATION/mpich2-1.4.1p1/src/mpid/common/locks -I/home/aballmer/new/SCC15HPCRepast/INSTALLATION/mpich2-1.4.1p1/src/mpid/ch3/channels/nemesis/include -I/home/aballmer/new/SCC15HPCRepast/INSTALLATION/mpich2-1.4.1p1/src/mpid/ch3/channels/nemesis/include -I/home/aballmer/new/SCC15HPCRepast/INSTALLATION/mpich2-1.4.1p1/src/mpid/ch3/channels/nemesis/nemesis/include -I/home/aballmer/new/SCC15HPCRepast/INSTALLATION/mpich2-1.4.1p1/src/mpid/ch3/channels/nemesis/nemesis/include -I/home/aballmer/new/SCC15HPCRepast/INSTALLATION/mpich2-1.4.1p1/src/mpid/ch3/channels/nemesis/nemesis/utils/monitor -I/home/aballmer/new/SCC15HPCRepast/INSTALLATION/mpich2-1.4.1p1/src/mpid/ch3/channels/nemesis/nemesis/utils/monitor -I/home/aballmer/new/SCC15HPCRepast/INSTALLATION/mpich2-1.4.1p1/src/util/wrappers -I/home/aballmer/new/SCC15HPCRepast/INSTALLATION/mpich2-1.4.1p1/src/util/wrappers conftest.c
conftest.c:8:28: fatal error: ac_nonexistent.h: No such file or directory
 #include <ac_nonexistent.h>
                            ^
compilation terminated.
configure:3381: $? = 1
configure: failed program was:
| /* confdefs.h.  */
| #define PACKAGE_NAME ""
| #define PACKAGE_TARNAME ""
| #define PACKAGE_VERSION ""
| #define PACKAGE_STRING ""
| #define PACKAGE_BUGREPORT ""
| /* end confdefs.h.  */
| #include <ac_nonexistent.h>
configure:3414: result: gcc -E
configure:3443: gcc -E  -I/home/aballmer/new/SCC15HPCRepast/INSTALLATION/mpich2-1.4.1p1/src/mpl/include -I/home/aballmer/new/SCC15HPCRepast/INSTALLATION/mpich2-1.4.1p1/src/mpl/include -I/home/aballmer/new/SCC15HPCRepast/INSTALLATION/mpich2-1.4.1p1/src/openpa/src -I/home/aballmer/new/SCC15HPCRepast/INSTALLATION/mpich2-1.4.1p1/src/openpa/src -I/home/aballmer/new/SCC15HPCRepast/INSTALLATION/mpich2-1.4.1p1/src/mpid/ch3/include -I/home/aballmer/new/SCC15HPCRepast/INSTALLATION/mpich2-1.4.1p1/src/mpid/ch3/include -I/home/aballmer/new/SCC15HPCRepast/INSTALLATION/mpich2-1.4.1p1/src/mpid/common/datatype -I/home/aballmer/new/SCC15HPCRepast/INSTALLATION/mpich2-1.4.1p1/src/mpid/common/datatype -I/home/aballmer/new/SCC15HPCRepast/INSTALLATION/mpich2-1.4.1p1/src/mpid/common/locks -I/home/aballmer/new/SCC15HPCRepast/INSTALLATION/mpich2-1.4.1p1/src/mpid/common/locks -I/home/aballmer/new/SCC15HPCRepast/INSTALLATION/mpich2-1.4.1p1/src/mpid/ch3/channels/nemesis/include -I/home/aballmer/new/SCC15HPCRepast/INSTALLATION/mpich2-1.4.1p1/src/mpid/ch3/channels/nemesis/include -I/home/aballmer/new/SCC15HPCRepast/INSTALLATION/mpich2-1.4.1p1/src/mpid/ch3/channels/nemesis/nemesis/include -I/home/aballmer/new/SCC15HPCRepast/INSTALLATION/mpich2-1.4.1p1/src/mpid/ch3/channels/nemesis/nemesis/include -I/home/aballmer/new/SCC15HPCRepast/INSTALLATION/mpich2-1.4.1p1/src/mpid/ch3/channels/nemesis/nemesis/utils/monitor -I/home/aballmer/new/SCC15HPCRepast/INSTALLATION/mpich2-1.4.1p1/src/mpid/ch3/channels/nemesis/nemesis/utils/monitor -I/home/aballmer/new/SCC15HPCRepast/INSTALLATION/mpich2-1.4.1p1/src/util/wrappers -I/home/aballmer/new/SCC15HPCRepast/INSTALLATION/mpich2-1.4.1p1/src/util/wrappers conftest.c
configure:3450: $? = 0
configure:3481: gcc -E  -I/home/aballmer/new/SCC15HPCRepast/INSTALLATION/mpich2-1.4.1p1/src/mpl/include -I/home/aballmer/new/SCC15HPCRepast/INSTALLATION/mpich2-1.4.1p1/src/mpl/include -I/home/aballmer/new/SCC15HPCRepast/INSTALLATION/mpich2-1.4.1p1/src/openpa/src -I/home/aballmer/new/SCC15HPCRepast/INSTALLATION/mpich2-1.4.1p1/src/openpa/src -I/home/aballmer/new/SCC15HPCRepast/INSTALLATION/mpich2-1.4.1p1/src/mpid/ch3/include -I/home/aballmer/new/SCC15HPCRepast/INSTALLATION/mpich2-1.4.1p1/src/mpid/ch3/include -I/home/aballmer/new/SCC15HPCRepast/INSTALLATION/mpich2-1.4.1p1/src/mpid/common/datatype -I/home/aballmer/new/SCC15HPCRepast/INSTALLATION/mpich2-1.4.1p1/src/mpid/common/datatype -I/home/aballmer/new/SCC15HPCRepast/INSTALLATION/mpich2-1.4.1p1/src/mpid/common/locks -I/home/aballmer/new/SCC15HPCRepast/INSTALLATION/mpich2-1.4.1p1/src/mpid/common/locks -I/home/aballmer/new/SCC15HPCRepast/INSTALLATION/mpich2-1.4.1p1/src/mpid/ch3/channels/nemesis/include -I/home/aballmer/new/SCC15HPCRepast/INSTALLATION/mpich2-1.4.1p1/src/mpid/ch3/channels/nemesis/include -I/home/aballmer/new/SCC15HPCRepast/INSTALLATION/mpich2-1.4.1p1/src/mpid/ch3/channels/nemesis/nemesis/include -I/home/aballmer/new/SCC15HPCRepast/INSTALLATION/mpich2-1.4.1p1/src/mpid/ch3/channels/nemesis/nemesis/include -I/home/aballmer/new/SCC15HPCRepast/INSTALLATION/mpich2-1.4.1p1/src/mpid/ch3/channels/nemesis/nemesis/utils/monitor -I/home/aballmer/new/SCC15HPCRepast/INSTALLATION/mpich2-1.4.1p1/src/mpid/ch3/channels/nemesis/nemesis/utils/monitor -I/home/aballmer/new/SCC15HPCRepast/INSTALLATION/mpich2-1.4.1p1/src/util/wrappers -I/home/aballmer/new/SCC15HPCRepast/INSTALLATION/mpich2-1.4.1p1/src/util/wrappers conftest.c
conftest.c:8:28: fatal error: ac_nonexistent.h: No such file or directory
 #include <ac_nonexistent.h>
                            ^
compilation terminated.
configure:3488: $? = 1
configure: failed program was:
| /* confdefs.h.  */
| #define PACKAGE_NAME ""
| #define PACKAGE_TARNAME ""
| #define PACKAGE_VERSION ""
| #define PACKAGE_STRING ""
| #define PACKAGE_BUGREPORT ""
| /* end confdefs.h.  */
| #include <ac_nonexistent.h>
configure:3609: checking for X
configure:3724: gcc -E  -I/home/aballmer/new/SCC15HPCRepast/INSTALLATION/mpich2-1.4.1p1/src/mpl/include -I/home/aballmer/new/SCC15HPCRepast/INSTALLATION/mpich2-1.4.1p1/src/mpl/include -I/home/aballmer/new/SCC15HPCRepast/INSTALLATION/mpich2-1.4.1p1/src/openpa/src -I/home/aballmer/new/SCC15HPCRepast/INSTALLATION/mpich2-1.4.1p1/src/openpa/src -I/home/aballmer/new/SCC15HPCRepast/INSTALLATION/mpich2-1.4.1p1/src/mpid/ch3/include -I/home/aballmer/new/SCC15HPCRepast/INSTALLATION/mpich2-1.4.1p1/src/mpid/ch3/include -I/home/aballmer/new/SCC15HPCRepast/INSTALLATION/mpich2-1.4.1p1/src/mpid/common/datatype -I/home/aballmer/new/SCC15HPCRepast/INSTALLATION/mpich2-1.4.1p1/src/mpid/common/datatype -I/home/aballmer/new/SCC15HPCRepast/INSTALLATION/mpich2-1.4.1p1/src/mpid/common/locks -I/home/aballmer/new/SCC15HPCRepast/INSTALLATION/mpich2-1.4.1p1/src/mpid/common/locks -I/home/aballmer/new/SCC15HPCRepast/INSTALLATION/mpich2-1.4.1p1/src/mpid/ch3/channels/nemesis/include -I/home/aballmer/new/SCC15HPCRepast/INSTALLATION/mpich2-1.4.1p1/src/mpid/ch3/channels/nemesis/include -I/home/aballmer/new/SCC15HPCRepast/INSTALLATION/mpich2-1.4.1p1/src/mpid/ch3/channels/nemesis/nemesis/include -I/home/aballmer/new/SCC15HPCRepast/INSTALLATION/mpich2-1.4.1p1/src/mpid/ch3/channels/nemesis/nemesis/include -I/home/aballmer/new/SCC15HPCRepast/INSTALLATION/mpich2-1.4.1p1/src/mpid/ch3/channels/nemesis/nemesis/utils/monitor -I/home/aballmer/new/SCC15HPCRepast/INSTALLATION/mpich2-1.4.1p1/src/mpid/ch3/channels/nemesis/nemesis/utils/monitor -I/home/aballmer/new/SCC15HPCRepast/INSTALLATION/mpich2-1.4.1p1/src/util/wrappers -I/home/aballmer/new/SCC15HPCRepast/INSTALLATION/mpich2-1.4.1p1/src/util/wrappers conftest.c
conftest.c:8:22: fatal error: X11/Xlib.h: No such file or directory
 #include <X11/Xlib.h>
                      ^
compilation terminated.
configure:3731: $? = 1
configure: failed program was:
| /* confdefs.h.  */
| #define PACKAGE_NAME ""
| #define PACKAGE_TARNAME ""
| #define PACKAGE_VERSION ""
| #define PACKAGE_STRING ""
| #define PACKAGE_BUGREPORT ""
| /* end confdefs.h.  */
| #include <X11/Xlib.h>
configure:3780: gcc -o conftest    -O2  -I/home/aballmer/new/SCC15HPCRepast/INSTALLATION/mpich2-1.4.1p1/src/mpl/include -I/home/aballmer/new/SCC15HPCRepast/INSTALLATION/mpich2-1.4.1p1/src/mpl/include -I/home/aballmer/new/SCC15HPCRepast/INSTALLATION/mpich2-1.4.1p1/src/openpa/src -I/home/aballmer/new/SCC15HPCRepast/INSTALLATION/mpich2-1.4.1p1/src/openpa/src -I/home/aballmer/new/SCC15HPCRepast/INSTALLATION/mpich2-1.4.1p1/src/mpid/ch3/include -I/home/aballmer/new/SCC15HPCRepast/INSTALLATION/mpich2-1.4.1p1/src/mpid/ch3/include -I/home/aballmer/new/SCC15HPCRepast/INSTALLATION/mpich2-1.4.1p1/src/mpid/common/datatype -I/home/aballmer/new/SCC15HPCRepast/INSTALLATION/mpich2-1.4.1p1/src/mpid/common/datatype -I/home/aballmer/new/SCC15HPCRepast/INSTALLATION/mpich2-1.4.1p1/src/mpid/common/locks -I/home/aballmer/new/SCC15HPCRepast/INSTALLATION/mpich2-1.4.1p1/src/mpid/common/locks -I/home/aballmer/new/SCC15HPCRepast/INSTALLATION/mpich2-1.4.1p1/src/mpid/ch3/channels/nemesis/include -I/home/aballmer/new/SCC15HPCRepast/INSTALLATION/mpich2-1.4.1p1/src/mpid/ch3/channels/nemesis/include -I/home/aballmer/new/SCC15HPCRepast/INSTALLATION/mpich2-1.4.1p1/src/mpid/ch3/channels/nemesis/nemesis/include -I/home/aballmer/new/SCC15HPCRepast/INSTALLATION/mpich2-1.4.1p1/src/mpid/ch3/channels/nemesis/nemesis/include -I/home/aballmer/new/SCC15HPCRepast/INSTALLATION/mpich2-1.4.1p1/src/mpid/ch3/channels/nemesis/nemesis/utils/monitor -I/home/aballmer/new/SCC15HPCRepast/INSTALLATION/mpich2-1.4.1p1/src/mpid/ch3/channels/nemesis/nemesis/utils/monitor -I/home/aballmer/new/SCC15HPCRepast/INSTALLATION/mpich2-1.4.1p1/src/util/wrappers -I/home/aballmer/new/SCC15HPCRepast/INSTALLATION/mpich2-1.4.1p1/src/util/wrappers   conftest.c -lX11 -lrt -lpthread   >&5
conftest.c:8:22: fatal error: X11/Xlib.h: No such file or directory
 #include <X11/Xlib.h>
                      ^
compilation terminated.
configure:3787: $? = 1
configure: failed program was:
| /* confdefs.h.  */
| #define PACKAGE_NAME ""
| #define PACKAGE_TARNAME ""
| #define PACKAGE_VERSION ""
| #define PACKAGE_STRING ""
| #define PACKAGE_BUGREPORT ""
| /* end confdefs.h.  */
| #include <X11/Xlib.h>
| int
| main ()
| {
| XrmInitialize ()
|   ;
|   return 0;
| }
configure:3838: result: no
configure:3870: WARNING:  Could not find appropriate X windows libraries.  MPE routines that make use of X11 graphics will NOT be built unless you put X windows libraries in your path and reconfigure!  

## ---------------- ##
## Cache variables. ##
## ---------------- ##

ac_cv_c_compiler_gnu=yes
ac_cv_env_CC_set=set
ac_cv_env_CC_value=gcc
ac_cv_env_CFLAGS_set=set
ac_cv_env_CFLAGS_value='   -O2'
ac_cv_env_CPPFLAGS_set=set
ac_cv_env_CPPFLAGS_value=' -I/home/aballmer/new/SCC15HPCRepast/INSTALLATION/mpich2-1.4.1p1/src/mpl/include -I/home/aballmer/new/SCC15HPCRepast/INSTALLATION/mpich2-1.4.1p1/src/mpl/include -I/home/aballmer/new/SCC15HPCRepast/INSTALLATION/mpich2-1.4.1p1/src/openpa/src -I/home/aballmer/new/SCC15HPCRepast/INSTALLATION/mpich2-1.4.1p1/src/openpa/src -I/home/aballmer/new/SCC15HPCRepast/INSTALLATION/mpich2-1.4.1p1/src/mpid/ch3/include -I/home/aballmer/new/SCC15HPCRepast/INSTALLATION/mpich2-1.4.1p1/src/mpid/ch3/include -I/home/aballmer/new/SCC15HPCRepast/INSTALLATION/mpich2-1.4.1p1/src/mpid/common/datatype -I/home/aballmer/new/SCC15HPCRepast/INSTALLATION/mpich2-1.4.1p1/src/mpid/common/datatype -I/home/aballmer/new/SCC15HPCRepast/INSTALLATION/mpich2-1.4.1p1/src/mpid/common/locks -I/home/aballmer/new/SCC15HPCRepast/INSTALLATION/mpich2-1.4.1p1/src/mpid/common/locks -I/home/aballmer/new/SCC15HPCRepast/INSTALLATION/mpich2-1.4.1p1/src/mpid/ch3/channels/nemesis/include -I/home/aballmer/new/SCC15HPCRepast/INSTALLATION/mpich2-1.4.1p1/src/mpid/ch3/channels/nemesis/include -I/home/aballmer/new/SCC15HPCRepast/INSTALLATION/mpich2-1.4.1p1/src/mpid/ch3/channels/nemesis/nemesis/include -I/home/aballmer/new/SCC15HPCRepast/INSTALLATION/mpich2-1.4.1p1/src/mpid/ch3/channels/nemesis/nemesis/include -I/home/aballmer/new/SCC15HPCRepast/INSTALLATION/mpich2-1.4.1p1/src/mpid/ch3/channels/nemesis/nemesis/utils/monitor -I/home/aballmer/new/SCC15HPCRepast/INSTALLATION/mpich2-1.4.1p1/src/mpid/ch3/channels/nemesis/nemesis/utils/monitor -I/home/aballmer/new/SCC15HPCRepast/INSTALLATION/mpich2-1.4.1p1/src/util/wrappers -I/home/aballmer/new/SCC15HPCRepast/INSTALLATION/mpich2-1.4.1p1/src/util/wrappers'
ac_cv_env_CPP_set=
ac_cv_env_CPP_value=
ac_cv_env_LDFLAGS_set=set
ac_cv_env_LDFLAGS_value=' '
ac_cv_env_LIBS_set=set
ac_cv_env_LIBS_value='-lrt -lpthread  '
ac_cv_env_XMKMF_set=
ac_cv_env_XMKMF_value=
ac_cv_env_build_alias_set=
ac_cv_env_build_alias_value=
ac_cv_env_host_alias_set=
ac_cv_env_host_alias_value=
ac_cv_env_target_alias_set=
ac_cv_env_target_alias_value=
ac_cv_have_x=have_x=no
ac_cv_objext=o
ac_cv_prog_AR=ar
ac_cv_prog_CPP='gcc -E'
ac_cv_prog_ac_ct_CC=gcc
ac_cv_prog_ac_ct_RANLIB=ranlib
ac_cv_prog_cc_c89=
ac_cv_prog_cc_g=yes
ac_cv_prog_cc_gcc_c_o=yes

## ----------------- ##
## Output variables. ##
## ----------------- ##

ANIM_LIBNAME='ampe'
ANIM_LIBS='-lampe -lmpe'
AR='ar'
CC='gcc'
CC_DOES_C_O='yes'
CFLAGS='   -O2'
CLINKER='gcc'
CPP='gcc -E'
CPPFLAGS=' -I/home/aballmer/new/SCC15HPCRepast/INSTALLATION/mpich2-1.4.1p1/src/mpl/include -I/home/aballmer/new/SCC15HPCRepast/INSTALLATION/mpich2-1.4.1p1/src/mpl/include -I/home/aballmer/new/SCC15HPCRepast/INSTALLATION/mpich2-1.4.1p1/src/openpa/src -I/home/aballmer/new/SCC15HPCRepast/INSTALLATION/mpich2-1.4.1p1/src/openpa/src -I/home/aballmer/new/SCC15HPCRepast/INSTALLATION/mpich2-1.4.1p1/src/mpid/ch3/include -I/home/aballmer/new/SCC15HPCRepast/INSTALLATION/mpich2-1.4.1p1/src/mpid/ch3/include -I/home/aballmer/new/SCC15HPCRepast/INSTALLATION/mpich2-1.4.1p1/src/mpid/common/datatype -I/home/aballmer/new/SCC15HPCRepast/INSTALLATION/mpich2-1.4.1p1/src/mpid/common/datatype -I/home/aballmer/new/SCC15HPCRepast/INSTALLATION/mpich2-1.4.1p1/src/mpid/common/locks -I/home/aballmer/new/SCC15HPCRepast/INSTALLATION/mpich2-1.4.1p1/src/mpid/common/locks -I/home/aballmer/new/SCC15HPCRepast/INSTALLATION/mpich2-1.4.1p1/src/mpid/ch3/channels/nemesis/include -I/home/aballmer/new/SCC15HPCRepast/INSTALLATION/mpich2-1.4.1p1/src/mpid/ch3/channels/nemesis/include -I/home/aballmer/new/SCC15HPCRepast/INSTALLATION/mpich2-1.4.1p1/src/mpid/ch3/channels/nemesis/nemesis/include -I/home/aballmer/new/SCC15HPCRepast/INSTALLATION/mpich2-1.4.1p1/src/mpid/ch3/channels/nemesis/nemesis/include -I/home/aballmer/new/SCC15HPCRepast/INSTALLATION/mpich2-1.4.1p1/src/mpid/ch3/channels/nemesis/nemesis/utils/monitor -I/home/aballmer/new/SCC15HPCRepast/INSTALLATION/mpich2-1.4.1p1/src/mpid/ch3/channels/nemesis/nemesis/utils/monitor -I/home/aballmer/new/SCC15HPCRepast/INSTALLATION/mpich2-1.4.1p1/src/util/wrappers -I/home/aballmer/new/SCC15HPCRepast/INSTALLATION/mpich2-1.4.1p1/src/util/wrappers'
CPRP='cp'
DEBUG_LIBS=''
DEFS=''
ECHO_C=''
ECHO_N='-n'
ECHO_T=''
EGREP=''
EXEEXT=''
F77='f77'
FFLAGS=''
FINC_PATH_LEADER='-I'
FLIB_PATH_LEADER='-L'
FLINKER='f77'
GREP=''
LDFLAGS=' '
LIBOBJS=''
LIBS='-lrt -lpthread  '
LTLIBOBJS=''
MAKE='make --no-print-directory'
MKDIR='mkdir'
MPE_BUILD_FORTRAN2C='no'
MPE_CLINKER='/home/aballmer/new/SCC15HPCRepast/INSTALLATION/mpich2-1.4.1p1/bin/mpicc -mpe='
MPE_FLINKER='/home/aballmer/new/SCC15HPCRepast/INSTALLATION/mpich2-1.4.1p1/bin/mpif77 -mpe='
MPI_CC='/home/aballmer/new/SCC15HPCRepast/INSTALLATION/mpich2-1.4.1p1/bin/mpicc'
MPI_CFLAGS=''
MPI_F77='/home/aballmer/new/SCC15HPCRepast/INSTALLATION/mpich2-1.4.1p1/bin/mpif77'
MPI_FFLAGS=''
MPI_IMPL='MPICH2'
MPI_LIBS=''
MV='mv'
OBJEXT='o'
PACKAGE_BUGREPORT=''
PACKAGE_NAME=''
PACKAGE_STRING=''
PACKAGE_TARNAME=''
PACKAGE_VERSION=''
PATH_SEPARATOR=':'
PROF_LIBNAME='mpe'
PROF_LIBS='-lmpe'
RANLIB='ranlib'
RM='rm'
SHELL='/bin/sh'
VPATH='VPATH=.:$(srcdir)'
XGRAPH_LIBS='-lmpe'
XMKMF=''
X_INC=''
X_LIB=''
ac_ct_CC='gcc'
binbuild_dir='/home/aballmer/new/SCC15HPCRepast/INSTALLATION/mpich2-1.4.1p1/src/mpe2/bin'
bindir='${exec_prefix}/bin'
build_alias=''
datadir='${datarootdir}'
datarootdir='${prefix}/share'
docdir='${datarootdir}/doc/${PACKAGE}'
dvidir='${docdir}'
etcbuild_dir='/home/aballmer/new/SCC15HPCRepast/INSTALLATION/mpich2-1.4.1p1/src/mpe2/etc'
exec_prefix='NONE'
host_alias=''
htmldir='${docdir}'
includebuild_dir='/home/aballmer/new/SCC15HPCRepast/INSTALLATION/mpich2-1.4.1p1/src/mpe2/include'
includedir='${prefix}/include'
infodir='${datarootdir}/info'
libbuild_dir='/home/aballmer/new/SCC15HPCRepast/INSTALLATION/mpich2-1.4.1p1/src/mpe2/lib'
libdir='${exec_prefix}/lib'
libexecdir='${exec_prefix}/libexec'
localedir='${datarootdir}/locale'
localstatedir='${prefix}/var'
mandir='${datarootdir}/man'
oldincludedir='/usr/include'
pdfdir='${docdir}'
prefix='/home/aballmer/new/SCC15HPCRepast/ext//MPICH'
program_transform_name='s,x,x,'
psdir='${docdir}'
sbinbuild_dir='/home/aballmer/new/SCC15HPCRepast/INSTALLATION/mpich2-1.4.1p1/src/mpe2/sbin'
sbindir='${exec_prefix}/sbin'
sharedstatedir='${prefix}/com'
sysconfdir='${prefix}/etc'
target_alias=''
top_srcdir_abs='/home/aballmer/new/SCC15HPCRepast/INSTALLATION/mpich2-1.4.1p1/src/mpe2/src/graphics'

## ----------- ##
## confdefs.h. ##
## ----------- ##

#define PACKAGE_NAME ""
#define PACKAGE_TARNAME ""
#define PACKAGE_VERSION ""
#define PACKAGE_STRING ""
#define PACKAGE_BUGREPORT ""

configure: exit 0
