 Starting... 
15.11.2015 17:36:57 [0] INFO root TICK BEGINS: 1
15.11.2015 17:36:59 [0] INFO root TICK ENDS: 1
15.11.2015 17:37:00 [0] INFO root TICK BEGINS: 2
15.11.2015 17:37:02 [0] INFO root TICK ENDS: 2
15.11.2015 17:37:02 [0] INFO root TICK BEGINS: 3
15.11.2015 17:37:03 [0] INFO root TICK ENDS: 3
15.11.2015 17:37:03 [0] INFO root TICK BEGINS: 4
15.11.2015 17:37:04 [0] INFO root TICK ENDS: 4
15.11.2015 17:37:04 [0] INFO root TICK BEGINS: 5
15.11.2015 17:37:05 [0] INFO root TICK ENDS: 5
15.11.2015 17:37:05 [0] INFO root TICK BEGINS: 6
15.11.2015 17:37:06 [0] INFO root TICK ENDS: 6
15.11.2015 17:37:06 [0] INFO root TICK BEGINS: 7
15.11.2015 17:37:07 [0] INFO root TICK ENDS: 7
15.11.2015 17:37:07 [0] INFO root TICK BEGINS: 8
15.11.2015 17:37:08 [0] INFO root TICK ENDS: 8
15.11.2015 17:37:08 [0] INFO root TICK BEGINS: 9
15.11.2015 17:37:09 [0] INFO root TICK ENDS: 9
15.11.2015 17:37:09 [0] INFO root TICK BEGINS: 10
15.11.2015 17:37:10 [0] INFO root TICK ENDS: 10
15.11.2015 17:37:10 [0] INFO root TICK BEGINS: 11
15.11.2015 17:37:11 [0] INFO root TICK ENDS: 11
15.11.2015 17:37:11 [0] INFO root TICK BEGINS: 12
15.11.2015 17:37:12 [0] INFO root TICK ENDS: 12
15.11.2015 17:37:12 [0] INFO root TICK BEGINS: 13
15.11.2015 17:37:13 [0] INFO root TICK ENDS: 13
15.11.2015 17:37:13 [0] INFO root TICK BEGINS: 14
15.11.2015 17:37:14 [0] INFO root TICK ENDS: 14
15.11.2015 17:37:15 [0] INFO root TICK BEGINS: 15
15.11.2015 17:37:16 [0] INFO root TICK ENDS: 15
15.11.2015 17:37:16 [0] INFO root TICK BEGINS: 16
15.11.2015 17:37:17 [0] INFO root TICK ENDS: 16
15.11.2015 17:37:17 [0] INFO root TICK BEGINS: 17
15.11.2015 17:37:18 [0] INFO root TICK ENDS: 17
15.11.2015 17:37:18 [0] INFO root TICK BEGINS: 18
15.11.2015 17:37:19 [0] INFO root TICK ENDS: 18
15.11.2015 17:37:19 [0] INFO root TICK BEGINS: 19
15.11.2015 17:37:20 [0] INFO root TICK ENDS: 19
15.11.2015 17:37:20 [0] INFO root TICK BEGINS: 20
15.11.2015 17:37:21 [0] INFO root TICK ENDS: 20
15.11.2015 17:37:21 [0] INFO root TICK BEGINS: 21
15.11.2015 17:37:22 [0] INFO root TICK ENDS: 21
15.11.2015 17:37:23 [0] INFO root TICK BEGINS: 22
15.11.2015 17:37:24 [0] INFO root TICK ENDS: 22
15.11.2015 17:37:24 [0] INFO root TICK BEGINS: 23
15.11.2015 17:37:25 [0] INFO root TICK ENDS: 23
15.11.2015 17:37:25 [0] INFO root TICK BEGINS: 24
15.11.2015 17:37:26 [0] INFO root TICK ENDS: 24
15.11.2015 17:37:26 [0] INFO root TICK BEGINS: 25
15.11.2015 17:37:27 [0] INFO root TICK ENDS: 25
15.11.2015 17:37:27 [0] INFO root TICK BEGINS: 26
15.11.2015 17:37:28 [0] INFO root TICK ENDS: 26
15.11.2015 17:37:29 [0] INFO root TICK BEGINS: 27
15.11.2015 17:37:30 [0] INFO root TICK ENDS: 27
15.11.2015 17:37:30 [0] INFO root TICK BEGINS: 28
15.11.2015 17:37:31 [0] INFO root TICK ENDS: 28
15.11.2015 17:37:31 [0] INFO root TICK BEGINS: 29
15.11.2015 17:37:32 [0] INFO root TICK ENDS: 29
15.11.2015 17:37:32 [0] INFO root TICK BEGINS: 30
15.11.2015 17:37:33 [0] INFO root TICK ENDS: 30
15.11.2015 17:37:33 [0] INFO root TICK BEGINS: 31
15.11.2015 17:37:34 [0] INFO root TICK ENDS: 31
15.11.2015 17:37:35 [0] INFO root TICK BEGINS: 32
15.11.2015 17:37:36 [0] INFO root TICK ENDS: 32
15.11.2015 17:37:36 [0] INFO root TICK BEGINS: 33
15.11.2015 17:37:37 [0] INFO root TICK ENDS: 33
15.11.2015 17:37:37 [0] INFO root TICK BEGINS: 34
15.11.2015 17:37:38 [0] INFO root TICK ENDS: 34
15.11.2015 17:37:38 [0] INFO root TICK BEGINS: 35
15.11.2015 17:37:39 [0] INFO root TICK ENDS: 35
15.11.2015 17:37:40 [0] INFO root TICK BEGINS: 36
15.11.2015 17:37:41 [0] INFO root TICK ENDS: 36
15.11.2015 17:37:41 [0] INFO root TICK BEGINS: 37
15.11.2015 17:37:42 [0] INFO root TICK ENDS: 37
15.11.2015 17:37:42 [0] INFO root TICK BEGINS: 38
15.11.2015 17:37:43 [0] INFO root TICK ENDS: 38
15.11.2015 17:37:44 [0] INFO root TICK BEGINS: 39
15.11.2015 17:37:45 [0] INFO root TICK ENDS: 39
15.11.2015 17:37:45 [0] INFO root TICK BEGINS: 40
15.11.2015 17:37:46 [0] INFO root TICK ENDS: 40
15.11.2015 17:37:46 [0] INFO root TICK BEGINS: 41
15.11.2015 17:37:47 [0] INFO root TICK ENDS: 41
15.11.2015 17:37:47 [0] INFO root TICK BEGINS: 42
15.11.2015 17:37:48 [0] INFO root TICK ENDS: 42
15.11.2015 17:37:49 [0] INFO root TICK BEGINS: 43
15.11.2015 17:37:50 [0] INFO root TICK ENDS: 43
15.11.2015 17:37:50 [0] INFO root TICK BEGINS: 44
15.11.2015 17:37:51 [0] INFO root TICK ENDS: 44
15.11.2015 17:37:51 [0] INFO root TICK BEGINS: 45
15.11.2015 17:37:52 [0] INFO root TICK ENDS: 45
15.11.2015 17:37:53 [0] INFO root TICK BEGINS: 46
15.11.2015 17:37:53 [0] INFO root TICK ENDS: 46
15.11.2015 17:37:54 [0] INFO root TICK BEGINS: 47
15.11.2015 17:37:55 [0] INFO root TICK ENDS: 47
15.11.2015 17:37:55 [0] INFO root TICK BEGINS: 48
15.11.2015 17:37:56 [0] INFO root TICK ENDS: 48
15.11.2015 17:37:56 [0] INFO root TICK BEGINS: 49
15.11.2015 17:37:57 [0] INFO root TICK ENDS: 49
15.11.2015 17:37:58 [0] INFO root TICK BEGINS: 50
15.11.2015 17:37:59 [0] INFO root TICK ENDS: 50
15.11.2015 17:37:59 [0] INFO root TICK BEGINS: 51
15.11.2015 17:38:00 [0] INFO root TICK ENDS: 51
15.11.2015 17:38:00 [0] INFO root TICK BEGINS: 52
15.11.2015 17:38:01 [0] INFO root TICK ENDS: 52
15.11.2015 17:38:02 [0] INFO root TICK BEGINS: 53
15.11.2015 17:38:03 [0] INFO root TICK ENDS: 53
15.11.2015 17:38:03 [0] INFO root TICK BEGINS: 54
15.11.2015 17:38:04 [0] INFO root TICK ENDS: 54
15.11.2015 17:38:04 [0] INFO root TICK BEGINS: 55
15.11.2015 17:38:05 [0] INFO root TICK ENDS: 55
15.11.2015 17:38:06 [0] INFO root TICK BEGINS: 56
15.11.2015 17:38:07 [0] INFO root TICK ENDS: 56
15.11.2015 17:38:07 [0] INFO root TICK BEGINS: 57
15.11.2015 17:38:08 [0] INFO root TICK ENDS: 57
15.11.2015 17:38:08 [0] INFO root TICK BEGINS: 58
15.11.2015 17:38:09 [0] INFO root TICK ENDS: 58
15.11.2015 17:38:10 [0] INFO root TICK BEGINS: 59
15.11.2015 17:38:11 [0] INFO root TICK ENDS: 59
15.11.2015 17:38:11 [0] INFO root TICK BEGINS: 60
15.11.2015 17:38:12 [0] INFO root TICK ENDS: 60
15.11.2015 17:38:13 [0] INFO root TICK BEGINS: 61
15.11.2015 17:38:14 [0] INFO root TICK ENDS: 61
15.11.2015 17:38:14 [0] INFO root TICK BEGINS: 62
15.11.2015 17:38:15 [0] INFO root TICK ENDS: 62
15.11.2015 17:38:16 [0] INFO root TICK BEGINS: 63
15.11.2015 17:38:17 [0] INFO root TICK ENDS: 63
15.11.2015 17:38:17 [0] INFO root TICK BEGINS: 64
15.11.2015 17:38:18 [0] INFO root TICK ENDS: 64
15.11.2015 17:38:18 [0] INFO root TICK BEGINS: 65
15.11.2015 17:38:19 [0] INFO root TICK ENDS: 65
15.11.2015 17:38:19 [0] INFO root TICK BEGINS: 66
15.11.2015 17:38:20 [0] INFO root TICK ENDS: 66
15.11.2015 17:38:21 [0] INFO root TICK BEGINS: 67
15.11.2015 17:38:22 [0] INFO root TICK ENDS: 67
15.11.2015 17:38:22 [0] INFO root TICK BEGINS: 68
15.11.2015 17:38:23 [0] INFO root TICK ENDS: 68
15.11.2015 17:38:23 [0] INFO root TICK BEGINS: 69
15.11.2015 17:38:24 [0] INFO root TICK ENDS: 69
15.11.2015 17:38:24 [0] INFO root TICK BEGINS: 70
15.11.2015 17:38:25 [0] INFO root TICK ENDS: 70
15.11.2015 17:38:25 [0] INFO root TICK BEGINS: 71
15.11.2015 17:38:26 [0] INFO root TICK ENDS: 71
15.11.2015 17:38:27 [0] INFO root TICK BEGINS: 72
15.11.2015 17:38:28 [0] INFO root TICK ENDS: 72
15.11.2015 17:38:28 [0] INFO root TICK BEGINS: 73
15.11.2015 17:38:29 [0] INFO root TICK ENDS: 73
15.11.2015 17:38:29 [0] INFO root TICK BEGINS: 74
15.11.2015 17:38:30 [0] INFO root TICK ENDS: 74
15.11.2015 17:38:30 [0] INFO root TICK BEGINS: 75
15.11.2015 17:38:31 [0] INFO root TICK ENDS: 75
15.11.2015 17:38:31 [0] INFO root TICK BEGINS: 76
15.11.2015 17:38:32 [0] INFO root TICK ENDS: 76
15.11.2015 17:38:33 [0] INFO root TICK BEGINS: 77
15.11.2015 17:38:34 [0] INFO root TICK ENDS: 77
15.11.2015 17:38:34 [0] INFO root TICK BEGINS: 78
15.11.2015 17:38:35 [0] INFO root TICK ENDS: 78
15.11.2015 17:38:35 [0] INFO root TICK BEGINS: 79
15.11.2015 17:38:36 [0] INFO root TICK ENDS: 79
15.11.2015 17:38:36 [0] INFO root TICK BEGINS: 80
15.11.2015 17:38:37 [0] INFO root TICK ENDS: 80
15.11.2015 17:38:37 [0] INFO root TICK BEGINS: 81
15.11.2015 17:38:38 [0] INFO root TICK ENDS: 81
15.11.2015 17:38:39 [0] INFO root TICK BEGINS: 82
15.11.2015 17:38:39 [0] INFO root TICK ENDS: 82
15.11.2015 17:38:40 [0] INFO root TICK BEGINS: 83
15.11.2015 17:38:41 [0] INFO root TICK ENDS: 83
15.11.2015 17:38:41 [0] INFO root TICK BEGINS: 84
15.11.2015 17:38:42 [0] INFO root TICK ENDS: 84
15.11.2015 17:38:42 [0] INFO root TICK BEGINS: 85
15.11.2015 17:38:43 [0] INFO root TICK ENDS: 85
15.11.2015 17:38:43 [0] INFO root TICK BEGINS: 86
15.11.2015 17:38:44 [0] INFO root TICK ENDS: 86
15.11.2015 17:38:44 [0] INFO root TICK BEGINS: 87
15.11.2015 17:38:45 [0] INFO root TICK ENDS: 87
15.11.2015 17:38:45 [0] INFO root TICK BEGINS: 88
15.11.2015 17:38:46 [0] INFO root TICK ENDS: 88
15.11.2015 17:38:47 [0] INFO root TICK BEGINS: 89
15.11.2015 17:38:48 [0] INFO root TICK ENDS: 89
15.11.2015 17:38:48 [0] INFO root TICK BEGINS: 90
15.11.2015 17:38:49 [0] INFO root TICK ENDS: 90
15.11.2015 17:38:49 [0] INFO root TICK BEGINS: 91
15.11.2015 17:38:50 [0] INFO root TICK ENDS: 91
15.11.2015 17:38:50 [0] INFO root TICK BEGINS: 92
15.11.2015 17:38:51 [0] INFO root TICK ENDS: 92
15.11.2015 17:38:51 [0] INFO root TICK BEGINS: 93
15.11.2015 17:38:52 [0] INFO root TICK ENDS: 93
15.11.2015 17:38:53 [0] INFO root TICK BEGINS: 94
15.11.2015 17:38:53 [0] INFO root TICK ENDS: 94
15.11.2015 17:38:54 [0] INFO root TICK BEGINS: 95
15.11.2015 17:38:55 [0] INFO root TICK ENDS: 95
15.11.2015 17:38:55 [0] INFO root TICK BEGINS: 96
15.11.2015 17:38:56 [0] INFO root TICK ENDS: 96
15.11.2015 17:38:56 [0] INFO root TICK BEGINS: 97
15.11.2015 17:38:57 [0] INFO root TICK ENDS: 97
15.11.2015 17:38:57 [0] INFO root TICK BEGINS: 98
15.11.2015 17:38:58 [0] INFO root TICK ENDS: 98
15.11.2015 17:38:58 [0] INFO root TICK BEGINS: 99
15.11.2015 17:38:59 [0] INFO root TICK ENDS: 99
15.11.2015 17:38:59 [0] INFO root TICK BEGINS: 100
15.11.2015 17:39:00 [0] INFO root TICK ENDS: 100
15.11.2015 17:39:01 [0] INFO root date_time.run = 15.11.2015 17:36:01
15.11.2015 17:39:01 [0] INFO root distribution.zombie_move = int_uniform, 0, 2
15.11.2015 17:39:01 [0] INFO root grid.buffer = 5
15.11.2015 17:39:01 [0] INFO root human.count = 500;
15.11.2015 17:39:01 [0] INFO root human.dataname = human_population
15.11.2015 17:39:01 [0] INFO root human.input.file = humans.h5
15.11.2015 17:39:01 [0] INFO root human.output.file = humans_out.h5
15.11.2015 17:39:01 [0] INFO root init.time = 3.42
15.11.2015 17:39:01 [0] INFO root max.x = 99
15.11.2015 17:39:01 [0] INFO root max.y = 99
15.11.2015 17:39:01 [0] INFO root min.x = 0
15.11.2015 17:39:01 [0] INFO root min.y = 0
15.11.2015 17:39:01 [0] INFO root output.interval = 10
15.11.2015 17:39:01 [0] INFO root proc.per.x = 10
15.11.2015 17:39:01 [0] INFO root proc.per.y = 10
15.11.2015 17:39:01 [0] INFO root process.count = 100
15.11.2015 17:39:01 [0] INFO root random.seed = 1284067381
15.11.2015 17:39:01 [0] INFO root run.time = 64.67
15.11.2015 17:39:01 [0] INFO root stop.at = 100
15.11.2015 17:39:01 [0] INFO root zombie.count = 5;
15.11.2015 17:39:01 [0] INFO root zombie.dataname = zombie_population
15.11.2015 17:39:01 [0] INFO root zombie.input.file = zombies.h5
15.11.2015 17:39:01 [0] INFO root zombie.output.file = zombies_out.h5
