 Starting... 
11.11.2015 15:31:01 [0] INFO root TICK BEGINS: 1
11.11.2015 15:31:05 [0] INFO root TICK ENDS: 1
11.11.2015 15:31:06 [0] INFO root TICK BEGINS: 2
11.11.2015 15:31:09 [0] INFO root TICK ENDS: 2
11.11.2015 15:31:10 [0] INFO root TICK BEGINS: 3
11.11.2015 15:31:13 [0] INFO root TICK ENDS: 3
11.11.2015 15:31:13 [0] INFO root TICK BEGINS: 4
11.11.2015 15:31:17 [0] INFO root TICK ENDS: 4
11.11.2015 15:31:17 [0] INFO root TICK BEGINS: 5
11.11.2015 15:31:20 [0] INFO root TICK ENDS: 5
11.11.2015 15:31:21 [0] INFO root TICK BEGINS: 6
11.11.2015 15:31:24 [0] INFO root TICK ENDS: 6
11.11.2015 15:31:24 [0] INFO root TICK BEGINS: 7
11.11.2015 15:31:28 [0] INFO root TICK ENDS: 7
11.11.2015 15:31:28 [0] INFO root TICK BEGINS: 8
11.11.2015 15:31:31 [0] INFO root TICK ENDS: 8
11.11.2015 15:31:32 [0] INFO root TICK BEGINS: 9
11.11.2015 15:31:35 [0] INFO root TICK ENDS: 9
11.11.2015 15:31:36 [0] INFO root TICK BEGINS: 10
11.11.2015 15:31:39 [0] INFO root TICK ENDS: 10
11.11.2015 15:31:40 [0] INFO root TICK BEGINS: 11
11.11.2015 15:31:43 [0] INFO root TICK ENDS: 11
11.11.2015 15:31:44 [0] INFO root TICK BEGINS: 12
11.11.2015 15:31:47 [0] INFO root TICK ENDS: 12
11.11.2015 15:31:48 [0] INFO root TICK BEGINS: 13
11.11.2015 15:31:52 [0] INFO root TICK ENDS: 13
11.11.2015 15:31:52 [0] INFO root TICK BEGINS: 14
11.11.2015 15:31:56 [0] INFO root TICK ENDS: 14
11.11.2015 15:31:56 [0] INFO root TICK BEGINS: 15
11.11.2015 15:32:00 [0] INFO root TICK ENDS: 15
11.11.2015 15:32:00 [0] INFO root TICK BEGINS: 16
11.11.2015 15:32:04 [0] INFO root TICK ENDS: 16
11.11.2015 15:32:04 [0] INFO root TICK BEGINS: 17
11.11.2015 15:32:08 [0] INFO root TICK ENDS: 17
11.11.2015 15:32:08 [0] INFO root TICK BEGINS: 18
11.11.2015 15:32:12 [0] INFO root TICK ENDS: 18
11.11.2015 15:32:12 [0] INFO root TICK BEGINS: 19
11.11.2015 15:32:16 [0] INFO root TICK ENDS: 19
11.11.2015 15:32:16 [0] INFO root TICK BEGINS: 20
11.11.2015 15:32:20 [0] INFO root TICK ENDS: 20
11.11.2015 15:32:20 [0] INFO root TICK BEGINS: 21
11.11.2015 15:32:24 [0] INFO root TICK ENDS: 21
11.11.2015 15:32:24 [0] INFO root TICK BEGINS: 22
11.11.2015 15:32:28 [0] INFO root TICK ENDS: 22
11.11.2015 15:32:28 [0] INFO root TICK BEGINS: 23
11.11.2015 15:32:32 [0] INFO root TICK ENDS: 23
11.11.2015 15:32:32 [0] INFO root TICK BEGINS: 24
11.11.2015 15:32:36 [0] INFO root TICK ENDS: 24
11.11.2015 15:32:36 [0] INFO root TICK BEGINS: 25
11.11.2015 15:32:39 [0] INFO root TICK ENDS: 25
11.11.2015 15:32:40 [0] INFO root TICK BEGINS: 26
11.11.2015 15:32:43 [0] INFO root TICK ENDS: 26
11.11.2015 15:32:44 [0] INFO root TICK BEGINS: 27
11.11.2015 15:32:47 [0] INFO root TICK ENDS: 27
11.11.2015 15:32:48 [0] INFO root TICK BEGINS: 28
11.11.2015 15:32:51 [0] INFO root TICK ENDS: 28
11.11.2015 15:32:52 [0] INFO root TICK BEGINS: 29
11.11.2015 15:32:55 [0] INFO root TICK ENDS: 29
11.11.2015 15:32:56 [0] INFO root TICK BEGINS: 30
11.11.2015 15:32:59 [0] INFO root TICK ENDS: 30
11.11.2015 15:33:00 [0] INFO root TICK BEGINS: 31
11.11.2015 15:33:03 [0] INFO root TICK ENDS: 31
11.11.2015 15:33:04 [0] INFO root TICK BEGINS: 32
11.11.2015 15:33:07 [0] INFO root TICK ENDS: 32
11.11.2015 15:33:08 [0] INFO root TICK BEGINS: 33
11.11.2015 15:33:11 [0] INFO root TICK ENDS: 33
11.11.2015 15:33:12 [0] INFO root TICK BEGINS: 34
11.11.2015 15:33:15 [0] INFO root TICK ENDS: 34
11.11.2015 15:33:16 [0] INFO root TICK BEGINS: 35
11.11.2015 15:33:19 [0] INFO root TICK ENDS: 35
11.11.2015 15:33:20 [0] INFO root TICK BEGINS: 36
11.11.2015 15:33:24 [0] INFO root TICK ENDS: 36
11.11.2015 15:33:25 [0] INFO root TICK BEGINS: 37
11.11.2015 15:33:28 [0] INFO root TICK ENDS: 37
11.11.2015 15:33:29 [0] INFO root TICK BEGINS: 38
11.11.2015 15:33:32 [0] INFO root TICK ENDS: 38
11.11.2015 15:33:33 [0] INFO root TICK BEGINS: 39
11.11.2015 15:33:36 [0] INFO root TICK ENDS: 39
11.11.2015 15:33:37 [0] INFO root TICK BEGINS: 40
11.11.2015 15:33:41 [0] INFO root TICK ENDS: 40
11.11.2015 15:33:41 [0] INFO root TICK BEGINS: 41
11.11.2015 15:33:45 [0] INFO root TICK ENDS: 41
11.11.2015 15:33:46 [0] INFO root TICK BEGINS: 42
11.11.2015 15:33:49 [0] INFO root TICK ENDS: 42
11.11.2015 15:33:50 [0] INFO root TICK BEGINS: 43
11.11.2015 15:33:54 [0] INFO root TICK ENDS: 43
11.11.2015 15:33:54 [0] INFO root TICK BEGINS: 44
11.11.2015 15:33:58 [0] INFO root TICK ENDS: 44
11.11.2015 15:33:59 [0] INFO root TICK BEGINS: 45
11.11.2015 15:34:02 [0] INFO root TICK ENDS: 45
11.11.2015 15:34:03 [0] INFO root TICK BEGINS: 46
11.11.2015 15:34:07 [0] INFO root TICK ENDS: 46
11.11.2015 15:34:07 [0] INFO root TICK BEGINS: 47
11.11.2015 15:34:11 [0] INFO root TICK ENDS: 47
11.11.2015 15:34:12 [0] INFO root TICK BEGINS: 48
11.11.2015 15:34:15 [0] INFO root TICK ENDS: 48
11.11.2015 15:34:16 [0] INFO root TICK BEGINS: 49
11.11.2015 15:34:20 [0] INFO root TICK ENDS: 49
11.11.2015 15:34:21 [0] INFO root TICK BEGINS: 50
11.11.2015 15:34:24 [0] INFO root TICK ENDS: 50
11.11.2015 15:34:25 [0] INFO root TICK BEGINS: 51
11.11.2015 15:34:29 [0] INFO root TICK ENDS: 51
11.11.2015 15:34:30 [0] INFO root TICK BEGINS: 52
11.11.2015 15:34:33 [0] INFO root TICK ENDS: 52
11.11.2015 15:34:34 [0] INFO root TICK BEGINS: 53
11.11.2015 15:34:38 [0] INFO root TICK ENDS: 53
11.11.2015 15:34:39 [0] INFO root TICK BEGINS: 54
11.11.2015 15:34:42 [0] INFO root TICK ENDS: 54
11.11.2015 15:34:43 [0] INFO root TICK BEGINS: 55
11.11.2015 15:34:47 [0] INFO root TICK ENDS: 55
11.11.2015 15:34:48 [0] INFO root TICK BEGINS: 56
11.11.2015 15:34:51 [0] INFO root TICK ENDS: 56
11.11.2015 15:34:52 [0] INFO root TICK BEGINS: 57
11.11.2015 15:34:55 [0] INFO root TICK ENDS: 57
11.11.2015 15:34:56 [0] INFO root TICK BEGINS: 58
11.11.2015 15:35:00 [0] INFO root TICK ENDS: 58
11.11.2015 15:35:01 [0] INFO root TICK BEGINS: 59
11.11.2015 15:35:04 [0] INFO root TICK ENDS: 59
11.11.2015 15:35:05 [0] INFO root TICK BEGINS: 60
11.11.2015 15:35:09 [0] INFO root TICK ENDS: 60
11.11.2015 15:35:09 [0] INFO root TICK BEGINS: 61
11.11.2015 15:35:13 [0] INFO root TICK ENDS: 61
11.11.2015 15:35:14 [0] INFO root TICK BEGINS: 62
11.11.2015 15:35:18 [0] INFO root TICK ENDS: 62
11.11.2015 15:35:18 [0] INFO root TICK BEGINS: 63
11.11.2015 15:35:22 [0] INFO root TICK ENDS: 63
11.11.2015 15:35:23 [0] INFO root TICK BEGINS: 64
11.11.2015 15:35:26 [0] INFO root TICK ENDS: 64
11.11.2015 15:35:27 [0] INFO root TICK BEGINS: 65
11.11.2015 15:35:30 [0] INFO root TICK ENDS: 65
11.11.2015 15:35:31 [0] INFO root TICK BEGINS: 66
11.11.2015 15:35:35 [0] INFO root TICK ENDS: 66
11.11.2015 15:35:35 [0] INFO root TICK BEGINS: 67
11.11.2015 15:35:39 [0] INFO root TICK ENDS: 67
11.11.2015 15:35:40 [0] INFO root TICK BEGINS: 68
11.11.2015 15:35:43 [0] INFO root TICK ENDS: 68
11.11.2015 15:35:44 [0] INFO root TICK BEGINS: 69
11.11.2015 15:35:47 [0] INFO root TICK ENDS: 69
11.11.2015 15:35:48 [0] INFO root TICK BEGINS: 70
11.11.2015 15:35:51 [0] INFO root TICK ENDS: 70
11.11.2015 15:35:52 [0] INFO root TICK BEGINS: 71
11.11.2015 15:35:55 [0] INFO root TICK ENDS: 71
11.11.2015 15:35:56 [0] INFO root TICK BEGINS: 72
11.11.2015 15:35:59 [0] INFO root TICK ENDS: 72
11.11.2015 15:36:00 [0] INFO root TICK BEGINS: 73
11.11.2015 15:36:03 [0] INFO root TICK ENDS: 73
11.11.2015 15:36:04 [0] INFO root TICK BEGINS: 74
11.11.2015 15:36:07 [0] INFO root TICK ENDS: 74
11.11.2015 15:36:08 [0] INFO root TICK BEGINS: 75
11.11.2015 15:36:12 [0] INFO root TICK ENDS: 75
11.11.2015 15:36:12 [0] INFO root TICK BEGINS: 76
11.11.2015 15:36:16 [0] INFO root TICK ENDS: 76
11.11.2015 15:36:16 [0] INFO root TICK BEGINS: 77
11.11.2015 15:36:20 [0] INFO root TICK ENDS: 77
11.11.2015 15:36:20 [0] INFO root TICK BEGINS: 78
11.11.2015 15:36:24 [0] INFO root TICK ENDS: 78
11.11.2015 15:36:24 [0] INFO root TICK BEGINS: 79
11.11.2015 15:36:28 [0] INFO root TICK ENDS: 79
11.11.2015 15:36:28 [0] INFO root TICK BEGINS: 80
11.11.2015 15:36:31 [0] INFO root TICK ENDS: 80
11.11.2015 15:36:32 [0] INFO root TICK BEGINS: 81
11.11.2015 15:36:35 [0] INFO root TICK ENDS: 81
11.11.2015 15:36:36 [0] INFO root TICK BEGINS: 82
11.11.2015 15:36:40 [0] INFO root TICK ENDS: 82
11.11.2015 15:36:40 [0] INFO root TICK BEGINS: 83
11.11.2015 15:36:44 [0] INFO root TICK ENDS: 83
11.11.2015 15:36:44 [0] INFO root TICK BEGINS: 84
11.11.2015 15:36:48 [0] INFO root TICK ENDS: 84
11.11.2015 15:36:48 [0] INFO root TICK BEGINS: 85
11.11.2015 15:36:51 [0] INFO root TICK ENDS: 85
11.11.2015 15:36:52 [0] INFO root TICK BEGINS: 86
11.11.2015 15:36:55 [0] INFO root TICK ENDS: 86
11.11.2015 15:36:56 [0] INFO root TICK BEGINS: 87
11.11.2015 15:36:59 [0] INFO root TICK ENDS: 87
11.11.2015 15:37:00 [0] INFO root TICK BEGINS: 88
11.11.2015 15:37:03 [0] INFO root TICK ENDS: 88
11.11.2015 15:37:04 [0] INFO root TICK BEGINS: 89
11.11.2015 15:37:07 [0] INFO root TICK ENDS: 89
11.11.2015 15:37:08 [0] INFO root TICK BEGINS: 90
11.11.2015 15:37:11 [0] INFO root TICK ENDS: 90
11.11.2015 15:37:12 [0] INFO root TICK BEGINS: 91
11.11.2015 15:37:15 [0] INFO root TICK ENDS: 91
11.11.2015 15:37:16 [0] INFO root TICK BEGINS: 92
11.11.2015 15:37:19 [0] INFO root TICK ENDS: 92
11.11.2015 15:37:20 [0] INFO root TICK BEGINS: 93
11.11.2015 15:37:23 [0] INFO root TICK ENDS: 93
11.11.2015 15:37:24 [0] INFO root TICK BEGINS: 94
11.11.2015 15:37:27 [0] INFO root TICK ENDS: 94
11.11.2015 15:37:28 [0] INFO root TICK BEGINS: 95
11.11.2015 15:37:31 [0] INFO root TICK ENDS: 95
11.11.2015 15:37:32 [0] INFO root TICK BEGINS: 96
11.11.2015 15:37:35 [0] INFO root TICK ENDS: 96
11.11.2015 15:37:36 [0] INFO root TICK BEGINS: 97
11.11.2015 15:37:39 [0] INFO root TICK ENDS: 97
11.11.2015 15:37:40 [0] INFO root TICK BEGINS: 98
11.11.2015 15:37:43 [0] INFO root TICK ENDS: 98
11.11.2015 15:37:44 [0] INFO root TICK BEGINS: 99
11.11.2015 15:37:47 [0] INFO root TICK ENDS: 99
11.11.2015 15:37:48 [0] INFO root TICK BEGINS: 100
11.11.2015 15:37:51 [0] INFO root TICK ENDS: 100
11.11.2015 15:37:52 [0] INFO root date_time.run = 11.11.2015 15:30:36
11.11.2015 15:37:52 [0] INFO root distribution.zombie_move = int_uniform, 0, 2
11.11.2015 15:37:52 [0] INFO root grid.buffer = 5
11.11.2015 15:37:52 [0] INFO root human.count = 500;
11.11.2015 15:37:52 [0] INFO root human.dataname = human_population
11.11.2015 15:37:52 [0] INFO root human.input.file = humans.h5
11.11.2015 15:37:52 [0] INFO root human.output.file = humans_out.h5
11.11.2015 15:37:52 [0] INFO root init.time = 3.5
11.11.2015 15:37:52 [0] INFO root max.x = 99
11.11.2015 15:37:52 [0] INFO root max.y = 99
11.11.2015 15:37:52 [0] INFO root min.x = 0
11.11.2015 15:37:52 [0] INFO root min.y = 0
11.11.2015 15:37:52 [0] INFO root output.interval = 10
11.11.2015 15:37:52 [0] INFO root proc.per.x = 10
11.11.2015 15:37:52 [0] INFO root proc.per.y = 10
11.11.2015 15:37:52 [0] INFO root process.count = 100
11.11.2015 15:37:52 [0] INFO root random.seed = 1284067381
11.11.2015 15:37:52 [0] INFO root run.time = 106.82
11.11.2015 15:37:52 [0] INFO root stop.at = 100
11.11.2015 15:37:52 [0] INFO root zombie.count = 5;
11.11.2015 15:37:52 [0] INFO root zombie.dataname = zombie_population
11.11.2015 15:37:52 [0] INFO root zombie.input.file = zombies.h5
11.11.2015 15:37:52 [0] INFO root zombie.output.file = zombies_out.h5
